[WARNING] 
[WARNING] Some problems were encountered while building the effective settings
[WARNING] expected START_TAG or END_TAG not TEXT (position: TEXT seen ...<repository> \ua0\r\n      \ua0\ua0 \ua0<i... @29:13)  @ /home/junyang/.m2/settings.xml, line 29, column 13
[WARNING] 
[INFO] Scanning for projects...
[WARNING] 
[WARNING] Some problems were encountered while building the effective model for org.jfree:jfreechart2:jar:2.0-pre1
[WARNING] 'build.plugins.plugin.(groupId:artifactId)' must be unique but found duplicate declaration of plugin org.apache.maven.plugins:maven-surefire-plugin @ line 104, column 9
[WARNING] 
[WARNING] It is highly recommended to fix these problems because they threaten the stability of your build.
[WARNING] 
[WARNING] For this reason, future Maven versions might no longer support building such malformed projects.
[WARNING] 
[INFO] 
[INFO] -----------------------< org.jfree:jfreechart2 >------------------------
[INFO] Building JFreeChart2 2.0-pre1
[INFO] --------------------------------[ jar ]---------------------------------
[INFO] 
[INFO] --- maven-resources-plugin:2.6:resources (default-resources) @ jfreechart2 ---
[WARNING] Using platform encoding (UTF-8 actually) to copy filtered resources, i.e. build is platform dependent!
[INFO] Copying 41 resources
[INFO] 
[INFO] --- maven-compiler-plugin:3.2:compile (default-compile) @ jfreechart2 ---
[INFO] Changes detected - recompiling the module!
[WARNING] File encoding has not been set, using platform encoding UTF-8, i.e. build is platform dependent!
[INFO] Compiling 594 source files to /home/junyang/PR/SubjectPrograms/Chart/5/target/classes
[INFO] /home/junyang/PR/SubjectPrograms/Chart/5/src/main/java/org/jfree/chart/plot/XYPlot.java: /home/junyang/PR/SubjectPrograms/Chart/5/src/main/java/org/jfree/chart/plot/XYPlot.java uses or overrides a deprecated API.
[INFO] /home/junyang/PR/SubjectPrograms/Chart/5/src/main/java/org/jfree/chart/plot/XYPlot.java: Recompile with -Xlint:deprecation for details.
[INFO] /home/junyang/PR/SubjectPrograms/Chart/5/src/main/java/org/jfree/chart/renderer/category/AbstractCategoryItemRenderer.java: Some input files use unchecked or unsafe operations.
[INFO] /home/junyang/PR/SubjectPrograms/Chart/5/src/main/java/org/jfree/chart/renderer/category/AbstractCategoryItemRenderer.java: Recompile with -Xlint:unchecked for details.
[INFO] 
[INFO] --- maven-resources-plugin:2.6:testResources (default-testResources) @ jfreechart2 ---
[WARNING] Using platform encoding (UTF-8 actually) to copy filtered resources, i.e. build is platform dependent!
[INFO] skip non existing resourceDirectory /home/junyang/PR/SubjectPrograms/Chart/5/src/test/resources
[INFO] 
[INFO] --- maven-compiler-plugin:3.2:testCompile (default-testCompile) @ jfreechart2 ---
[INFO] Nothing to compile - all classes are up to date
[INFO] 
[INFO] --- maven-surefire-plugin:2.18.1:test (default-test) @ jfreechart2 ---
[INFO] Surefire report directory: /home/junyang/PR/SubjectPrograms/Chart/5/target/surefire-reports

-------------------------------------------------------
 T E S T S
-------------------------------------------------------
Running org.jfree.chart.block.junit.BlockPackageTests
Tests run: 39, Failures: 0, Errors: 0, Skipped: 0, Time elapsed: 0.058 sec - in org.jfree.chart.block.junit.BlockPackageTests
Running org.jfree.chart.junit.ChartPackageTests
Tests run: 107, Failures: 0, Errors: 0, Skipped: 0, Time elapsed: 0.931 sec - in org.jfree.chart.junit.ChartPackageTests
Running org.jfree.chart.entity.junit.EntityPackageTests
Tests run: 21, Failures: 0, Errors: 0, Skipped: 0, Time elapsed: 0.002 sec - in org.jfree.chart.entity.junit.EntityPackageTests
Running org.jfree.chart.urls.junit.UrlsPackageTests
Tests run: 22, Failures: 0, Errors: 0, Skipped: 0, Time elapsed: 0.024 sec - in org.jfree.chart.urls.junit.UrlsPackageTests
Running org.jfree.chart.title.junit.TitlePackageTests
Tests run: 38, Failures: 0, Errors: 0, Skipped: 0, Time elapsed: 0.031 sec - in org.jfree.chart.title.junit.TitlePackageTests
Running org.jfree.chart.util.junit.UtilPackageTests
Tests run: 48, Failures: 0, Errors: 0, Skipped: 0, Time elapsed: 0.031 sec - in org.jfree.chart.util.junit.UtilPackageTests
Running org.jfree.chart.needle.junit.NeedlePackageTests
Tests run: 28, Failures: 0, Errors: 0, Skipped: 0, Time elapsed: 0.017 sec - in org.jfree.chart.needle.junit.NeedlePackageTests
Running org.jfree.chart.renderer.junit.RendererPackageTests
Tests run: 37, Failures: 0, Errors: 0, Skipped: 0, Time elapsed: 0.028 sec - in org.jfree.chart.renderer.junit.RendererPackageTests
Running org.jfree.chart.renderer.xy.junit.RendererXYPackageTests
Tests run: 176, Failures: 0, Errors: 0, Skipped: 0, Time elapsed: 0.199 sec - in org.jfree.chart.renderer.xy.junit.RendererXYPackageTests
Running org.jfree.chart.renderer.category.junit.RendererCategoryPackageTests
Tests run: 168, Failures: 0, Errors: 0, Skipped: 0, Time elapsed: 0.152 sec - in org.jfree.chart.renderer.category.junit.RendererCategoryPackageTests
Running org.jfree.chart.plot.junit.PlotPackageTests
Tests run: 152, Failures: 0, Errors: 0, Skipped: 0, Time elapsed: 0.292 sec - in org.jfree.chart.plot.junit.PlotPackageTests
Running org.jfree.chart.plot.dial.junit.DialPackageTests
Tests run: 51, Failures: 0, Errors: 0, Skipped: 0, Time elapsed: 0.012 sec - in org.jfree.chart.plot.dial.junit.DialPackageTests
Running org.jfree.chart.annotations.junit.AnnotationsPackageTests
Tests run: 57, Failures: 0, Errors: 0, Skipped: 0, Time elapsed: 0.02 sec - in org.jfree.chart.annotations.junit.AnnotationsPackageTests
Running org.jfree.chart.axis.junit.AxisPackageTests
Tests run: 183, Failures: 0, Errors: 0, Skipped: 0, Time elapsed: 2.918 sec - in org.jfree.chart.axis.junit.AxisPackageTests
Running org.jfree.chart.labels.junit.LabelsPackageTests
Tests run: 99, Failures: 0, Errors: 0, Skipped: 0, Time elapsed: 0.028 sec - in org.jfree.chart.labels.junit.LabelsPackageTests
Running org.jfree.chart.imagemap.junit.ImageMapPackageTests
Tests run: 2, Failures: 0, Errors: 0, Skipped: 0, Time elapsed: 0 sec - in org.jfree.chart.imagemap.junit.ImageMapPackageTests
Running org.jfree.data.junit.DataPackageTests
Tests run: 93, Failures: 0, Errors: 0, Skipped: 0, Time elapsed: 0.014 sec - in org.jfree.data.junit.DataPackageTests
Running org.jfree.data.general.junit.DataGeneralPackageTests
Tests run: 59, Failures: 0, Errors: 0, Skipped: 0, Time elapsed: 0.007 sec - in org.jfree.data.general.junit.DataGeneralPackageTests
Running org.jfree.data.statistics.junit.DataStatisticsPackageTests
Tests run: 78, Failures: 0, Errors: 0, Skipped: 0, Time elapsed: 0.019 sec - in org.jfree.data.statistics.junit.DataStatisticsPackageTests
Running org.jfree.data.time.junit.DataTimePackageTests
Tests run: 261, Failures: 0, Errors: 0, Skipped: 0, Time elapsed: 0.122 sec - in org.jfree.data.time.junit.DataTimePackageTests
Running org.jfree.data.time.ohlc.junit.OHLCPackageTests
Tests run: 20, Failures: 0, Errors: 0, Skipped: 0, Time elapsed: 0.001 sec - in org.jfree.data.time.ohlc.junit.OHLCPackageTests
Running org.jfree.data.xy.junit.DataXYPackageTests
Tests run: 223, Failures: 0, Errors: 1, Skipped: 0, Time elapsed: 0.057 sec <<< FAILURE! - in org.jfree.data.xy.junit.DataXYPackageTests
testBug1955483(org.jfree.data.xy.junit.XYSeriesTests)  Time elapsed: 0.006 sec  <<< ERROR!
java.lang.IndexOutOfBoundsException: Index: -1, Size: 1
	at java.util.ArrayList.rangeCheckForAdd(ArrayList.java:643)
	at java.util.ArrayList.add(ArrayList.java:455)
	at org.jfree.data.xy.XYSeries.addOrUpdate(XYSeries.java:564)
	at org.jfree.data.xy.XYSeries.addOrUpdate(XYSeries.java:527)
	at org.jfree.data.xy.junit.XYSeriesTests.testBug1955483(XYSeriesTests.java:479)

Running org.jfree.data.gantt.junit.DataGanttPackageTests
Tests run: 38, Failures: 0, Errors: 0, Skipped: 0, Time elapsed: 0.004 sec - in org.jfree.data.gantt.junit.DataGanttPackageTests
Running org.jfree.data.category.junit.DataCategoryPackageTests
Tests run: 40, Failures: 0, Errors: 0, Skipped: 0, Time elapsed: 0.006 sec - in org.jfree.data.category.junit.DataCategoryPackageTests

Results :

Tests in error: 
  XYSeriesTests.testBug1955483:479 Â» IndexOutOfBounds Index: -1, Size: 1

Tests run: 2040, Failures: 0, Errors: 1, Skipped: 0

[INFO] ------------------------------------------------------------------------
[INFO] BUILD FAILURE
[INFO] ------------------------------------------------------------------------
[INFO] Total time:  13.559 s
[INFO] Finished at: 2021-07-26T18:12:08-07:00
[INFO] ------------------------------------------------------------------------
[ERROR] Failed to execute goal org.apache.maven.plugins:maven-surefire-plugin:2.18.1:test (default-test) on project jfreechart2: There are test failures.
[ERROR] 
[ERROR] Please refer to /home/junyang/PR/SubjectPrograms/Chart/5/target/surefire-reports for the individual test results.
[ERROR] -> [Help 1]
[ERROR] 
[ERROR] To see the full stack trace of the errors, re-run Maven with the -e switch.
[ERROR] Re-run Maven using the -X switch to enable full debug logging.
[ERROR] 
[ERROR] For more information about the errors and possible solutions, please read the following articles:
[ERROR] [Help 1] http://cwiki.apache.org/confluence/display/MAVEN/MojoFailureException
