[WARNING] 
[WARNING] Some problems were encountered while building the effective settings
[WARNING] expected START_TAG or END_TAG not TEXT (position: TEXT seen ...<repository> \ua0\r\n      \ua0\ua0 \ua0<i... @29:13)  @ /home/junyang/.m2/settings.xml, line 29, column 13
[WARNING] 
[INFO] Scanning for projects...
[WARNING] 
[WARNING] Some problems were encountered while building the effective model for org.apache.commons:commons-lang3:jar:3.2-SNAPSHOT
[WARNING] 'build.plugins.plugin.(groupId:artifactId)' must be unique but found duplicate declaration of plugin org.apache.maven.plugins:maven-surefire-plugin @ line 557, column 9
[WARNING] 
[WARNING] It is highly recommended to fix these problems because they threaten the stability of your build.
[WARNING] 
[WARNING] For this reason, future Maven versions might no longer support building such malformed projects.
[WARNING] 
[INFO] 
[INFO] ------------------< org.apache.commons:commons-lang3 >------------------
[INFO] Building Commons Lang 3.2-SNAPSHOT
[INFO] --------------------------------[ jar ]---------------------------------
[INFO] 
[INFO] --- maven-antrun-plugin:1.7:run (javadoc.resources) @ commons-lang3 ---
[INFO] Executing tasks

main:
[INFO] Executed tasks
[INFO] 
[INFO] --- maven-remote-resources-plugin:1.4:process (default) @ commons-lang3 ---
[INFO] 
[INFO] --- buildnumber-maven-plugin:1.2:create (default) @ commons-lang3 ---
[INFO] Checking for local modifications: skipped.
[INFO] Updating project files from SCM: skipped.
[INFO] Executing: /bin/sh -c cd /home/junyang/PR/SubjectPrograms/Lang/39 && svn --non-interactive info
[INFO] Working directory: /home/junyang/PR/SubjectPrograms/Lang/39
[INFO] Storing buildNumber: ?????? at timestamp: 1627350988202
[INFO] Executing: /bin/sh -c cd /home/junyang/PR/SubjectPrograms/Lang/39 && svn --non-interactive info
[INFO] Working directory: /home/junyang/PR/SubjectPrograms/Lang/39
[INFO] Storing buildScmBranch: UNKNOWN_BRANCH
[INFO] 
[INFO] --- maven-resources-plugin:2.6:resources (default-resources) @ commons-lang3 ---
[INFO] Using 'ISO-8859-1' encoding to copy filtered resources.
[INFO] skip non existing resourceDirectory /home/junyang/PR/SubjectPrograms/Lang/39/src/main/resources
[INFO] Copying 0 resource to META-INF
[INFO] 
[INFO] --- maven-compiler-plugin:3.0:compile (default-compile) @ commons-lang3 ---
[INFO] Changes detected - recompiling the module!
[INFO] Compiling 79 source files to /home/junyang/PR/SubjectPrograms/Lang/39/target/classes
[WARNING] /home/junyang/PR/SubjectPrograms/Lang/39/src/main/java/org/apache/commons/lang3/text/StrLookup.java: Some input files use unchecked or unsafe operations.
[WARNING] /home/junyang/PR/SubjectPrograms/Lang/39/src/main/java/org/apache/commons/lang3/text/StrLookup.java: Recompile with -Xlint:unchecked for details.
[INFO] 
[INFO] --- maven-bundle-plugin:2.3.7:manifest (bundle-manifest) @ commons-lang3 ---
[INFO] 
[INFO] --- maven-resources-plugin:2.6:testResources (default-testResources) @ commons-lang3 ---
[INFO] Using 'ISO-8859-1' encoding to copy filtered resources.
[INFO] skip non existing resourceDirectory /home/junyang/PR/SubjectPrograms/Lang/39/src/test/resources
[INFO] Copying 0 resource to META-INF
[INFO] 
[INFO] --- maven-compiler-plugin:3.0:testCompile (default-testCompile) @ commons-lang3 ---
[INFO] Changes detected - recompiling the module!
[INFO] Compiling 97 source files to /home/junyang/PR/SubjectPrograms/Lang/39/target/test-classes
[WARNING] /home/junyang/PR/SubjectPrograms/Lang/39/src/test/java/org/apache/commons/lang3/time/StopWatchTest.java: Some input files use or override a deprecated API.
[WARNING] /home/junyang/PR/SubjectPrograms/Lang/39/src/test/java/org/apache/commons/lang3/time/StopWatchTest.java: Recompile with -Xlint:deprecation for details.
[WARNING] /home/junyang/PR/SubjectPrograms/Lang/39/src/test/java/org/apache/commons/lang3/builder/ToStringBuilderTest.java: Some input files use unchecked or unsafe operations.
[WARNING] /home/junyang/PR/SubjectPrograms/Lang/39/src/test/java/org/apache/commons/lang3/builder/ToStringBuilderTest.java: Recompile with -Xlint:unchecked for details.
[INFO] 
[INFO] --- maven-surefire-plugin:2.13:test (default-test) @ commons-lang3 ---
[INFO] Surefire report directory: /home/junyang/PR/SubjectPrograms/Lang/39/target/surefire-reports

-------------------------------------------------------
 T E S T S
-------------------------------------------------------
Running org.apache.commons.lang3.CharRangeTest
Tests run: 15, Failures: 0, Errors: 0, Skipped: 0, Time elapsed: 0.026 sec
Running org.apache.commons.lang3.CharSetTest
Tests run: 14, Failures: 0, Errors: 0, Skipped: 0, Time elapsed: 0.003 sec
Running org.apache.commons.lang3.CharUtilsTest
Tests run: 23, Failures: 0, Errors: 0, Skipped: 0, Time elapsed: 0.015 sec
Running org.apache.commons.lang3.SystemUtilsTest
Can't test IS_JAVA value
Tests run: 15, Failures: 0, Errors: 0, Skipped: 0, Time elapsed: 0.003 sec
Running org.apache.commons.lang3.StringUtilsSubstringTest
Tests run: 13, Failures: 0, Errors: 0, Skipped: 0, Time elapsed: 0.002 sec
Running org.apache.commons.lang3.math.NumberUtilsTest
Tests run: 51, Failures: 0, Errors: 0, Skipped: 0, Time elapsed: 0.013 sec
Running org.apache.commons.lang3.math.IEEE754rUtilsTest
Tests run: 3, Failures: 0, Errors: 0, Skipped: 0, Time elapsed: 0 sec
Running org.apache.commons.lang3.math.FractionTest
Tests run: 25, Failures: 0, Errors: 0, Skipped: 0, Time elapsed: 0.068 sec
Running org.apache.commons.lang3.StringUtilsTest
Tests run: 66, Failures: 0, Errors: 1, Skipped: 0, Time elapsed: 0.127 sec <<< FAILURE!
testReplace_StringStringArrayStringArray(org.apache.commons.lang3.StringUtilsTest)  Time elapsed: 0.007 sec  <<< ERROR!
java.lang.NullPointerException: null
	at org.apache.commons.lang3.StringUtils.replaceEach(StringUtils.java:3676)
	at org.apache.commons.lang3.StringUtils.replaceEach(StringUtils.java:3502)
	at org.apache.commons.lang3.StringUtilsTest.testReplace_StringStringArrayStringArray(StringUtilsTest.java:1029)

Running org.apache.commons.lang3.ValidateTest
Tests run: 42, Failures: 0, Errors: 0, Skipped: 0, Time elapsed: 0.009 sec
Running org.apache.commons.lang3.builder.EqualsBuilderTest
Tests run: 45, Failures: 0, Errors: 0, Skipped: 0, Time elapsed: 0.014 sec
Running org.apache.commons.lang3.builder.NoFieldNamesToStringStyleTest
Tests run: 8, Failures: 0, Errors: 0, Skipped: 0, Time elapsed: 0.005 sec
Running org.apache.commons.lang3.builder.ReflectionToStringBuilderExcludeTest
Tests run: 11, Failures: 0, Errors: 0, Skipped: 0, Time elapsed: 0.003 sec
Running org.apache.commons.lang3.builder.SimpleToStringStyleTest
Tests run: 8, Failures: 0, Errors: 0, Skipped: 0, Time elapsed: 0.001 sec
Running org.apache.commons.lang3.builder.MultiLineToStringStyleTest
Tests run: 8, Failures: 0, Errors: 0, Skipped: 0, Time elapsed: 0.002 sec
Running org.apache.commons.lang3.builder.HashCodeBuilderTest
Tests run: 41, Failures: 0, Errors: 0, Skipped: 0, Time elapsed: 0.011 sec
Running org.apache.commons.lang3.builder.DefaultToStringStyleTest
Tests run: 8, Failures: 0, Errors: 0, Skipped: 0, Time elapsed: 0.001 sec
Running org.apache.commons.lang3.builder.HashCodeBuilderAndEqualsBuilderTest
Tests run: 4, Failures: 0, Errors: 0, Skipped: 0, Time elapsed: 0.004 sec
Running org.apache.commons.lang3.builder.CompareToBuilderTest
Tests run: 47, Failures: 0, Errors: 0, Skipped: 0, Time elapsed: 0.014 sec
Running org.apache.commons.lang3.builder.StandardToStringStyleTest
Tests run: 8, Failures: 0, Errors: 0, Skipped: 0, Time elapsed: 0.001 sec
Running org.apache.commons.lang3.builder.ShortPrefixToStringStyleTest
Tests run: 8, Failures: 0, Errors: 0, Skipped: 0, Time elapsed: 0.002 sec
Running org.apache.commons.lang3.builder.ToStringBuilderTest
Tests run: 73, Failures: 0, Errors: 0, Skipped: 0, Time elapsed: 0.027 sec
Running org.apache.commons.lang3.builder.ToStringStyleTest
Tests run: 12, Failures: 0, Errors: 0, Skipped: 0, Time elapsed: 0.002 sec
Running org.apache.commons.lang3.ArrayUtilsAddTest
Tests run: 11, Failures: 0, Errors: 0, Skipped: 0, Time elapsed: 0.001 sec
Running org.apache.commons.lang3.reflect.TypeUtilsTest
Tests run: 5, Failures: 0, Errors: 0, Skipped: 0, Time elapsed: 0.027 sec
Running org.apache.commons.lang3.reflect.FieldUtilsTest
Tests run: 29, Failures: 0, Errors: 0, Skipped: 0, Time elapsed: 0.013 sec
Running org.apache.commons.lang3.reflect.ConstructorUtilsTest
Tests run: 6, Failures: 0, Errors: 0, Skipped: 0, Time elapsed: 0.002 sec
Running org.apache.commons.lang3.reflect.MethodUtilsTest
Tests run: 10, Failures: 0, Errors: 0, Skipped: 0, Time elapsed: 0.004 sec
Running org.apache.commons.lang3.LocaleUtilsTest
Tests run: 12, Failures: 0, Errors: 0, Skipped: 0, Time elapsed: 0.017 sec
Running org.apache.commons.lang3.CharSetUtilsTest
Tests run: 9, Failures: 0, Errors: 0, Skipped: 0, Time elapsed: 0.002 sec
Running org.apache.commons.lang3.StringEscapeUtilsTest
Tests run: 19, Failures: 0, Errors: 0, Skipped: 0, Time elapsed: 0.235 sec
Running org.apache.commons.lang3.concurrent.LazyInitializerTest
Tests run: 3, Failures: 0, Errors: 0, Skipped: 0, Time elapsed: 0.005 sec
Running org.apache.commons.lang3.concurrent.MultiBackgroundInitializerTest
Tests run: 15, Failures: 0, Errors: 0, Skipped: 0, Time elapsed: 0.065 sec
Running org.apache.commons.lang3.concurrent.CallableBackgroundInitializerTest
Tests run: 4, Failures: 0, Errors: 0, Skipped: 0, Time elapsed: 0.002 sec
Running org.apache.commons.lang3.concurrent.ConcurrentUtilsTest
Tests run: 14, Failures: 0, Errors: 0, Skipped: 0, Time elapsed: 0.006 sec
Running org.apache.commons.lang3.concurrent.BackgroundInitializerTest
Tests run: 15, Failures: 0, Errors: 0, Skipped: 0, Time elapsed: 0.011 sec
Running org.apache.commons.lang3.WordUtilsTest
Tests run: 13, Failures: 0, Errors: 0, Skipped: 0, Time elapsed: 0.007 sec
Running org.apache.commons.lang3.time.DateUtilsTest
Tests run: 30, Failures: 0, Errors: 0, Skipped: 0, Time elapsed: 0.165 sec
Running org.apache.commons.lang3.time.StopWatchTest
Tests run: 7, Failures: 0, Errors: 0, Skipped: 0, Time elapsed: 4.754 sec
Running org.apache.commons.lang3.time.DateFormatUtilsTest
Tests run: 9, Failures: 0, Errors: 0, Skipped: 0, Time elapsed: 0.017 sec
Running org.apache.commons.lang3.time.DateUtilsFragmentTest
Tests run: 52, Failures: 0, Errors: 0, Skipped: 0, Time elapsed: 0.023 sec
Running org.apache.commons.lang3.time.FastDateFormatTest
Tests run: 13, Failures: 0, Errors: 0, Skipped: 0, Time elapsed: 0.027 sec
Running org.apache.commons.lang3.time.DateUtilsRoundingTest
Tests run: 22, Failures: 0, Errors: 0, Skipped: 0, Time elapsed: 0.067 sec
Running org.apache.commons.lang3.time.DurationFormatUtilsTest
Tests run: 14, Failures: 0, Errors: 0, Skipped: 0, Time elapsed: 0.599 sec
Running org.apache.commons.lang3.StringUtilsEqualsIndexOfTest
Tests run: 27, Failures: 0, Errors: 0, Skipped: 0, Time elapsed: 0.005 sec
Running org.apache.commons.lang3.RangeTest
Tests run: 15, Failures: 0, Errors: 0, Skipped: 0, Time elapsed: 0.003 sec
Running org.apache.commons.lang3.ClassUtilsTest
Tests run: 42, Failures: 0, Errors: 0, Skipped: 0, Time elapsed: 0.011 sec
Running org.apache.commons.lang3.text.StrTokenizerTest
Tests run: 55, Failures: 0, Errors: 0, Skipped: 0, Time elapsed: 0.016 sec
Running org.apache.commons.lang3.text.StrMatcherTest
Tests run: 14, Failures: 0, Errors: 0, Skipped: 0, Time elapsed: 0 sec
Running org.apache.commons.lang3.text.StrBuilderTest
Tests run: 77, Failures: 0, Errors: 0, Skipped: 0, Time elapsed: 0.015 sec
Running org.apache.commons.lang3.text.StrLookupTest
Tests run: 4, Failures: 0, Errors: 0, Skipped: 0, Time elapsed: 0.001 sec
Running org.apache.commons.lang3.text.StrSubstitutorTest
Tests run: 32, Failures: 0, Errors: 0, Skipped: 0, Time elapsed: 0.007 sec
Running org.apache.commons.lang3.text.CompositeFormatTest
Tests run: 2, Failures: 0, Errors: 0, Skipped: 0, Time elapsed: 0 sec
Running org.apache.commons.lang3.text.StrBuilderAppendInsertTest
Tests run: 45, Failures: 0, Errors: 0, Skipped: 0, Time elapsed: 0.011 sec
Running org.apache.commons.lang3.text.ExtendedMessageFormatTest
Tests run: 7, Failures: 0, Errors: 0, Skipped: 0, Time elapsed: 0.994 sec
Running org.apache.commons.lang3.text.translate.UnicodeUnescaperTest
Tests run: 3, Failures: 0, Errors: 0, Skipped: 0, Time elapsed: 0 sec
Running org.apache.commons.lang3.text.translate.LookupTranslatorTest
Tests run: 1, Failures: 0, Errors: 0, Skipped: 0, Time elapsed: 0 sec
Running org.apache.commons.lang3.text.translate.EntityArraysTest
Tests run: 1, Failures: 0, Errors: 0, Skipped: 0, Time elapsed: 0 sec
Running org.apache.commons.lang3.text.translate.UnicodeEscaperTest
Tests run: 3, Failures: 0, Errors: 0, Skipped: 0, Time elapsed: 0 sec
Running org.apache.commons.lang3.text.translate.NumericEntityEscaperTest
Tests run: 3, Failures: 0, Errors: 0, Skipped: 0, Time elapsed: 0 sec
Running org.apache.commons.lang3.StringUtilsIsTest
Tests run: 8, Failures: 0, Errors: 0, Skipped: 0, Time elapsed: 0.001 sec
Running org.apache.commons.lang3.BooleanUtilsTest
Tests run: 43, Failures: 0, Errors: 0, Skipped: 0, Time elapsed: 0.004 sec
Running org.apache.commons.lang3.exception.ContextedExceptionTest
Tests run: 8, Failures: 0, Errors: 0, Skipped: 0, Time elapsed: 0.004 sec
Running org.apache.commons.lang3.exception.DefaultExceptionContextTest
Tests run: 4, Failures: 0, Errors: 0, Skipped: 0, Time elapsed: 0 sec
Running org.apache.commons.lang3.exception.ContextedRuntimeExceptionTest
Tests run: 8, Failures: 0, Errors: 0, Skipped: 0, Time elapsed: 0.002 sec
Running org.apache.commons.lang3.exception.ExceptionUtilsTest
Tests run: 35, Failures: 0, Errors: 0, Skipped: 0, Time elapsed: 0.025 sec
Running org.apache.commons.lang3.BitFieldTest
Tests run: 15, Failures: 0, Errors: 0, Skipped: 0, Time elapsed: 0.003 sec
Running org.apache.commons.lang3.StringUtilsStartsEndsWithTest
Tests run: 4, Failures: 0, Errors: 0, Skipped: 0, Time elapsed: 0 sec
Running org.apache.commons.lang3.CharEncodingTest
Tests run: 5, Failures: 0, Errors: 0, Skipped: 0, Time elapsed: 0.048 sec
Running org.apache.commons.lang3.ArrayUtilsTest
Tests run: 119, Failures: 0, Errors: 0, Skipped: 0, Time elapsed: 0.021 sec
Running org.apache.commons.lang3.RandomStringUtilsTest
Tests run: 9, Failures: 0, Errors: 0, Skipped: 0, Time elapsed: 0.011 sec
Running org.apache.commons.lang3.ArrayUtilsRemoveTest
Tests run: 18, Failures: 0, Errors: 0, Skipped: 0, Time elapsed: 0.003 sec
Running org.apache.commons.lang3.EnumUtilsTest
Tests run: 5, Failures: 0, Errors: 0, Skipped: 0, Time elapsed: 0.001 sec
Running org.apache.commons.lang3.StringUtilsTrimEmptyTest
Tests run: 15, Failures: 0, Errors: 0, Skipped: 0, Time elapsed: 0.02 sec
Running org.apache.commons.lang3.mutable.MutableDoubleTest
Tests run: 15, Failures: 0, Errors: 0, Skipped: 0, Time elapsed: 0.002 sec
Running org.apache.commons.lang3.mutable.MutableBooleanTest
Tests run: 6, Failures: 0, Errors: 0, Skipped: 0, Time elapsed: 0.001 sec
Running org.apache.commons.lang3.mutable.MutableIntTest
Tests run: 14, Failures: 0, Errors: 0, Skipped: 0, Time elapsed: 0.003 sec
Running org.apache.commons.lang3.mutable.MutableFloatTest
Tests run: 15, Failures: 0, Errors: 0, Skipped: 0, Time elapsed: 0.003 sec
Running org.apache.commons.lang3.mutable.MutableByteTest
Tests run: 14, Failures: 0, Errors: 0, Skipped: 0, Time elapsed: 0.002 sec
Running org.apache.commons.lang3.mutable.MutableShortTest
Tests run: 14, Failures: 0, Errors: 0, Skipped: 0, Time elapsed: 0.002 sec
Running org.apache.commons.lang3.mutable.MutableObjectTest
Tests run: 5, Failures: 0, Errors: 0, Skipped: 0, Time elapsed: 0 sec
Running org.apache.commons.lang3.mutable.MutableLongTest
Tests run: 14, Failures: 0, Errors: 0, Skipped: 0, Time elapsed: 0.002 sec
Running org.apache.commons.lang3.ObjectUtilsTest
Tests run: 11, Failures: 0, Errors: 0, Skipped: 0, Time elapsed: 0.002 sec
Running org.apache.commons.lang3.SerializationUtilsTest
Tests run: 23, Failures: 0, Errors: 0, Skipped: 0, Time elapsed: 0.029 sec

Results :

Tests in error: 
  StringUtilsTest.testReplace_StringStringArrayStringArray:1029 » NullPointer

Tests run: 1618, Failures: 0, Errors: 1, Skipped: 0

[INFO] ------------------------------------------------------------------------
[INFO] BUILD FAILURE
[INFO] ------------------------------------------------------------------------
[INFO] Total time:  15.430 s
[INFO] Finished at: 2021-07-26T18:56:42-07:00
[INFO] ------------------------------------------------------------------------
[ERROR] Failed to execute goal org.apache.maven.plugins:maven-surefire-plugin:2.13:test (default-test) on project commons-lang3: There are test failures.
[ERROR] 
[ERROR] Please refer to /home/junyang/PR/SubjectPrograms/Lang/39/target/surefire-reports for the individual test results.
[ERROR] -> [Help 1]
[ERROR] 
[ERROR] To see the full stack trace of the errors, re-run Maven with the -e switch.
[ERROR] Re-run Maven using the -X switch to enable full debug logging.
[ERROR] 
[ERROR] For more information about the errors and possible solutions, please read the following articles:
[ERROR] [Help 1] http://cwiki.apache.org/confluence/display/MAVEN/MojoFailureException
