[WARNING] 
[WARNING] Some problems were encountered while building the effective settings
[WARNING] expected START_TAG or END_TAG not TEXT (position: TEXT seen ...<repository> \ua0\r\n      \ua0\ua0 \ua0<i... @29:13)  @ /home/junyang/.m2/settings.xml, line 29, column 13
[WARNING] 
[INFO] Scanning for projects...
[INFO] 
[INFO] --------------------------< org.example:test >--------------------------
[INFO] Building test 1.0.0
[INFO] --------------------------------[ jar ]---------------------------------
[INFO] 
[INFO] --- maven-resources-plugin:2.6:resources (default-resources) @ test ---
[WARNING] Using platform encoding (UTF-8 actually) to copy filtered resources, i.e. build is platform dependent!
[INFO] skip non existing resourceDirectory /home/junyang/PR/SubjectPrograms/Mockito/8/src/main/resources
[INFO] 
[INFO] --- maven-compiler-plugin:3.1:compile (default-compile) @ test ---
[INFO] Changes detected - recompiling the module!
[WARNING] File encoding has not been set, using platform encoding UTF-8, i.e. build is platform dependent!
[INFO] Compiling 327 source files to /home/junyang/PR/SubjectPrograms/Mockito/8/target/classes
[WARNING] /home/junyang/PR/SubjectPrograms/Mockito/8/src/org/mockito/junit/MockitoRule.java: Some input files use or override a deprecated API.
[WARNING] /home/junyang/PR/SubjectPrograms/Mockito/8/src/org/mockito/junit/MockitoRule.java: Recompile with -Xlint:deprecation for details.
[WARNING] /home/junyang/PR/SubjectPrograms/Mockito/8/src/org/mockito/internal/creation/cglib/AcrossJVMSerializationFeature.java: Some input files use unchecked or unsafe operations.
[WARNING] /home/junyang/PR/SubjectPrograms/Mockito/8/src/org/mockito/internal/creation/cglib/AcrossJVMSerializationFeature.java: Recompile with -Xlint:unchecked for details.
[INFO] 
[INFO] --- maven-resources-plugin:2.6:testResources (default-testResources) @ test ---
[WARNING] Using platform encoding (UTF-8 actually) to copy filtered resources, i.e. build is platform dependent!
[INFO] skip non existing resourceDirectory /home/junyang/PR/SubjectPrograms/Mockito/8/src/test/resources
[INFO] 
[INFO] --- maven-compiler-plugin:3.1:testCompile (default-testCompile) @ test ---
[INFO] Nothing to compile - all classes are up to date
[INFO] 
[INFO] --- maven-surefire-plugin:2.12.4:test (default-test) @ test ---
[INFO] Surefire report directory: /home/junyang/PR/SubjectPrograms/Mockito/8/target/surefire-reports

-------------------------------------------------------
 T E S T S
-------------------------------------------------------
Running org.mockitoutil.CustomAssertionsTest
Tests run: 3, Failures: 0, Errors: 0, Skipped: 0, Time elapsed: 0.088 sec
Running org.mockitoutil.ClassLoadersTest
Tests run: 7, Failures: 0, Errors: 0, Skipped: 0, Time elapsed: 0.026 sec
Running org.mockitousage.constructor.CreatingMocksWithConstructorTest
Tests run: 11, Failures: 0, Errors: 0, Skipped: 0, Time elapsed: 0.229 sec
Running org.mockitousage.stubbing.StubbingWithDelegateTest
Tests run: 10, Failures: 0, Errors: 0, Skipped: 0, Time elapsed: 0.017 sec
Running org.mockitousage.stubbing.CloningParameterTest
Tests run: 2, Failures: 0, Errors: 0, Skipped: 0, Time elapsed: 0.017 sec
Running org.mockitousage.stubbing.DeepStubbingTest
Tests run: 17, Failures: 0, Errors: 0, Skipped: 0, Time elapsed: 0.077 sec
Running org.mockitousage.stubbing.SmartNullsStubbingTest
Tests run: 8, Failures: 0, Errors: 0, Skipped: 0, Time elapsed: 0.017 sec
Running org.mockitousage.stubbing.BasicStubbingTest
Tests run: 8, Failures: 0, Errors: 0, Skipped: 0, Time elapsed: 0.009 sec
Running org.mockitousage.stubbing.StubbingConsecutiveAnswersTest
Tests run: 11, Failures: 0, Errors: 0, Skipped: 0, Time elapsed: 0.02 sec
Running org.mockitousage.stubbing.StubbingWithExtraAnswersTest
Tests run: 3, Failures: 0, Errors: 0, Skipped: 0, Time elapsed: 0.002 sec
Running org.mockitousage.stubbing.CallingRealMethodTest
Tests run: 5, Failures: 0, Errors: 0, Skipped: 0, Time elapsed: 0.039 sec
Running org.mockitousage.stubbing.DeprecatedStubbingTest
Tests run: 5, Failures: 0, Errors: 0, Skipped: 0, Time elapsed: 0.008 sec
Running org.mockitousage.stubbing.StubbingUsingDoReturnTest
Tests run: 20, Failures: 0, Errors: 0, Skipped: 0, Time elapsed: 0.094 sec
Running org.mockitousage.stubbing.StubbingWithCustomAnswerTest
Tests run: 6, Failures: 0, Errors: 0, Skipped: 0, Time elapsed: 0.06 sec
Running org.mockitousage.stubbing.ReturningDefaultValuesTest
Tests run: 4, Failures: 0, Errors: 0, Skipped: 0, Time elapsed: 0.017 sec
Running org.mockitousage.stubbing.StubbingWithThrowablesTest
Tests run: 15, Failures: 0, Errors: 0, Skipped: 0, Time elapsed: 0.065 sec
Running org.mockitousage.PlaygroundTest
Tests run: 2, Failures: 0, Errors: 0, Skipped: 0, Time elapsed: 0.004 sec
Running org.mockitousage.serialization.DeepStubsSerializableTest
Tests run: 3, Failures: 0, Errors: 0, Skipped: 0, Time elapsed: 0.12 sec
Running org.mockitousage.serialization.ParallelSerializationTest
Tests run: 1, Failures: 0, Errors: 0, Skipped: 0, Time elapsed: 0.957 sec
Running org.mockitousage.serialization.AcrossClassLoaderSerializationTest
Tests run: 1, Failures: 0, Errors: 0, Skipped: 0, Time elapsed: 0.029 sec
Running org.mockitousage.verification.DescriptiveMessagesWhenTimesXVerificationFailsTest
Tests run: 2, Failures: 0, Errors: 0, Skipped: 0, Time elapsed: 0.005 sec
Running org.mockitousage.verification.VerificationAfterDelayTest
Tests run: 5, Failures: 0, Errors: 0, Skipped: 0, Time elapsed: 0.17 sec
Running org.mockitousage.verification.VerificationWithTimeoutTest
Tests run: 8, Failures: 0, Errors: 0, Skipped: 1, Time elapsed: 0.143 sec
Running org.mockitousage.verification.DescriptiveMessagesWhenVerificationFailsTest
Wanted but not invoked:
iMethods.threeArgumentMethod(12, foo, "xx");
-> at org.mockitousage.verification.DescriptiveMessagesWhenVerificationFailsTest.should_print_method_name_and_arguments_of_other_interactions_with_different_methods(DescriptiveMessagesWhenVerificationFailsTest.java:371)

However, there were other interactions with this mock:
iMethods.arrayMethod(["a", "b", "c"]);
-> at org.mockitousage.verification.DescriptiveMessagesWhenVerificationFailsTest.should_print_method_name_and_arguments_of_other_interactions_with_different_methods(DescriptiveMessagesWhenVerificationFailsTest.java:368)

iMethods.forByte(25);
-> at org.mockitousage.verification.DescriptiveMessagesWhenVerificationFailsTest.should_print_method_name_and_arguments_of_other_interactions_with_different_methods(DescriptiveMessagesWhenVerificationFailsTest.java:369)


Tests run: 23, Failures: 0, Errors: 0, Skipped: 3, Time elapsed: 0.081 sec
Running org.mockitousage.verification.FindingRedundantInvocationsInOrderTest
Tests run: 7, Failures: 0, Errors: 0, Skipped: 0, Time elapsed: 0.015 sec
Running org.mockitousage.verification.NoMoreInteractionsVerificationTest
Tests run: 9, Failures: 0, Errors: 0, Skipped: 0, Time elapsed: 0.013 sec
Running org.mockitousage.verification.BasicVerificationInOrderTest
Tests run: 23, Failures: 0, Errors: 0, Skipped: 0, Time elapsed: 0.037 sec
Running org.mockitousage.verification.SelectedMocksInOrderVerificationTest
Tests run: 15, Failures: 0, Errors: 0, Skipped: 0, Time elapsed: 0.016 sec
Running org.mockitousage.verification.ExactNumberOfTimesVerificationTest
Tests run: 8, Failures: 0, Errors: 0, Skipped: 0, Time elapsed: 0.006 sec
Running org.mockitousage.verification.OrdinaryVerificationPrintsAllInteractionsTest
Tests run: 3, Failures: 0, Errors: 0, Skipped: 0, Time elapsed: 0.004 sec
Running org.mockitousage.verification.VerificationInOrderMixedWithOrdiraryVerificationTest
Tests run: 10, Failures: 0, Errors: 0, Skipped: 0, Time elapsed: 0.011 sec
Running org.mockitousage.verification.OnlyVerificationTest
Tests run: 7, Failures: 0, Errors: 0, Skipped: 0, Time elapsed: 0.012 sec
Running org.mockitousage.verification.AtMostXVerificationTest
Tests run: 7, Failures: 0, Errors: 0, Skipped: 0, Time elapsed: 0.008 sec
Running org.mockitousage.verification.VerificationUsingMatchersTest
Tests run: 3, Failures: 0, Errors: 0, Skipped: 0, Time elapsed: 0.004 sec
Running org.mockitousage.verification.DescriptiveMessagesOnVerificationInOrderErrorsTest
Tests run: 7, Failures: 0, Errors: 0, Skipped: 0, Time elapsed: 0.009 sec
Running org.mockitousage.verification.VerificationInOrderTest
Tests run: 4, Failures: 0, Errors: 0, Skipped: 0, Time elapsed: 0.004 sec
Running org.mockitousage.verification.PrintingVerboseTypesWithArgumentsTest
Tests run: 5, Failures: 0, Errors: 0, Skipped: 0, Time elapsed: 0.007 sec
Running org.mockitousage.verification.RelaxedVerificationInOrderTest
Tests run: 27, Failures: 0, Errors: 0, Skipped: 0, Time elapsed: 0.032 sec
Running org.mockitousage.verification.VerificationInOrderWithCallsTest
Tests run: 25, Failures: 0, Errors: 0, Skipped: 0, Time elapsed: 0.051 sec
Running org.mockitousage.verification.VerificationExcludingStubsTest
Tests run: 4, Failures: 0, Errors: 0, Skipped: 0, Time elapsed: 0.002 sec
Running org.mockitousage.verification.AtLeastXVerificationTest
Tests run: 3, Failures: 0, Errors: 0, Skipped: 0, Time elapsed: 0.002 sec
Running org.mockitousage.verification.VerificationOnMultipleMocksUsingMatchersTest
Tests run: 2, Failures: 0, Errors: 0, Skipped: 0, Time elapsed: 0.001 sec
Running org.mockitousage.verification.BasicVerificationTest
Tests run: 8, Failures: 0, Errors: 0, Skipped: 0, Time elapsed: 0.012 sec
Running org.mockitousage.matchers.MatchersMixedWithRawArgumentsTest
Tests run: 1, Failures: 0, Errors: 0, Skipped: 1, Time elapsed: 0 sec
Running org.mockitousage.matchers.GenericMatchersTest
Tests run: 1, Failures: 0, Errors: 0, Skipped: 0, Time elapsed: 0.001 sec
Running org.mockitousage.matchers.MatchersTest
Tests run: 32, Failures: 0, Errors: 0, Skipped: 0, Time elapsed: 0.03 sec
Running org.mockitousage.matchers.NewMatchersTest
Tests run: 4, Failures: 0, Errors: 0, Skipped: 0, Time elapsed: 0 sec
Running org.mockitousage.matchers.AnyXMatchersAcceptNullsTest
Tests run: 2, Failures: 0, Errors: 0, Skipped: 0, Time elapsed: 0.002 sec
Running org.mockitousage.matchers.CustomMatcherDoesYieldCCETest
Tests run: 1, Failures: 0, Errors: 0, Skipped: 0, Time elapsed: 0.001 sec
Running org.mockitousage.matchers.InvalidUseOfMatchersTest
Tests run: 6, Failures: 0, Errors: 0, Skipped: 0, Time elapsed: 0.012 sec
Running org.mockitousage.matchers.MoreMatchersTest
Tests run: 7, Failures: 0, Errors: 0, Skipped: 0, Time elapsed: 0.002 sec
Running org.mockitousage.matchers.ReflectionMatchersTest
Tests run: 8, Failures: 0, Errors: 0, Skipped: 0, Time elapsed: 0.009 sec
Running org.mockitousage.matchers.VerificationAndStubbingUsingMatchersTest
Tests run: 2, Failures: 0, Errors: 0, Skipped: 0, Time elapsed: 0.001 sec
Running org.mockitousage.matchers.HamcrestMatchersTest
Tests run: 2, Failures: 0, Errors: 0, Skipped: 0, Time elapsed: 0.002 sec
Running org.mockitousage.matchers.CapturingArgumentsTest
Tests run: 17, Failures: 0, Errors: 0, Skipped: 0, Time elapsed: 0.023 sec
Running org.mockitousage.matchers.CustomMatchersTest
Tests run: 6, Failures: 0, Errors: 0, Skipped: 0, Time elapsed: 0.005 sec
Running org.mockitousage.puzzlers.BridgeMethodPuzzleTest
Tests run: 2, Failures: 0, Errors: 0, Skipped: 0, Time elapsed: 0.004 sec
Running org.mockitousage.puzzlers.OverloadingPuzzleTest
Tests run: 1, Failures: 0, Errors: 0, Skipped: 0, Time elapsed: 0.003 sec
Running org.mockitousage.basicapi.MocksSerializationTest
Tests run: 24, Failures: 0, Errors: 0, Skipped: 1, Time elapsed: 0.151 sec
Running org.mockitousage.basicapi.ReplacingObjectMethodsTest
Tests run: 3, Failures: 0, Errors: 0, Skipped: 0, Time elapsed: 0.008 sec
Running org.mockitousage.basicapi.MockingMultipleInterfacesTest
Tests run: 7, Failures: 0, Errors: 0, Skipped: 0, Time elapsed: 0.007 sec
Running org.mockitousage.basicapi.ResetTest
Tests run: 11, Failures: 0, Errors: 0, Skipped: 0, Time elapsed: 0.014 sec
Running org.mockitousage.basicapi.MockAccessTest
Tests run: 2, Failures: 0, Errors: 0, Skipped: 0, Time elapsed: 0.001 sec
Running org.mockitousage.basicapi.MocksSerializationForAnnotationTest
Tests run: 21, Failures: 0, Errors: 0, Skipped: 0, Time elapsed: 0.157 sec
Running org.mockitousage.basicapi.MockingDetailsTest
Tests run: 3, Failures: 0, Errors: 0, Skipped: 0, Time elapsed: 0.01 sec
Running org.mockitousage.basicapi.ObjectsSerializationTest
Tests run: 1, Failures: 0, Errors: 0, Skipped: 0, Time elapsed: 0.001 sec
Running org.mockitousage.basicapi.MocksCreationTest
Tests run: 7, Failures: 0, Errors: 0, Skipped: 0, Time elapsed: 0.029 sec
Running org.mockitousage.basicapi.UsingVarargsTest
Tests run: 10, Failures: 0, Errors: 0, Skipped: 0, Time elapsed: 0.022 sec
Running org.mockitousage.spies.StubbingSpiesDoesNotYieldNPETest
Tests run: 1, Failures: 0, Errors: 0, Skipped: 0, Time elapsed: 0.007 sec
Running org.mockitousage.spies.SpyingOnRealObjectsTest
Tests run: 14, Failures: 0, Errors: 0, Skipped: 0, Time elapsed: 0.03 sec
Running org.mockitousage.spies.PartialMockingWithSpiesTest
Tests run: 7, Failures: 0, Errors: 0, Skipped: 0, Time elapsed: 0.009 sec
Running org.mockitousage.spies.SpyingOnInterfacesTest
Tests run: 2, Failures: 0, Errors: 0, Skipped: 0, Time elapsed: 0 sec
Running org.mockitousage.misuse.ExplicitFrameworkValidationTest
Tests run: 3, Failures: 0, Errors: 0, Skipped: 0, Time elapsed: 0.001 sec
Running org.mockitousage.misuse.DescriptiveMessagesOnMisuseTest
Tests run: 8, Failures: 0, Errors: 0, Skipped: 0, Time elapsed: 0.008 sec
Running org.mockitousage.misuse.SpyStubbingMisuseTest
Tests run: 1, Failures: 0, Errors: 0, Skipped: 0, Time elapsed: 0.007 sec
Running org.mockitousage.misuse.DetectingMisusedMatchersTest
Tests run: 3, Failures: 0, Errors: 0, Skipped: 0, Time elapsed: 0.006 sec
Running org.mockitousage.misuse.DetectingFinalMethodsTest
Tests run: 2, Failures: 0, Errors: 0, Skipped: 0, Time elapsed: 0.004 sec
Running org.mockitousage.misuse.CleaningUpPotentialStubbingTest
Tests run: 3, Failures: 0, Errors: 0, Skipped: 0, Time elapsed: 0.002 sec
Running org.mockitousage.misuse.RestrictedObjectMethodsTest
Tests run: 4, Failures: 0, Errors: 0, Skipped: 0, Time elapsed: 0.003 sec
Running org.mockitousage.misuse.InvalidUsageTest
Tests run: 12, Failures: 0, Errors: 0, Skipped: 0, Time elapsed: 0.016 sec
Running org.mockitousage.PlaygroundWithDemoOfUnclonedParametersProblemTest
Tests run: 2, Failures: 0, Errors: 0, Skipped: 0, Time elapsed: 0.011 sec
Running org.mockitousage.examples.use.ExampleTest
Tests run: 5, Failures: 0, Errors: 0, Skipped: 0, Time elapsed: 0.016 sec
Running org.mockitousage.junitrunner.JUnit44RunnerTest
Tests run: 3, Failures: 0, Errors: 0, Skipped: 0, Time elapsed: 0.008 sec
Running org.mockitousage.junitrunner.JUnit45RunnerTest
Tests run: 3, Failures: 0, Errors: 0, Skipped: 0, Time elapsed: 0.002 sec
Running org.mockitousage.junitrunner.VerboseMockitoRunnerTest
Tests run: 2, Failures: 0, Errors: 0, Skipped: 2, Time elapsed: 0 sec
Running org.mockitousage.junitrunner.ModellingVerboseMockitoTest
Tests run: 1, Failures: 0, Errors: 0, Skipped: 1, Time elapsed: 0.001 sec
Running org.mockitousage.internal.invocation.realmethod.CleanTraceRealMethodTest
Tests run: 1, Failures: 0, Errors: 0, Skipped: 0, Time elapsed: 0 sec
Running org.mockitousage.internal.debugging.LocationImplTest
Tests run: 2, Failures: 0, Errors: 0, Skipped: 0, Time elapsed: 0 sec
Running org.mockitousage.packageprotected.MockingPackageProtectedTest
Tests run: 1, Failures: 0, Errors: 0, Skipped: 0, Time elapsed: 0.003 sec
Running org.mockitousage.junitrule.RuleTestWithParameterConstructorTest
Tests run: 1, Failures: 0, Errors: 0, Skipped: 0, Time elapsed: 0.003 sec
Running org.mockitousage.junitrule.MockitoJUnitRuleTest
Tests run: 1, Failures: 0, Errors: 0, Skipped: 0, Time elapsed: 0.002 sec
Running org.mockitousage.junitrule.RuleTestWithFactoryMethodTest
Tests run: 1, Failures: 0, Errors: 0, Skipped: 0, Time elapsed: 0.003 sec
Running org.mockitousage.junitrule.InvalidTargetMockitoJUnitRuleTest
Tests run: 1, Failures: 0, Errors: 0, Skipped: 0, Time elapsed: 0 sec
Running org.mockitousage.configuration.CustomizedAnnotationForSmartMockTest
Tests run: 1, Failures: 0, Errors: 0, Skipped: 0, Time elapsed: 0.001 sec
Running org.mockitousage.configuration.ClassCacheVersusClassReloadingTest
Tests run: 2, Failures: 0, Errors: 0, Skipped: 0, Time elapsed: 0.001 sec
Running org.mockitousage.performance.StubOnlyAvoidMemoryConsumptionTest
Tests run: 2, Failures: 0, Errors: 0, Skipped: 1, Time elapsed: 3.435 sec
Running org.mockitousage.performance.LoadsOfMocksTest
Tests run: 1, Failures: 0, Errors: 0, Skipped: 1, Time elapsed: 0 sec
Running org.mockitousage.stacktrace.PointingStackTraceToActualInvocationTest
Tests run: 2, Failures: 0, Errors: 0, Skipped: 0, Time elapsed: 0.002 sec
Running org.mockitousage.stacktrace.ClickableStackTracesWhenFrameworkMisusedTest
Tests run: 3, Failures: 0, Errors: 0, Skipped: 0, Time elapsed: 0.001 sec
Running org.mockitousage.stacktrace.StackTraceFilteringTest
Tests run: 9, Failures: 0, Errors: 0, Skipped: 0, Time elapsed: 0.001 sec
Running org.mockitousage.stacktrace.ModellingDescriptiveMessagesTest
Tests run: 1, Failures: 0, Errors: 0, Skipped: 1, Time elapsed: 0 sec
Running org.mockitousage.stacktrace.PointingStackTraceToActualInvocationInOrderTest
Tests run: 6, Failures: 0, Errors: 0, Skipped: 0, Time elapsed: 0.01 sec
Running org.mockitousage.stacktrace.PointingStackTraceToActualInvocationChunkInOrderTest
Tests run: 4, Failures: 0, Errors: 0, Skipped: 0, Time elapsed: 0.009 sec
Running org.mockitousage.stacktrace.ClickableStackTracesTest
Tests run: 1, Failures: 0, Errors: 0, Skipped: 0, Time elapsed: 0.001 sec
Running org.mockitousage.customization.BDDMockitoTest
Tests run: 22, Failures: 0, Errors: 0, Skipped: 0, Time elapsed: 0.025 sec
Running org.mockitousage.bugs.NPEWhenMockingThrowablesTest
Tests run: 1, Failures: 0, Errors: 0, Skipped: 0, Time elapsed: 0.002 sec
Running org.mockitousage.bugs.ShouldMocksCompareToBeConsistentWithEqualsTest
Tests run: 4, Failures: 0, Errors: 0, Skipped: 0, Time elapsed: 0.005 sec
Running org.mockitousage.bugs.MultipleInOrdersTest
Tests run: 1, Failures: 0, Errors: 0, Skipped: 0, Time elapsed: 0 sec
Running org.mockitousage.bugs.varargs.VarargsNotPlayingWithAnyObjectTest
Tests run: 3, Failures: 0, Errors: 0, Skipped: 0, Time elapsed: 0.003 sec
Running org.mockitousage.bugs.varargs.VarargsAndAnyObjectPicksUpExtraInvocationsTest
Tests run: 3, Failures: 0, Errors: 0, Skipped: 0, Time elapsed: 0.004 sec
Running org.mockitousage.bugs.ParentTestMockInjectionTest
Tests run: 1, Failures: 0, Errors: 0, Skipped: 0, Time elapsed: 0.004 sec
Running org.mockitousage.bugs.InjectMocksShouldTryPropertySettersFirstBeforeFieldAccessTest
Tests run: 2, Failures: 0, Errors: 0, Skipped: 0, Time elapsed: 0.002 sec
Running org.mockitousage.bugs.EqualsWithDeltaTest
Tests run: 4, Failures: 0, Errors: 0, Skipped: 0, Time elapsed: 0.001 sec
Running org.mockitousage.bugs.ShouldNotDeadlockAnswerExecutionTest
Tests run: 2, Failures: 0, Errors: 0, Skipped: 0, Time elapsed: 0.016 sec
Running org.mockitousage.bugs.VarargsErrorWhenCallingRealMethodTest
Tests run: 1, Failures: 0, Errors: 0, Skipped: 0, Time elapsed: 0.003 sec
Running org.mockitousage.bugs.Issue353InjectionMightNotHappenInCertainConfigurationTest
Tests run: 1, Failures: 0, Errors: 0, Skipped: 0, Time elapsed: 0.001 sec
Running org.mockitousage.bugs.ParentClassNotPublicTest
Tests run: 4, Failures: 0, Errors: 0, Skipped: 0, Time elapsed: 0.003 sec
Running org.mockitousage.bugs.NPEWithCertainMatchersTest
Tests run: 6, Failures: 0, Errors: 0, Skipped: 0, Time elapsed: 0.004 sec
Running org.mockitousage.bugs.AIOOBExceptionWithAtLeastTest
Tests run: 1, Failures: 0, Errors: 0, Skipped: 0, Time elapsed: 0.001 sec
Running org.mockitousage.bugs.MultithreadedStubbingHalfManualTest
Tests run: 1, Failures: 0, Errors: 0, Skipped: 1, Time elapsed: 0 sec
Running org.mockitousage.bugs.FinalHashCodeAndEqualsRaiseNPEInInitMocksTest
Tests run: 1, Failures: 0, Errors: 0, Skipped: 0, Time elapsed: 0.002 sec
Running org.mockitousage.bugs.InheritedGenericsPolimorphicCallTest
Tests run: 3, Failures: 0, Errors: 0, Skipped: 0, Time elapsed: 0.005 sec
Running org.mockitousage.bugs.ActualInvocationHasNullArgumentNPEBugTest
Tests run: 1, Failures: 0, Errors: 0, Skipped: 0, Time elapsed: 0.002 sec
Running org.mockitousage.bugs.ShouldOnlyModeAllowCapturingArgumentsTest
Tests run: 1, Failures: 0, Errors: 0, Skipped: 0, Time elapsed: 0 sec
Running org.mockitousage.bugs.VerifyingWithAnExtraCallToADifferentMockTest
Tests run: 1, Failures: 0, Errors: 0, Skipped: 0, Time elapsed: 0 sec
Running org.mockitousage.bugs.NPEOnAnyClassMatcherAutounboxTest
Tests run: 1, Failures: 0, Errors: 0, Skipped: 0, Time elapsed: 0.002 sec
Running org.mockitousage.bugs.DeepStubsWronglyReportsSerializationProblemsTest
Tests run: 1, Failures: 0, Errors: 0, Skipped: 0, Time elapsed: 0.003 sec
Running org.mockitousage.bugs.ShouldNotTryToInjectInFinalOrStaticFieldsTest
Tests run: 2, Failures: 0, Errors: 0, Skipped: 0, Time elapsed: 0.005 sec
Running org.mockitousage.bugs.MockitoRunnerBreaksWhenNoTestMethodsTest
.E
Time: 0.001
There was 1 failure:
1) initializationError(org.mockitousage.bugs.MockitoRunnerBreaksWhenNoTestMethodsTest$TestClassWithoutTestMethod)
org.mockito.exceptions.base.MockitoException: 

No tests found in TestClassWithoutTestMethod
Haven't you forgot @Test annotation?

	at org.mockito.internal.runners.RunnerFactory.create(RunnerFactory.java:34)
	at org.mockito.runners.MockitoJUnitRunner.<init>(MockitoJUnitRunner.java:57)
	at sun.reflect.NativeConstructorAccessorImpl.newInstance0(Native Method)
	at sun.reflect.NativeConstructorAccessorImpl.newInstance(NativeConstructorAccessorImpl.java:57)
	at sun.reflect.DelegatingConstructorAccessorImpl.newInstance(DelegatingConstructorAccessorImpl.java:45)
	at java.lang.reflect.Constructor.newInstance(Constructor.java:526)
	at org.junit.internal.builders.AnnotatedBuilder.buildRunner(AnnotatedBuilder.java:31)
	at org.junit.internal.builders.AnnotatedBuilder.runnerForClass(AnnotatedBuilder.java:24)
	at org.junit.runners.model.RunnerBuilder.safeRunnerForClass(RunnerBuilder.java:57)
	at org.junit.internal.builders.AllDefaultPossibilitiesBuilder.runnerForClass(AllDefaultPossibilitiesBuilder.java:29)
	at org.junit.runner.Computer.getRunner(Computer.java:38)
	at org.junit.runner.Computer$1.runnerForClass(Computer.java:29)
	at org.junit.runners.model.RunnerBuilder.safeRunnerForClass(RunnerBuilder.java:57)
	at org.junit.runners.model.RunnerBuilder.runners(RunnerBuilder.java:98)
	at org.junit.runners.model.RunnerBuilder.runners(RunnerBuilder.java:84)
	at org.junit.runners.Suite.<init>(Suite.java:79)
	at org.junit.runner.Computer.getSuite(Computer.java:26)
	at org.junit.runner.Request.classes(Request.java:69)
	at org.junit.runner.JUnitCore.run(JUnitCore.java:117)
	at org.mockitousage.bugs.MockitoRunnerBreaksWhenNoTestMethodsTest.ensure_the_test_runner_breaks(MockitoRunnerBreaksWhenNoTestMethodsTest.java:25)
	at sun.reflect.NativeMethodAccessorImpl.invoke0(Native Method)
	at sun.reflect.NativeMethodAccessorImpl.invoke(NativeMethodAccessorImpl.java:57)
	at sun.reflect.DelegatingMethodAccessorImpl.invoke(DelegatingMethodAccessorImpl.java:43)
	at java.lang.reflect.Method.invoke(Method.java:606)
	at org.junit.runners.model.FrameworkMethod$1.runReflectiveCall(FrameworkMethod.java:45)
	at org.junit.internal.runners.model.ReflectiveCallable.run(ReflectiveCallable.java:15)
	at org.junit.runners.model.FrameworkMethod.invokeExplosively(FrameworkMethod.java:42)
	at org.junit.internal.runners.statements.InvokeMethod.evaluate(InvokeMethod.java:20)
	at org.junit.internal.runners.statements.RunBefores.evaluate(RunBefores.java:28)
	at org.junit.internal.runners.statements.RunAfters.evaluate(RunAfters.java:30)
	at org.junit.runners.ParentRunner.runLeaf(ParentRunner.java:263)
	at org.junit.runners.BlockJUnit4ClassRunner.runChild(BlockJUnit4ClassRunner.java:68)
	at org.junit.runners.BlockJUnit4ClassRunner.runChild(BlockJUnit4ClassRunner.java:47)
	at org.junit.runners.ParentRunner$3.run(ParentRunner.java:231)
	at org.junit.runners.ParentRunner$1.schedule(ParentRunner.java:60)
	at org.junit.runners.ParentRunner.runChildren(ParentRunner.java:229)
	at org.junit.runners.ParentRunner.access$000(ParentRunner.java:50)
	at org.junit.runners.ParentRunner$2.evaluate(ParentRunner.java:222)
	at org.junit.runners.ParentRunner.run(ParentRunner.java:300)
	at org.apache.maven.surefire.junit4.JUnit4Provider.execute(JUnit4Provider.java:252)
	at org.apache.maven.surefire.junit4.JUnit4Provider.executeTestSet(JUnit4Provider.java:141)
	at org.apache.maven.surefire.junit4.JUnit4Provider.invoke(JUnit4Provider.java:112)
	at sun.reflect.NativeMethodAccessorImpl.invoke0(Native Method)
	at sun.reflect.NativeMethodAccessorImpl.invoke(NativeMethodAccessorImpl.java:57)
	at sun.reflect.DelegatingMethodAccessorImpl.invoke(DelegatingMethodAccessorImpl.java:43)
	at java.lang.reflect.Method.invoke(Method.java:606)
	at org.apache.maven.surefire.util.ReflectionUtils.invokeMethodWithArray(ReflectionUtils.java:189)
	at org.apache.maven.surefire.booter.ProviderFactory$ProviderProxy.invoke(ProviderFactory.java:165)
	at org.apache.maven.surefire.booter.ProviderFactory.invokeProvider(ProviderFactory.java:85)
	at org.apache.maven.surefire.booter.ForkedBooter.runSuitesInProcess(ForkedBooter.java:115)
	at org.apache.maven.surefire.booter.ForkedBooter.main(ForkedBooter.java:75)
Caused by: java.lang.reflect.InvocationTargetException
	at sun.reflect.NativeConstructorAccessorImpl.newInstance0(Native Method)
	at sun.reflect.NativeConstructorAccessorImpl.newInstance(NativeConstructorAccessorImpl.java:57)
	at sun.reflect.DelegatingConstructorAccessorImpl.newInstance(DelegatingConstructorAccessorImpl.java:45)
	at java.lang.reflect.Constructor.newInstance(Constructor.java:526)
	at org.mockito.internal.runners.util.RunnerProvider.newInstance(RunnerProvider.java:39)
	at org.mockito.internal.runners.RunnerFactory.create(RunnerFactory.java:28)
	... 50 more
Caused by: org.junit.runners.model.InitializationError
	at org.junit.runners.ParentRunner.validate(ParentRunner.java:346)
	at org.junit.runners.ParentRunner.<init>(ParentRunner.java:74)
	at org.junit.runners.BlockJUnit4ClassRunner.<init>(BlockJUnit4ClassRunner.java:55)
	at org.mockito.internal.runners.JUnit45AndHigherRunnerImpl$1.<init>(JUnit45AndHigherRunnerImpl.java:23)
	at org.mockito.internal.runners.JUnit45AndHigherRunnerImpl.<init>(JUnit45AndHigherRunnerImpl.java:23)
	... 56 more

FAILURES!!!
Tests run: 1,  Failures: 1

Tests run: 1, Failures: 0, Errors: 0, Skipped: 0, Time elapsed: 0.013 sec
Running org.mockitousage.bugs.ConcurrentModificationExceptionOnMultiThreadedVerificationTest
Tests run: 1, Failures: 0, Errors: 0, Skipped: 0, Time elapsed: 1.015 sec
Running org.mockitousage.bugs.InjectionByTypeShouldFirstLookForExactTypeThenAncestorTest
Tests run: 4, Failures: 0, Errors: 0, Skipped: 0, Time elapsed: 0.012 sec
Running org.mockitousage.bugs.BridgeMethodsHitAgainTest
Tests run: 2, Failures: 0, Errors: 0, Skipped: 0, Time elapsed: 0.009 sec
Running org.mockitousage.bugs.TimeoutWithAtMostOrNeverShouldBeDisabledTest
Tests run: 2, Failures: 0, Errors: 0, Skipped: 0, Time elapsed: 0.002 sec
Running org.mockitousage.bugs.ChildWithSameParentFieldInjectionTest
Tests run: 2, Failures: 0, Errors: 0, Skipped: 0, Time elapsed: 0.005 sec
Running org.mockitousage.bugs.ShouldAllowInlineMockCreationTest
Tests run: 1, Failures: 0, Errors: 0, Skipped: 0, Time elapsed: 0.001 sec
Running org.mockitousage.bugs.ListenersLostOnResetMockTest
Tests run: 1, Failures: 0, Errors: 0, Skipped: 0, Time elapsed: 0.003 sec
Running org.mockitousage.bugs.CaptorAnnotationAutoboxingTest
Tests run: 2, Failures: 0, Errors: 0, Skipped: 0, Time elapsed: 0.01 sec
Running org.mockitousage.bugs.CovariantOverrideTest
Tests run: 4, Failures: 0, Errors: 0, Skipped: 0, Time elapsed: 0.007 sec
Running org.mockitousage.bugs.SpyShouldHaveNiceNameTest
Tests run: 1, Failures: 0, Errors: 0, Skipped: 0, Time elapsed: 0 sec
Running org.mockitousage.bugs.IOOBExceptionShouldNotBeThrownWhenNotCodingFluentlyTest
Tests run: 1, Failures: 0, Errors: 0, Skipped: 0, Time elapsed: 0 sec
Running org.mockitousage.bugs.StubbingMocksThatAreConfiguredToReturnMocksTest
Tests run: 2, Failures: 0, Errors: 0, Skipped: 0, Time elapsed: 0.001 sec
Running org.mockitousage.annotation.InjectionOfInlinedMockDeclarationTest
Tests run: 4, Failures: 0, Errors: 0, Skipped: 0, Time elapsed: 0.013 sec
Running org.mockitousage.annotation.AnnotationsTest
Tests run: 4, Failures: 0, Errors: 0, Skipped: 0, Time elapsed: 0.035 sec
Running org.mockitousage.annotation.CaptorAnnotationTest
Tests run: 5, Failures: 0, Errors: 0, Skipped: 0, Time elapsed: 0.018 sec
Running org.mockitousage.annotation.MockInjectionUsingConstructorIssue421Test
Tests run: 1, Failures: 0, Errors: 0, Skipped: 0, Time elapsed: 0 sec
Running org.mockitousage.annotation.SpyInjectionTest
Tests run: 1, Failures: 0, Errors: 0, Skipped: 0, Time elapsed: 0.001 sec
Running org.mockitousage.annotation.MockInjectionUsingConstructorTest
...
Time: 0.002

OK (3 tests)

Tests run: 6, Failures: 0, Errors: 0, Skipped: 0, Time elapsed: 0.012 sec
Running org.mockitousage.annotation.CaptorAnnotationUnhappyPathTest
Tests run: 1, Failures: 0, Errors: 0, Skipped: 0, Time elapsed: 0 sec
Running org.mockitousage.annotation.CaptorAnnotationBasicTest
Tests run: 4, Failures: 0, Errors: 0, Skipped: 0, Time elapsed: 0.006 sec
Running org.mockitousage.annotation.WrongSetOfAnnotationsTest
Tests run: 6, Failures: 0, Errors: 0, Skipped: 0, Time elapsed: 0.004 sec
Running org.mockitousage.annotation.DeprecatedAnnotationEngineApiTest
Tests run: 2, Failures: 0, Errors: 0, Skipped: 0, Time elapsed: 0.003 sec
Running org.mockitousage.annotation.SpyAnnotationTest
Tests run: 10, Failures: 0, Errors: 0, Skipped: 0, Time elapsed: 0.038 sec
Running org.mockitousage.annotation.SpyAnnotationInitializedInBaseClassTest
Tests run: 1, Failures: 0, Errors: 0, Skipped: 0, Time elapsed: 0 sec
Running org.mockitousage.annotation.MockInjectionUsingSetterOrPropertyTest
Tests run: 12, Failures: 0, Errors: 0, Skipped: 0, Time elapsed: 0.098 sec
Running org.mockitousage.annotation.DeprecatedMockAnnotationTest
Tests run: 2, Failures: 0, Errors: 0, Skipped: 0, Time elapsed: 0.042 sec
Running org.mockitousage.debugging.PrintingInvocationsWhenEverythingOkTest
********************************
*** Mockito interactions log ***
********************************
mock.giveMeSomeString("arg");
 invoked: -> at org.mockitousage.debugging.PrintingInvocationsWhenEverythingOkTest.businessLogicWithAsking(PrintingInvocationsWhenEverythingOkTest.java:34)
 stubbed: -> at org.mockitousage.debugging.PrintingInvocationsWhenEverythingOkTest.performStubbing(PrintingInvocationsWhenEverythingOkTest.java:30)
mockTwo.doSomething("foo");
 invoked: -> at org.mockitousage.debugging.PrintingInvocationsWhenEverythingOkTest.businessLogicWithTelling(PrintingInvocationsWhenEverythingOkTest.java:39)

Tests run: 1, Failures: 0, Errors: 0, Skipped: 0, Time elapsed: 0.002 sec
Running org.mockitousage.debugging.PrintingInvocationsWhenStubNotUsedTest
********************************
*** Mockito interactions log ***
********************************
mock.giveMeSomeString("arg");
 invoked: -> at org.mockitousage.debugging.PrintingInvocationsWhenStubNotUsedTest.businessLogicWithAsking(PrintingInvocationsWhenStubNotUsedTest.java:34)
mockTwo.doSomething(null);
 invoked: -> at org.mockitousage.debugging.PrintingInvocationsWhenStubNotUsedTest.businessLogicWithTelling(PrintingInvocationsWhenStubNotUsedTest.java:39)
********************************
***       Unused stubs       ***
********************************
mock.giveMeSomeString("different arg");
 stubbed: -> at org.mockitousage.debugging.PrintingInvocationsWhenStubNotUsedTest.performStubbing(PrintingInvocationsWhenStubNotUsedTest.java:30)

Tests run: 1, Failures: 0, Errors: 0, Skipped: 0, Time elapsed: 0.001 sec
Running org.mockitousage.debugging.PrintingInvocationsDetectsUnusedStubTest
********************************
*** Mockito interactions log ***
********************************
mock.giveMeSomeString("arg");
 invoked: -> at org.mockitousage.debugging.PrintingInvocationsDetectsUnusedStubTest.shouldDetectUnusedStubbingWhenPrinting(PrintingInvocationsDetectsUnusedStubTest.java:22)
********************************
***       Unused stubs       ***
********************************
mock.giveMeSomeString("different arg");
 stubbed: -> at org.mockitousage.debugging.PrintingInvocationsDetectsUnusedStubTest.shouldDetectUnusedStubbingWhenPrinting(PrintingInvocationsDetectsUnusedStubTest.java:21)

Tests run: 1, Failures: 0, Errors: 0, Skipped: 0, Time elapsed: 0 sec
Running org.mockitousage.debugging.InvocationListenerCallbackTest
Tests run: 3, Failures: 0, Errors: 0, Skipped: 0, Time elapsed: 0.001 sec
Running org.mockitousage.debugging.VerboseLoggingOfInvocationsOnMockTest
Tests run: 6, Failures: 0, Errors: 0, Skipped: 0, Time elapsed: 0.01 sec
Running org.mockito.MockitoTest
Tests run: 8, Failures: 0, Errors: 0, Skipped: 0, Time elapsed: 0.001 sec
Running org.mockito.verification.TimeoutTest
Tests run: 5, Failures: 0, Errors: 0, Skipped: 0, Time elapsed: 0.013 sec
Running org.mockito.exceptions.base.MockitoExceptionTest
Tests run: 1, Failures: 0, Errors: 0, Skipped: 0, Time elapsed: 0 sec
Running org.mockito.exceptions.base.MockitoAssertionErrorTest
Tests run: 1, Failures: 0, Errors: 0, Skipped: 0, Time elapsed: 0 sec
Running org.mockito.exceptions.ReporterTest
Tests run: 2, Failures: 0, Errors: 0, Skipped: 0, Time elapsed: 0 sec
Running org.mockito.ArgumentCaptorTest
Tests run: 1, Failures: 0, Errors: 0, Skipped: 0, Time elapsed: 0 sec
Running org.mockito.MockingDetailsTest
Tests run: 2, Failures: 0, Errors: 0, Skipped: 0, Time elapsed: 0 sec
Running org.mockito.internal.stubbing.defaultanswers.ReturnsMoreEmptyValuesTest
Tests run: 2, Failures: 0, Errors: 0, Skipped: 0, Time elapsed: 0.001 sec
Running org.mockito.internal.stubbing.defaultanswers.ReturnsGenericDeepStubsTest
Tests run: 8, Failures: 0, Errors: 0, Skipped: 0, Time elapsed: 0.019 sec
Running org.mockito.internal.stubbing.defaultanswers.ReturnsSmartNullsTest
Tests run: 5, Failures: 0, Errors: 0, Skipped: 0, Time elapsed: 0.005 sec
Running org.mockito.internal.stubbing.defaultanswers.ReturnsEmptyValuesTest
Tests run: 4, Failures: 0, Errors: 0, Skipped: 0, Time elapsed: 0.001 sec
Running org.mockito.internal.stubbing.defaultanswers.ReturnsMocksTest
Tests run: 6, Failures: 0, Errors: 0, Skipped: 0, Time elapsed: 0.006 sec
Running org.mockito.internal.stubbing.answers.ReturnsArgumentAtTest
Tests run: 5, Failures: 0, Errors: 0, Skipped: 0, Time elapsed: 0 sec
Running org.mockito.internal.stubbing.answers.MethodInfoTest
Tests run: 1, Failures: 0, Errors: 0, Skipped: 0, Time elapsed: 0 sec
Running org.mockito.internal.stubbing.answers.AnswersValidatorTest
Tests run: 17, Failures: 0, Errors: 0, Skipped: 0, Time elapsed: 0.007 sec
Running org.mockito.internal.stubbing.InvocationContainerImplTest
Tests run: 6, Failures: 0, Errors: 0, Skipped: 0, Time elapsed: 0.153 sec
Running org.mockito.internal.stubbing.InvocationContainerImplStubbingTest
Tests run: 7, Failures: 0, Errors: 0, Skipped: 0, Time elapsed: 0.007 sec
Running org.mockito.internal.junit.JUnitRuleTest
Tests run: 3, Failures: 0, Errors: 0, Skipped: 0, Time elapsed: 0.008 sec
Running org.mockito.internal.progress.ThreadSafeMockingProgressTest
Tests run: 2, Failures: 0, Errors: 0, Skipped: 0, Time elapsed: 0.001 sec
Running org.mockito.internal.progress.MockingProgressImplTest
Tests run: 4, Failures: 0, Errors: 0, Skipped: 0, Time elapsed: 0.003 sec
Running org.mockito.internal.progress.TimesTest
Tests run: 1, Failures: 0, Errors: 0, Skipped: 0, Time elapsed: 0 sec
Running org.mockito.internal.progress.HandyReturnValuesTest
Tests run: 5, Failures: 0, Errors: 0, Skipped: 0, Time elapsed: 0.005 sec
Running org.mockito.internal.progress.AtLeastTest
Tests run: 2, Failures: 0, Errors: 0, Skipped: 0, Time elapsed: 0 sec
Running org.mockito.internal.verification.OnlyTest
Tests run: 2, Failures: 0, Errors: 0, Skipped: 0, Time elapsed: 0.001 sec
Running org.mockito.internal.verification.checkers.MissingInvocationCheckerTest
Tests run: 5, Failures: 0, Errors: 0, Skipped: 0, Time elapsed: 0.003 sec
Running org.mockito.internal.verification.checkers.MissingInvocationInOrderCheckerTest
Tests run: 4, Failures: 0, Errors: 0, Skipped: 0, Time elapsed: 0.003 sec
Running org.mockito.internal.verification.checkers.NumberOfInvocationsInOrderCheckerTest
Tests run: 5, Failures: 0, Errors: 0, Skipped: 0, Time elapsed: 0.003 sec
Running org.mockito.internal.verification.checkers.AtLeastXNumberOfInvocationsCheckerTest
Tests run: 1, Failures: 0, Errors: 0, Skipped: 0, Time elapsed: 0.002 sec
Running org.mockito.internal.verification.checkers.NumberOfInvocationsCheckerTest
Tests run: 7, Failures: 0, Errors: 0, Skipped: 0, Time elapsed: 0.005 sec
Running org.mockito.internal.verification.SmartPrinterTest
Tests run: 4, Failures: 0, Errors: 0, Skipped: 0, Time elapsed: 0.002 sec
Running org.mockito.internal.verification.DefaultRegisteredInvocationsTest
Tests run: 1, Failures: 0, Errors: 0, Skipped: 0, Time elapsed: 0 sec
Running org.mockito.internal.verification.NoMoreInteractionsTest
Tests run: 6, Failures: 0, Errors: 0, Skipped: 0, Time elapsed: 0.003 sec
Running org.mockito.internal.verification.VerificationOverTimeImplTest
Tests run: 4, Failures: 0, Errors: 0, Skipped: 0, Time elapsed: 0.002 sec
Running org.mockito.internal.verification.argumentmatching.ArgumentMatchingToolTest
Tests run: 6, Failures: 0, Errors: 0, Skipped: 0, Time elapsed: 0.002 sec
Running org.mockito.internal.verification.VerificationDataImplTest
Tests run: 1, Failures: 0, Errors: 0, Skipped: 0, Time elapsed: 0 sec
Running org.mockito.internal.handler.InvocationNotifierHandlerTest
Tests run: 5, Failures: 0, Errors: 0, Skipped: 0, Time elapsed: 0.019 sec
Running org.mockito.internal.handler.MockHandlerFactoryTest
Tests run: 2, Failures: 0, Errors: 0, Skipped: 0, Time elapsed: 0 sec
Running org.mockito.internal.handler.MockHandlerImplTest
Tests run: 2, Failures: 0, Errors: 0, Skipped: 0, Time elapsed: 0.008 sec
Running org.mockito.internal.invocation.InvocationImplTest
Tests run: 14, Failures: 0, Errors: 0, Skipped: 0, Time elapsed: 0.008 sec
Running org.mockito.internal.invocation.InvocationsFinderTest
Tests run: 13, Failures: 0, Errors: 0, Skipped: 0, Time elapsed: 0.029 sec
Running org.mockito.internal.invocation.SerializableMethodTest
Tests run: 8, Failures: 0, Errors: 0, Skipped: 0, Time elapsed: 0.003 sec
Running org.mockito.internal.invocation.InvocationMatcherTest
Tests run: 13, Failures: 0, Errors: 0, Skipped: 0, Time elapsed: 0.009 sec
Running org.mockito.internal.invocation.ArgumentsComparatorTest
Tests run: 14, Failures: 0, Errors: 0, Skipped: 0, Time elapsed: 0.006 sec
Running org.mockito.internal.invocation.InvocationMarkerTest
Tests run: 3, Failures: 0, Errors: 0, Skipped: 0, Time elapsed: 0.001 sec
Running org.mockito.internal.AllInvocationsFinderTest
Tests run: 2, Failures: 0, Errors: 0, Skipped: 0, Time elapsed: 0 sec
Running org.mockito.internal.matchers.EqualsTest
Tests run: 11, Failures: 0, Errors: 0, Skipped: 0, Time elapsed: 0.002 sec
Running org.mockito.internal.matchers.LocalizedMatcherTest
Tests run: 5, Failures: 0, Errors: 0, Skipped: 0, Time elapsed: 0 sec
Running org.mockito.internal.matchers.MatchersToStringTest
Tests run: 17, Failures: 0, Errors: 0, Skipped: 0, Time elapsed: 0.005 sec
Running org.mockito.internal.matchers.MatchersPrinterTest
Tests run: 5, Failures: 0, Errors: 0, Skipped: 0, Time elapsed: 0 sec
Running org.mockito.internal.matchers.VarargCapturingMatcherTest
Tests run: 4, Failures: 0, Errors: 0, Skipped: 0, Time elapsed: 0 sec
Running org.mockito.internal.matchers.CapturingMatcherTest
Tests run: 3, Failures: 0, Errors: 0, Skipped: 0, Time elapsed: 0 sec
Running org.mockito.internal.matchers.EqualityTest
Tests run: 1, Failures: 0, Errors: 0, Skipped: 0, Time elapsed: 0 sec
Running org.mockito.internal.matchers.ComparableMatchersTest
Tests run: 5, Failures: 0, Errors: 0, Skipped: 0, Time elapsed: 0.001 sec
Running org.mockito.internal.matchers.apachecommons.EqualsBuilderTest
Tests run: 46, Failures: 0, Errors: 0, Skipped: 0, Time elapsed: 0.01 sec
Running org.mockito.internal.exceptions.util.ScenarioPrinterTest
Tests run: 2, Failures: 0, Errors: 0, Skipped: 0, Time elapsed: 0 sec
Running org.mockito.internal.exceptions.stacktrace.ConditionalStackTraceFilterTest
Tests run: 2, Failures: 0, Errors: 0, Skipped: 0, Time elapsed: 0 sec
Running org.mockito.internal.exceptions.stacktrace.StackTraceFilterTest
Tests run: 8, Failures: 0, Errors: 0, Skipped: 0, Time elapsed: 0.001 sec
Running org.mockito.internal.creation.MockSettingsImplTest
Tests run: 15, Failures: 0, Errors: 0, Skipped: 0, Time elapsed: 0.006 sec
Running org.mockito.internal.creation.DelegatingMethodTest
Tests run: 5, Failures: 0, Errors: 0, Skipped: 0, Time elapsed: 0.001 sec
Running org.mockito.internal.creation.instance.ConstructorInstantiatorTest
Tests run: 3, Failures: 0, Errors: 0, Skipped: 0, Time elapsed: 0 sec
Running org.mockito.internal.creation.cglib.ClassImposterizerTest
Tests run: 6, Failures: 0, Errors: 0, Skipped: 0, Time elapsed: 0.01 sec
Running org.mockito.internal.creation.cglib.MethodInterceptorFilterTest
Tests run: 7, Failures: 0, Errors: 0, Skipped: 0, Time elapsed: 0.003 sec
Running org.mockito.internal.creation.cglib.CGLIBHackerTest
Tests run: 2, Failures: 0, Errors: 0, Skipped: 0, Time elapsed: 0.021 sec
Running org.mockito.internal.creation.cglib.SerializableMockitoMethodProxyTest
Tests run: 2, Failures: 0, Errors: 0, Skipped: 0, Time elapsed: 0.002 sec
Running org.mockito.internal.util.junit.JUnitFailureHackerTest
org.mockito.internal.exceptions.ExceptionIncludingMockitoWarnings: contains both: actual test failure *and* Mockito warnings.
unused stubbing blah
 *** The actual failure is because of: ***

Tests run: 5, Failures: 0, Errors: 0, Skipped: 0, Time elapsed: 0.004 sec
Running org.mockito.internal.util.TimerTest
Tests run: 2, Failures: 0, Errors: 0, Skipped: 0, Time elapsed: 0 sec
Running org.mockito.internal.util.reflection.LenientCopyToolTest
Tests run: 8, Failures: 0, Errors: 0, Skipped: 0, Time elapsed: 0.01 sec
Running org.mockito.internal.util.reflection.BeanPropertySetterTest
Tests run: 6, Failures: 0, Errors: 0, Skipped: 0, Time elapsed: 0.003 sec
Running org.mockito.internal.util.reflection.WhiteboxTest
Tests run: 2, Failures: 0, Errors: 0, Skipped: 0, Time elapsed: 0 sec
Running org.mockito.internal.util.reflection.FieldsTest
Tests run: 5, Failures: 0, Errors: 0, Skipped: 0, Time elapsed: 0.005 sec
Running org.mockito.internal.util.reflection.FieldReaderTest
Tests run: 2, Failures: 0, Errors: 0, Skipped: 0, Time elapsed: 0 sec
Running org.mockito.internal.util.reflection.FieldInitializerTest
Tests run: 15, Failures: 0, Errors: 0, Skipped: 0, Time elapsed: 0.01 sec
Running org.mockito.internal.util.reflection.GenericMetadataSupportTest
Tests run: 16, Failures: 0, Errors: 1, Skipped: 0, Time elapsed: 0.052 sec <<< FAILURE!
typeVariable_of_self_type(org.mockito.internal.util.reflection.GenericMetadataSupportTest)  Time elapsed: 0.04 sec  <<< ERROR!
java.lang.StackOverflowError
	at sun.reflect.generics.reflectiveObjects.TypeVariableImpl.hashCode(TypeVariableImpl.java:198)
	at java.util.HashMap.hash(HashMap.java:362)
	at java.util.HashMap.getEntry(HashMap.java:462)
	at java.util.HashMap.get(HashMap.java:417)
	at org.mockito.internal.util.reflection.GenericMetadataSupport.getActualTypeArgumentFor(GenericMetadataSupport.java:182)
	at org.mockito.internal.util.reflection.GenericMetadataSupport.getActualTypeArgumentFor(GenericMetadataSupport.java:185)
	at org.mockito.internal.util.reflection.GenericMetadataSupport.getActualTypeArgumentFor(GenericMetadataSupport.java:185)
	at org.mockito.internal.util.reflection.GenericMetadataSupport.getActualTypeArgumentFor(GenericMetadataSupport.java:185)
	at org.mockito.internal.util.reflection.GenericMetadataSupport.getActualTypeArgumentFor(GenericMetadataSupport.java:185)
	at org.mockito.internal.util.reflection.GenericMetadataSupport.getActualTypeArgumentFor(GenericMetadataSupport.java:185)
	at org.mockito.internal.util.reflection.GenericMetadataSupport.getActualTypeArgumentFor(GenericMetadataSupport.java:185)
	at org.mockito.internal.util.reflection.GenericMetadataSupport.getActualTypeArgumentFor(GenericMetadataSupport.java:185)
	at org.mockito.internal.util.reflection.GenericMetadataSupport.getActualTypeArgumentFor(GenericMetadataSupport.java:185)
	at org.mockito.internal.util.reflection.GenericMetadataSupport.getActualTypeArgumentFor(GenericMetadataSupport.java:185)
	at org.mockito.internal.util.reflection.GenericMetadataSupport.getActualTypeArgumentFor(GenericMetadataSupport.java:185)
	at org.mockito.internal.util.reflection.GenericMetadataSupport.getActualTypeArgumentFor(GenericMetadataSupport.java:185)
	at org.mockito.internal.util.reflection.GenericMetadataSupport.getActualTypeArgumentFor(GenericMetadataSupport.java:185)
	at org.mockito.internal.util.reflection.GenericMetadataSupport.getActualTypeArgumentFor(GenericMetadataSupport.java:185)
	at org.mockito.internal.util.reflection.GenericMetadataSupport.getActualTypeArgumentFor(GenericMetadataSupport.java:185)
	at org.mockito.internal.util.reflection.GenericMetadataSupport.getActualTypeArgumentFor(GenericMetadataSupport.java:185)
	at org.mockito.internal.util.reflection.GenericMetadataSupport.getActualTypeArgumentFor(GenericMetadataSupport.java:185)
	at org.mockito.internal.util.reflection.GenericMetadataSupport.getActualTypeArgumentFor(GenericMetadataSupport.java:185)
	at org.mockito.internal.util.reflection.GenericMetadataSupport.getActualTypeArgumentFor(GenericMetadataSupport.java:185)
	at org.mockito.internal.util.reflection.GenericMetadataSupport.getActualTypeArgumentFor(GenericMetadataSupport.java:185)
	at org.mockito.internal.util.reflection.GenericMetadataSupport.getActualTypeArgumentFor(GenericMetadataSupport.java:185)
	at org.mockito.internal.util.reflection.GenericMetadataSupport.getActualTypeArgumentFor(GenericMetadataSupport.java:185)
	at org.mockito.internal.util.reflection.GenericMetadataSupport.getActualTypeArgumentFor(GenericMetadataSupport.java:185)
	at org.mockito.internal.util.reflection.GenericMetadataSupport.getActualTypeArgumentFor(GenericMetadataSupport.java:185)
	at org.mockito.internal.util.reflection.GenericMetadataSupport.getActualTypeArgumentFor(GenericMetadataSupport.java:185)
	at org.mockito.internal.util.reflection.GenericMetadataSupport.getActualTypeArgumentFor(GenericMetadataSupport.java:185)
	at org.mockito.internal.util.reflection.GenericMetadataSupport.getActualTypeArgumentFor(GenericMetadataSupport.java:185)
	at org.mockito.internal.util.reflection.GenericMetadataSupport.getActualTypeArgumentFor(GenericMetadataSupport.java:185)
	at org.mockito.internal.util.reflection.GenericMetadataSupport.getActualTypeArgumentFor(GenericMetadataSupport.java:185)
	at org.mockito.internal.util.reflection.GenericMetadataSupport.getActualTypeArgumentFor(GenericMetadataSupport.java:185)
	at org.mockito.internal.util.reflection.GenericMetadataSupport.getActualTypeArgumentFor(GenericMetadataSupport.java:185)
	at org.mockito.internal.util.reflection.GenericMetadataSupport.getActualTypeArgumentFor(GenericMetadataSupport.java:185)
	at org.mockito.internal.util.reflection.GenericMetadataSupport.getActualTypeArgumentFor(GenericMetadataSupport.java:185)
	at org.mockito.internal.util.reflection.GenericMetadataSupport.getActualTypeArgumentFor(GenericMetadataSupport.java:185)
	at org.mockito.internal.util.reflection.GenericMetadataSupport.getActualTypeArgumentFor(GenericMetadataSupport.java:185)
	at org.mockito.internal.util.reflection.GenericMetadataSupport.getActualTypeArgumentFor(GenericMetadataSupport.java:185)
	at org.mockito.internal.util.reflection.GenericMetadataSupport.getActualTypeArgumentFor(GenericMetadataSupport.java:185)
	at org.mockito.internal.util.reflection.GenericMetadataSupport.getActualTypeArgumentFor(GenericMetadataSupport.java:185)
	at org.mockito.internal.util.reflection.GenericMetadataSupport.getActualTypeArgumentFor(GenericMetadataSupport.java:185)
	at org.mockito.internal.util.reflection.GenericMetadataSupport.getActualTypeArgumentFor(GenericMetadataSupport.java:185)
	at org.mockito.internal.util.reflection.GenericMetadataSupport.getActualTypeArgumentFor(GenericMetadataSupport.java:185)
	at org.mockito.internal.util.reflection.GenericMetadataSupport.getActualTypeArgumentFor(GenericMetadataSupport.java:185)
	at org.mockito.internal.util.reflection.GenericMetadataSupport.getActualTypeArgumentFor(GenericMetadataSupport.java:185)
	at org.mockito.internal.util.reflection.GenericMetadataSupport.getActualTypeArgumentFor(GenericMetadataSupport.java:185)
	at org.mockito.internal.util.reflection.GenericMetadataSupport.getActualTypeArgumentFor(GenericMetadataSupport.java:185)
	at org.mockito.internal.util.reflection.GenericMetadataSupport.getActualTypeArgumentFor(GenericMetadataSupport.java:185)
	at org.mockito.internal.util.reflection.GenericMetadataSupport.getActualTypeArgumentFor(GenericMetadataSupport.java:185)
	at org.mockito.internal.util.reflection.GenericMetadataSupport.getActualTypeArgumentFor(GenericMetadataSupport.java:185)
	at org.mockito.internal.util.reflection.GenericMetadataSupport.getActualTypeArgumentFor(GenericMetadataSupport.java:185)
	at org.mockito.internal.util.reflection.GenericMetadataSupport.getActualTypeArgumentFor(GenericMetadataSupport.java:185)
	at org.mockito.internal.util.reflection.GenericMetadataSupport.getActualTypeArgumentFor(GenericMetadataSupport.java:185)
	at org.mockito.internal.util.reflection.GenericMetadataSupport.getActualTypeArgumentFor(GenericMetadataSupport.java:185)
	at org.mockito.internal.util.reflection.GenericMetadataSupport.getActualTypeArgumentFor(GenericMetadataSupport.java:185)
	at org.mockito.internal.util.reflection.GenericMetadataSupport.getActualTypeArgumentFor(GenericMetadataSupport.java:185)
	at org.mockito.internal.util.reflection.GenericMetadataSupport.getActualTypeArgumentFor(GenericMetadataSupport.java:185)
	at org.mockito.internal.util.reflection.GenericMetadataSupport.getActualTypeArgumentFor(GenericMetadataSupport.java:185)
	at org.mockito.internal.util.reflection.GenericMetadataSupport.getActualTypeArgumentFor(GenericMetadataSupport.java:185)
	at org.mockito.internal.util.reflection.GenericMetadataSupport.getActualTypeArgumentFor(GenericMetadataSupport.java:185)
	at org.mockito.internal.util.reflection.GenericMetadataSupport.getActualTypeArgumentFor(GenericMetadataSupport.java:185)
	at org.mockito.internal.util.reflection.GenericMetadataSupport.getActualTypeArgumentFor(GenericMetadataSupport.java:185)
	at org.mockito.internal.util.reflection.GenericMetadataSupport.getActualTypeArgumentFor(GenericMetadataSupport.java:185)
	at org.mockito.internal.util.reflection.GenericMetadataSupport.getActualTypeArgumentFor(GenericMetadataSupport.java:185)
	at org.mockito.internal.util.reflection.GenericMetadataSupport.getActualTypeArgumentFor(GenericMetadataSupport.java:185)
	at org.mockito.internal.util.reflection.GenericMetadataSupport.getActualTypeArgumentFor(GenericMetadataSupport.java:185)
	at org.mockito.internal.util.reflection.GenericMetadataSupport.getActualTypeArgumentFor(GenericMetadataSupport.java:185)
	at org.mockito.internal.util.reflection.GenericMetadataSupport.getActualTypeArgumentFor(GenericMetadataSupport.java:185)
	at org.mockito.internal.util.reflection.GenericMetadataSupport.getActualTypeArgumentFor(GenericMetadataSupport.java:185)
	at org.mockito.internal.util.reflection.GenericMetadataSupport.getActualTypeArgumentFor(GenericMetadataSupport.java:185)
	at org.mockito.internal.util.reflection.GenericMetadataSupport.getActualTypeArgumentFor(GenericMetadataSupport.java:185)
	at org.mockito.internal.util.reflection.GenericMetadataSupport.getActualTypeArgumentFor(GenericMetadataSupport.java:185)
	at org.mockito.internal.util.reflection.GenericMetadataSupport.getActualTypeArgumentFor(GenericMetadataSupport.java:185)
	at org.mockito.internal.util.reflection.GenericMetadataSupport.getActualTypeArgumentFor(GenericMetadataSupport.java:185)
	at org.mockito.internal.util.reflection.GenericMetadataSupport.getActualTypeArgumentFor(GenericMetadataSupport.java:185)
	at org.mockito.internal.util.reflection.GenericMetadataSupport.getActualTypeArgumentFor(GenericMetadataSupport.java:185)
	at org.mockito.internal.util.reflection.GenericMetadataSupport.getActualTypeArgumentFor(GenericMetadataSupport.java:185)
	at org.mockito.internal.util.reflection.GenericMetadataSupport.getActualTypeArgumentFor(GenericMetadataSupport.java:185)
	at org.mockito.internal.util.reflection.GenericMetadataSupport.getActualTypeArgumentFor(GenericMetadataSupport.java:185)
	at org.mockito.internal.util.reflection.GenericMetadataSupport.getActualTypeArgumentFor(GenericMetadataSupport.java:185)
	at org.mockito.internal.util.reflection.GenericMetadataSupport.getActualTypeArgumentFor(GenericMetadataSupport.java:185)
	at org.mockito.internal.util.reflection.GenericMetadataSupport.getActualTypeArgumentFor(GenericMetadataSupport.java:185)
	at org.mockito.internal.util.reflection.GenericMetadataSupport.getActualTypeArgumentFor(GenericMetadataSupport.java:185)
	at org.mockito.internal.util.reflection.GenericMetadataSupport.getActualTypeArgumentFor(GenericMetadataSupport.java:185)
	at org.mockito.internal.util.reflection.GenericMetadataSupport.getActualTypeArgumentFor(GenericMetadataSupport.java:185)
	at org.mockito.internal.util.reflection.GenericMetadataSupport.getActualTypeArgumentFor(GenericMetadataSupport.java:185)
	at org.mockito.internal.util.reflection.GenericMetadataSupport.getActualTypeArgumentFor(GenericMetadataSupport.java:185)
	at org.mockito.internal.util.reflection.GenericMetadataSupport.getActualTypeArgumentFor(GenericMetadataSupport.java:185)
	at org.mockito.internal.util.reflection.GenericMetadataSupport.getActualTypeArgumentFor(GenericMetadataSupport.java:185)
	at org.mockito.internal.util.reflection.GenericMetadataSupport.getActualTypeArgumentFor(GenericMetadataSupport.java:185)
	at org.mockito.internal.util.reflection.GenericMetadataSupport.getActualTypeArgumentFor(GenericMetadataSupport.java:185)
	at org.mockito.internal.util.reflection.GenericMetadataSupport.getActualTypeArgumentFor(GenericMetadataSupport.java:185)
	at org.mockito.internal.util.reflection.GenericMetadataSupport.getActualTypeArgumentFor(GenericMetadataSupport.java:185)
	at org.mockito.internal.util.reflection.GenericMetadataSupport.getActualTypeArgumentFor(GenericMetadataSupport.java:185)
	at org.mockito.internal.util.reflection.GenericMetadataSupport.getActualTypeArgumentFor(GenericMetadataSupport.java:185)
	at org.mockito.internal.util.reflection.GenericMetadataSupport.getActualTypeArgumentFor(GenericMetadataSupport.java:185)
	at org.mockito.internal.util.reflection.GenericMetadataSupport.getActualTypeArgumentFor(GenericMetadataSupport.java:185)
	at org.mockito.internal.util.reflection.GenericMetadataSupport.getActualTypeArgumentFor(GenericMetadataSupport.java:185)
	at org.mockito.internal.util.reflection.GenericMetadataSupport.getActualTypeArgumentFor(GenericMetadataSupport.java:185)
	at org.mockito.internal.util.reflection.GenericMetadataSupport.getActualTypeArgumentFor(GenericMetadataSupport.java:185)
	at org.mockito.internal.util.reflection.GenericMetadataSupport.getActualTypeArgumentFor(GenericMetadataSupport.java:185)
	at org.mockito.internal.util.reflection.GenericMetadataSupport.getActualTypeArgumentFor(GenericMetadataSupport.java:185)
	at org.mockito.internal.util.reflection.GenericMetadataSupport.getActualTypeArgumentFor(GenericMetadataSupport.java:185)
	at org.mockito.internal.util.reflection.GenericMetadataSupport.getActualTypeArgumentFor(GenericMetadataSupport.java:185)
	at org.mockito.internal.util.reflection.GenericMetadataSupport.getActualTypeArgumentFor(GenericMetadataSupport.java:185)
	at org.mockito.internal.util.reflection.GenericMetadataSupport.getActualTypeArgumentFor(GenericMetadataSupport.java:185)
	at org.mockito.internal.util.reflection.GenericMetadataSupport.getActualTypeArgumentFor(GenericMetadataSupport.java:185)
	at org.mockito.internal.util.reflection.GenericMetadataSupport.getActualTypeArgumentFor(GenericMetadataSupport.java:185)
	at org.mockito.internal.util.reflection.GenericMetadataSupport.getActualTypeArgumentFor(GenericMetadataSupport.java:185)
	at org.mockito.internal.util.reflection.GenericMetadataSupport.getActualTypeArgumentFor(GenericMetadataSupport.java:185)
	at org.mockito.internal.util.reflection.GenericMetadataSupport.getActualTypeArgumentFor(GenericMetadataSupport.java:185)
	at org.mockito.internal.util.reflection.GenericMetadataSupport.getActualTypeArgumentFor(GenericMetadataSupport.java:185)
	at org.mockito.internal.util.reflection.GenericMetadataSupport.getActualTypeArgumentFor(GenericMetadataSupport.java:185)
	at org.mockito.internal.util.reflection.GenericMetadataSupport.getActualTypeArgumentFor(GenericMetadataSupport.java:185)
	at org.mockito.internal.util.reflection.GenericMetadataSupport.getActualTypeArgumentFor(GenericMetadataSupport.java:185)
	at org.mockito.internal.util.reflection.GenericMetadataSupport.getActualTypeArgumentFor(GenericMetadataSupport.java:185)
	at org.mockito.internal.util.reflection.GenericMetadataSupport.getActualTypeArgumentFor(GenericMetadataSupport.java:185)
	at org.mockito.internal.util.reflection.GenericMetadataSupport.getActualTypeArgumentFor(GenericMetadataSupport.java:185)
	at org.mockito.internal.util.reflection.GenericMetadataSupport.getActualTypeArgumentFor(GenericMetadataSupport.java:185)
	at org.mockito.internal.util.reflection.GenericMetadataSupport.getActualTypeArgumentFor(GenericMetadataSupport.java:185)
	at org.mockito.internal.util.reflection.GenericMetadataSupport.getActualTypeArgumentFor(GenericMetadataSupport.java:185)
	at org.mockito.internal.util.reflection.GenericMetadataSupport.getActualTypeArgumentFor(GenericMetadataSupport.java:185)
	at org.mockito.internal.util.reflection.GenericMetadataSupport.getActualTypeArgumentFor(GenericMetadataSupport.java:185)
	at org.mockito.internal.util.reflection.GenericMetadataSupport.getActualTypeArgumentFor(GenericMetadataSupport.java:185)
	at org.mockito.internal.util.reflection.GenericMetadataSupport.getActualTypeArgumentFor(GenericMetadataSupport.java:185)
	at org.mockito.internal.util.reflection.GenericMetadataSupport.getActualTypeArgumentFor(GenericMetadataSupport.java:185)
	at org.mockito.internal.util.reflection.GenericMetadataSupport.getActualTypeArgumentFor(GenericMetadataSupport.java:185)
	at org.mockito.internal.util.reflection.GenericMetadataSupport.getActualTypeArgumentFor(GenericMetadataSupport.java:185)
	at org.mockito.internal.util.reflection.GenericMetadataSupport.getActualTypeArgumentFor(GenericMetadataSupport.java:185)
	at org.mockito.internal.util.reflection.GenericMetadataSupport.getActualTypeArgumentFor(GenericMetadataSupport.java:185)
	at org.mockito.internal.util.reflection.GenericMetadataSupport.getActualTypeArgumentFor(GenericMetadataSupport.java:185)
	at org.mockito.internal.util.reflection.GenericMetadataSupport.getActualTypeArgumentFor(GenericMetadataSupport.java:185)
	at org.mockito.internal.util.reflection.GenericMetadataSupport.getActualTypeArgumentFor(GenericMetadataSupport.java:185)
	at org.mockito.internal.util.reflection.GenericMetadataSupport.getActualTypeArgumentFor(GenericMetadataSupport.java:185)
	at org.mockito.internal.util.reflection.GenericMetadataSupport.getActualTypeArgumentFor(GenericMetadataSupport.java:185)
	at org.mockito.internal.util.reflection.GenericMetadataSupport.getActualTypeArgumentFor(GenericMetadataSupport.java:185)
	at org.mockito.internal.util.reflection.GenericMetadataSupport.getActualTypeArgumentFor(GenericMetadataSupport.java:185)
	at org.mockito.internal.util.reflection.GenericMetadataSupport.getActualTypeArgumentFor(GenericMetadataSupport.java:185)
	at org.mockito.internal.util.reflection.GenericMetadataSupport.getActualTypeArgumentFor(GenericMetadataSupport.java:185)
	at org.mockito.internal.util.reflection.GenericMetadataSupport.getActualTypeArgumentFor(GenericMetadataSupport.java:185)
	at org.mockito.internal.util.reflection.GenericMetadataSupport.getActualTypeArgumentFor(GenericMetadataSupport.java:185)
	at org.mockito.internal.util.reflection.GenericMetadataSupport.getActualTypeArgumentFor(GenericMetadataSupport.java:185)
	at org.mockito.internal.util.reflection.GenericMetadataSupport.getActualTypeArgumentFor(GenericMetadataSupport.java:185)
	at org.mockito.internal.util.reflection.GenericMetadataSupport.getActualTypeArgumentFor(GenericMetadataSupport.java:185)
	at org.mockito.internal.util.reflection.GenericMetadataSupport.getActualTypeArgumentFor(GenericMetadataSupport.java:185)
	at org.mockito.internal.util.reflection.GenericMetadataSupport.getActualTypeArgumentFor(GenericMetadataSupport.java:185)
	at org.mockito.internal.util.reflection.GenericMetadataSupport.getActualTypeArgumentFor(GenericMetadataSupport.java:185)
	at org.mockito.internal.util.reflection.GenericMetadataSupport.getActualTypeArgumentFor(GenericMetadataSupport.java:185)
	at org.mockito.internal.util.reflection.GenericMetadataSupport.getActualTypeArgumentFor(GenericMetadataSupport.java:185)
	at org.mockito.internal.util.reflection.GenericMetadataSupport.getActualTypeArgumentFor(GenericMetadataSupport.java:185)
	at org.mockito.internal.util.reflection.GenericMetadataSupport.getActualTypeArgumentFor(GenericMetadataSupport.java:185)
	at org.mockito.internal.util.reflection.GenericMetadataSupport.getActualTypeArgumentFor(GenericMetadataSupport.java:185)
	at org.mockito.internal.util.reflection.GenericMetadataSupport.getActualTypeArgumentFor(GenericMetadataSupport.java:185)
	at org.mockito.internal.util.reflection.GenericMetadataSupport.getActualTypeArgumentFor(GenericMetadataSupport.java:185)
	at org.mockito.internal.util.reflection.GenericMetadataSupport.getActualTypeArgumentFor(GenericMetadataSupport.java:185)
	at org.mockito.internal.util.reflection.GenericMetadataSupport.getActualTypeArgumentFor(GenericMetadataSupport.java:185)
	at org.mockito.internal.util.reflection.GenericMetadataSupport.getActualTypeArgumentFor(GenericMetadataSupport.java:185)
	at org.mockito.internal.util.reflection.GenericMetadataSupport.getActualTypeArgumentFor(GenericMetadataSupport.java:185)
	at org.mockito.internal.util.reflection.GenericMetadataSupport.getActualTypeArgumentFor(GenericMetadataSupport.java:185)
	at org.mockito.internal.util.reflection.GenericMetadataSupport.getActualTypeArgumentFor(GenericMetadataSupport.java:185)
	at org.mockito.internal.util.reflection.GenericMetadataSupport.getActualTypeArgumentFor(GenericMetadataSupport.java:185)
	at org.mockito.internal.util.reflection.GenericMetadataSupport.getActualTypeArgumentFor(GenericMetadataSupport.java:185)
	at org.mockito.internal.util.reflection.GenericMetadataSupport.getActualTypeArgumentFor(GenericMetadataSupport.java:185)
	at org.mockito.internal.util.reflection.GenericMetadataSupport.getActualTypeArgumentFor(GenericMetadataSupport.java:185)
	at org.mockito.internal.util.reflection.GenericMetadataSupport.getActualTypeArgumentFor(GenericMetadataSupport.java:185)
	at org.mockito.internal.util.reflection.GenericMetadataSupport.getActualTypeArgumentFor(GenericMetadataSupport.java:185)
	at org.mockito.internal.util.reflection.GenericMetadataSupport.getActualTypeArgumentFor(GenericMetadataSupport.java:185)
	at org.mockito.internal.util.reflection.GenericMetadataSupport.getActualTypeArgumentFor(GenericMetadataSupport.java:185)
	at org.mockito.internal.util.reflection.GenericMetadataSupport.getActualTypeArgumentFor(GenericMetadataSupport.java:185)
	at org.mockito.internal.util.reflection.GenericMetadataSupport.getActualTypeArgumentFor(GenericMetadataSupport.java:185)
	at org.mockito.internal.util.reflection.GenericMetadataSupport.getActualTypeArgumentFor(GenericMetadataSupport.java:185)
	at org.mockito.internal.util.reflection.GenericMetadataSupport.getActualTypeArgumentFor(GenericMetadataSupport.java:185)
	at org.mockito.internal.util.reflection.GenericMetadataSupport.getActualTypeArgumentFor(GenericMetadataSupport.java:185)
	at org.mockito.internal.util.reflection.GenericMetadataSupport.getActualTypeArgumentFor(GenericMetadataSupport.java:185)
	at org.mockito.internal.util.reflection.GenericMetadataSupport.getActualTypeArgumentFor(GenericMetadataSupport.java:185)
	at org.mockito.internal.util.reflection.GenericMetadataSupport.getActualTypeArgumentFor(GenericMetadataSupport.java:185)
	at org.mockito.internal.util.reflection.GenericMetadataSupport.getActualTypeArgumentFor(GenericMetadataSupport.java:185)
	at org.mockito.internal.util.reflection.GenericMetadataSupport.getActualTypeArgumentFor(GenericMetadataSupport.java:185)
	at org.mockito.internal.util.reflection.GenericMetadataSupport.getActualTypeArgumentFor(GenericMetadataSupport.java:185)
	at org.mockito.internal.util.reflection.GenericMetadataSupport.getActualTypeArgumentFor(GenericMetadataSupport.java:185)
	at org.mockito.internal.util.reflection.GenericMetadataSupport.getActualTypeArgumentFor(GenericMetadataSupport.java:185)
	at org.mockito.internal.util.reflection.GenericMetadataSupport.getActualTypeArgumentFor(GenericMetadataSupport.java:185)
	at org.mockito.internal.util.reflection.GenericMetadataSupport.getActualTypeArgumentFor(GenericMetadataSupport.java:185)
	at org.mockito.internal.util.reflection.GenericMetadataSupport.getActualTypeArgumentFor(GenericMetadataSupport.java:185)
	at org.mockito.internal.util.reflection.GenericMetadataSupport.getActualTypeArgumentFor(GenericMetadataSupport.java:185)
	at org.mockito.internal.util.reflection.GenericMetadataSupport.getActualTypeArgumentFor(GenericMetadataSupport.java:185)
	at org.mockito.internal.util.reflection.GenericMetadataSupport.getActualTypeArgumentFor(GenericMetadataSupport.java:185)
	at org.mockito.internal.util.reflection.GenericMetadataSupport.getActualTypeArgumentFor(GenericMetadataSupport.java:185)
	at org.mockito.internal.util.reflection.GenericMetadataSupport.getActualTypeArgumentFor(GenericMetadataSupport.java:185)
	at org.mockito.internal.util.reflection.GenericMetadataSupport.getActualTypeArgumentFor(GenericMetadataSupport.java:185)
	at org.mockito.internal.util.reflection.GenericMetadataSupport.getActualTypeArgumentFor(GenericMetadataSupport.java:185)
	at org.mockito.internal.util.reflection.GenericMetadataSupport.getActualTypeArgumentFor(GenericMetadataSupport.java:185)
	at org.mockito.internal.util.reflection.GenericMetadataSupport.getActualTypeArgumentFor(GenericMetadataSupport.java:185)
	at org.mockito.internal.util.reflection.GenericMetadataSupport.getActualTypeArgumentFor(GenericMetadataSupport.java:185)
	at org.mockito.internal.util.reflection.GenericMetadataSupport.getActualTypeArgumentFor(GenericMetadataSupport.java:185)
	at org.mockito.internal.util.reflection.GenericMetadataSupport.getActualTypeArgumentFor(GenericMetadataSupport.java:185)
	at org.mockito.internal.util.reflection.GenericMetadataSupport.getActualTypeArgumentFor(GenericMetadataSupport.java:185)
	at org.mockito.internal.util.reflection.GenericMetadataSupport.getActualTypeArgumentFor(GenericMetadataSupport.java:185)
	at org.mockito.internal.util.reflection.GenericMetadataSupport.getActualTypeArgumentFor(GenericMetadataSupport.java:185)
	at org.mockito.internal.util.reflection.GenericMetadataSupport.getActualTypeArgumentFor(GenericMetadataSupport.java:185)
	at org.mockito.internal.util.reflection.GenericMetadataSupport.getActualTypeArgumentFor(GenericMetadataSupport.java:185)
	at org.mockito.internal.util.reflection.GenericMetadataSupport.getActualTypeArgumentFor(GenericMetadataSupport.java:185)
	at org.mockito.internal.util.reflection.GenericMetadataSupport.getActualTypeArgumentFor(GenericMetadataSupport.java:185)
	at org.mockito.internal.util.reflection.GenericMetadataSupport.getActualTypeArgumentFor(GenericMetadataSupport.java:185)
	at org.mockito.internal.util.reflection.GenericMetadataSupport.getActualTypeArgumentFor(GenericMetadataSupport.java:185)
	at org.mockito.internal.util.reflection.GenericMetadataSupport.getActualTypeArgumentFor(GenericMetadataSupport.java:185)
	at org.mockito.internal.util.reflection.GenericMetadataSupport.getActualTypeArgumentFor(GenericMetadataSupport.java:185)
	at org.mockito.internal.util.reflection.GenericMetadataSupport.getActualTypeArgumentFor(GenericMetadataSupport.java:185)
	at org.mockito.internal.util.reflection.GenericMetadataSupport.getActualTypeArgumentFor(GenericMetadataSupport.java:185)
	at org.mockito.internal.util.reflection.GenericMetadataSupport.getActualTypeArgumentFor(GenericMetadataSupport.java:185)
	at org.mockito.internal.util.reflection.GenericMetadataSupport.getActualTypeArgumentFor(GenericMetadataSupport.java:185)
	at org.mockito.internal.util.reflection.GenericMetadataSupport.getActualTypeArgumentFor(GenericMetadataSupport.java:185)
	at org.mockito.internal.util.reflection.GenericMetadataSupport.getActualTypeArgumentFor(GenericMetadataSupport.java:185)
	at org.mockito.internal.util.reflection.GenericMetadataSupport.getActualTypeArgumentFor(GenericMetadataSupport.java:185)
	at org.mockito.internal.util.reflection.GenericMetadataSupport.getActualTypeArgumentFor(GenericMetadataSupport.java:185)
	at org.mockito.internal.util.reflection.GenericMetadataSupport.getActualTypeArgumentFor(GenericMetadataSupport.java:185)
	at org.mockito.internal.util.reflection.GenericMetadataSupport.getActualTypeArgumentFor(GenericMetadataSupport.java:185)
	at org.mockito.internal.util.reflection.GenericMetadataSupport.getActualTypeArgumentFor(GenericMetadataSupport.java:185)
	at org.mockito.internal.util.reflection.GenericMetadataSupport.getActualTypeArgumentFor(GenericMetadataSupport.java:185)
	at org.mockito.internal.util.reflection.GenericMetadataSupport.getActualTypeArgumentFor(GenericMetadataSupport.java:185)
	at org.mockito.internal.util.reflection.GenericMetadataSupport.getActualTypeArgumentFor(GenericMetadataSupport.java:185)
	at org.mockito.internal.util.reflection.GenericMetadataSupport.getActualTypeArgumentFor(GenericMetadataSupport.java:185)
	at org.mockito.internal.util.reflection.GenericMetadataSupport.getActualTypeArgumentFor(GenericMetadataSupport.java:185)
	at org.mockito.internal.util.reflection.GenericMetadataSupport.getActualTypeArgumentFor(GenericMetadataSupport.java:185)
	at org.mockito.internal.util.reflection.GenericMetadataSupport.getActualTypeArgumentFor(GenericMetadataSupport.java:185)
	at org.mockito.internal.util.reflection.GenericMetadataSupport.getActualTypeArgumentFor(GenericMetadataSupport.java:185)
	at org.mockito.internal.util.reflection.GenericMetadataSupport.getActualTypeArgumentFor(GenericMetadataSupport.java:185)
	at org.mockito.internal.util.reflection.GenericMetadataSupport.getActualTypeArgumentFor(GenericMetadataSupport.java:185)
	at org.mockito.internal.util.reflection.GenericMetadataSupport.getActualTypeArgumentFor(GenericMetadataSupport.java:185)
	at org.mockito.internal.util.reflection.GenericMetadataSupport.getActualTypeArgumentFor(GenericMetadataSupport.java:185)
	at org.mockito.internal.util.reflection.GenericMetadataSupport.getActualTypeArgumentFor(GenericMetadataSupport.java:185)
	at org.mockito.internal.util.reflection.GenericMetadataSupport.getActualTypeArgumentFor(GenericMetadataSupport.java:185)
	at org.mockito.internal.util.reflection.GenericMetadataSupport.getActualTypeArgumentFor(GenericMetadataSupport.java:185)
	at org.mockito.internal.util.reflection.GenericMetadataSupport.getActualTypeArgumentFor(GenericMetadataSupport.java:185)
	at org.mockito.internal.util.reflection.GenericMetadataSupport.getActualTypeArgumentFor(GenericMetadataSupport.java:185)
	at org.mockito.internal.util.reflection.GenericMetadataSupport.getActualTypeArgumentFor(GenericMetadataSupport.java:185)
	at org.mockito.internal.util.reflection.GenericMetadataSupport.getActualTypeArgumentFor(GenericMetadataSupport.java:185)
	at org.mockito.internal.util.reflection.GenericMetadataSupport.getActualTypeArgumentFor(GenericMetadataSupport.java:185)
	at org.mockito.internal.util.reflection.GenericMetadataSupport.getActualTypeArgumentFor(GenericMetadataSupport.java:185)
	at org.mockito.internal.util.reflection.GenericMetadataSupport.getActualTypeArgumentFor(GenericMetadataSupport.java:185)
	at org.mockito.internal.util.reflection.GenericMetadataSupport.getActualTypeArgumentFor(GenericMetadataSupport.java:185)
	at org.mockito.internal.util.reflection.GenericMetadataSupport.getActualTypeArgumentFor(GenericMetadataSupport.java:185)
	at org.mockito.internal.util.reflection.GenericMetadataSupport.getActualTypeArgumentFor(GenericMetadataSupport.java:185)
	at org.mockito.internal.util.reflection.GenericMetadataSupport.getActualTypeArgumentFor(GenericMetadataSupport.java:185)
	at org.mockito.internal.util.reflection.GenericMetadataSupport.getActualTypeArgumentFor(GenericMetadataSupport.java:185)
	at org.mockito.internal.util.reflection.GenericMetadataSupport.getActualTypeArgumentFor(GenericMetadataSupport.java:185)
	at org.mockito.internal.util.reflection.GenericMetadataSupport.getActualTypeArgumentFor(GenericMetadataSupport.java:185)
	at org.mockito.internal.util.reflection.GenericMetadataSupport.getActualTypeArgumentFor(GenericMetadataSupport.java:185)
	at org.mockito.internal.util.reflection.GenericMetadataSupport.getActualTypeArgumentFor(GenericMetadataSupport.java:185)
	at org.mockito.internal.util.reflection.GenericMetadataSupport.getActualTypeArgumentFor(GenericMetadataSupport.java:185)
	at org.mockito.internal.util.reflection.GenericMetadataSupport.getActualTypeArgumentFor(GenericMetadataSupport.java:185)
	at org.mockito.internal.util.reflection.GenericMetadataSupport.getActualTypeArgumentFor(GenericMetadataSupport.java:185)
	at org.mockito.internal.util.reflection.GenericMetadataSupport.getActualTypeArgumentFor(GenericMetadataSupport.java:185)
	at org.mockito.internal.util.reflection.GenericMetadataSupport.getActualTypeArgumentFor(GenericMetadataSupport.java:185)
	at org.mockito.internal.util.reflection.GenericMetadataSupport.getActualTypeArgumentFor(GenericMetadataSupport.java:185)
	at org.mockito.internal.util.reflection.GenericMetadataSupport.getActualTypeArgumentFor(GenericMetadataSupport.java:185)
	at org.mockito.internal.util.reflection.GenericMetadataSupport.getActualTypeArgumentFor(GenericMetadataSupport.java:185)
	at org.mockito.internal.util.reflection.GenericMetadataSupport.getActualTypeArgumentFor(GenericMetadataSupport.java:185)
	at org.mockito.internal.util.reflection.GenericMetadataSupport.getActualTypeArgumentFor(GenericMetadataSupport.java:185)
	at org.mockito.internal.util.reflection.GenericMetadataSupport.getActualTypeArgumentFor(GenericMetadataSupport.java:185)
	at org.mockito.internal.util.reflection.GenericMetadataSupport.getActualTypeArgumentFor(GenericMetadataSupport.java:185)
	at org.mockito.internal.util.reflection.GenericMetadataSupport.getActualTypeArgumentFor(GenericMetadataSupport.java:185)
	at org.mockito.internal.util.reflection.GenericMetadataSupport.getActualTypeArgumentFor(GenericMetadataSupport.java:185)
	at org.mockito.internal.util.reflection.GenericMetadataSupport.getActualTypeArgumentFor(GenericMetadataSupport.java:185)
	at org.mockito.internal.util.reflection.GenericMetadataSupport.getActualTypeArgumentFor(GenericMetadataSupport.java:185)
	at org.mockito.internal.util.reflection.GenericMetadataSupport.getActualTypeArgumentFor(GenericMetadataSupport.java:185)
	at org.mockito.internal.util.reflection.GenericMetadataSupport.getActualTypeArgumentFor(GenericMetadataSupport.java:185)
	at org.mockito.internal.util.reflection.GenericMetadataSupport.getActualTypeArgumentFor(GenericMetadataSupport.java:185)
	at org.mockito.internal.util.reflection.GenericMetadataSupport.getActualTypeArgumentFor(GenericMetadataSupport.java:185)
	at org.mockito.internal.util.reflection.GenericMetadataSupport.getActualTypeArgumentFor(GenericMetadataSupport.java:185)
	at org.mockito.internal.util.reflection.GenericMetadataSupport.getActualTypeArgumentFor(GenericMetadataSupport.java:185)
	at org.mockito.internal.util.reflection.GenericMetadataSupport.getActualTypeArgumentFor(GenericMetadataSupport.java:185)
	at org.mockito.internal.util.reflection.GenericMetadataSupport.getActualTypeArgumentFor(GenericMetadataSupport.java:185)
	at org.mockito.internal.util.reflection.GenericMetadataSupport.getActualTypeArgumentFor(GenericMetadataSupport.java:185)
	at org.mockito.internal.util.reflection.GenericMetadataSupport.getActualTypeArgumentFor(GenericMetadataSupport.java:185)
	at org.mockito.internal.util.reflection.GenericMetadataSupport.getActualTypeArgumentFor(GenericMetadataSupport.java:185)
	at org.mockito.internal.util.reflection.GenericMetadataSupport.getActualTypeArgumentFor(GenericMetadataSupport.java:185)
	at org.mockito.internal.util.reflection.GenericMetadataSupport.getActualTypeArgumentFor(GenericMetadataSupport.java:185)
	at org.mockito.internal.util.reflection.GenericMetadataSupport.getActualTypeArgumentFor(GenericMetadataSupport.java:185)
	at org.mockito.internal.util.reflection.GenericMetadataSupport.getActualTypeArgumentFor(GenericMetadataSupport.java:185)
	at org.mockito.internal.util.reflection.GenericMetadataSupport.getActualTypeArgumentFor(GenericMetadataSupport.java:185)
	at org.mockito.internal.util.reflection.GenericMetadataSupport.getActualTypeArgumentFor(GenericMetadataSupport.java:185)
	at org.mockito.internal.util.reflection.GenericMetadataSupport.getActualTypeArgumentFor(GenericMetadataSupport.java:185)
	at org.mockito.internal.util.reflection.GenericMetadataSupport.getActualTypeArgumentFor(GenericMetadataSupport.java:185)
	at org.mockito.internal.util.reflection.GenericMetadataSupport.getActualTypeArgumentFor(GenericMetadataSupport.java:185)
	at org.mockito.internal.util.reflection.GenericMetadataSupport.getActualTypeArgumentFor(GenericMetadataSupport.java:185)
	at org.mockito.internal.util.reflection.GenericMetadataSupport.getActualTypeArgumentFor(GenericMetadataSupport.java:185)
	at org.mockito.internal.util.reflection.GenericMetadataSupport.getActualTypeArgumentFor(GenericMetadataSupport.java:185)
	at org.mockito.internal.util.reflection.GenericMetadataSupport.getActualTypeArgumentFor(GenericMetadataSupport.java:185)
	at org.mockito.internal.util.reflection.GenericMetadataSupport.getActualTypeArgumentFor(GenericMetadataSupport.java:185)
	at org.mockito.internal.util.reflection.GenericMetadataSupport.getActualTypeArgumentFor(GenericMetadataSupport.java:185)
	at org.mockito.internal.util.reflection.GenericMetadataSupport.getActualTypeArgumentFor(GenericMetadataSupport.java:185)
	at org.mockito.internal.util.reflection.GenericMetadataSupport.getActualTypeArgumentFor(GenericMetadataSupport.java:185)
	at org.mockito.internal.util.reflection.GenericMetadataSupport.getActualTypeArgumentFor(GenericMetadataSupport.java:185)
	at org.mockito.internal.util.reflection.GenericMetadataSupport.getActualTypeArgumentFor(GenericMetadataSupport.java:185)
	at org.mockito.internal.util.reflection.GenericMetadataSupport.getActualTypeArgumentFor(GenericMetadataSupport.java:185)
	at org.mockito.internal.util.reflection.GenericMetadataSupport.getActualTypeArgumentFor(GenericMetadataSupport.java:185)
	at org.mockito.internal.util.reflection.GenericMetadataSupport.getActualTypeArgumentFor(GenericMetadataSupport.java:185)
	at org.mockito.internal.util.reflection.GenericMetadataSupport.getActualTypeArgumentFor(GenericMetadataSupport.java:185)
	at org.mockito.internal.util.reflection.GenericMetadataSupport.getActualTypeArgumentFor(GenericMetadataSupport.java:185)
	at org.mockito.internal.util.reflection.GenericMetadataSupport.getActualTypeArgumentFor(GenericMetadataSupport.java:185)
	at org.mockito.internal.util.reflection.GenericMetadataSupport.getActualTypeArgumentFor(GenericMetadataSupport.java:185)
	at org.mockito.internal.util.reflection.GenericMetadataSupport.getActualTypeArgumentFor(GenericMetadataSupport.java:185)
	at org.mockito.internal.util.reflection.GenericMetadataSupport.getActualTypeArgumentFor(GenericMetadataSupport.java:185)
	at org.mockito.internal.util.reflection.GenericMetadataSupport.getActualTypeArgumentFor(GenericMetadataSupport.java:185)
	at org.mockito.internal.util.reflection.GenericMetadataSupport.getActualTypeArgumentFor(GenericMetadataSupport.java:185)
	at org.mockito.internal.util.reflection.GenericMetadataSupport.getActualTypeArgumentFor(GenericMetadataSupport.java:185)
	at org.mockito.internal.util.reflection.GenericMetadataSupport.getActualTypeArgumentFor(GenericMetadataSupport.java:185)
	at org.mockito.internal.util.reflection.GenericMetadataSupport.getActualTypeArgumentFor(GenericMetadataSupport.java:185)
	at org.mockito.internal.util.reflection.GenericMetadataSupport.getActualTypeArgumentFor(GenericMetadataSupport.java:185)
	at org.mockito.internal.util.reflection.GenericMetadataSupport.getActualTypeArgumentFor(GenericMetadataSupport.java:185)
	at org.mockito.internal.util.reflection.GenericMetadataSupport.getActualTypeArgumentFor(GenericMetadataSupport.java:185)
	at org.mockito.internal.util.reflection.GenericMetadataSupport.getActualTypeArgumentFor(GenericMetadataSupport.java:185)
	at org.mockito.internal.util.reflection.GenericMetadataSupport.getActualTypeArgumentFor(GenericMetadataSupport.java:185)
	at org.mockito.internal.util.reflection.GenericMetadataSupport.getActualTypeArgumentFor(GenericMetadataSupport.java:185)
	at org.mockito.internal.util.reflection.GenericMetadataSupport.getActualTypeArgumentFor(GenericMetadataSupport.java:185)
	at org.mockito.internal.util.reflection.GenericMetadataSupport.getActualTypeArgumentFor(GenericMetadataSupport.java:185)
	at org.mockito.internal.util.reflection.GenericMetadataSupport.getActualTypeArgumentFor(GenericMetadataSupport.java:185)
	at org.mockito.internal.util.reflection.GenericMetadataSupport.getActualTypeArgumentFor(GenericMetadataSupport.java:185)
	at org.mockito.internal.util.reflection.GenericMetadataSupport.getActualTypeArgumentFor(GenericMetadataSupport.java:185)
	at org.mockito.internal.util.reflection.GenericMetadataSupport.getActualTypeArgumentFor(GenericMetadataSupport.java:185)
	at org.mockito.internal.util.reflection.GenericMetadataSupport.getActualTypeArgumentFor(GenericMetadataSupport.java:185)
	at org.mockito.internal.util.reflection.GenericMetadataSupport.getActualTypeArgumentFor(GenericMetadataSupport.java:185)
	at org.mockito.internal.util.reflection.GenericMetadataSupport.getActualTypeArgumentFor(GenericMetadataSupport.java:185)
	at org.mockito.internal.util.reflection.GenericMetadataSupport.getActualTypeArgumentFor(GenericMetadataSupport.java:185)
	at org.mockito.internal.util.reflection.GenericMetadataSupport.getActualTypeArgumentFor(GenericMetadataSupport.java:185)
	at org.mockito.internal.util.reflection.GenericMetadataSupport.getActualTypeArgumentFor(GenericMetadataSupport.java:185)
	at org.mockito.internal.util.reflection.GenericMetadataSupport.getActualTypeArgumentFor(GenericMetadataSupport.java:185)
	at org.mockito.internal.util.reflection.GenericMetadataSupport.getActualTypeArgumentFor(GenericMetadataSupport.java:185)
	at org.mockito.internal.util.reflection.GenericMetadataSupport.getActualTypeArgumentFor(GenericMetadataSupport.java:185)
	at org.mockito.internal.util.reflection.GenericMetadataSupport.getActualTypeArgumentFor(GenericMetadataSupport.java:185)
	at org.mockito.internal.util.reflection.GenericMetadataSupport.getActualTypeArgumentFor(GenericMetadataSupport.java:185)
	at org.mockito.internal.util.reflection.GenericMetadataSupport.getActualTypeArgumentFor(GenericMetadataSupport.java:185)
	at org.mockito.internal.util.reflection.GenericMetadataSupport.getActualTypeArgumentFor(GenericMetadataSupport.java:185)
	at org.mockito.internal.util.reflection.GenericMetadataSupport.getActualTypeArgumentFor(GenericMetadataSupport.java:185)
	at org.mockito.internal.util.reflection.GenericMetadataSupport.getActualTypeArgumentFor(GenericMetadataSupport.java:185)
	at org.mockito.internal.util.reflection.GenericMetadataSupport.getActualTypeArgumentFor(GenericMetadataSupport.java:185)
	at org.mockito.internal.util.reflection.GenericMetadataSupport.getActualTypeArgumentFor(GenericMetadataSupport.java:185)
	at org.mockito.internal.util.reflection.GenericMetadataSupport.getActualTypeArgumentFor(GenericMetadataSupport.java:185)
	at org.mockito.internal.util.reflection.GenericMetadataSupport.getActualTypeArgumentFor(GenericMetadataSupport.java:185)
	at org.mockito.internal.util.reflection.GenericMetadataSupport.getActualTypeArgumentFor(GenericMetadataSupport.java:185)
	at org.mockito.internal.util.reflection.GenericMetadataSupport.getActualTypeArgumentFor(GenericMetadataSupport.java:185)
	at org.mockito.internal.util.reflection.GenericMetadataSupport.getActualTypeArgumentFor(GenericMetadataSupport.java:185)
	at org.mockito.internal.util.reflection.GenericMetadataSupport.getActualTypeArgumentFor(GenericMetadataSupport.java:185)
	at org.mockito.internal.util.reflection.GenericMetadataSupport.getActualTypeArgumentFor(GenericMetadataSupport.java:185)
	at org.mockito.internal.util.reflection.GenericMetadataSupport.getActualTypeArgumentFor(GenericMetadataSupport.java:185)
	at org.mockito.internal.util.reflection.GenericMetadataSupport.getActualTypeArgumentFor(GenericMetadataSupport.java:185)
	at org.mockito.internal.util.reflection.GenericMetadataSupport.getActualTypeArgumentFor(GenericMetadataSupport.java:185)
	at org.mockito.internal.util.reflection.GenericMetadataSupport.getActualTypeArgumentFor(GenericMetadataSupport.java:185)
	at org.mockito.internal.util.reflection.GenericMetadataSupport.getActualTypeArgumentFor(GenericMetadataSupport.java:185)
	at org.mockito.internal.util.reflection.GenericMetadataSupport.getActualTypeArgumentFor(GenericMetadataSupport.java:185)
	at org.mockito.internal.util.reflection.GenericMetadataSupport.getActualTypeArgumentFor(GenericMetadataSupport.java:185)
	at org.mockito.internal.util.reflection.GenericMetadataSupport.getActualTypeArgumentFor(GenericMetadataSupport.java:185)
	at org.mockito.internal.util.reflection.GenericMetadataSupport.getActualTypeArgumentFor(GenericMetadataSupport.java:185)
	at org.mockito.internal.util.reflection.GenericMetadataSupport.getActualTypeArgumentFor(GenericMetadataSupport.java:185)
	at org.mockito.internal.util.reflection.GenericMetadataSupport.getActualTypeArgumentFor(GenericMetadataSupport.java:185)
	at org.mockito.internal.util.reflection.GenericMetadataSupport.getActualTypeArgumentFor(GenericMetadataSupport.java:185)
	at org.mockito.internal.util.reflection.GenericMetadataSupport.getActualTypeArgumentFor(GenericMetadataSupport.java:185)
	at org.mockito.internal.util.reflection.GenericMetadataSupport.getActualTypeArgumentFor(GenericMetadataSupport.java:185)
	at org.mockito.internal.util.reflection.GenericMetadataSupport.getActualTypeArgumentFor(GenericMetadataSupport.java:185)
	at org.mockito.internal.util.reflection.GenericMetadataSupport.getActualTypeArgumentFor(GenericMetadataSupport.java:185)
	at org.mockito.internal.util.reflection.GenericMetadataSupport.getActualTypeArgumentFor(GenericMetadataSupport.java:185)
	at org.mockito.internal.util.reflection.GenericMetadataSupport.getActualTypeArgumentFor(GenericMetadataSupport.java:185)
	at org.mockito.internal.util.reflection.GenericMetadataSupport.getActualTypeArgumentFor(GenericMetadataSupport.java:185)
	at org.mockito.internal.util.reflection.GenericMetadataSupport.getActualTypeArgumentFor(GenericMetadataSupport.java:185)
	at org.mockito.internal.util.reflection.GenericMetadataSupport.getActualTypeArgumentFor(GenericMetadataSupport.java:185)
	at org.mockito.internal.util.reflection.GenericMetadataSupport.getActualTypeArgumentFor(GenericMetadataSupport.java:185)
	at org.mockito.internal.util.reflection.GenericMetadataSupport.getActualTypeArgumentFor(GenericMetadataSupport.java:185)
	at org.mockito.internal.util.reflection.GenericMetadataSupport.getActualTypeArgumentFor(GenericMetadataSupport.java:185)
	at org.mockito.internal.util.reflection.GenericMetadataSupport.getActualTypeArgumentFor(GenericMetadataSupport.java:185)
	at org.mockito.internal.util.reflection.GenericMetadataSupport.getActualTypeArgumentFor(GenericMetadataSupport.java:185)
	at org.mockito.internal.util.reflection.GenericMetadataSupport.getActualTypeArgumentFor(GenericMetadataSupport.java:185)
	at org.mockito.internal.util.reflection.GenericMetadataSupport.getActualTypeArgumentFor(GenericMetadataSupport.java:185)
	at org.mockito.internal.util.reflection.GenericMetadataSupport.getActualTypeArgumentFor(GenericMetadataSupport.java:185)
	at org.mockito.internal.util.reflection.GenericMetadataSupport.getActualTypeArgumentFor(GenericMetadataSupport.java:185)
	at org.mockito.internal.util.reflection.GenericMetadataSupport.getActualTypeArgumentFor(GenericMetadataSupport.java:185)
	at org.mockito.internal.util.reflection.GenericMetadataSupport.getActualTypeArgumentFor(GenericMetadataSupport.java:185)
	at org.mockito.internal.util.reflection.GenericMetadataSupport.getActualTypeArgumentFor(GenericMetadataSupport.java:185)
	at org.mockito.internal.util.reflection.GenericMetadataSupport.getActualTypeArgumentFor(GenericMetadataSupport.java:185)
	at org.mockito.internal.util.reflection.GenericMetadataSupport.getActualTypeArgumentFor(GenericMetadataSupport.java:185)
	at org.mockito.internal.util.reflection.GenericMetadataSupport.getActualTypeArgumentFor(GenericMetadataSupport.java:185)
	at org.mockito.internal.util.reflection.GenericMetadataSupport.getActualTypeArgumentFor(GenericMetadataSupport.java:185)
	at org.mockito.internal.util.reflection.GenericMetadataSupport.getActualTypeArgumentFor(GenericMetadataSupport.java:185)
	at org.mockito.internal.util.reflection.GenericMetadataSupport.getActualTypeArgumentFor(GenericMetadataSupport.java:185)
	at org.mockito.internal.util.reflection.GenericMetadataSupport.getActualTypeArgumentFor(GenericMetadataSupport.java:185)
	at org.mockito.internal.util.reflection.GenericMetadataSupport.getActualTypeArgumentFor(GenericMetadataSupport.java:185)
	at org.mockito.internal.util.reflection.GenericMetadataSupport.getActualTypeArgumentFor(GenericMetadataSupport.java:185)
	at org.mockito.internal.util.reflection.GenericMetadataSupport.getActualTypeArgumentFor(GenericMetadataSupport.java:185)
	at org.mockito.internal.util.reflection.GenericMetadataSupport.getActualTypeArgumentFor(GenericMetadataSupport.java:185)
	at org.mockito.internal.util.reflection.GenericMetadataSupport.getActualTypeArgumentFor(GenericMetadataSupport.java:185)
	at org.mockito.internal.util.reflection.GenericMetadataSupport.getActualTypeArgumentFor(GenericMetadataSupport.java:185)
	at org.mockito.internal.util.reflection.GenericMetadataSupport.getActualTypeArgumentFor(GenericMetadataSupport.java:185)
	at org.mockito.internal.util.reflection.GenericMetadataSupport.getActualTypeArgumentFor(GenericMetadataSupport.java:185)
	at org.mockito.internal.util.reflection.GenericMetadataSupport.getActualTypeArgumentFor(GenericMetadataSupport.java:185)
	at org.mockito.internal.util.reflection.GenericMetadataSupport.getActualTypeArgumentFor(GenericMetadataSupport.java:185)
	at org.mockito.internal.util.reflection.GenericMetadataSupport.getActualTypeArgumentFor(GenericMetadataSupport.java:185)
	at org.mockito.internal.util.reflection.GenericMetadataSupport.getActualTypeArgumentFor(GenericMetadataSupport.java:185)
	at org.mockito.internal.util.reflection.GenericMetadataSupport.getActualTypeArgumentFor(GenericMetadataSupport.java:185)
	at org.mockito.internal.util.reflection.GenericMetadataSupport.getActualTypeArgumentFor(GenericMetadataSupport.java:185)
	at org.mockito.internal.util.reflection.GenericMetadataSupport.getActualTypeArgumentFor(GenericMetadataSupport.java:185)
	at org.mockito.internal.util.reflection.GenericMetadataSupport.getActualTypeArgumentFor(GenericMetadataSupport.java:185)
	at org.mockito.internal.util.reflection.GenericMetadataSupport.getActualTypeArgumentFor(GenericMetadataSupport.java:185)
	at org.mockito.internal.util.reflection.GenericMetadataSupport.getActualTypeArgumentFor(GenericMetadataSupport.java:185)
	at org.mockito.internal.util.reflection.GenericMetadataSupport.getActualTypeArgumentFor(GenericMetadataSupport.java:185)
	at org.mockito.internal.util.reflection.GenericMetadataSupport.getActualTypeArgumentFor(GenericMetadataSupport.java:185)
	at org.mockito.internal.util.reflection.GenericMetadataSupport.getActualTypeArgumentFor(GenericMetadataSupport.java:185)
	at org.mockito.internal.util.reflection.GenericMetadataSupport.getActualTypeArgumentFor(GenericMetadataSupport.java:185)
	at org.mockito.internal.util.reflection.GenericMetadataSupport.getActualTypeArgumentFor(GenericMetadataSupport.java:185)
	at org.mockito.internal.util.reflection.GenericMetadataSupport.getActualTypeArgumentFor(GenericMetadataSupport.java:185)
	at org.mockito.internal.util.reflection.GenericMetadataSupport.getActualTypeArgumentFor(GenericMetadataSupport.java:185)
	at org.mockito.internal.util.reflection.GenericMetadataSupport.getActualTypeArgumentFor(GenericMetadataSupport.java:185)
	at org.mockito.internal.util.reflection.GenericMetadataSupport.getActualTypeArgumentFor(GenericMetadataSupport.java:185)
	at org.mockito.internal.util.reflection.GenericMetadataSupport.getActualTypeArgumentFor(GenericMetadataSupport.java:185)
	at org.mockito.internal.util.reflection.GenericMetadataSupport.getActualTypeArgumentFor(GenericMetadataSupport.java:185)
	at org.mockito.internal.util.reflection.GenericMetadataSupport.getActualTypeArgumentFor(GenericMetadataSupport.java:185)
	at org.mockito.internal.util.reflection.GenericMetadataSupport.getActualTypeArgumentFor(GenericMetadataSupport.java:185)
	at org.mockito.internal.util.reflection.GenericMetadataSupport.getActualTypeArgumentFor(GenericMetadataSupport.java:185)
	at org.mockito.internal.util.reflection.GenericMetadataSupport.getActualTypeArgumentFor(GenericMetadataSupport.java:185)
	at org.mockito.internal.util.reflection.GenericMetadataSupport.getActualTypeArgumentFor(GenericMetadataSupport.java:185)
	at org.mockito.internal.util.reflection.GenericMetadataSupport.getActualTypeArgumentFor(GenericMetadataSupport.java:185)
	at org.mockito.internal.util.reflection.GenericMetadataSupport.getActualTypeArgumentFor(GenericMetadataSupport.java:185)
	at org.mockito.internal.util.reflection.GenericMetadataSupport.getActualTypeArgumentFor(GenericMetadataSupport.java:185)
	at org.mockito.internal.util.reflection.GenericMetadataSupport.getActualTypeArgumentFor(GenericMetadataSupport.java:185)
	at org.mockito.internal.util.reflection.GenericMetadataSupport.getActualTypeArgumentFor(GenericMetadataSupport.java:185)
	at org.mockito.internal.util.reflection.GenericMetadataSupport.getActualTypeArgumentFor(GenericMetadataSupport.java:185)
	at org.mockito.internal.util.reflection.GenericMetadataSupport.getActualTypeArgumentFor(GenericMetadataSupport.java:185)
	at org.mockito.internal.util.reflection.GenericMetadataSupport.getActualTypeArgumentFor(GenericMetadataSupport.java:185)
	at org.mockito.internal.util.reflection.GenericMetadataSupport.getActualTypeArgumentFor(GenericMetadataSupport.java:185)
	at org.mockito.internal.util.reflection.GenericMetadataSupport.getActualTypeArgumentFor(GenericMetadataSupport.java:185)
	at org.mockito.internal.util.reflection.GenericMetadataSupport.getActualTypeArgumentFor(GenericMetadataSupport.java:185)
	at org.mockito.internal.util.reflection.GenericMetadataSupport.getActualTypeArgumentFor(GenericMetadataSupport.java:185)
	at org.mockito.internal.util.reflection.GenericMetadataSupport.getActualTypeArgumentFor(GenericMetadataSupport.java:185)
	at org.mockito.internal.util.reflection.GenericMetadataSupport.getActualTypeArgumentFor(GenericMetadataSupport.java:185)
	at org.mockito.internal.util.reflection.GenericMetadataSupport.getActualTypeArgumentFor(GenericMetadataSupport.java:185)
	at org.mockito.internal.util.reflection.GenericMetadataSupport.getActualTypeArgumentFor(GenericMetadataSupport.java:185)
	at org.mockito.internal.util.reflection.GenericMetadataSupport.getActualTypeArgumentFor(GenericMetadataSupport.java:185)
	at org.mockito.internal.util.reflection.GenericMetadataSupport.getActualTypeArgumentFor(GenericMetadataSupport.java:185)
	at org.mockito.internal.util.reflection.GenericMetadataSupport.getActualTypeArgumentFor(GenericMetadataSupport.java:185)
	at org.mockito.internal.util.reflection.GenericMetadataSupport.getActualTypeArgumentFor(GenericMetadataSupport.java:185)
	at org.mockito.internal.util.reflection.GenericMetadataSupport.getActualTypeArgumentFor(GenericMetadataSupport.java:185)
	at org.mockito.internal.util.reflection.GenericMetadataSupport.getActualTypeArgumentFor(GenericMetadataSupport.java:185)
	at org.mockito.internal.util.reflection.GenericMetadataSupport.getActualTypeArgumentFor(GenericMetadataSupport.java:185)
	at org.mockito.internal.util.reflection.GenericMetadataSupport.getActualTypeArgumentFor(GenericMetadataSupport.java:185)
	at org.mockito.internal.util.reflection.GenericMetadataSupport.getActualTypeArgumentFor(GenericMetadataSupport.java:185)
	at org.mockito.internal.util.reflection.GenericMetadataSupport.getActualTypeArgumentFor(GenericMetadataSupport.java:185)
	at org.mockito.internal.util.reflection.GenericMetadataSupport.getActualTypeArgumentFor(GenericMetadataSupport.java:185)
	at org.mockito.internal.util.reflection.GenericMetadataSupport.getActualTypeArgumentFor(GenericMetadataSupport.java:185)
	at org.mockito.internal.util.reflection.GenericMetadataSupport.getActualTypeArgumentFor(GenericMetadataSupport.java:185)
	at org.mockito.internal.util.reflection.GenericMetadataSupport.getActualTypeArgumentFor(GenericMetadataSupport.java:185)
	at org.mockito.internal.util.reflection.GenericMetadataSupport.getActualTypeArgumentFor(GenericMetadataSupport.java:185)
	at org.mockito.internal.util.reflection.GenericMetadataSupport.getActualTypeArgumentFor(GenericMetadataSupport.java:185)
	at org.mockito.internal.util.reflection.GenericMetadataSupport.getActualTypeArgumentFor(GenericMetadataSupport.java:185)
	at org.mockito.internal.util.reflection.GenericMetadataSupport.getActualTypeArgumentFor(GenericMetadataSupport.java:185)
	at org.mockito.internal.util.reflection.GenericMetadataSupport.getActualTypeArgumentFor(GenericMetadataSupport.java:185)
	at org.mockito.internal.util.reflection.GenericMetadataSupport.getActualTypeArgumentFor(GenericMetadataSupport.java:185)
	at org.mockito.internal.util.reflection.GenericMetadataSupport.getActualTypeArgumentFor(GenericMetadataSupport.java:185)
	at org.mockito.internal.util.reflection.GenericMetadataSupport.getActualTypeArgumentFor(GenericMetadataSupport.java:185)
	at org.mockito.internal.util.reflection.GenericMetadataSupport.getActualTypeArgumentFor(GenericMetadataSupport.java:185)
	at org.mockito.internal.util.reflection.GenericMetadataSupport.getActualTypeArgumentFor(GenericMetadataSupport.java:185)
	at org.mockito.internal.util.reflection.GenericMetadataSupport.getActualTypeArgumentFor(GenericMetadataSupport.java:185)
	at org.mockito.internal.util.reflection.GenericMetadataSupport.getActualTypeArgumentFor(GenericMetadataSupport.java:185)
	at org.mockito.internal.util.reflection.GenericMetadataSupport.getActualTypeArgumentFor(GenericMetadataSupport.java:185)
	at org.mockito.internal.util.reflection.GenericMetadataSupport.getActualTypeArgumentFor(GenericMetadataSupport.java:185)
	at org.mockito.internal.util.reflection.GenericMetadataSupport.getActualTypeArgumentFor(GenericMetadataSupport.java:185)
	at org.mockito.internal.util.reflection.GenericMetadataSupport.getActualTypeArgumentFor(GenericMetadataSupport.java:185)
	at org.mockito.internal.util.reflection.GenericMetadataSupport.getActualTypeArgumentFor(GenericMetadataSupport.java:185)
	at org.mockito.internal.util.reflection.GenericMetadataSupport.getActualTypeArgumentFor(GenericMetadataSupport.java:185)
	at org.mockito.internal.util.reflection.GenericMetadataSupport.getActualTypeArgumentFor(GenericMetadataSupport.java:185)
	at org.mockito.internal.util.reflection.GenericMetadataSupport.getActualTypeArgumentFor(GenericMetadataSupport.java:185)
	at org.mockito.internal.util.reflection.GenericMetadataSupport.getActualTypeArgumentFor(GenericMetadataSupport.java:185)
	at org.mockito.internal.util.reflection.GenericMetadataSupport.getActualTypeArgumentFor(GenericMetadataSupport.java:185)
	at org.mockito.internal.util.reflection.GenericMetadataSupport.getActualTypeArgumentFor(GenericMetadataSupport.java:185)
	at org.mockito.internal.util.reflection.GenericMetadataSupport.getActualTypeArgumentFor(GenericMetadataSupport.java:185)
	at org.mockito.internal.util.reflection.GenericMetadataSupport.getActualTypeArgumentFor(GenericMetadataSupport.java:185)
	at org.mockito.internal.util.reflection.GenericMetadataSupport.getActualTypeArgumentFor(GenericMetadataSupport.java:185)
	at org.mockito.internal.util.reflection.GenericMetadataSupport.getActualTypeArgumentFor(GenericMetadataSupport.java:185)
	at org.mockito.internal.util.reflection.GenericMetadataSupport.getActualTypeArgumentFor(GenericMetadataSupport.java:185)
	at org.mockito.internal.util.reflection.GenericMetadataSupport.getActualTypeArgumentFor(GenericMetadataSupport.java:185)
	at org.mockito.internal.util.reflection.GenericMetadataSupport.getActualTypeArgumentFor(GenericMetadataSupport.java:185)
	at org.mockito.internal.util.reflection.GenericMetadataSupport.getActualTypeArgumentFor(GenericMetadataSupport.java:185)
	at org.mockito.internal.util.reflection.GenericMetadataSupport.getActualTypeArgumentFor(GenericMetadataSupport.java:185)
	at org.mockito.internal.util.reflection.GenericMetadataSupport.getActualTypeArgumentFor(GenericMetadataSupport.java:185)
	at org.mockito.internal.util.reflection.GenericMetadataSupport.getActualTypeArgumentFor(GenericMetadataSupport.java:185)
	at org.mockito.internal.util.reflection.GenericMetadataSupport.getActualTypeArgumentFor(GenericMetadataSupport.java:185)
	at org.mockito.internal.util.reflection.GenericMetadataSupport.getActualTypeArgumentFor(GenericMetadataSupport.java:185)
	at org.mockito.internal.util.reflection.GenericMetadataSupport.getActualTypeArgumentFor(GenericMetadataSupport.java:185)
	at org.mockito.internal.util.reflection.GenericMetadataSupport.getActualTypeArgumentFor(GenericMetadataSupport.java:185)
	at org.mockito.internal.util.reflection.GenericMetadataSupport.getActualTypeArgumentFor(GenericMetadataSupport.java:185)
	at org.mockito.internal.util.reflection.GenericMetadataSupport.getActualTypeArgumentFor(GenericMetadataSupport.java:185)
	at org.mockito.internal.util.reflection.GenericMetadataSupport.getActualTypeArgumentFor(GenericMetadataSupport.java:185)
	at org.mockito.internal.util.reflection.GenericMetadataSupport.getActualTypeArgumentFor(GenericMetadataSupport.java:185)
	at org.mockito.internal.util.reflection.GenericMetadataSupport.getActualTypeArgumentFor(GenericMetadataSupport.java:185)
	at org.mockito.internal.util.reflection.GenericMetadataSupport.getActualTypeArgumentFor(GenericMetadataSupport.java:185)
	at org.mockito.internal.util.reflection.GenericMetadataSupport.getActualTypeArgumentFor(GenericMetadataSupport.java:185)
	at org.mockito.internal.util.reflection.GenericMetadataSupport.getActualTypeArgumentFor(GenericMetadataSupport.java:185)
	at org.mockito.internal.util.reflection.GenericMetadataSupport.getActualTypeArgumentFor(GenericMetadataSupport.java:185)
	at org.mockito.internal.util.reflection.GenericMetadataSupport.getActualTypeArgumentFor(GenericMetadataSupport.java:185)
	at org.mockito.internal.util.reflection.GenericMetadataSupport.getActualTypeArgumentFor(GenericMetadataSupport.java:185)
	at org.mockito.internal.util.reflection.GenericMetadataSupport.getActualTypeArgumentFor(GenericMetadataSupport.java:185)
	at org.mockito.internal.util.reflection.GenericMetadataSupport.getActualTypeArgumentFor(GenericMetadataSupport.java:185)
	at org.mockito.internal.util.reflection.GenericMetadataSupport.getActualTypeArgumentFor(GenericMetadataSupport.java:185)
	at org.mockito.internal.util.reflection.GenericMetadataSupport.getActualTypeArgumentFor(GenericMetadataSupport.java:185)
	at org.mockito.internal.util.reflection.GenericMetadataSupport.getActualTypeArgumentFor(GenericMetadataSupport.java:185)
	at org.mockito.internal.util.reflection.GenericMetadataSupport.getActualTypeArgumentFor(GenericMetadataSupport.java:185)
	at org.mockito.internal.util.reflection.GenericMetadataSupport.getActualTypeArgumentFor(GenericMetadataSupport.java:185)
	at org.mockito.internal.util.reflection.GenericMetadataSupport.getActualTypeArgumentFor(GenericMetadataSupport.java:185)
	at org.mockito.internal.util.reflection.GenericMetadataSupport.getActualTypeArgumentFor(GenericMetadataSupport.java:185)
	at org.mockito.internal.util.reflection.GenericMetadataSupport.getActualTypeArgumentFor(GenericMetadataSupport.java:185)
	at org.mockito.internal.util.reflection.GenericMetadataSupport.getActualTypeArgumentFor(GenericMetadataSupport.java:185)
	at org.mockito.internal.util.reflection.GenericMetadataSupport.getActualTypeArgumentFor(GenericMetadataSupport.java:185)
	at org.mockito.internal.util.reflection.GenericMetadataSupport.getActualTypeArgumentFor(GenericMetadataSupport.java:185)
	at org.mockito.internal.util.reflection.GenericMetadataSupport.getActualTypeArgumentFor(GenericMetadataSupport.java:185)
	at org.mockito.internal.util.reflection.GenericMetadataSupport.getActualTypeArgumentFor(GenericMetadataSupport.java:185)
	at org.mockito.internal.util.reflection.GenericMetadataSupport.getActualTypeArgumentFor(GenericMetadataSupport.java:185)
	at org.mockito.internal.util.reflection.GenericMetadataSupport.getActualTypeArgumentFor(GenericMetadataSupport.java:185)
	at org.mockito.internal.util.reflection.GenericMetadataSupport.getActualTypeArgumentFor(GenericMetadataSupport.java:185)
	at org.mockito.internal.util.reflection.GenericMetadataSupport.getActualTypeArgumentFor(GenericMetadataSupport.java:185)
	at org.mockito.internal.util.reflection.GenericMetadataSupport.getActualTypeArgumentFor(GenericMetadataSupport.java:185)
	at org.mockito.internal.util.reflection.GenericMetadataSupport.getActualTypeArgumentFor(GenericMetadataSupport.java:185)
	at org.mockito.internal.util.reflection.GenericMetadataSupport.getActualTypeArgumentFor(GenericMetadataSupport.java:185)
	at org.mockito.internal.util.reflection.GenericMetadataSupport.getActualTypeArgumentFor(GenericMetadataSupport.java:185)
	at org.mockito.internal.util.reflection.GenericMetadataSupport.getActualTypeArgumentFor(GenericMetadataSupport.java:185)
	at org.mockito.internal.util.reflection.GenericMetadataSupport.getActualTypeArgumentFor(GenericMetadataSupport.java:185)
	at org.mockito.internal.util.reflection.GenericMetadataSupport.getActualTypeArgumentFor(GenericMetadataSupport.java:185)
	at org.mockito.internal.util.reflection.GenericMetadataSupport.getActualTypeArgumentFor(GenericMetadataSupport.java:185)
	at org.mockito.internal.util.reflection.GenericMetadataSupport.getActualTypeArgumentFor(GenericMetadataSupport.java:185)
	at org.mockito.internal.util.reflection.GenericMetadataSupport.getActualTypeArgumentFor(GenericMetadataSupport.java:185)
	at org.mockito.internal.util.reflection.GenericMetadataSupport.getActualTypeArgumentFor(GenericMetadataSupport.java:185)
	at org.mockito.internal.util.reflection.GenericMetadataSupport.getActualTypeArgumentFor(GenericMetadataSupport.java:185)
	at org.mockito.internal.util.reflection.GenericMetadataSupport.getActualTypeArgumentFor(GenericMetadataSupport.java:185)
	at org.mockito.internal.util.reflection.GenericMetadataSupport.getActualTypeArgumentFor(GenericMetadataSupport.java:185)
	at org.mockito.internal.util.reflection.GenericMetadataSupport.getActualTypeArgumentFor(GenericMetadataSupport.java:185)
	at org.mockito.internal.util.reflection.GenericMetadataSupport.getActualTypeArgumentFor(GenericMetadataSupport.java:185)
	at org.mockito.internal.util.reflection.GenericMetadataSupport.getActualTypeArgumentFor(GenericMetadataSupport.java:185)
	at org.mockito.internal.util.reflection.GenericMetadataSupport.getActualTypeArgumentFor(GenericMetadataSupport.java:185)
	at org.mockito.internal.util.reflection.GenericMetadataSupport.getActualTypeArgumentFor(GenericMetadataSupport.java:185)
	at org.mockito.internal.util.reflection.GenericMetadataSupport.getActualTypeArgumentFor(GenericMetadataSupport.java:185)
	at org.mockito.internal.util.reflection.GenericMetadataSupport.getActualTypeArgumentFor(GenericMetadataSupport.java:185)
	at org.mockito.internal.util.reflection.GenericMetadataSupport.getActualTypeArgumentFor(GenericMetadataSupport.java:185)
	at org.mockito.internal.util.reflection.GenericMetadataSupport.getActualTypeArgumentFor(GenericMetadataSupport.java:185)
	at org.mockito.internal.util.reflection.GenericMetadataSupport.getActualTypeArgumentFor(GenericMetadataSupport.java:185)
	at org.mockito.internal.util.reflection.GenericMetadataSupport.getActualTypeArgumentFor(GenericMetadataSupport.java:185)
	at org.mockito.internal.util.reflection.GenericMetadataSupport.getActualTypeArgumentFor(GenericMetadataSupport.java:185)
	at org.mockito.internal.util.reflection.GenericMetadataSupport.getActualTypeArgumentFor(GenericMetadataSupport.java:185)
	at org.mockito.internal.util.reflection.GenericMetadataSupport.getActualTypeArgumentFor(GenericMetadataSupport.java:185)
	at org.mockito.internal.util.reflection.GenericMetadataSupport.getActualTypeArgumentFor(GenericMetadataSupport.java:185)
	at org.mockito.internal.util.reflection.GenericMetadataSupport.getActualTypeArgumentFor(GenericMetadataSupport.java:185)
	at org.mockito.internal.util.reflection.GenericMetadataSupport.getActualTypeArgumentFor(GenericMetadataSupport.java:185)
	at org.mockito.internal.util.reflection.GenericMetadataSupport.getActualTypeArgumentFor(GenericMetadataSupport.java:185)
	at org.mockito.internal.util.reflection.GenericMetadataSupport.getActualTypeArgumentFor(GenericMetadataSupport.java:185)
	at org.mockito.internal.util.reflection.GenericMetadataSupport.getActualTypeArgumentFor(GenericMetadataSupport.java:185)
	at org.mockito.internal.util.reflection.GenericMetadataSupport.getActualTypeArgumentFor(GenericMetadataSupport.java:185)
	at org.mockito.internal.util.reflection.GenericMetadataSupport.getActualTypeArgumentFor(GenericMetadataSupport.java:185)
	at org.mockito.internal.util.reflection.GenericMetadataSupport.getActualTypeArgumentFor(GenericMetadataSupport.java:185)
	at org.mockito.internal.util.reflection.GenericMetadataSupport.getActualTypeArgumentFor(GenericMetadataSupport.java:185)
	at org.mockito.internal.util.reflection.GenericMetadataSupport.getActualTypeArgumentFor(GenericMetadataSupport.java:185)
	at org.mockito.internal.util.reflection.GenericMetadataSupport.getActualTypeArgumentFor(GenericMetadataSupport.java:185)
	at org.mockito.internal.util.reflection.GenericMetadataSupport.getActualTypeArgumentFor(GenericMetadataSupport.java:185)
	at org.mockito.internal.util.reflection.GenericMetadataSupport.getActualTypeArgumentFor(GenericMetadataSupport.java:185)
	at org.mockito.internal.util.reflection.GenericMetadataSupport.getActualTypeArgumentFor(GenericMetadataSupport.java:185)
	at org.mockito.internal.util.reflection.GenericMetadataSupport.getActualTypeArgumentFor(GenericMetadataSupport.java:185)
	at org.mockito.internal.util.reflection.GenericMetadataSupport.getActualTypeArgumentFor(GenericMetadataSupport.java:185)
	at org.mockito.internal.util.reflection.GenericMetadataSupport.getActualTypeArgumentFor(GenericMetadataSupport.java:185)
	at org.mockito.internal.util.reflection.GenericMetadataSupport.getActualTypeArgumentFor(GenericMetadataSupport.java:185)
	at org.mockito.internal.util.reflection.GenericMetadataSupport.getActualTypeArgumentFor(GenericMetadataSupport.java:185)
	at org.mockito.internal.util.reflection.GenericMetadataSupport.getActualTypeArgumentFor(GenericMetadataSupport.java:185)
	at org.mockito.internal.util.reflection.GenericMetadataSupport.getActualTypeArgumentFor(GenericMetadataSupport.java:185)
	at org.mockito.internal.util.reflection.GenericMetadataSupport.getActualTypeArgumentFor(GenericMetadataSupport.java:185)
	at org.mockito.internal.util.reflection.GenericMetadataSupport.getActualTypeArgumentFor(GenericMetadataSupport.java:185)
	at org.mockito.internal.util.reflection.GenericMetadataSupport.getActualTypeArgumentFor(GenericMetadataSupport.java:185)
	at org.mockito.internal.util.reflection.GenericMetadataSupport.getActualTypeArgumentFor(GenericMetadataSupport.java:185)
	at org.mockito.internal.util.reflection.GenericMetadataSupport.getActualTypeArgumentFor(GenericMetadataSupport.java:185)
	at org.mockito.internal.util.reflection.GenericMetadataSupport.getActualTypeArgumentFor(GenericMetadataSupport.java:185)
	at org.mockito.internal.util.reflection.GenericMetadataSupport.getActualTypeArgumentFor(GenericMetadataSupport.java:185)
	at org.mockito.internal.util.reflection.GenericMetadataSupport.getActualTypeArgumentFor(GenericMetadataSupport.java:185)
	at org.mockito.internal.util.reflection.GenericMetadataSupport.getActualTypeArgumentFor(GenericMetadataSupport.java:185)
	at org.mockito.internal.util.reflection.GenericMetadataSupport.getActualTypeArgumentFor(GenericMetadataSupport.java:185)
	at org.mockito.internal.util.reflection.GenericMetadataSupport.getActualTypeArgumentFor(GenericMetadataSupport.java:185)
	at org.mockito.internal.util.reflection.GenericMetadataSupport.getActualTypeArgumentFor(GenericMetadataSupport.java:185)
	at org.mockito.internal.util.reflection.GenericMetadataSupport.getActualTypeArgumentFor(GenericMetadataSupport.java:185)
	at org.mockito.internal.util.reflection.GenericMetadataSupport.getActualTypeArgumentFor(GenericMetadataSupport.java:185)
	at org.mockito.internal.util.reflection.GenericMetadataSupport.getActualTypeArgumentFor(GenericMetadataSupport.java:185)
	at org.mockito.internal.util.reflection.GenericMetadataSupport.getActualTypeArgumentFor(GenericMetadataSupport.java:185)
	at org.mockito.internal.util.reflection.GenericMetadataSupport.getActualTypeArgumentFor(GenericMetadataSupport.java:185)
	at org.mockito.internal.util.reflection.GenericMetadataSupport.getActualTypeArgumentFor(GenericMetadataSupport.java:185)
	at org.mockito.internal.util.reflection.GenericMetadataSupport.getActualTypeArgumentFor(GenericMetadataSupport.java:185)
	at org.mockito.internal.util.reflection.GenericMetadataSupport.getActualTypeArgumentFor(GenericMetadataSupport.java:185)
	at org.mockito.internal.util.reflection.GenericMetadataSupport.getActualTypeArgumentFor(GenericMetadataSupport.java:185)
	at org.mockito.internal.util.reflection.GenericMetadataSupport.getActualTypeArgumentFor(GenericMetadataSupport.java:185)
	at org.mockito.internal.util.reflection.GenericMetadataSupport.getActualTypeArgumentFor(GenericMetadataSupport.java:185)
	at org.mockito.internal.util.reflection.GenericMetadataSupport.getActualTypeArgumentFor(GenericMetadataSupport.java:185)
	at org.mockito.internal.util.reflection.GenericMetadataSupport.getActualTypeArgumentFor(GenericMetadataSupport.java:185)
	at org.mockito.internal.util.reflection.GenericMetadataSupport.getActualTypeArgumentFor(GenericMetadataSupport.java:185)
	at org.mockito.internal.util.reflection.GenericMetadataSupport.getActualTypeArgumentFor(GenericMetadataSupport.java:185)
	at org.mockito.internal.util.reflection.GenericMetadataSupport.getActualTypeArgumentFor(GenericMetadataSupport.java:185)
	at org.mockito.internal.util.reflection.GenericMetadataSupport.getActualTypeArgumentFor(GenericMetadataSupport.java:185)
	at org.mockito.internal.util.reflection.GenericMetadataSupport.getActualTypeArgumentFor(GenericMetadataSupport.java:185)
	at org.mockito.internal.util.reflection.GenericMetadataSupport.getActualTypeArgumentFor(GenericMetadataSupport.java:185)
	at org.mockito.internal.util.reflection.GenericMetadataSupport.getActualTypeArgumentFor(GenericMetadataSupport.java:185)
	at org.mockito.internal.util.reflection.GenericMetadataSupport.getActualTypeArgumentFor(GenericMetadataSupport.java:185)
	at org.mockito.internal.util.reflection.GenericMetadataSupport.getActualTypeArgumentFor(GenericMetadataSupport.java:185)
	at org.mockito.internal.util.reflection.GenericMetadataSupport.getActualTypeArgumentFor(GenericMetadataSupport.java:185)
	at org.mockito.internal.util.reflection.GenericMetadataSupport.getActualTypeArgumentFor(GenericMetadataSupport.java:185)
	at org.mockito.internal.util.reflection.GenericMetadataSupport.getActualTypeArgumentFor(GenericMetadataSupport.java:185)
	at org.mockito.internal.util.reflection.GenericMetadataSupport.getActualTypeArgumentFor(GenericMetadataSupport.java:185)
	at org.mockito.internal.util.reflection.GenericMetadataSupport.getActualTypeArgumentFor(GenericMetadataSupport.java:185)
	at org.mockito.internal.util.reflection.GenericMetadataSupport.getActualTypeArgumentFor(GenericMetadataSupport.java:185)
	at org.mockito.internal.util.reflection.GenericMetadataSupport.getActualTypeArgumentFor(GenericMetadataSupport.java:185)
	at org.mockito.internal.util.reflection.GenericMetadataSupport.getActualTypeArgumentFor(GenericMetadataSupport.java:185)
	at org.mockito.internal.util.reflection.GenericMetadataSupport.getActualTypeArgumentFor(GenericMetadataSupport.java:185)
	at org.mockito.internal.util.reflection.GenericMetadataSupport.getActualTypeArgumentFor(GenericMetadataSupport.java:185)
	at org.mockito.internal.util.reflection.GenericMetadataSupport.getActualTypeArgumentFor(GenericMetadataSupport.java:185)
	at org.mockito.internal.util.reflection.GenericMetadataSupport.getActualTypeArgumentFor(GenericMetadataSupport.java:185)
	at org.mockito.internal.util.reflection.GenericMetadataSupport.getActualTypeArgumentFor(GenericMetadataSupport.java:185)
	at org.mockito.internal.util.reflection.GenericMetadataSupport.getActualTypeArgumentFor(GenericMetadataSupport.java:185)
	at org.mockito.internal.util.reflection.GenericMetadataSupport.getActualTypeArgumentFor(GenericMetadataSupport.java:185)
	at org.mockito.internal.util.reflection.GenericMetadataSupport.getActualTypeArgumentFor(GenericMetadataSupport.java:185)
	at org.mockito.internal.util.reflection.GenericMetadataSupport.getActualTypeArgumentFor(GenericMetadataSupport.java:185)
	at org.mockito.internal.util.reflection.GenericMetadataSupport.getActualTypeArgumentFor(GenericMetadataSupport.java:185)
	at org.mockito.internal.util.reflection.GenericMetadataSupport.getActualTypeArgumentFor(GenericMetadataSupport.java:185)
	at org.mockito.internal.util.reflection.GenericMetadataSupport.getActualTypeArgumentFor(GenericMetadataSupport.java:185)
	at org.mockito.internal.util.reflection.GenericMetadataSupport.getActualTypeArgumentFor(GenericMetadataSupport.java:185)
	at org.mockito.internal.util.reflection.GenericMetadataSupport.getActualTypeArgumentFor(GenericMetadataSupport.java:185)
	at org.mockito.internal.util.reflection.GenericMetadataSupport.getActualTypeArgumentFor(GenericMetadataSupport.java:185)
	at org.mockito.internal.util.reflection.GenericMetadataSupport.getActualTypeArgumentFor(GenericMetadataSupport.java:185)
	at org.mockito.internal.util.reflection.GenericMetadataSupport.getActualTypeArgumentFor(GenericMetadataSupport.java:185)
	at org.mockito.internal.util.reflection.GenericMetadataSupport.getActualTypeArgumentFor(GenericMetadataSupport.java:185)
	at org.mockito.internal.util.reflection.GenericMetadataSupport.getActualTypeArgumentFor(GenericMetadataSupport.java:185)
	at org.mockito.internal.util.reflection.GenericMetadataSupport.getActualTypeArgumentFor(GenericMetadataSupport.java:185)
	at org.mockito.internal.util.reflection.GenericMetadataSupport.getActualTypeArgumentFor(GenericMetadataSupport.java:185)
	at org.mockito.internal.util.reflection.GenericMetadataSupport.getActualTypeArgumentFor(GenericMetadataSupport.java:185)
	at org.mockito.internal.util.reflection.GenericMetadataSupport.getActualTypeArgumentFor(GenericMetadataSupport.java:185)
	at org.mockito.internal.util.reflection.GenericMetadataSupport.getActualTypeArgumentFor(GenericMetadataSupport.java:185)
	at org.mockito.internal.util.reflection.GenericMetadataSupport.getActualTypeArgumentFor(GenericMetadataSupport.java:185)
	at org.mockito.internal.util.reflection.GenericMetadataSupport.getActualTypeArgumentFor(GenericMetadataSupport.java:185)
	at org.mockito.internal.util.reflection.GenericMetadataSupport.getActualTypeArgumentFor(GenericMetadataSupport.java:185)
	at org.mockito.internal.util.reflection.GenericMetadataSupport.getActualTypeArgumentFor(GenericMetadataSupport.java:185)
	at org.mockito.internal.util.reflection.GenericMetadataSupport.getActualTypeArgumentFor(GenericMetadataSupport.java:185)
	at org.mockito.internal.util.reflection.GenericMetadataSupport.getActualTypeArgumentFor(GenericMetadataSupport.java:185)
	at org.mockito.internal.util.reflection.GenericMetadataSupport.getActualTypeArgumentFor(GenericMetadataSupport.java:185)
	at org.mockito.internal.util.reflection.GenericMetadataSupport.getActualTypeArgumentFor(GenericMetadataSupport.java:185)
	at org.mockito.internal.util.reflection.GenericMetadataSupport.getActualTypeArgumentFor(GenericMetadataSupport.java:185)
	at org.mockito.internal.util.reflection.GenericMetadataSupport.getActualTypeArgumentFor(GenericMetadataSupport.java:185)
	at org.mockito.internal.util.reflection.GenericMetadataSupport.getActualTypeArgumentFor(GenericMetadataSupport.java:185)
	at org.mockito.internal.util.reflection.GenericMetadataSupport.getActualTypeArgumentFor(GenericMetadataSupport.java:185)
	at org.mockito.internal.util.reflection.GenericMetadataSupport.getActualTypeArgumentFor(GenericMetadataSupport.java:185)
	at org.mockito.internal.util.reflection.GenericMetadataSupport.getActualTypeArgumentFor(GenericMetadataSupport.java:185)
	at org.mockito.internal.util.reflection.GenericMetadataSupport.getActualTypeArgumentFor(GenericMetadataSupport.java:185)
	at org.mockito.internal.util.reflection.GenericMetadataSupport.getActualTypeArgumentFor(GenericMetadataSupport.java:185)
	at org.mockito.internal.util.reflection.GenericMetadataSupport.getActualTypeArgumentFor(GenericMetadataSupport.java:185)
	at org.mockito.internal.util.reflection.GenericMetadataSupport.getActualTypeArgumentFor(GenericMetadataSupport.java:185)
	at org.mockito.internal.util.reflection.GenericMetadataSupport.getActualTypeArgumentFor(GenericMetadataSupport.java:185)
	at org.mockito.internal.util.reflection.GenericMetadataSupport.getActualTypeArgumentFor(GenericMetadataSupport.java:185)
	at org.mockito.internal.util.reflection.GenericMetadataSupport.getActualTypeArgumentFor(GenericMetadataSupport.java:185)
	at org.mockito.internal.util.reflection.GenericMetadataSupport.getActualTypeArgumentFor(GenericMetadataSupport.java:185)
	at org.mockito.internal.util.reflection.GenericMetadataSupport.getActualTypeArgumentFor(GenericMetadataSupport.java:185)
	at org.mockito.internal.util.reflection.GenericMetadataSupport.getActualTypeArgumentFor(GenericMetadataSupport.java:185)
	at org.mockito.internal.util.reflection.GenericMetadataSupport.getActualTypeArgumentFor(GenericMetadataSupport.java:185)
	at org.mockito.internal.util.reflection.GenericMetadataSupport.getActualTypeArgumentFor(GenericMetadataSupport.java:185)
	at org.mockito.internal.util.reflection.GenericMetadataSupport.getActualTypeArgumentFor(GenericMetadataSupport.java:185)
	at org.mockito.internal.util.reflection.GenericMetadataSupport.getActualTypeArgumentFor(GenericMetadataSupport.java:185)
	at org.mockito.internal.util.reflection.GenericMetadataSupport.getActualTypeArgumentFor(GenericMetadataSupport.java:185)
	at org.mockito.internal.util.reflection.GenericMetadataSupport.getActualTypeArgumentFor(GenericMetadataSupport.java:185)
	at org.mockito.internal.util.reflection.GenericMetadataSupport.getActualTypeArgumentFor(GenericMetadataSupport.java:185)
	at org.mockito.internal.util.reflection.GenericMetadataSupport.getActualTypeArgumentFor(GenericMetadataSupport.java:185)
	at org.mockito.internal.util.reflection.GenericMetadataSupport.getActualTypeArgumentFor(GenericMetadataSupport.java:185)
	at org.mockito.internal.util.reflection.GenericMetadataSupport.getActualTypeArgumentFor(GenericMetadataSupport.java:185)
	at org.mockito.internal.util.reflection.GenericMetadataSupport.getActualTypeArgumentFor(GenericMetadataSupport.java:185)
	at org.mockito.internal.util.reflection.GenericMetadataSupport.getActualTypeArgumentFor(GenericMetadataSupport.java:185)
	at org.mockito.internal.util.reflection.GenericMetadataSupport.getActualTypeArgumentFor(GenericMetadataSupport.java:185)
	at org.mockito.internal.util.reflection.GenericMetadataSupport.getActualTypeArgumentFor(GenericMetadataSupport.java:185)
	at org.mockito.internal.util.reflection.GenericMetadataSupport.getActualTypeArgumentFor(GenericMetadataSupport.java:185)
	at org.mockito.internal.util.reflection.GenericMetadataSupport.getActualTypeArgumentFor(GenericMetadataSupport.java:185)
	at org.mockito.internal.util.reflection.GenericMetadataSupport.getActualTypeArgumentFor(GenericMetadataSupport.java:185)
	at org.mockito.internal.util.reflection.GenericMetadataSupport.getActualTypeArgumentFor(GenericMetadataSupport.java:185)
	at org.mockito.internal.util.reflection.GenericMetadataSupport.getActualTypeArgumentFor(GenericMetadataSupport.java:185)
	at org.mockito.internal.util.reflection.GenericMetadataSupport.getActualTypeArgumentFor(GenericMetadataSupport.java:185)
	at org.mockito.internal.util.reflection.GenericMetadataSupport.getActualTypeArgumentFor(GenericMetadataSupport.java:185)
	at org.mockito.internal.util.reflection.GenericMetadataSupport.getActualTypeArgumentFor(GenericMetadataSupport.java:185)
	at org.mockito.internal.util.reflection.GenericMetadataSupport.getActualTypeArgumentFor(GenericMetadataSupport.java:185)
	at org.mockito.internal.util.reflection.GenericMetadataSupport.getActualTypeArgumentFor(GenericMetadataSupport.java:185)
	at org.mockito.internal.util.reflection.GenericMetadataSupport.getActualTypeArgumentFor(GenericMetadataSupport.java:185)
	at org.mockito.internal.util.reflection.GenericMetadataSupport.getActualTypeArgumentFor(GenericMetadataSupport.java:185)
	at org.mockito.internal.util.reflection.GenericMetadataSupport.getActualTypeArgumentFor(GenericMetadataSupport.java:185)
	at org.mockito.internal.util.reflection.GenericMetadataSupport.getActualTypeArgumentFor(GenericMetadataSupport.java:185)
	at org.mockito.internal.util.reflection.GenericMetadataSupport.getActualTypeArgumentFor(GenericMetadataSupport.java:185)
	at org.mockito.internal.util.reflection.GenericMetadataSupport.getActualTypeArgumentFor(GenericMetadataSupport.java:185)
	at org.mockito.internal.util.reflection.GenericMetadataSupport.getActualTypeArgumentFor(GenericMetadataSupport.java:185)
	at org.mockito.internal.util.reflection.GenericMetadataSupport.getActualTypeArgumentFor(GenericMetadataSupport.java:185)
	at org.mockito.internal.util.reflection.GenericMetadataSupport.getActualTypeArgumentFor(GenericMetadataSupport.java:185)
	at org.mockito.internal.util.reflection.GenericMetadataSupport.getActualTypeArgumentFor(GenericMetadataSupport.java:185)
	at org.mockito.internal.util.reflection.GenericMetadataSupport.getActualTypeArgumentFor(GenericMetadataSupport.java:185)
	at org.mockito.internal.util.reflection.GenericMetadataSupport.getActualTypeArgumentFor(GenericMetadataSupport.java:185)
	at org.mockito.internal.util.reflection.GenericMetadataSupport.getActualTypeArgumentFor(GenericMetadataSupport.java:185)
	at org.mockito.internal.util.reflection.GenericMetadataSupport.getActualTypeArgumentFor(GenericMetadataSupport.java:185)
	at org.mockito.internal.util.reflection.GenericMetadataSupport.getActualTypeArgumentFor(GenericMetadataSupport.java:185)
	at org.mockito.internal.util.reflection.GenericMetadataSupport.getActualTypeArgumentFor(GenericMetadataSupport.java:185)
	at org.mockito.internal.util.reflection.GenericMetadataSupport.getActualTypeArgumentFor(GenericMetadataSupport.java:185)
	at org.mockito.internal.util.reflection.GenericMetadataSupport.getActualTypeArgumentFor(GenericMetadataSupport.java:185)
	at org.mockito.internal.util.reflection.GenericMetadataSupport.getActualTypeArgumentFor(GenericMetadataSupport.java:185)
	at org.mockito.internal.util.reflection.GenericMetadataSupport.getActualTypeArgumentFor(GenericMetadataSupport.java:185)
	at org.mockito.internal.util.reflection.GenericMetadataSupport.getActualTypeArgumentFor(GenericMetadataSupport.java:185)
	at org.mockito.internal.util.reflection.GenericMetadataSupport.getActualTypeArgumentFor(GenericMetadataSupport.java:185)
	at org.mockito.internal.util.reflection.GenericMetadataSupport.getActualTypeArgumentFor(GenericMetadataSupport.java:185)
	at org.mockito.internal.util.reflection.GenericMetadataSupport.getActualTypeArgumentFor(GenericMetadataSupport.java:185)
	at org.mockito.internal.util.reflection.GenericMetadataSupport.getActualTypeArgumentFor(GenericMetadataSupport.java:185)
	at org.mockito.internal.util.reflection.GenericMetadataSupport.getActualTypeArgumentFor(GenericMetadataSupport.java:185)
	at org.mockito.internal.util.reflection.GenericMetadataSupport.getActualTypeArgumentFor(GenericMetadataSupport.java:185)
	at org.mockito.internal.util.reflection.GenericMetadataSupport.getActualTypeArgumentFor(GenericMetadataSupport.java:185)
	at org.mockito.internal.util.reflection.GenericMetadataSupport.getActualTypeArgumentFor(GenericMetadataSupport.java:185)
	at org.mockito.internal.util.reflection.GenericMetadataSupport.getActualTypeArgumentFor(GenericMetadataSupport.java:185)
	at org.mockito.internal.util.reflection.GenericMetadataSupport.getActualTypeArgumentFor(GenericMetadataSupport.java:185)
	at org.mockito.internal.util.reflection.GenericMetadataSupport.getActualTypeArgumentFor(GenericMetadataSupport.java:185)
	at org.mockito.internal.util.reflection.GenericMetadataSupport.getActualTypeArgumentFor(GenericMetadataSupport.java:185)
	at org.mockito.internal.util.reflection.GenericMetadataSupport.getActualTypeArgumentFor(GenericMetadataSupport.java:185)
	at org.mockito.internal.util.reflection.GenericMetadataSupport.getActualTypeArgumentFor(GenericMetadataSupport.java:185)
	at org.mockito.internal.util.reflection.GenericMetadataSupport.getActualTypeArgumentFor(GenericMetadataSupport.java:185)
	at org.mockito.internal.util.reflection.GenericMetadataSupport.getActualTypeArgumentFor(GenericMetadataSupport.java:185)
	at org.mockito.internal.util.reflection.GenericMetadataSupport.getActualTypeArgumentFor(GenericMetadataSupport.java:185)
	at org.mockito.internal.util.reflection.GenericMetadataSupport.getActualTypeArgumentFor(GenericMetadataSupport.java:185)
	at org.mockito.internal.util.reflection.GenericMetadataSupport.getActualTypeArgumentFor(GenericMetadataSupport.java:185)
	at org.mockito.internal.util.reflection.GenericMetadataSupport.getActualTypeArgumentFor(GenericMetadataSupport.java:185)
	at org.mockito.internal.util.reflection.GenericMetadataSupport.getActualTypeArgumentFor(GenericMetadataSupport.java:185)
	at org.mockito.internal.util.reflection.GenericMetadataSupport.getActualTypeArgumentFor(GenericMetadataSupport.java:185)
	at org.mockito.internal.util.reflection.GenericMetadataSupport.getActualTypeArgumentFor(GenericMetadataSupport.java:185)
	at org.mockito.internal.util.reflection.GenericMetadataSupport.getActualTypeArgumentFor(GenericMetadataSupport.java:185)
	at org.mockito.internal.util.reflection.GenericMetadataSupport.getActualTypeArgumentFor(GenericMetadataSupport.java:185)
	at org.mockito.internal.util.reflection.GenericMetadataSupport.getActualTypeArgumentFor(GenericMetadataSupport.java:185)
	at org.mockito.internal.util.reflection.GenericMetadataSupport.getActualTypeArgumentFor(GenericMetadataSupport.java:185)
	at org.mockito.internal.util.reflection.GenericMetadataSupport.getActualTypeArgumentFor(GenericMetadataSupport.java:185)
	at org.mockito.internal.util.reflection.GenericMetadataSupport.getActualTypeArgumentFor(GenericMetadataSupport.java:185)
	at org.mockito.internal.util.reflection.GenericMetadataSupport.getActualTypeArgumentFor(GenericMetadataSupport.java:185)
	at org.mockito.internal.util.reflection.GenericMetadataSupport.getActualTypeArgumentFor(GenericMetadataSupport.java:185)
	at org.mockito.internal.util.reflection.GenericMetadataSupport.getActualTypeArgumentFor(GenericMetadataSupport.java:185)
	at org.mockito.internal.util.reflection.GenericMetadataSupport.getActualTypeArgumentFor(GenericMetadataSupport.java:185)
	at org.mockito.internal.util.reflection.GenericMetadataSupport.getActualTypeArgumentFor(GenericMetadataSupport.java:185)
	at org.mockito.internal.util.reflection.GenericMetadataSupport.getActualTypeArgumentFor(GenericMetadataSupport.java:185)
	at org.mockito.internal.util.reflection.GenericMetadataSupport.getActualTypeArgumentFor(GenericMetadataSupport.java:185)
	at org.mockito.internal.util.reflection.GenericMetadataSupport.getActualTypeArgumentFor(GenericMetadataSupport.java:185)
	at org.mockito.internal.util.reflection.GenericMetadataSupport.getActualTypeArgumentFor(GenericMetadataSupport.java:185)
	at org.mockito.internal.util.reflection.GenericMetadataSupport.getActualTypeArgumentFor(GenericMetadataSupport.java:185)
	at org.mockito.internal.util.reflection.GenericMetadataSupport.getActualTypeArgumentFor(GenericMetadataSupport.java:185)
	at org.mockito.internal.util.reflection.GenericMetadataSupport.getActualTypeArgumentFor(GenericMetadataSupport.java:185)
	at org.mockito.internal.util.reflection.GenericMetadataSupport.getActualTypeArgumentFor(GenericMetadataSupport.java:185)
	at org.mockito.internal.util.reflection.GenericMetadataSupport.getActualTypeArgumentFor(GenericMetadataSupport.java:185)
	at org.mockito.internal.util.reflection.GenericMetadataSupport.getActualTypeArgumentFor(GenericMetadataSupport.java:185)
	at org.mockito.internal.util.reflection.GenericMetadataSupport.getActualTypeArgumentFor(GenericMetadataSupport.java:185)
	at org.mockito.internal.util.reflection.GenericMetadataSupport.getActualTypeArgumentFor(GenericMetadataSupport.java:185)
	at org.mockito.internal.util.reflection.GenericMetadataSupport.getActualTypeArgumentFor(GenericMetadataSupport.java:185)
	at org.mockito.internal.util.reflection.GenericMetadataSupport.getActualTypeArgumentFor(GenericMetadataSupport.java:185)
	at org.mockito.internal.util.reflection.GenericMetadataSupport.getActualTypeArgumentFor(GenericMetadataSupport.java:185)
	at org.mockito.internal.util.reflection.GenericMetadataSupport.getActualTypeArgumentFor(GenericMetadataSupport.java:185)
	at org.mockito.internal.util.reflection.GenericMetadataSupport.getActualTypeArgumentFor(GenericMetadataSupport.java:185)
	at org.mockito.internal.util.reflection.GenericMetadataSupport.getActualTypeArgumentFor(GenericMetadataSupport.java:185)
	at org.mockito.internal.util.reflection.GenericMetadataSupport.getActualTypeArgumentFor(GenericMetadataSupport.java:185)
	at org.mockito.internal.util.reflection.GenericMetadataSupport.getActualTypeArgumentFor(GenericMetadataSupport.java:185)
	at org.mockito.internal.util.reflection.GenericMetadataSupport.getActualTypeArgumentFor(GenericMetadataSupport.java:185)
	at org.mockito.internal.util.reflection.GenericMetadataSupport.getActualTypeArgumentFor(GenericMetadataSupport.java:185)
	at org.mockito.internal.util.reflection.GenericMetadataSupport.getActualTypeArgumentFor(GenericMetadataSupport.java:185)
	at org.mockito.internal.util.reflection.GenericMetadataSupport.getActualTypeArgumentFor(GenericMetadataSupport.java:185)
	at org.mockito.internal.util.reflection.GenericMetadataSupport.getActualTypeArgumentFor(GenericMetadataSupport.java:185)
	at org.mockito.internal.util.reflection.GenericMetadataSupport.getActualTypeArgumentFor(GenericMetadataSupport.java:185)
	at org.mockito.internal.util.reflection.GenericMetadataSupport.getActualTypeArgumentFor(GenericMetadataSupport.java:185)
	at org.mockito.internal.util.reflection.GenericMetadataSupport.getActualTypeArgumentFor(GenericMetadataSupport.java:185)
	at org.mockito.internal.util.reflection.GenericMetadataSupport.getActualTypeArgumentFor(GenericMetadataSupport.java:185)
	at org.mockito.internal.util.reflection.GenericMetadataSupport.getActualTypeArgumentFor(GenericMetadataSupport.java:185)
	at org.mockito.internal.util.reflection.GenericMetadataSupport.getActualTypeArgumentFor(GenericMetadataSupport.java:185)
	at org.mockito.internal.util.reflection.GenericMetadataSupport.getActualTypeArgumentFor(GenericMetadataSupport.java:185)
	at org.mockito.internal.util.reflection.GenericMetadataSupport.getActualTypeArgumentFor(GenericMetadataSupport.java:185)
	at org.mockito.internal.util.reflection.GenericMetadataSupport.getActualTypeArgumentFor(GenericMetadataSupport.java:185)
	at org.mockito.internal.util.reflection.GenericMetadataSupport.getActualTypeArgumentFor(GenericMetadataSupport.java:185)
	at org.mockito.internal.util.reflection.GenericMetadataSupport.getActualTypeArgumentFor(GenericMetadataSupport.java:185)
	at org.mockito.internal.util.reflection.GenericMetadataSupport.getActualTypeArgumentFor(GenericMetadataSupport.java:185)
	at org.mockito.internal.util.reflection.GenericMetadataSupport.getActualTypeArgumentFor(GenericMetadataSupport.java:185)
	at org.mockito.internal.util.reflection.GenericMetadataSupport.getActualTypeArgumentFor(GenericMetadataSupport.java:185)
	at org.mockito.internal.util.reflection.GenericMetadataSupport.getActualTypeArgumentFor(GenericMetadataSupport.java:185)
	at org.mockito.internal.util.reflection.GenericMetadataSupport.getActualTypeArgumentFor(GenericMetadataSupport.java:185)
	at org.mockito.internal.util.reflection.GenericMetadataSupport.getActualTypeArgumentFor(GenericMetadataSupport.java:185)
	at org.mockito.internal.util.reflection.GenericMetadataSupport.getActualTypeArgumentFor(GenericMetadataSupport.java:185)
	at org.mockito.internal.util.reflection.GenericMetadataSupport.getActualTypeArgumentFor(GenericMetadataSupport.java:185)
	at org.mockito.internal.util.reflection.GenericMetadataSupport.getActualTypeArgumentFor(GenericMetadataSupport.java:185)
	at org.mockito.internal.util.reflection.GenericMetadataSupport.getActualTypeArgumentFor(GenericMetadataSupport.java:185)
	at org.mockito.internal.util.reflection.GenericMetadataSupport.getActualTypeArgumentFor(GenericMetadataSupport.java:185)
	at org.mockito.internal.util.reflection.GenericMetadataSupport.getActualTypeArgumentFor(GenericMetadataSupport.java:185)
	at org.mockito.internal.util.reflection.GenericMetadataSupport.getActualTypeArgumentFor(GenericMetadataSupport.java:185)
	at org.mockito.internal.util.reflection.GenericMetadataSupport.getActualTypeArgumentFor(GenericMetadataSupport.java:185)
	at org.mockito.internal.util.reflection.GenericMetadataSupport.getActualTypeArgumentFor(GenericMetadataSupport.java:185)
	at org.mockito.internal.util.reflection.GenericMetadataSupport.getActualTypeArgumentFor(GenericMetadataSupport.java:185)
	at org.mockito.internal.util.reflection.GenericMetadataSupport.getActualTypeArgumentFor(GenericMetadataSupport.java:185)
	at org.mockito.internal.util.reflection.GenericMetadataSupport.getActualTypeArgumentFor(GenericMetadataSupport.java:185)
	at org.mockito.internal.util.reflection.GenericMetadataSupport.getActualTypeArgumentFor(GenericMetadataSupport.java:185)
	at org.mockito.internal.util.reflection.GenericMetadataSupport.getActualTypeArgumentFor(GenericMetadataSupport.java:185)
	at org.mockito.internal.util.reflection.GenericMetadataSupport.getActualTypeArgumentFor(GenericMetadataSupport.java:185)
	at org.mockito.internal.util.reflection.GenericMetadataSupport.getActualTypeArgumentFor(GenericMetadataSupport.java:185)
	at org.mockito.internal.util.reflection.GenericMetadataSupport.getActualTypeArgumentFor(GenericMetadataSupport.java:185)
	at org.mockito.internal.util.reflection.GenericMetadataSupport.getActualTypeArgumentFor(GenericMetadataSupport.java:185)
	at org.mockito.internal.util.reflection.GenericMetadataSupport.getActualTypeArgumentFor(GenericMetadataSupport.java:185)
	at org.mockito.internal.util.reflection.GenericMetadataSupport.getActualTypeArgumentFor(GenericMetadataSupport.java:185)
	at org.mockito.internal.util.reflection.GenericMetadataSupport.getActualTypeArgumentFor(GenericMetadataSupport.java:185)
	at org.mockito.internal.util.reflection.GenericMetadataSupport.getActualTypeArgumentFor(GenericMetadataSupport.java:185)
	at org.mockito.internal.util.reflection.GenericMetadataSupport.getActualTypeArgumentFor(GenericMetadataSupport.java:185)
	at org.mockito.internal.util.reflection.GenericMetadataSupport.getActualTypeArgumentFor(GenericMetadataSupport.java:185)
	at org.mockito.internal.util.reflection.GenericMetadataSupport.getActualTypeArgumentFor(GenericMetadataSupport.java:185)
	at org.mockito.internal.util.reflection.GenericMetadataSupport.getActualTypeArgumentFor(GenericMetadataSupport.java:185)
	at org.mockito.internal.util.reflection.GenericMetadataSupport.getActualTypeArgumentFor(GenericMetadataSupport.java:185)
	at org.mockito.internal.util.reflection.GenericMetadataSupport.getActualTypeArgumentFor(GenericMetadataSupport.java:185)
	at org.mockito.internal.util.reflection.GenericMetadataSupport.getActualTypeArgumentFor(GenericMetadataSupport.java:185)
	at org.mockito.internal.util.reflection.GenericMetadataSupport.getActualTypeArgumentFor(GenericMetadataSupport.java:185)
	at org.mockito.internal.util.reflection.GenericMetadataSupport.getActualTypeArgumentFor(GenericMetadataSupport.java:185)
	at org.mockito.internal.util.reflection.GenericMetadataSupport.getActualTypeArgumentFor(GenericMetadataSupport.java:185)
	at org.mockito.internal.util.reflection.GenericMetadataSupport.getActualTypeArgumentFor(GenericMetadataSupport.java:185)
	at org.mockito.internal.util.reflection.GenericMetadataSupport.getActualTypeArgumentFor(GenericMetadataSupport.java:185)
	at org.mockito.internal.util.reflection.GenericMetadataSupport.getActualTypeArgumentFor(GenericMetadataSupport.java:185)
	at org.mockito.internal.util.reflection.GenericMetadataSupport.getActualTypeArgumentFor(GenericMetadataSupport.java:185)
	at org.mockito.internal.util.reflection.GenericMetadataSupport.getActualTypeArgumentFor(GenericMetadataSupport.java:185)
	at org.mockito.internal.util.reflection.GenericMetadataSupport.getActualTypeArgumentFor(GenericMetadataSupport.java:185)
	at org.mockito.internal.util.reflection.GenericMetadataSupport.getActualTypeArgumentFor(GenericMetadataSupport.java:185)
	at org.mockito.internal.util.reflection.GenericMetadataSupport.getActualTypeArgumentFor(GenericMetadataSupport.java:185)
	at org.mockito.internal.util.reflection.GenericMetadataSupport.getActualTypeArgumentFor(GenericMetadataSupport.java:185)
	at org.mockito.internal.util.reflection.GenericMetadataSupport.getActualTypeArgumentFor(GenericMetadataSupport.java:185)
	at org.mockito.internal.util.reflection.GenericMetadataSupport.getActualTypeArgumentFor(GenericMetadataSupport.java:185)
	at org.mockito.internal.util.reflection.GenericMetadataSupport.getActualTypeArgumentFor(GenericMetadataSupport.java:185)
	at org.mockito.internal.util.reflection.GenericMetadataSupport.getActualTypeArgumentFor(GenericMetadataSupport.java:185)
	at org.mockito.internal.util.reflection.GenericMetadataSupport.getActualTypeArgumentFor(GenericMetadataSupport.java:185)
	at org.mockito.internal.util.reflection.GenericMetadataSupport.getActualTypeArgumentFor(GenericMetadataSupport.java:185)
	at org.mockito.internal.util.reflection.GenericMetadataSupport.getActualTypeArgumentFor(GenericMetadataSupport.java:185)
	at org.mockito.internal.util.reflection.GenericMetadataSupport.getActualTypeArgumentFor(GenericMetadataSupport.java:185)
	at org.mockito.internal.util.reflection.GenericMetadataSupport.getActualTypeArgumentFor(GenericMetadataSupport.java:185)
	at org.mockito.internal.util.reflection.GenericMetadataSupport.getActualTypeArgumentFor(GenericMetadataSupport.java:185)
	at org.mockito.internal.util.reflection.GenericMetadataSupport.getActualTypeArgumentFor(GenericMetadataSupport.java:185)
	at org.mockito.internal.util.reflection.GenericMetadataSupport.getActualTypeArgumentFor(GenericMetadataSupport.java:185)
	at org.mockito.internal.util.reflection.GenericMetadataSupport.getActualTypeArgumentFor(GenericMetadataSupport.java:185)
	at org.mockito.internal.util.reflection.GenericMetadataSupport.getActualTypeArgumentFor(GenericMetadataSupport.java:185)
	at org.mockito.internal.util.reflection.GenericMetadataSupport.getActualTypeArgumentFor(GenericMetadataSupport.java:185)
	at org.mockito.internal.util.reflection.GenericMetadataSupport.getActualTypeArgumentFor(GenericMetadataSupport.java:185)
	at org.mockito.internal.util.reflection.GenericMetadataSupport.getActualTypeArgumentFor(GenericMetadataSupport.java:185)
	at org.mockito.internal.util.reflection.GenericMetadataSupport.getActualTypeArgumentFor(GenericMetadataSupport.java:185)
	at org.mockito.internal.util.reflection.GenericMetadataSupport.getActualTypeArgumentFor(GenericMetadataSupport.java:185)
	at org.mockito.internal.util.reflection.GenericMetadataSupport.getActualTypeArgumentFor(GenericMetadataSupport.java:185)
	at org.mockito.internal.util.reflection.GenericMetadataSupport.getActualTypeArgumentFor(GenericMetadataSupport.java:185)
	at org.mockito.internal.util.reflection.GenericMetadataSupport.getActualTypeArgumentFor(GenericMetadataSupport.java:185)
	at org.mockito.internal.util.reflection.GenericMetadataSupport.getActualTypeArgumentFor(GenericMetadataSupport.java:185)
	at org.mockito.internal.util.reflection.GenericMetadataSupport.getActualTypeArgumentFor(GenericMetadataSupport.java:185)
	at org.mockito.internal.util.reflection.GenericMetadataSupport.getActualTypeArgumentFor(GenericMetadataSupport.java:185)
	at org.mockito.internal.util.reflection.GenericMetadataSupport.getActualTypeArgumentFor(GenericMetadataSupport.java:185)
	at org.mockito.internal.util.reflection.GenericMetadataSupport.getActualTypeArgumentFor(GenericMetadataSupport.java:185)
	at org.mockito.internal.util.reflection.GenericMetadataSupport.getActualTypeArgumentFor(GenericMetadataSupport.java:185)
	at org.mockito.internal.util.reflection.GenericMetadataSupport.getActualTypeArgumentFor(GenericMetadataSupport.java:185)
	at org.mockito.internal.util.reflection.GenericMetadataSupport.getActualTypeArgumentFor(GenericMetadataSupport.java:185)
	at org.mockito.internal.util.reflection.GenericMetadataSupport.getActualTypeArgumentFor(GenericMetadataSupport.java:185)
	at org.mockito.internal.util.reflection.GenericMetadataSupport.getActualTypeArgumentFor(GenericMetadataSupport.java:185)
	at org.mockito.internal.util.reflection.GenericMetadataSupport.getActualTypeArgumentFor(GenericMetadataSupport.java:185)
	at org.mockito.internal.util.reflection.GenericMetadataSupport.getActualTypeArgumentFor(GenericMetadataSupport.java:185)
	at org.mockito.internal.util.reflection.GenericMetadataSupport.getActualTypeArgumentFor(GenericMetadataSupport.java:185)
	at org.mockito.internal.util.reflection.GenericMetadataSupport.getActualTypeArgumentFor(GenericMetadataSupport.java:185)
	at org.mockito.internal.util.reflection.GenericMetadataSupport.getActualTypeArgumentFor(GenericMetadataSupport.java:185)
	at org.mockito.internal.util.reflection.GenericMetadataSupport.getActualTypeArgumentFor(GenericMetadataSupport.java:185)
	at org.mockito.internal.util.reflection.GenericMetadataSupport.getActualTypeArgumentFor(GenericMetadataSupport.java:185)
	at org.mockito.internal.util.reflection.GenericMetadataSupport.getActualTypeArgumentFor(GenericMetadataSupport.java:185)
	at org.mockito.internal.util.reflection.GenericMetadataSupport.getActualTypeArgumentFor(GenericMetadataSupport.java:185)
	at org.mockito.internal.util.reflection.GenericMetadataSupport.getActualTypeArgumentFor(GenericMetadataSupport.java:185)
	at org.mockito.internal.util.reflection.GenericMetadataSupport.getActualTypeArgumentFor(GenericMetadataSupport.java:185)
	at org.mockito.internal.util.reflection.GenericMetadataSupport.getActualTypeArgumentFor(GenericMetadataSupport.java:185)
	at org.mockito.internal.util.reflection.GenericMetadataSupport.getActualTypeArgumentFor(GenericMetadataSupport.java:185)
	at org.mockito.internal.util.reflection.GenericMetadataSupport.getActualTypeArgumentFor(GenericMetadataSupport.java:185)
	at org.mockito.internal.util.reflection.GenericMetadataSupport.getActualTypeArgumentFor(GenericMetadataSupport.java:185)
	at org.mockito.internal.util.reflection.GenericMetadataSupport.getActualTypeArgumentFor(GenericMetadataSupport.java:185)
	at org.mockito.internal.util.reflection.GenericMetadataSupport.getActualTypeArgumentFor(GenericMetadataSupport.java:185)
	at org.mockito.internal.util.reflection.GenericMetadataSupport.getActualTypeArgumentFor(GenericMetadataSupport.java:185)
	at org.mockito.internal.util.reflection.GenericMetadataSupport.getActualTypeArgumentFor(GenericMetadataSupport.java:185)
	at org.mockito.internal.util.reflection.GenericMetadataSupport.getActualTypeArgumentFor(GenericMetadataSupport.java:185)
	at org.mockito.internal.util.reflection.GenericMetadataSupport.getActualTypeArgumentFor(GenericMetadataSupport.java:185)
	at org.mockito.internal.util.reflection.GenericMetadataSupport.getActualTypeArgumentFor(GenericMetadataSupport.java:185)
	at org.mockito.internal.util.reflection.GenericMetadataSupport.getActualTypeArgumentFor(GenericMetadataSupport.java:185)
	at org.mockito.internal.util.reflection.GenericMetadataSupport.getActualTypeArgumentFor(GenericMetadataSupport.java:185)
	at org.mockito.internal.util.reflection.GenericMetadataSupport.getActualTypeArgumentFor(GenericMetadataSupport.java:185)
	at org.mockito.internal.util.reflection.GenericMetadataSupport.getActualTypeArgumentFor(GenericMetadataSupport.java:185)
	at org.mockito.internal.util.reflection.GenericMetadataSupport.getActualTypeArgumentFor(GenericMetadataSupport.java:185)
	at org.mockito.internal.util.reflection.GenericMetadataSupport.getActualTypeArgumentFor(GenericMetadataSupport.java:185)
	at org.mockito.internal.util.reflection.GenericMetadataSupport.getActualTypeArgumentFor(GenericMetadataSupport.java:185)
	at org.mockito.internal.util.reflection.GenericMetadataSupport.getActualTypeArgumentFor(GenericMetadataSupport.java:185)
	at org.mockito.internal.util.reflection.GenericMetadataSupport.getActualTypeArgumentFor(GenericMetadataSupport.java:185)
	at org.mockito.internal.util.reflection.GenericMetadataSupport.getActualTypeArgumentFor(GenericMetadataSupport.java:185)
	at org.mockito.internal.util.reflection.GenericMetadataSupport.getActualTypeArgumentFor(GenericMetadataSupport.java:185)
	at org.mockito.internal.util.reflection.GenericMetadataSupport.getActualTypeArgumentFor(GenericMetadataSupport.java:185)
	at org.mockito.internal.util.reflection.GenericMetadataSupport.getActualTypeArgumentFor(GenericMetadataSupport.java:185)
	at org.mockito.internal.util.reflection.GenericMetadataSupport.getActualTypeArgumentFor(GenericMetadataSupport.java:185)
	at org.mockito.internal.util.reflection.GenericMetadataSupport.getActualTypeArgumentFor(GenericMetadataSupport.java:185)
	at org.mockito.internal.util.reflection.GenericMetadataSupport.getActualTypeArgumentFor(GenericMetadataSupport.java:185)
	at org.mockito.internal.util.reflection.GenericMetadataSupport.getActualTypeArgumentFor(GenericMetadataSupport.java:185)
	at org.mockito.internal.util.reflection.GenericMetadataSupport.getActualTypeArgumentFor(GenericMetadataSupport.java:185)
	at org.mockito.internal.util.reflection.GenericMetadataSupport.getActualTypeArgumentFor(GenericMetadataSupport.java:185)
	at org.mockito.internal.util.reflection.GenericMetadataSupport.getActualTypeArgumentFor(GenericMetadataSupport.java:185)
	at org.mockito.internal.util.reflection.GenericMetadataSupport.getActualTypeArgumentFor(GenericMetadataSupport.java:185)
	at org.mockito.internal.util.reflection.GenericMetadataSupport.getActualTypeArgumentFor(GenericMetadataSupport.java:185)
	at org.mockito.internal.util.reflection.GenericMetadataSupport.getActualTypeArgumentFor(GenericMetadataSupport.java:185)
	at org.mockito.internal.util.reflection.GenericMetadataSupport.getActualTypeArgumentFor(GenericMetadataSupport.java:185)
	at org.mockito.internal.util.reflection.GenericMetadataSupport.getActualTypeArgumentFor(GenericMetadataSupport.java:185)
	at org.mockito.internal.util.reflection.GenericMetadataSupport.getActualTypeArgumentFor(GenericMetadataSupport.java:185)
	at org.mockito.internal.util.reflection.GenericMetadataSupport.getActualTypeArgumentFor(GenericMetadataSupport.java:185)
	at org.mockito.internal.util.reflection.GenericMetadataSupport.getActualTypeArgumentFor(GenericMetadataSupport.java:185)
	at org.mockito.internal.util.reflection.GenericMetadataSupport.getActualTypeArgumentFor(GenericMetadataSupport.java:185)
	at org.mockito.internal.util.reflection.GenericMetadataSupport.getActualTypeArgumentFor(GenericMetadataSupport.java:185)
	at org.mockito.internal.util.reflection.GenericMetadataSupport.getActualTypeArgumentFor(GenericMetadataSupport.java:185)
	at org.mockito.internal.util.reflection.GenericMetadataSupport.getActualTypeArgumentFor(GenericMetadataSupport.java:185)
	at org.mockito.internal.util.reflection.GenericMetadataSupport.getActualTypeArgumentFor(GenericMetadataSupport.java:185)
	at org.mockito.internal.util.reflection.GenericMetadataSupport.getActualTypeArgumentFor(GenericMetadataSupport.java:185)
	at org.mockito.internal.util.reflection.GenericMetadataSupport.getActualTypeArgumentFor(GenericMetadataSupport.java:185)
	at org.mockito.internal.util.reflection.GenericMetadataSupport.getActualTypeArgumentFor(GenericMetadataSupport.java:185)
	at org.mockito.internal.util.reflection.GenericMetadataSupport.getActualTypeArgumentFor(GenericMetadataSupport.java:185)
	at org.mockito.internal.util.reflection.GenericMetadataSupport.getActualTypeArgumentFor(GenericMetadataSupport.java:185)
	at org.mockito.internal.util.reflection.GenericMetadataSupport.getActualTypeArgumentFor(GenericMetadataSupport.java:185)
	at org.mockito.internal.util.reflection.GenericMetadataSupport.getActualTypeArgumentFor(GenericMetadataSupport.java:185)
	at org.mockito.internal.util.reflection.GenericMetadataSupport.getActualTypeArgumentFor(GenericMetadataSupport.java:185)
	at org.mockito.internal.util.reflection.GenericMetadataSupport.getActualTypeArgumentFor(GenericMetadataSupport.java:185)
	at org.mockito.internal.util.reflection.GenericMetadataSupport.getActualTypeArgumentFor(GenericMetadataSupport.java:185)
	at org.mockito.internal.util.reflection.GenericMetadataSupport.getActualTypeArgumentFor(GenericMetadataSupport.java:185)
	at org.mockito.internal.util.reflection.GenericMetadataSupport.getActualTypeArgumentFor(GenericMetadataSupport.java:185)
	at org.mockito.internal.util.reflection.GenericMetadataSupport.getActualTypeArgumentFor(GenericMetadataSupport.java:185)
	at org.mockito.internal.util.reflection.GenericMetadataSupport.getActualTypeArgumentFor(GenericMetadataSupport.java:185)
	at org.mockito.internal.util.reflection.GenericMetadataSupport.getActualTypeArgumentFor(GenericMetadataSupport.java:185)
	at org.mockito.internal.util.reflection.GenericMetadataSupport.getActualTypeArgumentFor(GenericMetadataSupport.java:185)
	at org.mockito.internal.util.reflection.GenericMetadataSupport.getActualTypeArgumentFor(GenericMetadataSupport.java:185)
	at org.mockito.internal.util.reflection.GenericMetadataSupport.getActualTypeArgumentFor(GenericMetadataSupport.java:185)
	at org.mockito.internal.util.reflection.GenericMetadataSupport.getActualTypeArgumentFor(GenericMetadataSupport.java:185)
	at org.mockito.internal.util.reflection.GenericMetadataSupport.getActualTypeArgumentFor(GenericMetadataSupport.java:185)
	at org.mockito.internal.util.reflection.GenericMetadataSupport.getActualTypeArgumentFor(GenericMetadataSupport.java:185)
	at org.mockito.internal.util.reflection.GenericMetadataSupport.getActualTypeArgumentFor(GenericMetadataSupport.java:185)
	at org.mockito.internal.util.reflection.GenericMetadataSupport.getActualTypeArgumentFor(GenericMetadataSupport.java:185)
	at org.mockito.internal.util.reflection.GenericMetadataSupport.getActualTypeArgumentFor(GenericMetadataSupport.java:185)
	at org.mockito.internal.util.reflection.GenericMetadataSupport.getActualTypeArgumentFor(GenericMetadataSupport.java:185)
	at org.mockito.internal.util.reflection.GenericMetadataSupport.getActualTypeArgumentFor(GenericMetadataSupport.java:185)
	at org.mockito.internal.util.reflection.GenericMetadataSupport.getActualTypeArgumentFor(GenericMetadataSupport.java:185)
	at org.mockito.internal.util.reflection.GenericMetadataSupport.getActualTypeArgumentFor(GenericMetadataSupport.java:185)
	at org.mockito.internal.util.reflection.GenericMetadataSupport.getActualTypeArgumentFor(GenericMetadataSupport.java:185)
	at org.mockito.internal.util.reflection.GenericMetadataSupport.getActualTypeArgumentFor(GenericMetadataSupport.java:185)
	at org.mockito.internal.util.reflection.GenericMetadataSupport.getActualTypeArgumentFor(GenericMetadataSupport.java:185)
	at org.mockito.internal.util.reflection.GenericMetadataSupport.getActualTypeArgumentFor(GenericMetadataSupport.java:185)
	at org.mockito.internal.util.reflection.GenericMetadataSupport.getActualTypeArgumentFor(GenericMetadataSupport.java:185)
	at org.mockito.internal.util.reflection.GenericMetadataSupport.getActualTypeArgumentFor(GenericMetadataSupport.java:185)
	at org.mockito.internal.util.reflection.GenericMetadataSupport.getActualTypeArgumentFor(GenericMetadataSupport.java:185)
	at org.mockito.internal.util.reflection.GenericMetadataSupport.getActualTypeArgumentFor(GenericMetadataSupport.java:185)
	at org.mockito.internal.util.reflection.GenericMetadataSupport.getActualTypeArgumentFor(GenericMetadataSupport.java:185)
	at org.mockito.internal.util.reflection.GenericMetadataSupport.getActualTypeArgumentFor(GenericMetadataSupport.java:185)
	at org.mockito.internal.util.reflection.GenericMetadataSupport.getActualTypeArgumentFor(GenericMetadataSupport.java:185)
	at org.mockito.internal.util.reflection.GenericMetadataSupport.getActualTypeArgumentFor(GenericMetadataSupport.java:185)
	at org.mockito.internal.util.reflection.GenericMetadataSupport.getActualTypeArgumentFor(GenericMetadataSupport.java:185)
	at org.mockito.internal.util.reflection.GenericMetadataSupport.getActualTypeArgumentFor(GenericMetadataSupport.java:185)
	at org.mockito.internal.util.reflection.GenericMetadataSupport.getActualTypeArgumentFor(GenericMetadataSupport.java:185)
	at org.mockito.internal.util.reflection.GenericMetadataSupport.getActualTypeArgumentFor(GenericMetadataSupport.java:185)
	at org.mockito.internal.util.reflection.GenericMetadataSupport.getActualTypeArgumentFor(GenericMetadataSupport.java:185)
	at org.mockito.internal.util.reflection.GenericMetadataSupport.getActualTypeArgumentFor(GenericMetadataSupport.java:185)
	at org.mockito.internal.util.reflection.GenericMetadataSupport.getActualTypeArgumentFor(GenericMetadataSupport.java:185)
	at org.mockito.internal.util.reflection.GenericMetadataSupport.getActualTypeArgumentFor(GenericMetadataSupport.java:185)
	at org.mockito.internal.util.reflection.GenericMetadataSupport.getActualTypeArgumentFor(GenericMetadataSupport.java:185)
	at org.mockito.internal.util.reflection.GenericMetadataSupport.getActualTypeArgumentFor(GenericMetadataSupport.java:185)
	at org.mockito.internal.util.reflection.GenericMetadataSupport.getActualTypeArgumentFor(GenericMetadataSupport.java:185)
	at org.mockito.internal.util.reflection.GenericMetadataSupport.getActualTypeArgumentFor(GenericMetadataSupport.java:185)
	at org.mockito.internal.util.reflection.GenericMetadataSupport.getActualTypeArgumentFor(GenericMetadataSupport.java:185)
	at org.mockito.internal.util.reflection.GenericMetadataSupport.getActualTypeArgumentFor(GenericMetadataSupport.java:185)
	at org.mockito.internal.util.reflection.GenericMetadataSupport.getActualTypeArgumentFor(GenericMetadataSupport.java:185)
	at org.mockito.internal.util.reflection.GenericMetadataSupport.getActualTypeArgumentFor(GenericMetadataSupport.java:185)
	at org.mockito.internal.util.reflection.GenericMetadataSupport.getActualTypeArgumentFor(GenericMetadataSupport.java:185)
	at org.mockito.internal.util.reflection.GenericMetadataSupport.getActualTypeArgumentFor(GenericMetadataSupport.java:185)
	at org.mockito.internal.util.reflection.GenericMetadataSupport.getActualTypeArgumentFor(GenericMetadataSupport.java:185)
	at org.mockito.internal.util.reflection.GenericMetadataSupport.getActualTypeArgumentFor(GenericMetadataSupport.java:185)
	at org.mockito.internal.util.reflection.GenericMetadataSupport.getActualTypeArgumentFor(GenericMetadataSupport.java:185)
	at org.mockito.internal.util.reflection.GenericMetadataSupport.getActualTypeArgumentFor(GenericMetadataSupport.java:185)
	at org.mockito.internal.util.reflection.GenericMetadataSupport.getActualTypeArgumentFor(GenericMetadataSupport.java:185)
	at org.mockito.internal.util.reflection.GenericMetadataSupport.getActualTypeArgumentFor(GenericMetadataSupport.java:185)
	at org.mockito.internal.util.reflection.GenericMetadataSupport.getActualTypeArgumentFor(GenericMetadataSupport.java:185)
	at org.mockito.internal.util.reflection.GenericMetadataSupport.getActualTypeArgumentFor(GenericMetadataSupport.java:185)
	at org.mockito.internal.util.reflection.GenericMetadataSupport.getActualTypeArgumentFor(GenericMetadataSupport.java:185)
	at org.mockito.internal.util.reflection.GenericMetadataSupport.getActualTypeArgumentFor(GenericMetadataSupport.java:185)
	at org.mockito.internal.util.reflection.GenericMetadataSupport.getActualTypeArgumentFor(GenericMetadataSupport.java:185)
	at org.mockito.internal.util.reflection.GenericMetadataSupport.getActualTypeArgumentFor(GenericMetadataSupport.java:185)
	at org.mockito.internal.util.reflection.GenericMetadataSupport.getActualTypeArgumentFor(GenericMetadataSupport.java:185)
	at org.mockito.internal.util.reflection.GenericMetadataSupport.getActualTypeArgumentFor(GenericMetadataSupport.java:185)
	at org.mockito.internal.util.reflection.GenericMetadataSupport.getActualTypeArgumentFor(GenericMetadataSupport.java:185)
	at org.mockito.internal.util.reflection.GenericMetadataSupport.getActualTypeArgumentFor(GenericMetadataSupport.java:185)
	at org.mockito.internal.util.reflection.GenericMetadataSupport.getActualTypeArgumentFor(GenericMetadataSupport.java:185)
	at org.mockito.internal.util.reflection.GenericMetadataSupport.getActualTypeArgumentFor(GenericMetadataSupport.java:185)
	at org.mockito.internal.util.reflection.GenericMetadataSupport.getActualTypeArgumentFor(GenericMetadataSupport.java:185)
	at org.mockito.internal.util.reflection.GenericMetadataSupport.getActualTypeArgumentFor(GenericMetadataSupport.java:185)
	at org.mockito.internal.util.reflection.GenericMetadataSupport.getActualTypeArgumentFor(GenericMetadataSupport.java:185)
	at org.mockito.internal.util.reflection.GenericMetadataSupport.getActualTypeArgumentFor(GenericMetadataSupport.java:185)
	at org.mockito.internal.util.reflection.GenericMetadataSupport.getActualTypeArgumentFor(GenericMetadataSupport.java:185)
	at org.mockito.internal.util.reflection.GenericMetadataSupport.getActualTypeArgumentFor(GenericMetadataSupport.java:185)
	at org.mockito.internal.util.reflection.GenericMetadataSupport.getActualTypeArgumentFor(GenericMetadataSupport.java:185)
	at org.mockito.internal.util.reflection.GenericMetadataSupport.getActualTypeArgumentFor(GenericMetadataSupport.java:185)
	at org.mockito.internal.util.reflection.GenericMetadataSupport.getActualTypeArgumentFor(GenericMetadataSupport.java:185)
	at org.mockito.internal.util.reflection.GenericMetadataSupport.getActualTypeArgumentFor(GenericMetadataSupport.java:185)
	at org.mockito.internal.util.reflection.GenericMetadataSupport.getActualTypeArgumentFor(GenericMetadataSupport.java:185)
	at org.mockito.internal.util.reflection.GenericMetadataSupport.getActualTypeArgumentFor(GenericMetadataSupport.java:185)
	at org.mockito.internal.util.reflection.GenericMetadataSupport.getActualTypeArgumentFor(GenericMetadataSupport.java:185)
	at org.mockito.internal.util.reflection.GenericMetadataSupport.getActualTypeArgumentFor(GenericMetadataSupport.java:185)
	at org.mockito.internal.util.reflection.GenericMetadataSupport.getActualTypeArgumentFor(GenericMetadataSupport.java:185)
	at org.mockito.internal.util.reflection.GenericMetadataSupport.getActualTypeArgumentFor(GenericMetadataSupport.java:185)
	at org.mockito.internal.util.reflection.GenericMetadataSupport.getActualTypeArgumentFor(GenericMetadataSupport.java:185)
	at org.mockito.internal.util.reflection.GenericMetadataSupport.getActualTypeArgumentFor(GenericMetadataSupport.java:185)
	at org.mockito.internal.util.reflection.GenericMetadataSupport.getActualTypeArgumentFor(GenericMetadataSupport.java:185)
	at org.mockito.internal.util.reflection.GenericMetadataSupport.getActualTypeArgumentFor(GenericMetadataSupport.java:185)
	at org.mockito.internal.util.reflection.GenericMetadataSupport.getActualTypeArgumentFor(GenericMetadataSupport.java:185)
	at org.mockito.internal.util.reflection.GenericMetadataSupport.getActualTypeArgumentFor(GenericMetadataSupport.java:185)
	at org.mockito.internal.util.reflection.GenericMetadataSupport.getActualTypeArgumentFor(GenericMetadataSupport.java:185)
	at org.mockito.internal.util.reflection.GenericMetadataSupport.getActualTypeArgumentFor(GenericMetadataSupport.java:185)
	at org.mockito.internal.util.reflection.GenericMetadataSupport.getActualTypeArgumentFor(GenericMetadataSupport.java:185)
	at org.mockito.internal.util.reflection.GenericMetadataSupport.getActualTypeArgumentFor(GenericMetadataSupport.java:185)
	at org.mockito.internal.util.reflection.GenericMetadataSupport.getActualTypeArgumentFor(GenericMetadataSupport.java:185)
	at org.mockito.internal.util.reflection.GenericMetadataSupport.getActualTypeArgumentFor(GenericMetadataSupport.java:185)
	at org.mockito.internal.util.reflection.GenericMetadataSupport.getActualTypeArgumentFor(GenericMetadataSupport.java:185)
	at org.mockito.internal.util.reflection.GenericMetadataSupport.getActualTypeArgumentFor(GenericMetadataSupport.java:185)
	at org.mockito.internal.util.reflection.GenericMetadataSupport.getActualTypeArgumentFor(GenericMetadataSupport.java:185)
	at org.mockito.internal.util.reflection.GenericMetadataSupport.getActualTypeArgumentFor(GenericMetadataSupport.java:185)
	at org.mockito.internal.util.reflection.GenericMetadataSupport.getActualTypeArgumentFor(GenericMetadataSupport.java:185)
	at org.mockito.internal.util.reflection.GenericMetadataSupport.getActualTypeArgumentFor(GenericMetadataSupport.java:185)
	at org.mockito.internal.util.reflection.GenericMetadataSupport.getActualTypeArgumentFor(GenericMetadataSupport.java:185)
	at org.mockito.internal.util.reflection.GenericMetadataSupport.getActualTypeArgumentFor(GenericMetadataSupport.java:185)
	at org.mockito.internal.util.reflection.GenericMetadataSupport.getActualTypeArgumentFor(GenericMetadataSupport.java:185)
	at org.mockito.internal.util.reflection.GenericMetadataSupport.getActualTypeArgumentFor(GenericMetadataSupport.java:185)
	at org.mockito.internal.util.reflection.GenericMetadataSupport.getActualTypeArgumentFor(GenericMetadataSupport.java:185)
	at org.mockito.internal.util.reflection.GenericMetadataSupport.getActualTypeArgumentFor(GenericMetadataSupport.java:185)

Running org.mockito.internal.util.reflection.GenericMasterTest
Tests run: 3, Failures: 0, Errors: 0, Skipped: 0, Time elapsed: 0 sec
Running org.mockito.internal.util.reflection.AccessibilityChangerTest
Tests run: 2, Failures: 0, Errors: 0, Skipped: 1, Time elapsed: 0.001 sec
Running org.mockito.internal.util.reflection.ParameterizedConstructorInstantiatorTest
Tests run: 6, Failures: 0, Errors: 0, Skipped: 0, Time elapsed: 0 sec
Running org.mockito.internal.util.MockCreationValidatorTest
Tests run: 6, Failures: 0, Errors: 0, Skipped: 0, Time elapsed: 0 sec
Running org.mockito.internal.util.MockUtilTest
Tests run: 10, Failures: 0, Errors: 0, Skipped: 0, Time elapsed: 0.001 sec
Running org.mockito.internal.util.DecamelizerTest
Tests run: 1, Failures: 0, Errors: 0, Skipped: 0, Time elapsed: 0 sec
Running org.mockito.internal.util.io.IOUtilTest
Tests run: 2, Failures: 0, Errors: 0, Skipped: 0, Time elapsed: 0 sec
Running org.mockito.internal.util.MockNameImplTest
Tests run: 3, Failures: 0, Errors: 0, Skipped: 0, Time elapsed: 0 sec
Running org.mockito.internal.util.collections.IdentitySetTest
Tests run: 2, Failures: 0, Errors: 0, Skipped: 0, Time elapsed: 0 sec
Running org.mockito.internal.util.collections.HashCodeAndEqualsSafeSetTest
Tests run: 9, Failures: 0, Errors: 0, Skipped: 0, Time elapsed: 0.001 sec
Running org.mockito.internal.util.collections.ListUtilTest
Tests run: 2, Failures: 0, Errors: 0, Skipped: 0, Time elapsed: 0 sec
Running org.mockito.internal.util.ObjectMethodsGuruTest
Tests run: 4, Failures: 0, Errors: 0, Skipped: 0, Time elapsed: 0 sec
Running org.mockito.internal.util.SimpleMockitoLoggerTest
Tests run: 1, Failures: 0, Errors: 0, Skipped: 0, Time elapsed: 0 sec
Running org.mockito.internal.configuration.ClassPathLoaderTest
Tests run: 1, Failures: 0, Errors: 0, Skipped: 0, Time elapsed: 0.002 sec
Running org.mockito.internal.configuration.injection.ConstructorInjectionTest
Tests run: 1, Failures: 0, Errors: 0, Skipped: 0, Time elapsed: 0.016 sec
Running org.mockito.internal.configuration.injection.FieldTypeAndNameComparatorTest
Tests run: 4, Failures: 0, Errors: 0, Skipped: 0, Time elapsed: 0 sec
Running org.mockito.internal.configuration.injection.SimpleArgumentResolverTest
Tests run: 3, Failures: 0, Errors: 0, Skipped: 0, Time elapsed: 0 sec
Running org.mockito.internal.configuration.plugins.PluginFileReaderTest
Tests run: 2, Failures: 0, Errors: 0, Skipped: 0, Time elapsed: 0.001 sec
Running org.mockito.internal.configuration.plugins.PluginFinderTest
Tests run: 8, Failures: 0, Errors: 0, Skipped: 0, Time elapsed: 0.009 sec
Running org.mockito.internal.configuration.MockInjectionTest
Tests run: 8, Failures: 0, Errors: 0, Skipped: 0, Time elapsed: 0.001 sec
Running org.mockito.internal.runners.util.RunnerProviderTest
Tests run: 2, Failures: 0, Errors: 0, Skipped: 0, Time elapsed: 0 sec
Running org.mockito.internal.runners.util.TestMethodsFinderTest
Tests run: 1, Failures: 0, Errors: 0, Skipped: 0, Time elapsed: 0.026 sec
Running org.mockito.internal.runners.RunnerFactoryTest
Tests run: 5, Failures: 0, Errors: 0, Skipped: 0, Time elapsed: 0.006 sec
Running org.mockito.internal.reporting.PluralizerTest
Tests run: 1, Failures: 0, Errors: 0, Skipped: 0, Time elapsed: 0 sec
Running org.mockito.internal.InvalidStateDetectionTest
Tests run: 7, Failures: 0, Errors: 0, Skipped: 0, Time elapsed: 0.013 sec
Running org.mockito.internal.InOrderImplTest
Tests run: 1, Failures: 0, Errors: 0, Skipped: 0, Time elapsed: 0 sec
Running org.mockito.internal.debugging.WarningsPrinterImplTest
Tests run: 3, Failures: 0, Errors: 0, Skipped: 0, Time elapsed: 0.011 sec
Running org.mockito.internal.debugging.LoggingListenerTest
Tests run: 4, Failures: 0, Errors: 0, Skipped: 0, Time elapsed: 0.003 sec
Running org.mockito.internal.debugging.WarningsFinderTest
Tests run: 3, Failures: 0, Errors: 0, Skipped: 0, Time elapsed: 0.004 sec
Running org.mockito.internal.debugging.VerboseMockInvocationLoggerTest

############ Logging method invocation #1 on mock/spy ########
iMethods.simpleMethod();
   invoked: -> at sun.reflect.NativeConstructorAccessorImpl.newInstance0(Native Method)
   has returned: "return value" (java.lang.String)


############ Logging method invocation #1 on mock/spy ########
iMethods.simpleMethod();
   invoked: -> at sun.reflect.NativeConstructorAccessorImpl.newInstance0(Native Method)
   has thrown: class org.mockito.internal.debugging.VerboseMockInvocationLoggerTest$ThirdPartyException


############ Logging method invocation #1 on mock/spy ########
iMethods.simpleMethod();
   invoked: -> at sun.reflect.NativeConstructorAccessorImpl.newInstance0(Native Method)
   has returned: "whatever" (java.lang.String)


############ Logging method invocation #1 on mock/spy ########
   stubbed: -> at sun.reflect.NativeConstructorAccessorImpl.newInstance0(Native Method)
iMethods.simpleMethod();
   invoked: -> at sun.reflect.NativeConstructorAccessorImpl.newInstance0(Native Method)
   has returned: "whatever" (java.lang.String)


############ Logging method invocation #1 on mock/spy ########
iMethods.simpleMethod();
   invoked: -> at sun.reflect.NativeConstructorAccessorImpl.newInstance0(Native Method)
   has thrown: class org.mockito.internal.debugging.VerboseMockInvocationLoggerTest$ThirdPartyException

############ Logging method invocation #2 on mock/spy ########
iMethods.simpleMethod();
   invoked: -> at sun.reflect.NativeConstructorAccessorImpl.newInstance0(Native Method)
   has thrown: class org.mockito.internal.debugging.VerboseMockInvocationLoggerTest$ThirdPartyException

############ Logging method invocation #3 on mock/spy ########
iMethods.simpleMethod();
   invoked: -> at sun.reflect.NativeConstructorAccessorImpl.newInstance0(Native Method)
   has thrown: class org.mockito.internal.debugging.VerboseMockInvocationLoggerTest$ThirdPartyException


Tests run: 6, Failures: 0, Errors: 0, Skipped: 0, Time elapsed: 0.004 sec
Running org.mockito.runners.ConsoleSpammingMockitoJUnitRunnerTest
Tests run: 1, Failures: 0, Errors: 0, Skipped: 0, Time elapsed: 0 sec
Running org.mockito.runners.RunnersValidateFrameworkUsageTest
Tests run: 3, Failures: 0, Errors: 0, Skipped: 0, Time elapsed: 0.003 sec
Running org.concurrentmockito.ThreadsShareGenerouslyStubbedMockTest
Tests run: 1, Failures: 0, Errors: 0, Skipped: 0, Time elapsed: 1.121 sec
Running org.concurrentmockito.VerificationInOrderFromMultipleThreadsTest
Tests run: 1, Failures: 0, Errors: 0, Skipped: 0, Time elapsed: 0.006 sec
Running org.concurrentmockito.ThreadVerifiesContinuoslyInteractingMockTest
Tests run: 1, Failures: 0, Errors: 0, Skipped: 0, Time elapsed: 1.09 sec
Running org.concurrentmockito.ThreadsStubSharedMockTest
Tests run: 1, Failures: 0, Errors: 0, Skipped: 1, Time elapsed: 0 sec
Running org.concurrentmockito.ThreadsRunAllTestsHalfManualTest
Tests run: 1, Failures: 0, Errors: 0, Skipped: 0, Time elapsed: 0 sec
Running org.concurrentmockito.ThreadsShareAMockTest
Tests run: 1, Failures: 0, Errors: 0, Skipped: 0, Time elapsed: 0.14 sec

Results :

Tests in error: 
  typeVariable_of_self_type(org.mockito.internal.util.reflection.GenericMetadataSupportTest)

Tests run: 1368, Failures: 0, Errors: 1, Skipped: 15

[INFO] ------------------------------------------------------------------------
[INFO] BUILD FAILURE
[INFO] ------------------------------------------------------------------------
[INFO] Total time:  17.181 s
[INFO] Finished at: 2021-07-26T19:41:45-07:00
[INFO] ------------------------------------------------------------------------
[ERROR] Failed to execute goal org.apache.maven.plugins:maven-surefire-plugin:2.12.4:test (default-test) on project test: There are test failures.
[ERROR] 
[ERROR] Please refer to /home/junyang/PR/SubjectPrograms/Mockito/8/target/surefire-reports for the individual test results.
[ERROR] -> [Help 1]
[ERROR] 
[ERROR] To see the full stack trace of the errors, re-run Maven with the -e switch.
[ERROR] Re-run Maven using the -X switch to enable full debug logging.
[ERROR] 
[ERROR] For more information about the errors and possible solutions, please read the following articles:
[ERROR] [Help 1] http://cwiki.apache.org/confluence/display/MAVEN/MojoFailureException
