[WARNING] 
[WARNING] Some problems were encountered while building the effective settings
[WARNING] expected START_TAG or END_TAG not TEXT (position: TEXT seen ...<repository> \ua0\r\n      \ua0\ua0 \ua0<i... @29:13)  @ /home/junyang/.m2/settings.xml, line 29, column 13
[WARNING] 
[INFO] Scanning for projects...
[INFO] 
[INFO] ---------------< com.google.javascript:closure-compiler >---------------
[INFO] Building Closure Compiler r@build.svnVersion@
[INFO] --------------------------------[ jar ]---------------------------------
[INFO] 
[INFO] --- maven-resources-plugin:2.6:resources (default-resources) @ closure-compiler ---
[INFO] Using 'UTF-8' encoding to copy filtered resources.
[INFO] skip non existing resourceDirectory /home/junyang/PR/SubjectPrograms/Closure/29/src/main/resources
[INFO] 
[INFO] --- maven-compiler-plugin:3.1:compile (default-compile) @ closure-compiler ---
[INFO] Changes detected - recompiling the module!
[INFO] Compiling 401 source files to /home/junyang/PR/SubjectPrograms/Closure/29/target/classes
[WARNING] bootstrap class path not set in conjunction with -source 1.6
/home/junyang/PR/SubjectPrograms/Closure/29/src/main/java/com/google/javascript/jscomp/ant/CompileTask.java:[344,58] [unchecked] unchecked conversion
[INFO] 
[INFO] --- maven-resources-plugin:2.6:copy-resources (copy-resources01) @ closure-compiler ---
[INFO] Using 'UTF-8' encoding to copy filtered resources.
[INFO] Copying 4 resources
[INFO] 
[INFO] --- maven-resources-plugin:2.6:testResources (default-testResources) @ closure-compiler ---
[INFO] Using 'UTF-8' encoding to copy filtered resources.
[INFO] skip non existing resourceDirectory /home/junyang/PR/SubjectPrograms/Closure/29/src/test/resources
[INFO] 
[INFO] --- maven-compiler-plugin:3.1:testCompile (default-testCompile) @ closure-compiler ---
[INFO] Nothing to compile - all classes are up to date
[INFO] 
[INFO] --- maven-surefire-plugin:2.18:test (default-test) @ closure-compiler ---
[INFO] Surefire report directory: /home/junyang/PR/SubjectPrograms/Closure/29/target/surefire-reports

-------------------------------------------------------
 T E S T S
-------------------------------------------------------
Running com.google.javascript.jscomp.PeepholeCollectPropertyAssignmentsTest
Tests run: 34, Failures: 0, Errors: 0, Skipped: 0, Time elapsed: 0.39 sec - in com.google.javascript.jscomp.PeepholeCollectPropertyAssignmentsTest
Running com.google.javascript.jscomp.InlinePropertiesTest
Tests run: 13, Failures: 0, Errors: 0, Skipped: 0, Time elapsed: 0.187 sec - in com.google.javascript.jscomp.InlinePropertiesTest
Running com.google.javascript.jscomp.PeepholeSubstituteAlternateSyntaxTest
Tests run: 52, Failures: 0, Errors: 0, Skipped: 0, Time elapsed: 0.918 sec - in com.google.javascript.jscomp.PeepholeSubstituteAlternateSyntaxTest
Running com.google.javascript.jscomp.VarCheckTest
Tests run: 42, Failures: 0, Errors: 0, Skipped: 0, Time elapsed: 0.071 sec - in com.google.javascript.jscomp.VarCheckTest
Running com.google.javascript.jscomp.RenameVarsTest
Tests run: 40, Failures: 0, Errors: 0, Skipped: 0, Time elapsed: 0.131 sec - in com.google.javascript.jscomp.RenameVarsTest
Running com.google.javascript.jscomp.ClosureCodeRemovalTest
Tests run: 10, Failures: 0, Errors: 0, Skipped: 0, Time elapsed: 0.015 sec - in com.google.javascript.jscomp.ClosureCodeRemovalTest
Running com.google.javascript.jscomp.DefinitionsRemoverTest
Tests run: 5, Failures: 0, Errors: 0, Skipped: 0, Time elapsed: 0.04 sec - in com.google.javascript.jscomp.DefinitionsRemoverTest
Running com.google.javascript.jscomp.CheckPathsBetweenNodesTest
Tests run: 10, Failures: 0, Errors: 0, Skipped: 0, Time elapsed: 0.06 sec - in com.google.javascript.jscomp.CheckPathsBetweenNodesTest
Running com.google.javascript.jscomp.RescopeGlobalSymbolsTest
Tests run: 7, Failures: 0, Errors: 0, Skipped: 0, Time elapsed: 0.089 sec - in com.google.javascript.jscomp.RescopeGlobalSymbolsTest
Running com.google.javascript.jscomp.JSCompilerSourceExcerptProviderTest
Tests run: 7, Failures: 0, Errors: 0, Skipped: 0, Time elapsed: 0.003 sec - in com.google.javascript.jscomp.JSCompilerSourceExcerptProviderTest
Running com.google.javascript.jscomp.DiagnosticGroupTest
Tests run: 1, Failures: 0, Errors: 0, Skipped: 0, Time elapsed: 0.001 sec - in com.google.javascript.jscomp.DiagnosticGroupTest
Running com.google.javascript.jscomp.InlineVariablesConstantsTest
Tests run: 10, Failures: 0, Errors: 0, Skipped: 0, Time elapsed: 0.09 sec - in com.google.javascript.jscomp.InlineVariablesConstantsTest
Running com.google.javascript.jscomp.SpecializeModuleTest
Tests run: 12, Failures: 0, Errors: 0, Skipped: 0, Time elapsed: 0.095 sec - in com.google.javascript.jscomp.SpecializeModuleTest
Running com.google.javascript.jscomp.GlobalNamespaceTest
Tests run: 2, Failures: 0, Errors: 0, Skipped: 0, Time elapsed: 0.001 sec - in com.google.javascript.jscomp.GlobalNamespaceTest
Running com.google.javascript.jscomp.SourceMapTest
Tests run: 4, Failures: 0, Errors: 0, Skipped: 0, Time elapsed: 0.104 sec - in com.google.javascript.jscomp.SourceMapTest
Running com.google.javascript.jscomp.StripCodeTest
Tests run: 51, Failures: 0, Errors: 0, Skipped: 0, Time elapsed: 0.112 sec - in com.google.javascript.jscomp.StripCodeTest
Running com.google.javascript.jscomp.ProcessClosurePrimitivesTest
Tests run: 81, Failures: 0, Errors: 0, Skipped: 0, Time elapsed: 0.169 sec - in com.google.javascript.jscomp.ProcessClosurePrimitivesTest
Running com.google.javascript.jscomp.CollapseAnonymousFunctionsTest
Tests run: 19, Failures: 0, Errors: 0, Skipped: 0, Time elapsed: 0.023 sec - in com.google.javascript.jscomp.CollapseAnonymousFunctionsTest
Running com.google.javascript.jscomp.FunctionToBlockMutatorTest
Tests run: 15, Failures: 0, Errors: 0, Skipped: 0, Time elapsed: 0.031 sec - in com.google.javascript.jscomp.FunctionToBlockMutatorTest
Running com.google.javascript.jscomp.CheckGlobalNamesTest
Tests run: 35, Failures: 0, Errors: 0, Skipped: 0, Time elapsed: 0.06 sec - in com.google.javascript.jscomp.CheckGlobalNamesTest
Running com.google.javascript.jscomp.NameAnonymousFunctionsTest
Tests run: 14, Failures: 0, Errors: 0, Skipped: 0, Time elapsed: 0.016 sec - in com.google.javascript.jscomp.NameAnonymousFunctionsTest
Running com.google.javascript.jscomp.VariableMapTest
Tests run: 3, Failures: 0, Errors: 0, Skipped: 0, Time elapsed: 0.003 sec - in com.google.javascript.jscomp.VariableMapTest
Running com.google.javascript.jscomp.AmbiguatePropertiesTest
Tests run: 40, Failures: 0, Errors: 0, Skipped: 0, Time elapsed: 0.26 sec - in com.google.javascript.jscomp.AmbiguatePropertiesTest
Running com.google.javascript.jscomp.ExpandJqueryAliasesTest
Tests run: 3, Failures: 0, Errors: 0, Skipped: 0, Time elapsed: 0.034 sec - in com.google.javascript.jscomp.ExpandJqueryAliasesTest
Running com.google.javascript.jscomp.FlowSensitiveInlineVariablesTest
Tests run: 64, Failures: 0, Errors: 0, Skipped: 0, Time elapsed: 0.394 sec - in com.google.javascript.jscomp.FlowSensitiveInlineVariablesTest
Running com.google.javascript.jscomp.CollapseVariableDeclarationsTest
Tests run: 5, Failures: 0, Errors: 0, Skipped: 0, Time elapsed: 0.009 sec - in com.google.javascript.jscomp.CollapseVariableDeclarationsTest
Running com.google.javascript.jscomp.PeepholeRemoveDeadCodeTest
Tests run: 78, Failures: 0, Errors: 0, Skipped: 0, Time elapsed: 0.335 sec - in com.google.javascript.jscomp.PeepholeRemoveDeadCodeTest
Running com.google.javascript.jscomp.InlineFunctionsTest
Tests run: 226, Failures: 0, Errors: 0, Skipped: 0, Time elapsed: 0.471 sec - in com.google.javascript.jscomp.InlineFunctionsTest
Running com.google.javascript.jscomp.DenormalizeTest
Tests run: 3, Failures: 0, Errors: 0, Skipped: 0, Time elapsed: 0 sec - in com.google.javascript.jscomp.DenormalizeTest
Running com.google.javascript.jscomp.PureFunctionIdentifierTest
Tests run: 109, Failures: 0, Errors: 0, Skipped: 0, Time elapsed: 1.271 sec - in com.google.javascript.jscomp.PureFunctionIdentifierTest
Running com.google.javascript.jscomp.InlineCostEstimatorTest
Tests run: 1, Failures: 0, Errors: 0, Skipped: 0, Time elapsed: 0 sec - in com.google.javascript.jscomp.InlineCostEstimatorTest
Running com.google.javascript.jscomp.PeepholeIntegrationTest
Tests run: 35, Failures: 0, Errors: 0, Skipped: 0, Time elapsed: 0.091 sec - in com.google.javascript.jscomp.PeepholeIntegrationTest
Running com.google.javascript.jscomp.AliasStringsTest
Tests run: 14, Failures: 0, Errors: 0, Skipped: 0, Time elapsed: 0.041 sec - in com.google.javascript.jscomp.AliasStringsTest
Running com.google.javascript.jscomp.CompilerTest
Tests run: 7, Failures: 0, Errors: 0, Skipped: 0, Time elapsed: 0.083 sec - in com.google.javascript.jscomp.CompilerTest
Running com.google.javascript.jscomp.CheckSideEffectsTest
Tests run: 6, Failures: 0, Errors: 0, Skipped: 0, Time elapsed: 0.046 sec - in com.google.javascript.jscomp.CheckSideEffectsTest
Running com.google.javascript.jscomp.CheckDebuggerStatementTest
Tests run: 5, Failures: 0, Errors: 0, Skipped: 0, Time elapsed: 0.009 sec - in com.google.javascript.jscomp.CheckDebuggerStatementTest
Running com.google.javascript.jscomp.ControlFlowAnalysisTest
Tests run: 41, Failures: 0, Errors: 0, Skipped: 0, Time elapsed: 0.03 sec - in com.google.javascript.jscomp.ControlFlowAnalysisTest
Running com.google.javascript.jscomp.graph.GraphColoringTest
Tests run: 7, Failures: 0, Errors: 0, Skipped: 0, Time elapsed: 0.167 sec - in com.google.javascript.jscomp.graph.GraphColoringTest
Running com.google.javascript.jscomp.graph.GraphReachabilityTest
Tests run: 1, Failures: 0, Errors: 0, Skipped: 0, Time elapsed: 0.001 sec - in com.google.javascript.jscomp.graph.GraphReachabilityTest
Running com.google.javascript.jscomp.graph.StandardUnionFindTest
Tests run: 13, Failures: 0, Errors: 0, Skipped: 0, Time elapsed: 0.005 sec - in com.google.javascript.jscomp.graph.StandardUnionFindTest
Running com.google.javascript.jscomp.graph.GraphTest
Tests run: 13, Failures: 0, Errors: 0, Skipped: 0, Time elapsed: 0.004 sec - in com.google.javascript.jscomp.graph.GraphTest
Running com.google.javascript.jscomp.graph.GraphPrunerTest
Tests run: 5, Failures: 0, Errors: 0, Skipped: 0, Time elapsed: 0.001 sec - in com.google.javascript.jscomp.graph.GraphPrunerTest
Running com.google.javascript.jscomp.RecordFunctionInformationTest
Tests run: 3, Failures: 0, Errors: 0, Skipped: 0, Time elapsed: 0.123 sec - in com.google.javascript.jscomp.RecordFunctionInformationTest
Running com.google.javascript.jscomp.parsing.IRFactoryTest
Tests run: 52, Failures: 0, Errors: 0, Skipped: 0, Time elapsed: 0.034 sec - in com.google.javascript.jscomp.parsing.IRFactoryTest
Running com.google.javascript.jscomp.parsing.ParserTest
Tests run: 96, Failures: 0, Errors: 0, Skipped: 0, Time elapsed: 0.164 sec - in com.google.javascript.jscomp.parsing.ParserTest
Running com.google.javascript.jscomp.parsing.JsDocInfoParserTest
Tests run: 385, Failures: 0, Errors: 0, Skipped: 0, Time elapsed: 0.198 sec - in com.google.javascript.jscomp.parsing.JsDocInfoParserTest
Running com.google.javascript.jscomp.parsing.JsDocTokenStreamTest
Tests run: 21, Failures: 0, Errors: 0, Skipped: 0, Time elapsed: 0.001 sec - in com.google.javascript.jscomp.parsing.JsDocTokenStreamTest
Running com.google.javascript.jscomp.SyntacticScopeCreatorTest
Tests run: 6, Failures: 0, Errors: 0, Skipped: 0, Time elapsed: 0.001 sec - in com.google.javascript.jscomp.SyntacticScopeCreatorTest
Running com.google.javascript.jscomp.MaybeReachingVariableUseTest
Tests run: 10, Failures: 0, Errors: 0, Skipped: 0, Time elapsed: 0.03 sec - in com.google.javascript.jscomp.MaybeReachingVariableUseTest
Running com.google.javascript.jscomp.NodeIteratorsTest
Tests run: 17, Failures: 0, Errors: 0, Skipped: 0, Time elapsed: 0.011 sec - in com.google.javascript.jscomp.NodeIteratorsTest
Running com.google.javascript.jscomp.GatherRawExportsTest
Tests run: 18, Failures: 0, Errors: 0, Skipped: 0, Time elapsed: 0.024 sec - in com.google.javascript.jscomp.GatherRawExportsTest
Running com.google.javascript.jscomp.CheckRequiresForConstructorsTest
Tests run: 24, Failures: 0, Errors: 0, Skipped: 0, Time elapsed: 0.053 sec - in com.google.javascript.jscomp.CheckRequiresForConstructorsTest
Running com.google.javascript.jscomp.PeepholeReplaceKnownMethodsTest
Tests run: 14, Failures: 0, Errors: 0, Skipped: 0, Time elapsed: 0.196 sec - in com.google.javascript.jscomp.PeepholeReplaceKnownMethodsTest
Running com.google.javascript.jscomp.XtbMessageBundleTest
Tests run: 1, Failures: 0, Errors: 0, Skipped: 0, Time elapsed: 0.03 sec - in com.google.javascript.jscomp.XtbMessageBundleTest
Running com.google.javascript.jscomp.NodeTraversalTest
Tests run: 6, Failures: 0, Errors: 0, Skipped: 0, Time elapsed: 0.02 sec - in com.google.javascript.jscomp.NodeTraversalTest
Running com.google.javascript.jscomp.StatementFusionTest
Tests run: 11, Failures: 0, Errors: 0, Skipped: 0, Time elapsed: 0.018 sec - in com.google.javascript.jscomp.StatementFusionTest
Running com.google.javascript.jscomp.ReplaceStringsTest
Tests run: 28, Failures: 0, Errors: 0, Skipped: 0, Time elapsed: 0.096 sec - in com.google.javascript.jscomp.ReplaceStringsTest
Running com.google.javascript.jscomp.AliasKeywordsTest
Tests run: 6, Failures: 0, Errors: 0, Skipped: 0, Time elapsed: 0.017 sec - in com.google.javascript.jscomp.AliasKeywordsTest
Running com.google.javascript.jscomp.FunctionRewriterTest
Tests run: 15, Failures: 0, Errors: 0, Skipped: 0, Time elapsed: 0.037 sec - in com.google.javascript.jscomp.FunctionRewriterTest
Running com.google.javascript.jscomp.MustBeReachingVariableDefTest
Tests run: 20, Failures: 0, Errors: 0, Skipped: 0, Time elapsed: 0.026 sec - in com.google.javascript.jscomp.MustBeReachingVariableDefTest
Running com.google.javascript.jscomp.InlineSimpleMethodsTest
Tests run: 35, Failures: 0, Errors: 0, Skipped: 0, Time elapsed: 0.068 sec - in com.google.javascript.jscomp.InlineSimpleMethodsTest
Running com.google.javascript.jscomp.CombinedCompilerPassTest
Tests run: 3, Failures: 0, Errors: 0, Skipped: 0, Time elapsed: 0.047 sec - in com.google.javascript.jscomp.CombinedCompilerPassTest
Running com.google.javascript.jscomp.StrictModeCheckTest
Tests run: 34, Failures: 0, Errors: 0, Skipped: 0, Time elapsed: 0.051 sec - in com.google.javascript.jscomp.StrictModeCheckTest
Running com.google.javascript.jscomp.IntegrationTest
Tests run: 154, Failures: 1, Errors: 0, Skipped: 0, Time elapsed: 1.244 sec <<< FAILURE! - in com.google.javascript.jscomp.IntegrationTest
testIssue724(com.google.javascript.jscomp.IntegrationTest)  Time elapsed: 0.033 sec  <<< FAILURE!
junit.framework.AssertionFailedError: 
Expected: isFunction=function(a){var b={};return a&&"[object Function]"===b.b.a(a)}
Result: isFunction=function(a){return a&&"[object Function]"===(void 0).a(a)}
Node tree inequality:
Tree1:
BLOCK [synthetic: 1]
    SCRIPT 1 [synthetic: 1] [source_file: input0] [input_id: InputId: input0]
        EXPR_RESULT 1 [source_file: input0]
            ASSIGN 1 [source_file: input0]
                NAME isFunction 1 [source_file: input0]
                FUNCTION  1 [source_file: input0]
                    NAME  1 [source_file: input0]
                    PARAM_LIST 1 [source_file: input0]
                        NAME a 1 [source_file: input0]
                    BLOCK 1 [source_file: input0]
                        VAR 1 [source_file: input0]
                            NAME b 1 [source_file: input0]
                                OBJECTLIT 1 [source_file: input0]
                        RETURN 1 [source_file: input0]
                            AND 1 [source_file: input0]
                                NAME a 1 [source_file: input0]
                                SHEQ 1 [source_file: input0]
                                    STRING [object Function] 1 [source_file: input0]
                                    CALL 1 [source_file: input0]
                                        GETPROP 1 [source_file: input0]
                                            GETPROP 1 [source_file: input0]
                                                NAME b 1 [source_file: input0]
                                                STRING b 1 [source_file: input0]
                                            STRING a 1 [source_file: input0]
                                        NAME a 1 [source_file: input0]


Tree2:
BLOCK [synthetic: 1]
    SCRIPT 1 [synthetic: 1] [source_file: i0] [input_id: InputId: i0]
        EXPR_RESULT 1 [source_file: i0]
            ASSIGN 1 [source_file: i0]
                NAME isFunction 1 [source_file: i0]
                FUNCTION  1 [source_file: i0]
                    NAME  1 [source_file: i0]
                    PARAM_LIST 1 [source_file: i0]
                        NAME a 1 [source_file: i0]
                    BLOCK 1 [source_file: i0]
                        RETURN 1 [source_file: i0]
                            AND 1 [source_file: i0]
                                NAME a 1 [source_file: i0]
                                SHEQ 1 [source_file: i0]
                                    STRING [object Function] 1 [source_file: i0]
                                    CALL 1 [source_file: i0]
                                        GETPROP 1 [source_file: i0]
                                            VOID 1 [source_file: i0]
                                                NUMBER 0.0 1 [source_file: i0]
                                            STRING a 1 [source_file: i0]
                                        NAME a 1 [source_file: i0]


Subtree1: BLOCK 1 [source_file: input0]
    VAR 1 [source_file: input0]
        NAME b 1 [source_file: input0]
            OBJECTLIT 1 [source_file: input0]
    RETURN 1 [source_file: input0]
        AND 1 [source_file: input0]
            NAME a 1 [source_file: input0]
            SHEQ 1 [source_file: input0]
                STRING [object Function] 1 [source_file: input0]
                CALL 1 [source_file: input0]
                    GETPROP 1 [source_file: input0]
                        GETPROP 1 [source_file: input0]
                            NAME b 1 [source_file: input0]
                            STRING b 1 [source_file: input0]
                        STRING a 1 [source_file: input0]
                    NAME a 1 [source_file: input0]


Subtree2: BLOCK 1 [source_file: i0]
    RETURN 1 [source_file: i0]
        AND 1 [source_file: i0]
            NAME a 1 [source_file: i0]
            SHEQ 1 [source_file: i0]
                STRING [object Function] 1 [source_file: i0]
                CALL 1 [source_file: i0]
                    GETPROP 1 [source_file: i0]
                        VOID 1 [source_file: i0]
                            NUMBER 0.0 1 [source_file: i0]
                        STRING a 1 [source_file: i0]
                    NAME a 1 [source_file: i0]

	at junit.framework.Assert.fail(Assert.java:50)
	at junit.framework.Assert.assertTrue(Assert.java:20)
	at junit.framework.Assert.assertNull(Assert.java:237)
	at com.google.javascript.jscomp.IntegrationTestCase.test(IntegrationTestCase.java:92)
	at com.google.javascript.jscomp.IntegrationTestCase.test(IntegrationTestCase.java:74)
	at com.google.javascript.jscomp.IntegrationTest.testIssue724(IntegrationTest.java:1687)

Running com.google.javascript.jscomp.VariableVisibilityAnalysisTest
Tests run: 4, Failures: 0, Errors: 0, Skipped: 0, Time elapsed: 0.024 sec - in com.google.javascript.jscomp.VariableVisibilityAnalysisTest
Running com.google.javascript.jscomp.IgnoreCajaPropertiesTest
Tests run: 5, Failures: 0, Errors: 0, Skipped: 0, Time elapsed: 0.014 sec - in com.google.javascript.jscomp.IgnoreCajaPropertiesTest
Running com.google.javascript.jscomp.CrossModuleCodeMotionTest
Tests run: 40, Failures: 0, Errors: 0, Skipped: 0, Time elapsed: 0.047 sec - in com.google.javascript.jscomp.CrossModuleCodeMotionTest
Running com.google.javascript.jscomp.CheckUnreachableCodeTest
Tests run: 20, Failures: 0, Errors: 0, Skipped: 0, Time elapsed: 0.042 sec - in com.google.javascript.jscomp.CheckUnreachableCodeTest
Running com.google.javascript.jscomp.VariableReferenceCheckTest
Tests run: 26, Failures: 0, Errors: 0, Skipped: 0, Time elapsed: 0.019 sec - in com.google.javascript.jscomp.VariableReferenceCheckTest
Running com.google.javascript.jscomp.NormalizeTest
Tests run: 32, Failures: 0, Errors: 0, Skipped: 0, Time elapsed: 0.064 sec - in com.google.javascript.jscomp.NormalizeTest
Running com.google.javascript.jscomp.GatherSideEffectSubexpressionsCallbackTest
Tests run: 7, Failures: 0, Errors: 0, Skipped: 0, Time elapsed: 0 sec - in com.google.javascript.jscomp.GatherSideEffectSubexpressionsCallbackTest
Running com.google.javascript.jscomp.deps.JsFunctionParserTest
Tests run: 5, Failures: 0, Errors: 0, Skipped: 0, Time elapsed: 0 sec - in com.google.javascript.jscomp.deps.JsFunctionParserTest
Running com.google.javascript.jscomp.deps.SortedDependenciesTest
Tests run: 5, Failures: 0, Errors: 0, Skipped: 0, Time elapsed: 0.001 sec - in com.google.javascript.jscomp.deps.SortedDependenciesTest
Running com.google.javascript.jscomp.deps.DepsFileParserTest
Tests run: 5, Failures: 0, Errors: 0, Skipped: 0, Time elapsed: 0.001 sec - in com.google.javascript.jscomp.deps.DepsFileParserTest
Running com.google.javascript.jscomp.deps.JsFileParserTest
Tests run: 9, Failures: 0, Errors: 0, Skipped: 0, Time elapsed: 0 sec - in com.google.javascript.jscomp.deps.JsFileParserTest
Running com.google.javascript.jscomp.deps.JsFileLineParserTest
Tests run: 10, Failures: 0, Errors: 0, Skipped: 0, Time elapsed: 0.017 sec - in com.google.javascript.jscomp.deps.JsFileLineParserTest
Running com.google.javascript.jscomp.ClosureOptimizePrimitivesTest
Tests run: 7, Failures: 0, Errors: 0, Skipped: 0, Time elapsed: 0.003 sec - in com.google.javascript.jscomp.ClosureOptimizePrimitivesTest
Running com.google.javascript.jscomp.UnreachableCodeEliminationTest
Tests run: 25, Failures: 0, Errors: 0, Skipped: 0, Time elapsed: 0.057 sec - in com.google.javascript.jscomp.UnreachableCodeEliminationTest
Running com.google.javascript.jscomp.DefaultCodingConventionTest
Tests run: 17, Failures: 0, Errors: 0, Skipped: 0, Time elapsed: 0.001 sec - in com.google.javascript.jscomp.DefaultCodingConventionTest
Running com.google.javascript.jscomp.AstParallelizerTest
Tests run: 4, Failures: 0, Errors: 0, Skipped: 0, Time elapsed: 0.003 sec - in com.google.javascript.jscomp.AstParallelizerTest
Running com.google.javascript.jscomp.CheckProvidesTest
Tests run: 10, Failures: 0, Errors: 0, Skipped: 0, Time elapsed: 0.004 sec - in com.google.javascript.jscomp.CheckProvidesTest
Running com.google.javascript.jscomp.LinkedFlowScopeTest
Tests run: 10, Failures: 0, Errors: 0, Skipped: 0, Time elapsed: 0.148 sec - in com.google.javascript.jscomp.LinkedFlowScopeTest
Running com.google.javascript.jscomp.ExploitAssignsTest
Tests run: 8, Failures: 0, Errors: 0, Skipped: 0, Time elapsed: 0.026 sec - in com.google.javascript.jscomp.ExploitAssignsTest
Running com.google.javascript.jscomp.RenameLabelsTest
Tests run: 3, Failures: 0, Errors: 0, Skipped: 0, Time elapsed: 0.005 sec - in com.google.javascript.jscomp.RenameLabelsTest
Running com.google.javascript.jscomp.NodeUtilTest
Tests run: 52, Failures: 0, Errors: 0, Skipped: 0, Time elapsed: 0.059 sec - in com.google.javascript.jscomp.NodeUtilTest
Running com.google.javascript.jscomp.ReplaceMessagesTest
Tests run: 26, Failures: 0, Errors: 0, Skipped: 0, Time elapsed: 0.011 sec - in com.google.javascript.jscomp.ReplaceMessagesTest
Running com.google.javascript.jscomp.RemoveUnusedNamesTest
Tests run: 7, Failures: 0, Errors: 0, Skipped: 0, Time elapsed: 0.019 sec - in com.google.javascript.jscomp.RemoveUnusedNamesTest
Running com.google.javascript.jscomp.DevirtualizePrototypeMethodsTest
Tests run: 44, Failures: 0, Errors: 0, Skipped: 0, Time elapsed: 0.116 sec - in com.google.javascript.jscomp.DevirtualizePrototypeMethodsTest
Running com.google.javascript.jscomp.CheckRegExpTest
Tests run: 1, Failures: 0, Errors: 0, Skipped: 0, Time elapsed: 0.002 sec - in com.google.javascript.jscomp.CheckRegExpTest
Running com.google.javascript.jscomp.ObjectPropertyStringPostprocessTest
Tests run: 3, Failures: 0, Errors: 0, Skipped: 0, Time elapsed: 0.001 sec - in com.google.javascript.jscomp.ObjectPropertyStringPostprocessTest
Running com.google.javascript.jscomp.SimpleFunctionAliasAnalysisTest
Tests run: 2, Failures: 0, Errors: 0, Skipped: 0, Time elapsed: 0.02 sec - in com.google.javascript.jscomp.SimpleFunctionAliasAnalysisTest
Running com.google.javascript.jscomp.PeepholeFoldConstantsTest
Tests run: 57, Failures: 0, Errors: 0, Skipped: 0, Time elapsed: 1.118 sec - in com.google.javascript.jscomp.PeepholeFoldConstantsTest
Running com.google.javascript.jscomp.OptimizeArgumentsArrayTest
Tests run: 18, Failures: 0, Errors: 0, Skipped: 0, Time elapsed: 0.009 sec - in com.google.javascript.jscomp.OptimizeArgumentsArrayTest
Running com.google.javascript.jscomp.CallGraphTest
Tests run: 38, Failures: 0, Errors: 0, Skipped: 0, Time elapsed: 0.057 sec - in com.google.javascript.jscomp.CallGraphTest
Running com.google.javascript.jscomp.SanityCheckTest
Tests run: 3, Failures: 0, Errors: 0, Skipped: 0, Time elapsed: 0.037 sec - in com.google.javascript.jscomp.SanityCheckTest
Running com.google.javascript.jscomp.JsMessageExtractorTest
Tests run: 10, Failures: 0, Errors: 0, Skipped: 0, Time elapsed: 0.008 sec - in com.google.javascript.jscomp.JsMessageExtractorTest
Running com.google.javascript.jscomp.PeepholeOptimizationsPassTest
Tests run: 7, Failures: 0, Errors: 0, Skipped: 0, Time elapsed: 0.195 sec - in com.google.javascript.jscomp.PeepholeOptimizationsPassTest
Running com.google.javascript.jscomp.ExpressionDecomposerTest
Tests run: 35, Failures: 0, Errors: 0, Skipped: 0, Time elapsed: 0.023 sec - in com.google.javascript.jscomp.ExpressionDecomposerTest
Running com.google.javascript.jscomp.TypedScopeCreatorTest
Tests run: 93, Failures: 0, Errors: 0, Skipped: 0, Time elapsed: 0.126 sec - in com.google.javascript.jscomp.TypedScopeCreatorTest
Running com.google.javascript.jscomp.SymbolTableTest
Tests run: 49, Failures: 0, Errors: 0, Skipped: 0, Time elapsed: 0.453 sec - in com.google.javascript.jscomp.SymbolTableTest
Running com.google.javascript.jscomp.TypeValidatorTest
Tests run: 5, Failures: 0, Errors: 0, Skipped: 0, Time elapsed: 0.005 sec - in com.google.javascript.jscomp.TypeValidatorTest
Running com.google.javascript.jscomp.ConstCheckTest
Tests run: 28, Failures: 0, Errors: 0, Skipped: 0, Time elapsed: 0.018 sec - in com.google.javascript.jscomp.ConstCheckTest
Running com.google.javascript.jscomp.CheckMissingReturnTest
Tests run: 6, Failures: 0, Errors: 0, Skipped: 0, Time elapsed: 0.047 sec - in com.google.javascript.jscomp.CheckMissingReturnTest
Running com.google.javascript.jscomp.JSModuleGraphTest
Tests run: 10, Failures: 0, Errors: 0, Skipped: 0, Time elapsed: 0.007 sec - in com.google.javascript.jscomp.JSModuleGraphTest
Running com.google.javascript.jscomp.LiveVariableAnalysisTest
Tests run: 21, Failures: 0, Errors: 0, Skipped: 0, Time elapsed: 0.037 sec - in com.google.javascript.jscomp.LiveVariableAnalysisTest
Running com.google.javascript.jscomp.ControlStructureCheckTest
Tests run: 17, Failures: 0, Errors: 0, Skipped: 0, Time elapsed: 0.006 sec - in com.google.javascript.jscomp.ControlStructureCheckTest
Running com.google.javascript.jscomp.FunctionNamesTest
Tests run: 1, Failures: 0, Errors: 0, Skipped: 0, Time elapsed: 0 sec - in com.google.javascript.jscomp.FunctionNamesTest
Running com.google.javascript.jscomp.GlobalVarReferenceMapTest
Tests run: 5, Failures: 0, Errors: 0, Skipped: 0, Time elapsed: 0 sec - in com.google.javascript.jscomp.GlobalVarReferenceMapTest
Running com.google.javascript.jscomp.GroupVariableDeclarationsTest
Tests run: 7, Failures: 0, Errors: 0, Skipped: 0, Time elapsed: 0.012 sec - in com.google.javascript.jscomp.GroupVariableDeclarationsTest
Running com.google.javascript.jscomp.ReplaceCssNamesTest
Tests run: 13, Failures: 0, Errors: 0, Skipped: 0, Time elapsed: 0.027 sec - in com.google.javascript.jscomp.ReplaceCssNamesTest
Running com.google.javascript.jscomp.SourceInformationAnnotatorTest
Tests run: 1, Failures: 0, Errors: 0, Skipped: 0, Time elapsed: 0 sec - in com.google.javascript.jscomp.SourceInformationAnnotatorTest
Running com.google.javascript.jscomp.MakeDeclaredNamesUniqueTest
Tests run: 13, Failures: 0, Errors: 0, Skipped: 0, Time elapsed: 0.022 sec - in com.google.javascript.jscomp.MakeDeclaredNamesUniqueTest
Running com.google.javascript.jscomp.InferJSDocInfoTest
Tests run: 6, Failures: 0, Errors: 0, Skipped: 0, Time elapsed: 0.008 sec - in com.google.javascript.jscomp.InferJSDocInfoTest
Running com.google.javascript.jscomp.MemoizedScopeCreatorTest
Tests run: 2, Failures: 0, Errors: 0, Skipped: 0, Time elapsed: 0 sec - in com.google.javascript.jscomp.MemoizedScopeCreatorTest
Running com.google.javascript.jscomp.ConvertToDottedPropertiesTest
Tests run: 4, Failures: 0, Errors: 0, Skipped: 0, Time elapsed: 0.013 sec - in com.google.javascript.jscomp.ConvertToDottedPropertiesTest
Running com.google.javascript.jscomp.RhinoErrorReporterTest
Tests run: 1, Failures: 0, Errors: 0, Skipped: 0, Time elapsed: 0 sec - in com.google.javascript.jscomp.RhinoErrorReporterTest
Running com.google.javascript.jscomp.SemanticReverseAbstractInterpreterTest
Tests run: 29, Failures: 0, Errors: 0, Skipped: 0, Time elapsed: 0.028 sec - in com.google.javascript.jscomp.SemanticReverseAbstractInterpreterTest
Running com.google.javascript.jscomp.CommandLineRunnerTest
Tests run: 100, Failures: 0, Errors: 0, Skipped: 0, Time elapsed: 1.333 sec - in com.google.javascript.jscomp.CommandLineRunnerTest
Running com.google.javascript.jscomp.CreateSyntheticBlocksTest
Tests run: 13, Failures: 0, Errors: 0, Skipped: 0, Time elapsed: 0.036 sec - in com.google.javascript.jscomp.CreateSyntheticBlocksTest
Running com.google.javascript.jscomp.GoogleCodingConventionTest
Tests run: 16, Failures: 0, Errors: 0, Skipped: 0, Time elapsed: 0.003 sec - in com.google.javascript.jscomp.GoogleCodingConventionTest
Running com.google.javascript.jscomp.ReplaceIdGeneratorsTest
Tests run: 10, Failures: 0, Errors: 0, Skipped: 0, Time elapsed: 0.012 sec - in com.google.javascript.jscomp.ReplaceIdGeneratorsTest
Running com.google.javascript.jscomp.CoalesceVariableNamesTest
Tests run: 28, Failures: 0, Errors: 0, Skipped: 0, Time elapsed: 0.081 sec - in com.google.javascript.jscomp.CoalesceVariableNamesTest
Running com.google.javascript.jscomp.TypeCheckFunctionCheckTest
Tests run: 15, Failures: 0, Errors: 0, Skipped: 0, Time elapsed: 0.045 sec - in com.google.javascript.jscomp.TypeCheckFunctionCheckTest
Running com.google.javascript.jscomp.FunctionInjectorTest
Tests run: 131, Failures: 0, Errors: 0, Skipped: 0, Time elapsed: 0.066 sec - in com.google.javascript.jscomp.FunctionInjectorTest
Running com.google.javascript.jscomp.ReorderConstantExpressionTest
Tests run: 2, Failures: 0, Errors: 0, Skipped: 0, Time elapsed: 0.06 sec - in com.google.javascript.jscomp.ReorderConstantExpressionTest
Running com.google.javascript.jscomp.RemoveUnusedClassPropertiesTest
Tests run: 13, Failures: 0, Errors: 0, Skipped: 0, Time elapsed: 0.018 sec - in com.google.javascript.jscomp.RemoveUnusedClassPropertiesTest
Running com.google.javascript.jscomp.FixedPointGraphTraversalTest
Tests run: 9, Failures: 0, Errors: 0, Skipped: 0, Time elapsed: 0.001 sec - in com.google.javascript.jscomp.FixedPointGraphTraversalTest
Running com.google.javascript.jscomp.RenamePrototypesTest
Tests run: 12, Failures: 0, Errors: 0, Skipped: 0, Time elapsed: 0.027 sec - in com.google.javascript.jscomp.RenamePrototypesTest
Running com.google.javascript.jscomp.CrossModuleMethodMotionTest
Tests run: 24, Failures: 0, Errors: 0, Skipped: 0, Time elapsed: 0.027 sec - in com.google.javascript.jscomp.CrossModuleMethodMotionTest
Running com.google.javascript.jscomp.ProcessCommonJSModulesTest
Tests run: 6, Failures: 0, Errors: 0, Skipped: 0, Time elapsed: 0.003 sec - in com.google.javascript.jscomp.ProcessCommonJSModulesTest
Running com.google.javascript.jscomp.RuntimeTypeCheckTest
Tests run: 20, Failures: 0, Errors: 0, Skipped: 0, Time elapsed: 0.309 sec - in com.google.javascript.jscomp.RuntimeTypeCheckTest
Running com.google.javascript.jscomp.ExtractPrototypeMemberDeclarationsTest
Tests run: 12, Failures: 0, Errors: 0, Skipped: 0, Time elapsed: 0.014 sec - in com.google.javascript.jscomp.ExtractPrototypeMemberDeclarationsTest
Running com.google.javascript.jscomp.TypeInferenceTest
Tests run: 90, Failures: 0, Errors: 0, Skipped: 0, Time elapsed: 0.043 sec - in com.google.javascript.jscomp.TypeInferenceTest
Running com.google.javascript.jscomp.JsMessageVisitorTest
Tests run: 41, Failures: 0, Errors: 0, Skipped: 0, Time elapsed: 0.006 sec - in com.google.javascript.jscomp.JsMessageVisitorTest
Running com.google.javascript.jscomp.CheckGlobalThisTest
Tests run: 48, Failures: 0, Errors: 0, Skipped: 0, Time elapsed: 0.021 sec - in com.google.javascript.jscomp.CheckGlobalThisTest
Running com.google.javascript.jscomp.PrepareAstTest
Tests run: 3, Failures: 0, Errors: 0, Skipped: 0, Time elapsed: 0 sec - in com.google.javascript.jscomp.PrepareAstTest
Running com.google.javascript.jscomp.InlineObjectLiteralsTest
Tests run: 30, Failures: 4, Errors: 0, Skipped: 0, Time elapsed: 0.049 sec <<< FAILURE! - in com.google.javascript.jscomp.InlineObjectLiteralsTest
testIssue724(com.google.javascript.jscomp.InlineObjectLiteralsTest)  Time elapsed: 0.001 sec  <<< FAILURE!
junit.framework.AssertionFailedError: 
Expected: function local(){var getType;getType={};return functionToCheck&&getType.toString.apply(functionToCheck)==="[object Function]"}
Result: function local(){var JSCompiler_object_inline_toString_0;JSCompiler_object_inline_toString_0=void 0,true;return functionToCheck&&JSCompiler_object_inline_toString_0.apply(functionToCheck)==="[object Function]"}
Node tree inequality:
Tree1:
BLOCK [synthetic: 1]
    SCRIPT 1 [synthetic: 1] [source_file: expected0] [input_id: InputId: expected0]
        FUNCTION local 1 [source_file: expected0]
            NAME local 1 [source_file: expected0]
            PARAM_LIST 1 [source_file: expected0]
            BLOCK 1 [source_file: expected0]
                VAR 1 [source_file: expected0]
                    NAME getType 1 [source_file: expected0]
                EXPR_RESULT 1 [source_file: expected0]
                    ASSIGN 1 [source_file: expected0]
                        NAME getType 1 [source_file: expected0]
                        OBJECTLIT 1 [source_file: expected0]
                RETURN 1 [source_file: expected0]
                    AND 1 [source_file: expected0]
                        NAME functionToCheck 1 [source_file: expected0]
                        SHEQ 1 [source_file: expected0]
                            CALL 1 [source_file: expected0]
                                GETPROP 1 [source_file: expected0]
                                    GETPROP 1 [source_file: expected0]
                                        NAME getType 1 [source_file: expected0]
                                        STRING toString 1 [source_file: expected0]
                                    STRING apply 1 [source_file: expected0]
                                NAME functionToCheck 1 [source_file: expected0]
                            STRING [object Function] 1 [source_file: expected0]


Tree2:
BLOCK [synthetic: 1]
    SCRIPT 1 [synthetic: 1] [source_file: testcode] [input_id: InputId: testcode]
        FUNCTION local 1 [source_file: testcode]
            NAME local 1 [source_file: testcode]
            PARAM_LIST 1 [source_file: testcode]
            BLOCK 1 [source_file: testcode]
                VAR 1 [source_file: testcode]
                    NAME JSCompiler_object_inline_toString_0 1 [source_file: testcode]
                EXPR_RESULT 1 [source_file: testcode]
                    COMMA 1 [source_file: testcode]
                        ASSIGN 1 [source_file: testcode]
                            NAME JSCompiler_object_inline_toString_0 1 [source_file: testcode]
                            VOID 1 [source_file: testcode]
                                NUMBER 0.0 1 [source_file: testcode]
                        TRUE 1 [source_file: testcode]
                RETURN 1 [source_file: testcode]
                    AND 1 [source_file: testcode]
                        NAME functionToCheck 1 [source_file: testcode]
                        SHEQ 1 [source_file: testcode]
                            CALL 1 [source_file: testcode]
                                GETPROP 1 [source_file: testcode]
                                    NAME JSCompiler_object_inline_toString_0 1 [source_file: testcode]
                                    STRING apply 1 [source_file: testcode]
                                NAME functionToCheck 1 [source_file: testcode]
                            STRING [object Function] 1 [source_file: testcode]


Subtree1: NAME getType 1 [source_file: expected0]


Subtree2: NAME JSCompiler_object_inline_toString_0 1 [source_file: testcode]

	at junit.framework.Assert.fail(Assert.java:50)
	at junit.framework.Assert.assertTrue(Assert.java:20)
	at junit.framework.Assert.assertNull(Assert.java:237)
	at com.google.javascript.jscomp.CompilerTestCase.test(CompilerTestCase.java:892)
	at com.google.javascript.jscomp.CompilerTestCase.test(CompilerTestCase.java:445)
	at com.google.javascript.jscomp.CompilerTestCase.test(CompilerTestCase.java:371)
	at com.google.javascript.jscomp.CompilerTestCase.test(CompilerTestCase.java:340)
	at com.google.javascript.jscomp.CompilerTestCase.test(CompilerTestCase.java:328)
	at com.google.javascript.jscomp.InlineObjectLiteralsTest.testLocal(InlineObjectLiteralsTest.java:355)
	at com.google.javascript.jscomp.InlineObjectLiteralsTest.testSameLocal(InlineObjectLiteralsTest.java:360)
	at com.google.javascript.jscomp.InlineObjectLiteralsTest.testIssue724(InlineObjectLiteralsTest.java:344)

testObject10(com.google.javascript.jscomp.InlineObjectLiteralsTest)  Time elapsed: 0.008 sec  <<< FAILURE!
junit.framework.AssertionFailedError: 
Expected: function local(){var x={};var b=f();x={a:a,b:b};if(x.a)g(x.b)+x.c}
Result: function local(){var JSCompiler_object_inline_a_0;var JSCompiler_object_inline_b_1;var JSCompiler_object_inline_c_2;var b=f();JSCompiler_object_inline_a_0=a,JSCompiler_object_inline_b_1=b,JSCompiler_object_inline_c_2=void 0,true;if(JSCompiler_object_inline_a_0)g(JSCompiler_object_inline_b_1)+JSCompiler_object_inline_c_2}
Node tree inequality:
Tree1:
BLOCK [synthetic: 1]
    SCRIPT 1 [synthetic: 1] [source_file: expected0] [input_id: InputId: expected0]
        FUNCTION local 1 [source_file: expected0]
            NAME local 1 [source_file: expected0]
            PARAM_LIST 1 [source_file: expected0]
            BLOCK 1 [source_file: expected0]
                VAR 1 [source_file: expected0]
                    NAME x 1 [source_file: expected0]
                        OBJECTLIT 1 [source_file: expected0]
                VAR 1 [source_file: expected0]
                    NAME b 1 [source_file: expected0]
                        CALL 1 [free_call: 1] [source_file: expected0]
                            NAME f 1 [source_file: expected0]
                EXPR_RESULT 1 [source_file: expected0]
                    ASSIGN 1 [source_file: expected0]
                        NAME x 1 [source_file: expected0]
                        OBJECTLIT 1 [source_file: expected0]
                            STRING_KEY a 1 [source_file: expected0]
                                NAME a 1 [source_file: expected0]
                            STRING_KEY b 1 [source_file: expected0]
                                NAME b 1 [source_file: expected0]
                IF 1 [source_file: expected0]
                    GETPROP 1 [source_file: expected0]
                        NAME x 1 [source_file: expected0]
                        STRING a 1 [source_file: expected0]
                    BLOCK 1 [source_file: expected0]
                        EXPR_RESULT 1 [source_file: expected0]
                            ADD 1 [source_file: expected0]
                                CALL 1 [free_call: 1] [source_file: expected0]
                                    NAME g 1 [source_file: expected0]
                                    GETPROP 1 [source_file: expected0]
                                        NAME x 1 [source_file: expected0]
                                        STRING b 1 [source_file: expected0]
                                GETPROP 1 [source_file: expected0]
                                    NAME x 1 [source_file: expected0]
                                    STRING c 1 [source_file: expected0]


Tree2:
BLOCK [synthetic: 1]
    SCRIPT 1 [synthetic: 1] [source_file: testcode] [input_id: InputId: testcode]
        FUNCTION local 1 [source_file: testcode]
            NAME local 1 [source_file: testcode]
            PARAM_LIST 1 [source_file: testcode]
            BLOCK 1 [source_file: testcode]
                VAR 1 [source_file: testcode]
                    NAME JSCompiler_object_inline_a_0 1 [source_file: testcode]
                VAR 1 [source_file: testcode]
                    NAME JSCompiler_object_inline_b_1 1 [source_file: testcode]
                VAR 1 [source_file: testcode]
                    NAME JSCompiler_object_inline_c_2 1 [source_file: testcode]
                VAR 1 [source_file: testcode]
                    NAME b 1 [source_file: testcode]
                        CALL 1 [free_call: 1] [source_file: testcode]
                            NAME f 1 [source_file: testcode]
                EXPR_RESULT 1 [source_file: testcode]
                    COMMA 1 [source_file: testcode]
                        COMMA 1 [source_file: testcode]
                            COMMA 1 [source_file: testcode]
                                ASSIGN 1 [source_file: testcode]
                                    NAME JSCompiler_object_inline_a_0 1 [source_file: testcode]
                                    NAME a 1 [source_file: testcode]
                                ASSIGN 1 [source_file: testcode]
                                    NAME JSCompiler_object_inline_b_1 1 [source_file: testcode]
                                    NAME b 1 [source_file: testcode]
                            ASSIGN 1 [source_file: testcode]
                                NAME JSCompiler_object_inline_c_2 1 [source_file: testcode]
                                VOID 1 [source_file: testcode]
                                    NUMBER 0.0 1 [source_file: testcode]
                        TRUE 1 [source_file: testcode]
                IF 1 [source_file: testcode]
                    NAME JSCompiler_object_inline_a_0 1 [source_file: testcode]
                    BLOCK 1 [source_file: testcode]
                        EXPR_RESULT 1 [source_file: testcode]
                            ADD 1 [source_file: testcode]
                                CALL 1 [free_call: 1] [source_file: testcode]
                                    NAME g 1 [source_file: testcode]
                                    NAME JSCompiler_object_inline_b_1 1 [source_file: testcode]
                                NAME JSCompiler_object_inline_c_2 1 [source_file: testcode]


Subtree1: BLOCK 1 [source_file: expected0]
    VAR 1 [source_file: expected0]
        NAME x 1 [source_file: expected0]
            OBJECTLIT 1 [source_file: expected0]
    VAR 1 [source_file: expected0]
        NAME b 1 [source_file: expected0]
            CALL 1 [free_call: 1] [source_file: expected0]
                NAME f 1 [source_file: expected0]
    EXPR_RESULT 1 [source_file: expected0]
        ASSIGN 1 [source_file: expected0]
            NAME x 1 [source_file: expected0]
            OBJECTLIT 1 [source_file: expected0]
                STRING_KEY a 1 [source_file: expected0]
                    NAME a 1 [source_file: expected0]
                STRING_KEY b 1 [source_file: expected0]
                    NAME b 1 [source_file: expected0]
    IF 1 [source_file: expected0]
        GETPROP 1 [source_file: expected0]
            NAME x 1 [source_file: expected0]
            STRING a 1 [source_file: expected0]
        BLOCK 1 [source_file: expected0]
            EXPR_RESULT 1 [source_file: expected0]
                ADD 1 [source_file: expected0]
                    CALL 1 [free_call: 1] [source_file: expected0]
                        NAME g 1 [source_file: expected0]
                        GETPROP 1 [source_file: expected0]
                            NAME x 1 [source_file: expected0]
                            STRING b 1 [source_file: expected0]
                    GETPROP 1 [source_file: expected0]
                        NAME x 1 [source_file: expected0]
                        STRING c 1 [source_file: expected0]


Subtree2: BLOCK 1 [source_file: testcode]
    VAR 1 [source_file: testcode]
        NAME JSCompiler_object_inline_a_0 1 [source_file: testcode]
    VAR 1 [source_file: testcode]
        NAME JSCompiler_object_inline_b_1 1 [source_file: testcode]
    VAR 1 [source_file: testcode]
        NAME JSCompiler_object_inline_c_2 1 [source_file: testcode]
    VAR 1 [source_file: testcode]
        NAME b 1 [source_file: testcode]
            CALL 1 [free_call: 1] [source_file: testcode]
                NAME f 1 [source_file: testcode]
    EXPR_RESULT 1 [source_file: testcode]
        COMMA 1 [source_file: testcode]
            COMMA 1 [source_file: testcode]
                COMMA 1 [source_file: testcode]
                    ASSIGN 1 [source_file: testcode]
                        NAME JSCompiler_object_inline_a_0 1 [source_file: testcode]
                        NAME a 1 [source_file: testcode]
                    ASSIGN 1 [source_file: testcode]
                        NAME JSCompiler_object_inline_b_1 1 [source_file: testcode]
                        NAME b 1 [source_file: testcode]
                ASSIGN 1 [source_file: testcode]
                    NAME JSCompiler_object_inline_c_2 1 [source_file: testcode]
                    VOID 1 [source_file: testcode]
                        NUMBER 0.0 1 [source_file: testcode]
            TRUE 1 [source_file: testcode]
    IF 1 [source_file: testcode]
        NAME JSCompiler_object_inline_a_0 1 [source_file: testcode]
        BLOCK 1 [source_file: testcode]
            EXPR_RESULT 1 [source_file: testcode]
                ADD 1 [source_file: testcode]
                    CALL 1 [free_call: 1] [source_file: testcode]
                        NAME g 1 [source_file: testcode]
                        NAME JSCompiler_object_inline_b_1 1 [source_file: testcode]
                    NAME JSCompiler_object_inline_c_2 1 [source_file: testcode]

	at junit.framework.Assert.fail(Assert.java:50)
	at junit.framework.Assert.assertTrue(Assert.java:20)
	at junit.framework.Assert.assertNull(Assert.java:237)
	at com.google.javascript.jscomp.CompilerTestCase.test(CompilerTestCase.java:892)
	at com.google.javascript.jscomp.CompilerTestCase.test(CompilerTestCase.java:445)
	at com.google.javascript.jscomp.CompilerTestCase.test(CompilerTestCase.java:371)
	at com.google.javascript.jscomp.CompilerTestCase.test(CompilerTestCase.java:340)
	at com.google.javascript.jscomp.CompilerTestCase.test(CompilerTestCase.java:328)
	at com.google.javascript.jscomp.InlineObjectLiteralsTest.testLocal(InlineObjectLiteralsTest.java:355)
	at com.google.javascript.jscomp.InlineObjectLiteralsTest.testObject10(InlineObjectLiteralsTest.java:174)

testObject12(com.google.javascript.jscomp.InlineObjectLiteralsTest)  Time elapsed: 0.005 sec  <<< FAILURE!
junit.framework.AssertionFailedError: 
Expected: function local(){var a;a={x:1,y:2};f(a.x,a.y2)}
Result: function local(){var JSCompiler_object_inline_x_0;var JSCompiler_object_inline_y_1;var JSCompiler_object_inline_y2_2;JSCompiler_object_inline_x_0=1,JSCompiler_object_inline_y_1=2,JSCompiler_object_inline_y2_2=void 0,true;f(JSCompiler_object_inline_x_0,JSCompiler_object_inline_y2_2)}
Node tree inequality:
Tree1:
BLOCK [synthetic: 1]
    SCRIPT 1 [synthetic: 1] [source_file: expected0] [input_id: InputId: expected0]
        FUNCTION local 1 [source_file: expected0]
            NAME local 1 [source_file: expected0]
            PARAM_LIST 1 [source_file: expected0]
            BLOCK 1 [source_file: expected0]
                VAR 1 [source_file: expected0]
                    NAME a 1 [source_file: expected0]
                EXPR_RESULT 1 [source_file: expected0]
                    ASSIGN 1 [source_file: expected0]
                        NAME a 1 [source_file: expected0]
                        OBJECTLIT 1 [source_file: expected0]
                            STRING_KEY x 1 [source_file: expected0]
                                NUMBER 1.0 1 [source_file: expected0]
                            STRING_KEY y 1 [source_file: expected0]
                                NUMBER 2.0 1 [source_file: expected0]
                EXPR_RESULT 1 [source_file: expected0]
                    CALL 1 [free_call: 1] [source_file: expected0]
                        NAME f 1 [source_file: expected0]
                        GETPROP 1 [source_file: expected0]
                            NAME a 1 [source_file: expected0]
                            STRING x 1 [source_file: expected0]
                        GETPROP 1 [source_file: expected0]
                            NAME a 1 [source_file: expected0]
                            STRING y2 1 [source_file: expected0]


Tree2:
BLOCK [synthetic: 1]
    SCRIPT 1 [synthetic: 1] [source_file: testcode] [input_id: InputId: testcode]
        FUNCTION local 1 [source_file: testcode]
            NAME local 1 [source_file: testcode]
            PARAM_LIST 1 [source_file: testcode]
            BLOCK 1 [source_file: testcode]
                VAR 1 [source_file: testcode]
                    NAME JSCompiler_object_inline_x_0 1 [source_file: testcode]
                VAR 1 [source_file: testcode]
                    NAME JSCompiler_object_inline_y_1 1 [source_file: testcode]
                VAR 1 [source_file: testcode]
                    NAME JSCompiler_object_inline_y2_2 1 [source_file: testcode]
                EXPR_RESULT 1 [source_file: testcode]
                    COMMA 1 [source_file: testcode]
                        COMMA 1 [source_file: testcode]
                            COMMA 1 [source_file: testcode]
                                ASSIGN 1 [source_file: testcode]
                                    NAME JSCompiler_object_inline_x_0 1 [source_file: testcode]
                                    NUMBER 1.0 1 [source_file: testcode]
                                ASSIGN 1 [source_file: testcode]
                                    NAME JSCompiler_object_inline_y_1 1 [source_file: testcode]
                                    NUMBER 2.0 1 [source_file: testcode]
                            ASSIGN 1 [source_file: testcode]
                                NAME JSCompiler_object_inline_y2_2 1 [source_file: testcode]
                                VOID 1 [source_file: testcode]
                                    NUMBER 0.0 1 [source_file: testcode]
                        TRUE 1 [source_file: testcode]
                EXPR_RESULT 1 [source_file: testcode]
                    CALL 1 [free_call: 1] [source_file: testcode]
                        NAME f 1 [source_file: testcode]
                        NAME JSCompiler_object_inline_x_0 1 [source_file: testcode]
                        NAME JSCompiler_object_inline_y2_2 1 [source_file: testcode]


Subtree1: BLOCK 1 [source_file: expected0]
    VAR 1 [source_file: expected0]
        NAME a 1 [source_file: expected0]
    EXPR_RESULT 1 [source_file: expected0]
        ASSIGN 1 [source_file: expected0]
            NAME a 1 [source_file: expected0]
            OBJECTLIT 1 [source_file: expected0]
                STRING_KEY x 1 [source_file: expected0]
                    NUMBER 1.0 1 [source_file: expected0]
                STRING_KEY y 1 [source_file: expected0]
                    NUMBER 2.0 1 [source_file: expected0]
    EXPR_RESULT 1 [source_file: expected0]
        CALL 1 [free_call: 1] [source_file: expected0]
            NAME f 1 [source_file: expected0]
            GETPROP 1 [source_file: expected0]
                NAME a 1 [source_file: expected0]
                STRING x 1 [source_file: expected0]
            GETPROP 1 [source_file: expected0]
                NAME a 1 [source_file: expected0]
                STRING y2 1 [source_file: expected0]


Subtree2: BLOCK 1 [source_file: testcode]
    VAR 1 [source_file: testcode]
        NAME JSCompiler_object_inline_x_0 1 [source_file: testcode]
    VAR 1 [source_file: testcode]
        NAME JSCompiler_object_inline_y_1 1 [source_file: testcode]
    VAR 1 [source_file: testcode]
        NAME JSCompiler_object_inline_y2_2 1 [source_file: testcode]
    EXPR_RESULT 1 [source_file: testcode]
        COMMA 1 [source_file: testcode]
            COMMA 1 [source_file: testcode]
                COMMA 1 [source_file: testcode]
                    ASSIGN 1 [source_file: testcode]
                        NAME JSCompiler_object_inline_x_0 1 [source_file: testcode]
                        NUMBER 1.0 1 [source_file: testcode]
                    ASSIGN 1 [source_file: testcode]
                        NAME JSCompiler_object_inline_y_1 1 [source_file: testcode]
                        NUMBER 2.0 1 [source_file: testcode]
                ASSIGN 1 [source_file: testcode]
                    NAME JSCompiler_object_inline_y2_2 1 [source_file: testcode]
                    VOID 1 [source_file: testcode]
                        NUMBER 0.0 1 [source_file: testcode]
            TRUE 1 [source_file: testcode]
    EXPR_RESULT 1 [source_file: testcode]
        CALL 1 [free_call: 1] [source_file: testcode]
            NAME f 1 [source_file: testcode]
            NAME JSCompiler_object_inline_x_0 1 [source_file: testcode]
            NAME JSCompiler_object_inline_y2_2 1 [source_file: testcode]

	at junit.framework.Assert.fail(Assert.java:50)
	at junit.framework.Assert.assertTrue(Assert.java:20)
	at junit.framework.Assert.assertNull(Assert.java:237)
	at com.google.javascript.jscomp.CompilerTestCase.test(CompilerTestCase.java:892)
	at com.google.javascript.jscomp.CompilerTestCase.test(CompilerTestCase.java:445)
	at com.google.javascript.jscomp.CompilerTestCase.test(CompilerTestCase.java:371)
	at com.google.javascript.jscomp.CompilerTestCase.test(CompilerTestCase.java:340)
	at com.google.javascript.jscomp.CompilerTestCase.test(CompilerTestCase.java:328)
	at com.google.javascript.jscomp.InlineObjectLiteralsTest.testLocal(InlineObjectLiteralsTest.java:355)
	at com.google.javascript.jscomp.InlineObjectLiteralsTest.testObject12(InlineObjectLiteralsTest.java:215)

testObject22(com.google.javascript.jscomp.InlineObjectLiteralsTest)  Time elapsed: 0.006 sec  <<< FAILURE!
junit.framework.AssertionFailedError: 
Expected: function local(){var a;for(;1;){f(a.x,a.y);a={x:1,y:1}}}
Result: function local(){var JSCompiler_object_inline_x_0;var JSCompiler_object_inline_y_1;for(;1;){f(JSCompiler_object_inline_x_0,JSCompiler_object_inline_y_1);JSCompiler_object_inline_x_0=1,JSCompiler_object_inline_y_1=1,true}}
Node tree inequality:
Tree1:
BLOCK [synthetic: 1]
    SCRIPT 1 [synthetic: 1] [source_file: expected0] [input_id: InputId: expected0]
        FUNCTION local 1 [source_file: expected0]
            NAME local 1 [source_file: expected0]
            PARAM_LIST 1 [source_file: expected0]
            BLOCK 1 [source_file: expected0]
                VAR 1 [source_file: expected0]
                    NAME a 1 [source_file: expected0]
                FOR 1 [source_file: expected0]
                    EMPTY 1 [source_file: expected0]
                    NUMBER 1.0 1 [source_file: expected0]
                    EMPTY 1 [source_file: expected0]
                    BLOCK 1 [source_file: expected0]
                        EXPR_RESULT 1 [source_file: expected0]
                            CALL 1 [free_call: 1] [source_file: expected0]
                                NAME f 1 [source_file: expected0]
                                GETPROP 1 [source_file: expected0]
                                    NAME a 1 [source_file: expected0]
                                    STRING x 1 [source_file: expected0]
                                GETPROP 1 [source_file: expected0]
                                    NAME a 1 [source_file: expected0]
                                    STRING y 1 [source_file: expected0]
                        EXPR_RESULT 1 [source_file: expected0]
                            ASSIGN 1 [source_file: expected0]
                                NAME a 1 [source_file: expected0]
                                OBJECTLIT 1 [source_file: expected0]
                                    STRING_KEY x 1 [source_file: expected0]
                                        NUMBER 1.0 1 [source_file: expected0]
                                    STRING_KEY y 1 [source_file: expected0]
                                        NUMBER 1.0 1 [source_file: expected0]


Tree2:
BLOCK [synthetic: 1]
    SCRIPT 1 [synthetic: 1] [source_file: testcode] [input_id: InputId: testcode]
        FUNCTION local 1 [source_file: testcode]
            NAME local 1 [source_file: testcode]
            PARAM_LIST 1 [source_file: testcode]
            BLOCK 1 [source_file: testcode]
                VAR 1 [source_file: testcode]
                    NAME JSCompiler_object_inline_x_0 1 [source_file: testcode]
                VAR 1 [source_file: testcode]
                    NAME JSCompiler_object_inline_y_1 1 [source_file: testcode]
                FOR 1 [source_file: testcode]
                    EMPTY 1 [source_file: testcode]
                    NUMBER 1.0 1 [source_file: testcode]
                    EMPTY 1 [source_file: testcode]
                    BLOCK 1 [source_file: testcode]
                        EXPR_RESULT 1 [source_file: testcode]
                            CALL 1 [free_call: 1] [source_file: testcode]
                                NAME f 1 [source_file: testcode]
                                NAME JSCompiler_object_inline_x_0 1 [source_file: testcode]
                                NAME JSCompiler_object_inline_y_1 1 [source_file: testcode]
                        EXPR_RESULT 1 [source_file: testcode]
                            COMMA 1 [source_file: testcode]
                                COMMA 1 [source_file: testcode]
                                    ASSIGN 1 [source_file: testcode]
                                        NAME JSCompiler_object_inline_x_0 1 [source_file: testcode]
                                        NUMBER 1.0 1 [source_file: testcode]
                                    ASSIGN 1 [source_file: testcode]
                                        NAME JSCompiler_object_inline_y_1 1 [source_file: testcode]
                                        NUMBER 1.0 1 [source_file: testcode]
                                TRUE 1 [source_file: testcode]


Subtree1: BLOCK 1 [source_file: expected0]
    VAR 1 [source_file: expected0]
        NAME a 1 [source_file: expected0]
    FOR 1 [source_file: expected0]
        EMPTY 1 [source_file: expected0]
        NUMBER 1.0 1 [source_file: expected0]
        EMPTY 1 [source_file: expected0]
        BLOCK 1 [source_file: expected0]
            EXPR_RESULT 1 [source_file: expected0]
                CALL 1 [free_call: 1] [source_file: expected0]
                    NAME f 1 [source_file: expected0]
                    GETPROP 1 [source_file: expected0]
                        NAME a 1 [source_file: expected0]
                        STRING x 1 [source_file: expected0]
                    GETPROP 1 [source_file: expected0]
                        NAME a 1 [source_file: expected0]
                        STRING y 1 [source_file: expected0]
            EXPR_RESULT 1 [source_file: expected0]
                ASSIGN 1 [source_file: expected0]
                    NAME a 1 [source_file: expected0]
                    OBJECTLIT 1 [source_file: expected0]
                        STRING_KEY x 1 [source_file: expected0]
                            NUMBER 1.0 1 [source_file: expected0]
                        STRING_KEY y 1 [source_file: expected0]
                            NUMBER 1.0 1 [source_file: expected0]


Subtree2: BLOCK 1 [source_file: testcode]
    VAR 1 [source_file: testcode]
        NAME JSCompiler_object_inline_x_0 1 [source_file: testcode]
    VAR 1 [source_file: testcode]
        NAME JSCompiler_object_inline_y_1 1 [source_file: testcode]
    FOR 1 [source_file: testcode]
        EMPTY 1 [source_file: testcode]
        NUMBER 1.0 1 [source_file: testcode]
        EMPTY 1 [source_file: testcode]
        BLOCK 1 [source_file: testcode]
            EXPR_RESULT 1 [source_file: testcode]
                CALL 1 [free_call: 1] [source_file: testcode]
                    NAME f 1 [source_file: testcode]
                    NAME JSCompiler_object_inline_x_0 1 [source_file: testcode]
                    NAME JSCompiler_object_inline_y_1 1 [source_file: testcode]
            EXPR_RESULT 1 [source_file: testcode]
                COMMA 1 [source_file: testcode]
                    COMMA 1 [source_file: testcode]
                        ASSIGN 1 [source_file: testcode]
                            NAME JSCompiler_object_inline_x_0 1 [source_file: testcode]
                            NUMBER 1.0 1 [source_file: testcode]
                        ASSIGN 1 [source_file: testcode]
                            NAME JSCompiler_object_inline_y_1 1 [source_file: testcode]
                            NUMBER 1.0 1 [source_file: testcode]
                    TRUE 1 [source_file: testcode]

	at junit.framework.Assert.fail(Assert.java:50)
	at junit.framework.Assert.assertTrue(Assert.java:20)
	at junit.framework.Assert.assertNull(Assert.java:237)
	at com.google.javascript.jscomp.CompilerTestCase.test(CompilerTestCase.java:892)
	at com.google.javascript.jscomp.CompilerTestCase.test(CompilerTestCase.java:445)
	at com.google.javascript.jscomp.CompilerTestCase.test(CompilerTestCase.java:371)
	at com.google.javascript.jscomp.CompilerTestCase.test(CompilerTestCase.java:340)
	at com.google.javascript.jscomp.CompilerTestCase.test(CompilerTestCase.java:328)
	at com.google.javascript.jscomp.InlineObjectLiteralsTest.testLocal(InlineObjectLiteralsTest.java:355)
	at com.google.javascript.jscomp.InlineObjectLiteralsTest.testObject22(InlineObjectLiteralsTest.java:288)

Running com.google.javascript.jscomp.CollapsePropertiesTest
Tests run: 226, Failures: 0, Errors: 0, Skipped: 0, Time elapsed: 0.163 sec - in com.google.javascript.jscomp.CollapsePropertiesTest
Running com.google.javascript.jscomp.FunctionTypeBuilderTest
Tests run: 7, Failures: 0, Errors: 0, Skipped: 0, Time elapsed: 0.012 sec - in com.google.javascript.jscomp.FunctionTypeBuilderTest
Running com.google.javascript.jscomp.DotFormatterTest
Tests run: 4, Failures: 0, Errors: 0, Skipped: 0, Time elapsed: 0 sec - in com.google.javascript.jscomp.DotFormatterTest
Running com.google.javascript.jscomp.regex.CharRangesTest
Tests run: 7, Failures: 0, Errors: 0, Skipped: 0, Time elapsed: 0.047 sec - in com.google.javascript.jscomp.regex.CharRangesTest
Running com.google.javascript.jscomp.CompilerOptionsTest
Tests run: 1, Failures: 0, Errors: 0, Skipped: 0, Time elapsed: 0 sec - in com.google.javascript.jscomp.CompilerOptionsTest
Running com.google.javascript.jscomp.MarkNoSideEffectCallsTest
Tests run: 18, Failures: 0, Errors: 0, Skipped: 0, Time elapsed: 0.035 sec - in com.google.javascript.jscomp.MarkNoSideEffectCallsTest
Running com.google.javascript.jscomp.CleanupPassesTest
Tests run: 2, Failures: 0, Errors: 0, Skipped: 0, Time elapsed: 0 sec - in com.google.javascript.jscomp.CleanupPassesTest
Running com.google.javascript.jscomp.OptimizeCallsTest
Tests run: 3, Failures: 0, Errors: 0, Skipped: 0, Time elapsed: 0.016 sec - in com.google.javascript.jscomp.OptimizeCallsTest
Running com.google.javascript.jscomp.SideEffectsAnalysisTest
Tests run: 7, Failures: 0, Errors: 0, Skipped: 0, Time elapsed: 0.033 sec - in com.google.javascript.jscomp.SideEffectsAnalysisTest
Running com.google.javascript.jscomp.ParallelCompilerPassTest
Tests run: 5, Failures: 0, Errors: 0, Skipped: 0, Time elapsed: 0.033 sec - in com.google.javascript.jscomp.ParallelCompilerPassTest
Running com.google.javascript.jscomp.CheckAccidentalSemicolonTest
Tests run: 1, Failures: 0, Errors: 0, Skipped: 0, Time elapsed: 0.009 sec - in com.google.javascript.jscomp.CheckAccidentalSemicolonTest
Running com.google.javascript.jscomp.ConcreteTypeTest
Tests run: 6, Failures: 0, Errors: 0, Skipped: 0, Time elapsed: 0.009 sec - in com.google.javascript.jscomp.ConcreteTypeTest
Running com.google.javascript.jscomp.DeadAssignmentsEliminationTest
Tests run: 47, Failures: 0, Errors: 0, Skipped: 0, Time elapsed: 0.128 sec - in com.google.javascript.jscomp.DeadAssignmentsEliminationTest
Running com.google.javascript.jscomp.MinimizeExitPointsTest
Tests run: 6, Failures: 0, Errors: 0, Skipped: 0, Time elapsed: 0.067 sec - in com.google.javascript.jscomp.MinimizeExitPointsTest
Running com.google.javascript.jscomp.InstrumentFunctionsTest
Tests run: 14, Failures: 0, Errors: 0, Skipped: 0, Time elapsed: 0.072 sec - in com.google.javascript.jscomp.InstrumentFunctionsTest
Running com.google.javascript.jscomp.jsonml.SecureCompilerTest
Tests run: 1, Failures: 0, Errors: 0, Skipped: 0, Time elapsed: 0.024 sec - in com.google.javascript.jscomp.jsonml.SecureCompilerTest
Running com.google.javascript.jscomp.jsonml.JsonMLValidationTest
Tests run: 35, Failures: 0, Errors: 0, Skipped: 0, Time elapsed: 0.021 sec - in com.google.javascript.jscomp.jsonml.JsonMLValidationTest
Running com.google.javascript.jscomp.jsonml.JsonMLConversionTest
Tests run: 34, Failures: 0, Errors: 0, Skipped: 0, Time elapsed: 0.405 sec - in com.google.javascript.jscomp.jsonml.JsonMLConversionTest
Running com.google.javascript.jscomp.ProcessTweaksTest
Tests run: 35, Failures: 0, Errors: 0, Skipped: 0, Time elapsed: 0.024 sec - in com.google.javascript.jscomp.ProcessTweaksTest
Running com.google.javascript.jscomp.GenerateExportsTest
Tests run: 11, Failures: 0, Errors: 0, Skipped: 0, Time elapsed: 0.006 sec - in com.google.javascript.jscomp.GenerateExportsTest
Running com.google.javascript.jscomp.JSModuleTest
Tests run: 3, Failures: 0, Errors: 0, Skipped: 0, Time elapsed: 0 sec - in com.google.javascript.jscomp.JSModuleTest
Running com.google.javascript.jscomp.DataFlowAnalysisTest
Tests run: 7, Failures: 0, Errors: 0, Skipped: 0, Time elapsed: 0.036 sec - in com.google.javascript.jscomp.DataFlowAnalysisTest
Running com.google.javascript.jscomp.JsMessageTest
Tests run: 3, Failures: 0, Errors: 0, Skipped: 0, Time elapsed: 0.001 sec - in com.google.javascript.jscomp.JsMessageTest
Running com.google.javascript.jscomp.TypeCheckTest
Tests run: 1036, Failures: 0, Errors: 0, Skipped: 0, Time elapsed: 1.404 sec - in com.google.javascript.jscomp.TypeCheckTest
Running com.google.javascript.jscomp.RemoveTryCatchTest
Tests run: 7, Failures: 0, Errors: 0, Skipped: 0, Time elapsed: 0 sec - in com.google.javascript.jscomp.RemoveTryCatchTest
Running com.google.javascript.jscomp.NameAnonymousFunctionsMappedTest
Tests run: 13, Failures: 0, Errors: 0, Skipped: 0, Time elapsed: 0 sec - in com.google.javascript.jscomp.NameAnonymousFunctionsMappedTest
Running com.google.javascript.jscomp.AstValidatorTest
Tests run: 7, Failures: 0, Errors: 0, Skipped: 0, Time elapsed: 0.009 sec - in com.google.javascript.jscomp.AstValidatorTest
Running com.google.javascript.jscomp.PhaseOptimizerTest
Tests run: 15, Failures: 0, Errors: 0, Skipped: 0, Time elapsed: 0.036 sec - in com.google.javascript.jscomp.PhaseOptimizerTest
Running com.google.javascript.jscomp.BasicErrorManagerTest
Tests run: 9, Failures: 0, Errors: 0, Skipped: 0, Time elapsed: 0 sec - in com.google.javascript.jscomp.BasicErrorManagerTest
Running com.google.javascript.jscomp.InlineVariablesTest
Tests run: 133, Failures: 0, Errors: 0, Skipped: 0, Time elapsed: 0.239 sec - in com.google.javascript.jscomp.InlineVariablesTest
Running com.google.javascript.jscomp.ClosureReverseAbstractInterpreterTest
Tests run: 17, Failures: 0, Errors: 0, Skipped: 0, Time elapsed: 0.002 sec - in com.google.javascript.jscomp.ClosureReverseAbstractInterpreterTest
Running com.google.javascript.jscomp.OptimizeReturnsTest
Tests run: 22, Failures: 0, Errors: 0, Skipped: 0, Time elapsed: 0.018 sec - in com.google.javascript.jscomp.OptimizeReturnsTest
Running com.google.javascript.jscomp.TransformAMDToCJSModuleTest
Tests run: 7, Failures: 0, Errors: 0, Skipped: 0, Time elapsed: 0.011 sec - in com.google.javascript.jscomp.TransformAMDToCJSModuleTest
Running com.google.javascript.jscomp.PeepholeFoldWithTypesTest
Tests run: 8, Failures: 0, Errors: 0, Skipped: 0, Time elapsed: 0.008 sec - in com.google.javascript.jscomp.PeepholeFoldWithTypesTest
Running com.google.javascript.jscomp.SimpleDefinitionFinderTest
Tests run: 10, Failures: 0, Errors: 0, Skipped: 0, Time elapsed: 0.117 sec - in com.google.javascript.jscomp.SimpleDefinitionFinderTest
Running com.google.javascript.jscomp.ScopedAliasesTest
Tests run: 45, Failures: 0, Errors: 0, Skipped: 0, Time elapsed: 0.079 sec - in com.google.javascript.jscomp.ScopedAliasesTest
Running com.google.javascript.jscomp.MoveFunctionDeclarationsTest
Tests run: 4, Failures: 0, Errors: 0, Skipped: 0, Time elapsed: 0.003 sec - in com.google.javascript.jscomp.MoveFunctionDeclarationsTest
Running com.google.javascript.jscomp.RenameLocalVarsTest
Tests run: 12, Failures: 0, Errors: 0, Skipped: 0, Time elapsed: 0.014 sec - in com.google.javascript.jscomp.RenameLocalVarsTest
Running com.google.javascript.jscomp.CodePrinterTest
Tests run: 65, Failures: 0, Errors: 0, Skipped: 0, Time elapsed: 0.171 sec - in com.google.javascript.jscomp.CodePrinterTest
Running com.google.javascript.jscomp.ExportTestFunctionsTest
Tests run: 4, Failures: 0, Errors: 0, Skipped: 0, Time elapsed: 0.012 sec - in com.google.javascript.jscomp.ExportTestFunctionsTest
Running com.google.javascript.jscomp.LooseTypeCheckTest
Tests run: 787, Failures: 0, Errors: 0, Skipped: 0, Time elapsed: 0.744 sec - in com.google.javascript.jscomp.LooseTypeCheckTest
Running com.google.javascript.jscomp.RenamePropertiesTest
Tests run: 39, Failures: 0, Errors: 0, Skipped: 0, Time elapsed: 0.045 sec - in com.google.javascript.jscomp.RenamePropertiesTest
Running com.google.javascript.jscomp.AliasExternalsTest
Tests run: 23, Failures: 0, Errors: 0, Skipped: 0, Time elapsed: 0.047 sec - in com.google.javascript.jscomp.AliasExternalsTest
Running com.google.javascript.jscomp.ObjectPropertyStringPreprocessTest
Tests run: 6, Failures: 0, Errors: 0, Skipped: 0, Time elapsed: 0.001 sec - in com.google.javascript.jscomp.ObjectPropertyStringPreprocessTest
Running com.google.javascript.jscomp.ClosureCodingConventionTest
Tests run: 24, Failures: 0, Errors: 0, Skipped: 0, Time elapsed: 0.005 sec - in com.google.javascript.jscomp.ClosureCodingConventionTest
Running com.google.javascript.jscomp.CheckAccessControlsTest
Tests run: 85, Failures: 0, Errors: 0, Skipped: 0, Time elapsed: 0.103 sec - in com.google.javascript.jscomp.CheckAccessControlsTest
Running com.google.javascript.jscomp.DisambiguatePropertiesTest
Tests run: 59, Failures: 0, Errors: 0, Skipped: 0, Time elapsed: 0.149 sec - in com.google.javascript.jscomp.DisambiguatePropertiesTest
Running com.google.javascript.jscomp.RemoveUnusedVarsTest
Tests run: 82, Failures: 0, Errors: 0, Skipped: 0, Time elapsed: 0.109 sec - in com.google.javascript.jscomp.RemoveUnusedVarsTest
Running com.google.javascript.jscomp.PeepholeSimplifyRegExpTest
Tests run: 15, Failures: 0, Errors: 0, Skipped: 0, Time elapsed: 0.484 sec - in com.google.javascript.jscomp.PeepholeSimplifyRegExpTest
Running com.google.javascript.jscomp.RemoveUnusedPrototypePropertiesTest
Tests run: 30, Failures: 0, Errors: 0, Skipped: 0, Time elapsed: 0.042 sec - in com.google.javascript.jscomp.RemoveUnusedPrototypePropertiesTest
Running com.google.javascript.jscomp.LightweightMessageFormatterTest
Tests run: 12, Failures: 0, Errors: 0, Skipped: 0, Time elapsed: 0.011 sec - in com.google.javascript.jscomp.LightweightMessageFormatterTest
Running com.google.javascript.jscomp.TightenTypesTest
Tests run: 44, Failures: 0, Errors: 0, Skipped: 0, Time elapsed: 0.063 sec - in com.google.javascript.jscomp.TightenTypesTest
Running com.google.javascript.jscomp.CheckMissingGetCssNameTest
Tests run: 6, Failures: 0, Errors: 0, Skipped: 0, Time elapsed: 0.003 sec - in com.google.javascript.jscomp.CheckMissingGetCssNameTest
Running com.google.javascript.jscomp.ExternExportsPassTest
Tests run: 22, Failures: 0, Errors: 0, Skipped: 0, Time elapsed: 0.094 sec - in com.google.javascript.jscomp.ExternExportsPassTest
Running com.google.javascript.jscomp.ChainCallsTest
Tests run: 6, Failures: 0, Errors: 0, Skipped: 0, Time elapsed: 0.004 sec - in com.google.javascript.jscomp.ChainCallsTest
Running com.google.javascript.jscomp.FunctionArgumentInjectorTest
Tests run: 39, Failures: 0, Errors: 0, Skipped: 0, Time elapsed: 0.028 sec - in com.google.javascript.jscomp.FunctionArgumentInjectorTest
Running com.google.javascript.jscomp.ProcessDefinesTest
Tests run: 40, Failures: 0, Errors: 0, Skipped: 0, Time elapsed: 0.058 sec - in com.google.javascript.jscomp.ProcessDefinesTest
Running com.google.javascript.jscomp.ShadowVariablesTest
Tests run: 20, Failures: 0, Errors: 0, Skipped: 0, Time elapsed: 0.02 sec - in com.google.javascript.jscomp.ShadowVariablesTest
Running com.google.javascript.jscomp.OptimizeParametersTest
Tests run: 56, Failures: 0, Errors: 0, Skipped: 0, Time elapsed: 0.085 sec - in com.google.javascript.jscomp.OptimizeParametersTest
Running com.google.javascript.jscomp.NameAnalyzerTest
Tests run: 290, Failures: 0, Errors: 0, Skipped: 0, Time elapsed: 0.241 sec - in com.google.javascript.jscomp.NameAnalyzerTest
Running com.google.javascript.rhino.NodeTest
Tests run: 32, Failures: 0, Errors: 0, Skipped: 0, Time elapsed: 0.001 sec - in com.google.javascript.rhino.NodeTest
Running com.google.javascript.rhino.jstype.JSTypeTest
Tests run: 132, Failures: 0, Errors: 0, Skipped: 0, Time elapsed: 0.205 sec - in com.google.javascript.rhino.jstype.JSTypeTest
Running com.google.javascript.rhino.jstype.PrototypeObjectTypeTest
Tests run: 1, Failures: 0, Errors: 0, Skipped: 0, Time elapsed: 0 sec - in com.google.javascript.rhino.jstype.PrototypeObjectTypeTest
Running com.google.javascript.rhino.jstype.EnumElementTypeTest
Tests run: 2, Failures: 0, Errors: 0, Skipped: 0, Time elapsed: 0 sec - in com.google.javascript.rhino.jstype.EnumElementTypeTest
Running com.google.javascript.rhino.jstype.FunctionTypeTest
Tests run: 16, Failures: 0, Errors: 0, Skipped: 0, Time elapsed: 0.001 sec - in com.google.javascript.rhino.jstype.FunctionTypeTest
Running com.google.javascript.rhino.jstype.FunctionParamBuilderTest
Tests run: 1, Failures: 0, Errors: 0, Skipped: 0, Time elapsed: 0 sec - in com.google.javascript.rhino.jstype.FunctionParamBuilderTest
Running com.google.javascript.rhino.jstype.UnionTypeBuilderTest
Tests run: 7, Failures: 0, Errors: 0, Skipped: 0, Time elapsed: 0 sec - in com.google.javascript.rhino.jstype.UnionTypeBuilderTest
Running com.google.javascript.rhino.jstype.RecordTypeTest
Tests run: 3, Failures: 0, Errors: 0, Skipped: 0, Time elapsed: 0.001 sec - in com.google.javascript.rhino.jstype.RecordTypeTest
Running com.google.javascript.rhino.jstype.TernaryValueTest
Tests run: 7, Failures: 0, Errors: 0, Skipped: 0, Time elapsed: 0.001 sec - in com.google.javascript.rhino.jstype.TernaryValueTest
Running com.google.javascript.rhino.jstype.JSTypeRegistryTest
Tests run: 10, Failures: 0, Errors: 0, Skipped: 0, Time elapsed: 0.051 sec - in com.google.javascript.rhino.jstype.JSTypeRegistryTest
Running com.google.javascript.rhino.jstype.BooleanLiteralSetTest
Tests run: 4, Failures: 0, Errors: 0, Skipped: 0, Time elapsed: 0 sec - in com.google.javascript.rhino.jstype.BooleanLiteralSetTest
Running com.google.javascript.rhino.jstype.UnionTypeTest
Tests run: 19, Failures: 0, Errors: 0, Skipped: 0, Time elapsed: 0.005 sec - in com.google.javascript.rhino.jstype.UnionTypeTest
Running com.google.javascript.rhino.jstype.NamedTypeTest
Tests run: 2, Failures: 0, Errors: 0, Skipped: 0, Time elapsed: 0 sec - in com.google.javascript.rhino.jstype.NamedTypeTest
Running com.google.javascript.rhino.JSDocInfoTest
Tests run: 25, Failures: 0, Errors: 0, Skipped: 0, Time elapsed: 0.001 sec - in com.google.javascript.rhino.JSDocInfoTest
Running com.google.debugging.sourcemap.Base64Test
Tests run: 1, Failures: 0, Errors: 0, Skipped: 0, Time elapsed: 0 sec - in com.google.debugging.sourcemap.Base64Test
Running com.google.debugging.sourcemap.SourceMapGeneratorV3Test
Tests run: 20, Failures: 0, Errors: 0, Skipped: 0, Time elapsed: 0.122 sec - in com.google.debugging.sourcemap.SourceMapGeneratorV3Test
Running com.google.debugging.sourcemap.SourceMapGeneratorV1Test
Tests run: 15, Failures: 0, Errors: 0, Skipped: 0, Time elapsed: 0.07 sec - in com.google.debugging.sourcemap.SourceMapGeneratorV1Test
Running com.google.debugging.sourcemap.SourceMapConsumerV1Test
Tests run: 14, Failures: 0, Errors: 0, Skipped: 0, Time elapsed: 0.057 sec - in com.google.debugging.sourcemap.SourceMapConsumerV1Test
Running com.google.debugging.sourcemap.Base64VLQTest
Tests run: 5, Failures: 0, Errors: 0, Skipped: 0, Time elapsed: 0.03 sec - in com.google.debugging.sourcemap.Base64VLQTest
Running com.google.debugging.sourcemap.SourceMapConsumerV2Test
Tests run: 6, Failures: 0, Errors: 0, Skipped: 0, Time elapsed: 0.002 sec - in com.google.debugging.sourcemap.SourceMapConsumerV2Test
Running com.google.debugging.sourcemap.SourceMapGeneratorV2Test
Tests run: 16, Failures: 0, Errors: 0, Skipped: 0, Time elapsed: 0.059 sec - in com.google.debugging.sourcemap.SourceMapGeneratorV2Test

Results :

Failed tests: 
  InlineObjectLiteralsTest.testIssue724:344->testSameLocal:360->testLocal:355->CompilerTestCase.test:328->CompilerTestCase.test:340->CompilerTestCase.test:371->CompilerTestCase.test:445->CompilerTestCase.test:892 
Expected: function local(){var getType;getType={};return functionToCheck&&getType.toString.apply(functionToCheck)==="[object Function]"}
Result: function local(){var JSCompiler_object_inline_toString_0;JSCompiler_object_inline_toString_0=void 0,true;return functionToCheck&&JSCompiler_object_inline_toString_0.apply(functionToCheck)==="[object Function]"}
Node tree inequality:
Tree1:
BLOCK [synthetic: 1]
    SCRIPT 1 [synthetic: 1] [source_file: expected0] [input_id: InputId: expected0]
        FUNCTION local 1 [source_file: expected0]
            NAME local 1 [source_file: expected0]
            PARAM_LIST 1 [source_file: expected0]
            BLOCK 1 [source_file: expected0]
                VAR 1 [source_file: expected0]
                    NAME getType 1 [source_file: expected0]
                EXPR_RESULT 1 [source_file: expected0]
                    ASSIGN 1 [source_file: expected0]
                        NAME getType 1 [source_file: expected0]
                        OBJECTLIT 1 [source_file: expected0]
                RETURN 1 [source_file: expected0]
                    AND 1 [source_file: expected0]
                        NAME functionToCheck 1 [source_file: expected0]
                        SHEQ 1 [source_file: expected0]
                            CALL 1 [source_file: expected0]
                                GETPROP 1 [source_file: expected0]
                                    GETPROP 1 [source_file: expected0]
                                        NAME getType 1 [source_file: expected0]
                                        STRING toString 1 [source_file: expected0]
                                    STRING apply 1 [source_file: expected0]
                                NAME functionToCheck 1 [source_file: expected0]
                            STRING [object Function] 1 [source_file: expected0]


Tree2:
BLOCK [synthetic: 1]
    SCRIPT 1 [synthetic: 1] [source_file: testcode] [input_id: InputId: testcode]
        FUNCTION local 1 [source_file: testcode]
            NAME local 1 [source_file: testcode]
            PARAM_LIST 1 [source_file: testcode]
            BLOCK 1 [source_file: testcode]
                VAR 1 [source_file: testcode]
                    NAME JSCompiler_object_inline_toString_0 1 [source_file: testcode]
                EXPR_RESULT 1 [source_file: testcode]
                    COMMA 1 [source_file: testcode]
                        ASSIGN 1 [source_file: testcode]
                            NAME JSCompiler_object_inline_toString_0 1 [source_file: testcode]
                            VOID 1 [source_file: testcode]
                                NUMBER 0.0 1 [source_file: testcode]
                        TRUE 1 [source_file: testcode]
                RETURN 1 [source_file: testcode]
                    AND 1 [source_file: testcode]
                        NAME functionToCheck 1 [source_file: testcode]
                        SHEQ 1 [source_file: testcode]
                            CALL 1 [source_file: testcode]
                                GETPROP 1 [source_file: testcode]
                                    NAME JSCompiler_object_inline_toString_0 1 [source_file: testcode]
                                    STRING apply 1 [source_file: testcode]
                                NAME functionToCheck 1 [source_file: testcode]
                            STRING [object Function] 1 [source_file: testcode]


Subtree1: NAME getType 1 [source_file: expected0]


Subtree2: NAME JSCompiler_object_inline_toString_0 1 [source_file: testcode]

  InlineObjectLiteralsTest.testObject10:174->testLocal:355->CompilerTestCase.test:328->CompilerTestCase.test:340->CompilerTestCase.test:371->CompilerTestCase.test:445->CompilerTestCase.test:892 
Expected: function local(){var x={};var b=f();x={a:a,b:b};if(x.a)g(x.b)+x.c}
Result: function local(){var JSCompiler_object_inline_a_0;var JSCompiler_object_inline_b_1;var JSCompiler_object_inline_c_2;var b=f();JSCompiler_object_inline_a_0=a,JSCompiler_object_inline_b_1=b,JSCompiler_object_inline_c_2=void 0,true;if(JSCompiler_object_inline_a_0)g(JSCompiler_object_inline_b_1)+JSCompiler_object_inline_c_2}
Node tree inequality:
Tree1:
BLOCK [synthetic: 1]
    SCRIPT 1 [synthetic: 1] [source_file: expected0] [input_id: InputId: expected0]
        FUNCTION local 1 [source_file: expected0]
            NAME local 1 [source_file: expected0]
            PARAM_LIST 1 [source_file: expected0]
            BLOCK 1 [source_file: expected0]
                VAR 1 [source_file: expected0]
                    NAME x 1 [source_file: expected0]
                        OBJECTLIT 1 [source_file: expected0]
                VAR 1 [source_file: expected0]
                    NAME b 1 [source_file: expected0]
                        CALL 1 [free_call: 1] [source_file: expected0]
                            NAME f 1 [source_file: expected0]
                EXPR_RESULT 1 [source_file: expected0]
                    ASSIGN 1 [source_file: expected0]
                        NAME x 1 [source_file: expected0]
                        OBJECTLIT 1 [source_file: expected0]
                            STRING_KEY a 1 [source_file: expected0]
                                NAME a 1 [source_file: expected0]
                            STRING_KEY b 1 [source_file: expected0]
                                NAME b 1 [source_file: expected0]
                IF 1 [source_file: expected0]
                    GETPROP 1 [source_file: expected0]
                        NAME x 1 [source_file: expected0]
                        STRING a 1 [source_file: expected0]
                    BLOCK 1 [source_file: expected0]
                        EXPR_RESULT 1 [source_file: expected0]
                            ADD 1 [source_file: expected0]
                                CALL 1 [free_call: 1] [source_file: expected0]
                                    NAME g 1 [source_file: expected0]
                                    GETPROP 1 [source_file: expected0]
                                        NAME x 1 [source_file: expected0]
                                        STRING b 1 [source_file: expected0]
                                GETPROP 1 [source_file: expected0]
                                    NAME x 1 [source_file: expected0]
                                    STRING c 1 [source_file: expected0]


Tree2:
BLOCK [synthetic: 1]
    SCRIPT 1 [synthetic: 1] [source_file: testcode] [input_id: InputId: testcode]
        FUNCTION local 1 [source_file: testcode]
            NAME local 1 [source_file: testcode]
            PARAM_LIST 1 [source_file: testcode]
            BLOCK 1 [source_file: testcode]
                VAR 1 [source_file: testcode]
                    NAME JSCompiler_object_inline_a_0 1 [source_file: testcode]
                VAR 1 [source_file: testcode]
                    NAME JSCompiler_object_inline_b_1 1 [source_file: testcode]
                VAR 1 [source_file: testcode]
                    NAME JSCompiler_object_inline_c_2 1 [source_file: testcode]
                VAR 1 [source_file: testcode]
                    NAME b 1 [source_file: testcode]
                        CALL 1 [free_call: 1] [source_file: testcode]
                            NAME f 1 [source_file: testcode]
                EXPR_RESULT 1 [source_file: testcode]
                    COMMA 1 [source_file: testcode]
                        COMMA 1 [source_file: testcode]
                            COMMA 1 [source_file: testcode]
                                ASSIGN 1 [source_file: testcode]
                                    NAME JSCompiler_object_inline_a_0 1 [source_file: testcode]
                                    NAME a 1 [source_file: testcode]
                                ASSIGN 1 [source_file: testcode]
                                    NAME JSCompiler_object_inline_b_1 1 [source_file: testcode]
                                    NAME b 1 [source_file: testcode]
                            ASSIGN 1 [source_file: testcode]
                                NAME JSCompiler_object_inline_c_2 1 [source_file: testcode]
                                VOID 1 [source_file: testcode]
                                    NUMBER 0.0 1 [source_file: testcode]
                        TRUE 1 [source_file: testcode]
                IF 1 [source_file: testcode]
                    NAME JSCompiler_object_inline_a_0 1 [source_file: testcode]
                    BLOCK 1 [source_file: testcode]
                        EXPR_RESULT 1 [source_file: testcode]
                            ADD 1 [source_file: testcode]
                                CALL 1 [free_call: 1] [source_file: testcode]
                                    NAME g 1 [source_file: testcode]
                                    NAME JSCompiler_object_inline_b_1 1 [source_file: testcode]
                                NAME JSCompiler_object_inline_c_2 1 [source_file: testcode]


Subtree1: BLOCK 1 [source_file: expected0]
    VAR 1 [source_file: expected0]
        NAME x 1 [source_file: expected0]
            OBJECTLIT 1 [source_file: expected0]
    VAR 1 [source_file: expected0]
        NAME b 1 [source_file: expected0]
            CALL 1 [free_call: 1] [source_file: expected0]
                NAME f 1 [source_file: expected0]
    EXPR_RESULT 1 [source_file: expected0]
        ASSIGN 1 [source_file: expected0]
            NAME x 1 [source_file: expected0]
            OBJECTLIT 1 [source_file: expected0]
                STRING_KEY a 1 [source_file: expected0]
                    NAME a 1 [source_file: expected0]
                STRING_KEY b 1 [source_file: expected0]
                    NAME b 1 [source_file: expected0]
    IF 1 [source_file: expected0]
        GETPROP 1 [source_file: expected0]
            NAME x 1 [source_file: expected0]
            STRING a 1 [source_file: expected0]
        BLOCK 1 [source_file: expected0]
            EXPR_RESULT 1 [source_file: expected0]
                ADD 1 [source_file: expected0]
                    CALL 1 [free_call: 1] [source_file: expected0]
                        NAME g 1 [source_file: expected0]
                        GETPROP 1 [source_file: expected0]
                            NAME x 1 [source_file: expected0]
                            STRING b 1 [source_file: expected0]
                    GETPROP 1 [source_file: expected0]
                        NAME x 1 [source_file: expected0]
                        STRING c 1 [source_file: expected0]


Subtree2: BLOCK 1 [source_file: testcode]
    VAR 1 [source_file: testcode]
        NAME JSCompiler_object_inline_a_0 1 [source_file: testcode]
    VAR 1 [source_file: testcode]
        NAME JSCompiler_object_inline_b_1 1 [source_file: testcode]
    VAR 1 [source_file: testcode]
        NAME JSCompiler_object_inline_c_2 1 [source_file: testcode]
    VAR 1 [source_file: testcode]
        NAME b 1 [source_file: testcode]
            CALL 1 [free_call: 1] [source_file: testcode]
                NAME f 1 [source_file: testcode]
    EXPR_RESULT 1 [source_file: testcode]
        COMMA 1 [source_file: testcode]
            COMMA 1 [source_file: testcode]
                COMMA 1 [source_file: testcode]
                    ASSIGN 1 [source_file: testcode]
                        NAME JSCompiler_object_inline_a_0 1 [source_file: testcode]
                        NAME a 1 [source_file: testcode]
                    ASSIGN 1 [source_file: testcode]
                        NAME JSCompiler_object_inline_b_1 1 [source_file: testcode]
                        NAME b 1 [source_file: testcode]
                ASSIGN 1 [source_file: testcode]
                    NAME JSCompiler_object_inline_c_2 1 [source_file: testcode]
                    VOID 1 [source_file: testcode]
                        NUMBER 0.0 1 [source_file: testcode]
            TRUE 1 [source_file: testcode]
    IF 1 [source_file: testcode]
        NAME JSCompiler_object_inline_a_0 1 [source_file: testcode]
        BLOCK 1 [source_file: testcode]
            EXPR_RESULT 1 [source_file: testcode]
                ADD 1 [source_file: testcode]
                    CALL 1 [free_call: 1] [source_file: testcode]
                        NAME g 1 [source_file: testcode]
                        NAME JSCompiler_object_inline_b_1 1 [source_file: testcode]
                    NAME JSCompiler_object_inline_c_2 1 [source_file: testcode]

  InlineObjectLiteralsTest.testObject12:215->testLocal:355->CompilerTestCase.test:328->CompilerTestCase.test:340->CompilerTestCase.test:371->CompilerTestCase.test:445->CompilerTestCase.test:892 
Expected: function local(){var a;a={x:1,y:2};f(a.x,a.y2)}
Result: function local(){var JSCompiler_object_inline_x_0;var JSCompiler_object_inline_y_1;var JSCompiler_object_inline_y2_2;JSCompiler_object_inline_x_0=1,JSCompiler_object_inline_y_1=2,JSCompiler_object_inline_y2_2=void 0,true;f(JSCompiler_object_inline_x_0,JSCompiler_object_inline_y2_2)}
Node tree inequality:
Tree1:
BLOCK [synthetic: 1]
    SCRIPT 1 [synthetic: 1] [source_file: expected0] [input_id: InputId: expected0]
        FUNCTION local 1 [source_file: expected0]
            NAME local 1 [source_file: expected0]
            PARAM_LIST 1 [source_file: expected0]
            BLOCK 1 [source_file: expected0]
                VAR 1 [source_file: expected0]
                    NAME a 1 [source_file: expected0]
                EXPR_RESULT 1 [source_file: expected0]
                    ASSIGN 1 [source_file: expected0]
                        NAME a 1 [source_file: expected0]
                        OBJECTLIT 1 [source_file: expected0]
                            STRING_KEY x 1 [source_file: expected0]
                                NUMBER 1.0 1 [source_file: expected0]
                            STRING_KEY y 1 [source_file: expected0]
                                NUMBER 2.0 1 [source_file: expected0]
                EXPR_RESULT 1 [source_file: expected0]
                    CALL 1 [free_call: 1] [source_file: expected0]
                        NAME f 1 [source_file: expected0]
                        GETPROP 1 [source_file: expected0]
                            NAME a 1 [source_file: expected0]
                            STRING x 1 [source_file: expected0]
                        GETPROP 1 [source_file: expected0]
                            NAME a 1 [source_file: expected0]
                            STRING y2 1 [source_file: expected0]


Tree2:
BLOCK [synthetic: 1]
    SCRIPT 1 [synthetic: 1] [source_file: testcode] [input_id: InputId: testcode]
        FUNCTION local 1 [source_file: testcode]
            NAME local 1 [source_file: testcode]
            PARAM_LIST 1 [source_file: testcode]
            BLOCK 1 [source_file: testcode]
                VAR 1 [source_file: testcode]
                    NAME JSCompiler_object_inline_x_0 1 [source_file: testcode]
                VAR 1 [source_file: testcode]
                    NAME JSCompiler_object_inline_y_1 1 [source_file: testcode]
                VAR 1 [source_file: testcode]
                    NAME JSCompiler_object_inline_y2_2 1 [source_file: testcode]
                EXPR_RESULT 1 [source_file: testcode]
                    COMMA 1 [source_file: testcode]
                        COMMA 1 [source_file: testcode]
                            COMMA 1 [source_file: testcode]
                                ASSIGN 1 [source_file: testcode]
                                    NAME JSCompiler_object_inline_x_0 1 [source_file: testcode]
                                    NUMBER 1.0 1 [source_file: testcode]
                                ASSIGN 1 [source_file: testcode]
                                    NAME JSCompiler_object_inline_y_1 1 [source_file: testcode]
                                    NUMBER 2.0 1 [source_file: testcode]
                            ASSIGN 1 [source_file: testcode]
                                NAME JSCompiler_object_inline_y2_2 1 [source_file: testcode]
                                VOID 1 [source_file: testcode]
                                    NUMBER 0.0 1 [source_file: testcode]
                        TRUE 1 [source_file: testcode]
                EXPR_RESULT 1 [source_file: testcode]
                    CALL 1 [free_call: 1] [source_file: testcode]
                        NAME f 1 [source_file: testcode]
                        NAME JSCompiler_object_inline_x_0 1 [source_file: testcode]
                        NAME JSCompiler_object_inline_y2_2 1 [source_file: testcode]


Subtree1: BLOCK 1 [source_file: expected0]
    VAR 1 [source_file: expected0]
        NAME a 1 [source_file: expected0]
    EXPR_RESULT 1 [source_file: expected0]
        ASSIGN 1 [source_file: expected0]
            NAME a 1 [source_file: expected0]
            OBJECTLIT 1 [source_file: expected0]
                STRING_KEY x 1 [source_file: expected0]
                    NUMBER 1.0 1 [source_file: expected0]
                STRING_KEY y 1 [source_file: expected0]
                    NUMBER 2.0 1 [source_file: expected0]
    EXPR_RESULT 1 [source_file: expected0]
        CALL 1 [free_call: 1] [source_file: expected0]
            NAME f 1 [source_file: expected0]
            GETPROP 1 [source_file: expected0]
                NAME a 1 [source_file: expected0]
                STRING x 1 [source_file: expected0]
            GETPROP 1 [source_file: expected0]
                NAME a 1 [source_file: expected0]
                STRING y2 1 [source_file: expected0]


Subtree2: BLOCK 1 [source_file: testcode]
    VAR 1 [source_file: testcode]
        NAME JSCompiler_object_inline_x_0 1 [source_file: testcode]
    VAR 1 [source_file: testcode]
        NAME JSCompiler_object_inline_y_1 1 [source_file: testcode]
    VAR 1 [source_file: testcode]
        NAME JSCompiler_object_inline_y2_2 1 [source_file: testcode]
    EXPR_RESULT 1 [source_file: testcode]
        COMMA 1 [source_file: testcode]
            COMMA 1 [source_file: testcode]
                COMMA 1 [source_file: testcode]
                    ASSIGN 1 [source_file: testcode]
                        NAME JSCompiler_object_inline_x_0 1 [source_file: testcode]
                        NUMBER 1.0 1 [source_file: testcode]
                    ASSIGN 1 [source_file: testcode]
                        NAME JSCompiler_object_inline_y_1 1 [source_file: testcode]
                        NUMBER 2.0 1 [source_file: testcode]
                ASSIGN 1 [source_file: testcode]
                    NAME JSCompiler_object_inline_y2_2 1 [source_file: testcode]
                    VOID 1 [source_file: testcode]
                        NUMBER 0.0 1 [source_file: testcode]
            TRUE 1 [source_file: testcode]
    EXPR_RESULT 1 [source_file: testcode]
        CALL 1 [free_call: 1] [source_file: testcode]
            NAME f 1 [source_file: testcode]
            NAME JSCompiler_object_inline_x_0 1 [source_file: testcode]
            NAME JSCompiler_object_inline_y2_2 1 [source_file: testcode]

  InlineObjectLiteralsTest.testObject22:288->testLocal:355->CompilerTestCase.test:328->CompilerTestCase.test:340->CompilerTestCase.test:371->CompilerTestCase.test:445->CompilerTestCase.test:892 
Expected: function local(){var a;for(;1;){f(a.x,a.y);a={x:1,y:1}}}
Result: function local(){var JSCompiler_object_inline_x_0;var JSCompiler_object_inline_y_1;for(;1;){f(JSCompiler_object_inline_x_0,JSCompiler_object_inline_y_1);JSCompiler_object_inline_x_0=1,JSCompiler_object_inline_y_1=1,true}}
Node tree inequality:
Tree1:
BLOCK [synthetic: 1]
    SCRIPT 1 [synthetic: 1] [source_file: expected0] [input_id: InputId: expected0]
        FUNCTION local 1 [source_file: expected0]
            NAME local 1 [source_file: expected0]
            PARAM_LIST 1 [source_file: expected0]
            BLOCK 1 [source_file: expected0]
                VAR 1 [source_file: expected0]
                    NAME a 1 [source_file: expected0]
                FOR 1 [source_file: expected0]
                    EMPTY 1 [source_file: expected0]
                    NUMBER 1.0 1 [source_file: expected0]
                    EMPTY 1 [source_file: expected0]
                    BLOCK 1 [source_file: expected0]
                        EXPR_RESULT 1 [source_file: expected0]
                            CALL 1 [free_call: 1] [source_file: expected0]
                                NAME f 1 [source_file: expected0]
                                GETPROP 1 [source_file: expected0]
                                    NAME a 1 [source_file: expected0]
                                    STRING x 1 [source_file: expected0]
                                GETPROP 1 [source_file: expected0]
                                    NAME a 1 [source_file: expected0]
                                    STRING y 1 [source_file: expected0]
                        EXPR_RESULT 1 [source_file: expected0]
                            ASSIGN 1 [source_file: expected0]
                                NAME a 1 [source_file: expected0]
                                OBJECTLIT 1 [source_file: expected0]
                                    STRING_KEY x 1 [source_file: expected0]
                                        NUMBER 1.0 1 [source_file: expected0]
                                    STRING_KEY y 1 [source_file: expected0]
                                        NUMBER 1.0 1 [source_file: expected0]


Tree2:
BLOCK [synthetic: 1]
    SCRIPT 1 [synthetic: 1] [source_file: testcode] [input_id: InputId: testcode]
        FUNCTION local 1 [source_file: testcode]
            NAME local 1 [source_file: testcode]
            PARAM_LIST 1 [source_file: testcode]
            BLOCK 1 [source_file: testcode]
                VAR 1 [source_file: testcode]
                    NAME JSCompiler_object_inline_x_0 1 [source_file: testcode]
                VAR 1 [source_file: testcode]
                    NAME JSCompiler_object_inline_y_1 1 [source_file: testcode]
                FOR 1 [source_file: testcode]
                    EMPTY 1 [source_file: testcode]
                    NUMBER 1.0 1 [source_file: testcode]
                    EMPTY 1 [source_file: testcode]
                    BLOCK 1 [source_file: testcode]
                        EXPR_RESULT 1 [source_file: testcode]
                            CALL 1 [free_call: 1] [source_file: testcode]
                                NAME f 1 [source_file: testcode]
                                NAME JSCompiler_object_inline_x_0 1 [source_file: testcode]
                                NAME JSCompiler_object_inline_y_1 1 [source_file: testcode]
                        EXPR_RESULT 1 [source_file: testcode]
                            COMMA 1 [source_file: testcode]
                                COMMA 1 [source_file: testcode]
                                    ASSIGN 1 [source_file: testcode]
                                        NAME JSCompiler_object_inline_x_0 1 [source_file: testcode]
                                        NUMBER 1.0 1 [source_file: testcode]
                                    ASSIGN 1 [source_file: testcode]
                                        NAME JSCompiler_object_inline_y_1 1 [source_file: testcode]
                                        NUMBER 1.0 1 [source_file: testcode]
                                TRUE 1 [source_file: testcode]


Subtree1: BLOCK 1 [source_file: expected0]
    VAR 1 [source_file: expected0]
        NAME a 1 [source_file: expected0]
    FOR 1 [source_file: expected0]
        EMPTY 1 [source_file: expected0]
        NUMBER 1.0 1 [source_file: expected0]
        EMPTY 1 [source_file: expected0]
        BLOCK 1 [source_file: expected0]
            EXPR_RESULT 1 [source_file: expected0]
                CALL 1 [free_call: 1] [source_file: expected0]
                    NAME f 1 [source_file: expected0]
                    GETPROP 1 [source_file: expected0]
                        NAME a 1 [source_file: expected0]
                        STRING x 1 [source_file: expected0]
                    GETPROP 1 [source_file: expected0]
                        NAME a 1 [source_file: expected0]
                        STRING y 1 [source_file: expected0]
            EXPR_RESULT 1 [source_file: expected0]
                ASSIGN 1 [source_file: expected0]
                    NAME a 1 [source_file: expected0]
                    OBJECTLIT 1 [source_file: expected0]
                        STRING_KEY x 1 [source_file: expected0]
                            NUMBER 1.0 1 [source_file: expected0]
                        STRING_KEY y 1 [source_file: expected0]
                            NUMBER 1.0 1 [source_file: expected0]


Subtree2: BLOCK 1 [source_file: testcode]
    VAR 1 [source_file: testcode]
        NAME JSCompiler_object_inline_x_0 1 [source_file: testcode]
    VAR 1 [source_file: testcode]
        NAME JSCompiler_object_inline_y_1 1 [source_file: testcode]
    FOR 1 [source_file: testcode]
        EMPTY 1 [source_file: testcode]
        NUMBER 1.0 1 [source_file: testcode]
        EMPTY 1 [source_file: testcode]
        BLOCK 1 [source_file: testcode]
            EXPR_RESULT 1 [source_file: testcode]
                CALL 1 [free_call: 1] [source_file: testcode]
                    NAME f 1 [source_file: testcode]
                    NAME JSCompiler_object_inline_x_0 1 [source_file: testcode]
                    NAME JSCompiler_object_inline_y_1 1 [source_file: testcode]
            EXPR_RESULT 1 [source_file: testcode]
                COMMA 1 [source_file: testcode]
                    COMMA 1 [source_file: testcode]
                        ASSIGN 1 [source_file: testcode]
                            NAME JSCompiler_object_inline_x_0 1 [source_file: testcode]
                            NUMBER 1.0 1 [source_file: testcode]
                        ASSIGN 1 [source_file: testcode]
                            NAME JSCompiler_object_inline_y_1 1 [source_file: testcode]
                            NUMBER 1.0 1 [source_file: testcode]
                    TRUE 1 [source_file: testcode]

  IntegrationTest.testIssue724:1687->IntegrationTestCase.test:74->IntegrationTestCase.test:92 
Expected: isFunction=function(a){var b={};return a&&"[object Function]"===b.b.a(a)}
Result: isFunction=function(a){return a&&"[object Function]"===(void 0).a(a)}
Node tree inequality:
Tree1:
BLOCK [synthetic: 1]
    SCRIPT 1 [synthetic: 1] [source_file: input0] [input_id: InputId: input0]
        EXPR_RESULT 1 [source_file: input0]
            ASSIGN 1 [source_file: input0]
                NAME isFunction 1 [source_file: input0]
                FUNCTION  1 [source_file: input0]
                    NAME  1 [source_file: input0]
                    PARAM_LIST 1 [source_file: input0]
                        NAME a 1 [source_file: input0]
                    BLOCK 1 [source_file: input0]
                        VAR 1 [source_file: input0]
                            NAME b 1 [source_file: input0]
                                OBJECTLIT 1 [source_file: input0]
                        RETURN 1 [source_file: input0]
                            AND 1 [source_file: input0]
                                NAME a 1 [source_file: input0]
                                SHEQ 1 [source_file: input0]
                                    STRING [object Function] 1 [source_file: input0]
                                    CALL 1 [source_file: input0]
                                        GETPROP 1 [source_file: input0]
                                            GETPROP 1 [source_file: input0]
                                                NAME b 1 [source_file: input0]
                                                STRING b 1 [source_file: input0]
                                            STRING a 1 [source_file: input0]
                                        NAME a 1 [source_file: input0]


Tree2:
BLOCK [synthetic: 1]
    SCRIPT 1 [synthetic: 1] [source_file: i0] [input_id: InputId: i0]
        EXPR_RESULT 1 [source_file: i0]
            ASSIGN 1 [source_file: i0]
                NAME isFunction 1 [source_file: i0]
                FUNCTION  1 [source_file: i0]
                    NAME  1 [source_file: i0]
                    PARAM_LIST 1 [source_file: i0]
                        NAME a 1 [source_file: i0]
                    BLOCK 1 [source_file: i0]
                        RETURN 1 [source_file: i0]
                            AND 1 [source_file: i0]
                                NAME a 1 [source_file: i0]
                                SHEQ 1 [source_file: i0]
                                    STRING [object Function] 1 [source_file: i0]
                                    CALL 1 [source_file: i0]
                                        GETPROP 1 [source_file: i0]
                                            VOID 1 [source_file: i0]
                                                NUMBER 0.0 1 [source_file: i0]
                                            STRING a 1 [source_file: i0]
                                        NAME a 1 [source_file: i0]


Subtree1: BLOCK 1 [source_file: input0]
    VAR 1 [source_file: input0]
        NAME b 1 [source_file: input0]
            OBJECTLIT 1 [source_file: input0]
    RETURN 1 [source_file: input0]
        AND 1 [source_file: input0]
            NAME a 1 [source_file: input0]
            SHEQ 1 [source_file: input0]
                STRING [object Function] 1 [source_file: input0]
                CALL 1 [source_file: input0]
                    GETPROP 1 [source_file: input0]
                        GETPROP 1 [source_file: input0]
                            NAME b 1 [source_file: input0]
                            STRING b 1 [source_file: input0]
                        STRING a 1 [source_file: input0]
                    NAME a 1 [source_file: input0]


Subtree2: BLOCK 1 [source_file: i0]
    RETURN 1 [source_file: i0]
        AND 1 [source_file: i0]
            NAME a 1 [source_file: i0]
            SHEQ 1 [source_file: i0]
                STRING [object Function] 1 [source_file: i0]
                CALL 1 [source_file: i0]
                    GETPROP 1 [source_file: i0]
                        VOID 1 [source_file: i0]
                            NUMBER 0.0 1 [source_file: i0]
                        STRING a 1 [source_file: i0]
                    NAME a 1 [source_file: i0]




Tests run: 7511, Failures: 5, Errors: 0, Skipped: 0

[INFO] ------------------------------------------------------------------------
[INFO] BUILD FAILURE
[INFO] ------------------------------------------------------------------------
[INFO] Total time:  34.835 s
[INFO] Finished at: 2021-07-26T18:50:10-07:00
[INFO] ------------------------------------------------------------------------
[ERROR] Failed to execute goal org.apache.maven.plugins:maven-surefire-plugin:2.18:test (default-test) on project closure-compiler: There are test failures.
[ERROR] 
[ERROR] Please refer to /home/junyang/PR/SubjectPrograms/Closure/29/target/surefire-reports for the individual test results.
[ERROR] -> [Help 1]
[ERROR] 
[ERROR] To see the full stack trace of the errors, re-run Maven with the -e switch.
[ERROR] Re-run Maven using the -X switch to enable full debug logging.
[ERROR] 
[ERROR] For more information about the errors and possible solutions, please read the following articles:
[ERROR] [Help 1] http://cwiki.apache.org/confluence/display/MAVEN/MojoFailureException
