[WARNING] 
[WARNING] Some problems were encountered while building the effective settings
[WARNING] expected START_TAG or END_TAG not TEXT (position: TEXT seen ...<repository> \ua0\r\n      \ua0\ua0 \ua0<i... @29:13)  @ /home/junyang/.m2/settings.xml, line 29, column 13
[WARNING] 
[INFO] Scanning for projects...
[INFO] 
[INFO] --------------------------< org.example:test >--------------------------
[INFO] Building test 1.0.0
[INFO] --------------------------------[ jar ]---------------------------------
[INFO] 
[INFO] --- maven-resources-plugin:2.6:resources (default-resources) @ test ---
[WARNING] Using platform encoding (UTF-8 actually) to copy filtered resources, i.e. build is platform dependent!
[INFO] skip non existing resourceDirectory /home/junyang/PR/SubjectPrograms/Mockito/29/src/main/resources
[INFO] 
[INFO] --- maven-compiler-plugin:3.1:compile (default-compile) @ test ---
[INFO] Changes detected - recompiling the module!
[WARNING] File encoding has not been set, using platform encoding UTF-8, i.e. build is platform dependent!
[INFO] Compiling 240 source files to /home/junyang/PR/SubjectPrograms/Mockito/29/target/classes
[WARNING] /home/junyang/PR/SubjectPrograms/Mockito/29/src/org/mockito/configuration/DefaultMockitoConfiguration.java: Some input files use or override a deprecated API.
[WARNING] /home/junyang/PR/SubjectPrograms/Mockito/29/src/org/mockito/configuration/DefaultMockitoConfiguration.java: Recompile with -Xlint:deprecation for details.
[INFO] 
[INFO] --- maven-resources-plugin:2.6:testResources (default-testResources) @ test ---
[WARNING] Using platform encoding (UTF-8 actually) to copy filtered resources, i.e. build is platform dependent!
[INFO] skip non existing resourceDirectory /home/junyang/PR/SubjectPrograms/Mockito/29/src/test/resources
[INFO] 
[INFO] --- maven-compiler-plugin:3.1:testCompile (default-testCompile) @ test ---
[INFO] Nothing to compile - all classes are up to date
[INFO] 
[INFO] --- maven-surefire-plugin:2.12.4:test (default-test) @ test ---
[INFO] Surefire report directory: /home/junyang/PR/SubjectPrograms/Mockito/29/target/surefire-reports

-------------------------------------------------------
 T E S T S
-------------------------------------------------------
Running org.mockitoutil.CustomAssertionsTest
Tests run: 3, Failures: 0, Errors: 0, Skipped: 0, Time elapsed: 0.031 sec
Running org.mockitousage.stubbing.CloningParameterTest
Tests run: 2, Failures: 0, Errors: 0, Skipped: 0, Time elapsed: 0.099 sec
Running org.mockitousage.stubbing.DeepStubbingTest
Tests run: 12, Failures: 0, Errors: 0, Skipped: 0, Time elapsed: 0.055 sec
Running org.mockitousage.stubbing.SmartNullsStubbingTest
Tests run: 8, Failures: 0, Errors: 0, Skipped: 0, Time elapsed: 0.049 sec
Running org.mockitousage.stubbing.BasicStubbingTest
Tests run: 7, Failures: 0, Errors: 0, Skipped: 0, Time elapsed: 0.007 sec
Running org.mockitousage.stubbing.StubbingConsecutiveAnswersTest
Tests run: 11, Failures: 0, Errors: 0, Skipped: 0, Time elapsed: 0.015 sec
Running org.mockitousage.stubbing.StubbingWithExtraAnswersTest
Tests run: 3, Failures: 0, Errors: 0, Skipped: 0, Time elapsed: 0.001 sec
Running org.mockitousage.stubbing.CallingRealMethodTest
Tests run: 5, Failures: 0, Errors: 0, Skipped: 0, Time elapsed: 0.017 sec
Running org.mockitousage.stubbing.DeprecatedStubbingTest
Tests run: 5, Failures: 0, Errors: 0, Skipped: 0, Time elapsed: 0.006 sec
Running org.mockitousage.stubbing.StubbingUsingDoReturnTest
Tests run: 18, Failures: 0, Errors: 0, Skipped: 0, Time elapsed: 0.032 sec
Running org.mockitousage.stubbing.StubbingWithCustomAnswerTest
Tests run: 5, Failures: 0, Errors: 0, Skipped: 0, Time elapsed: 0.063 sec
Running org.mockitousage.stubbing.ReturningDefaultValuesTest
Tests run: 4, Failures: 0, Errors: 0, Skipped: 0, Time elapsed: 0.014 sec
Running org.mockitousage.stubbing.StubbingWithThrowablesTest
Tests run: 11, Failures: 0, Errors: 0, Skipped: 0, Time elapsed: 0.053 sec
Running org.mockitousage.PlaygroundTest
Tests run: 2, Failures: 0, Errors: 0, Skipped: 0, Time elapsed: 0.001 sec
Running org.mockitousage.verification.DescriptiveMessagesWhenTimesXVerificationFailsTest
Tests run: 2, Failures: 0, Errors: 0, Skipped: 0, Time elapsed: 0.005 sec
Running org.mockitousage.verification.VerificationWithTimeoutTest
Tests run: 7, Failures: 0, Errors: 0, Skipped: 1, Time elapsed: 0.05 sec
Running org.mockitousage.verification.DescriptiveMessagesWhenVerificationFailsTest
Tests run: 19, Failures: 0, Errors: 0, Skipped: 0, Time elapsed: 0.065 sec
Running org.mockitousage.verification.FindingRedundantInvocationsInOrderTest
Tests run: 7, Failures: 0, Errors: 0, Skipped: 0, Time elapsed: 0.017 sec
Running org.mockitousage.verification.NoMoreInteractionsVerificationTest
Tests run: 9, Failures: 0, Errors: 0, Skipped: 0, Time elapsed: 0.014 sec
Running org.mockitousage.verification.BasicVerificationInOrderTest
Tests run: 23, Failures: 0, Errors: 0, Skipped: 0, Time elapsed: 0.044 sec
Running org.mockitousage.verification.SelectedMocksInOrderVerificationTest
Tests run: 15, Failures: 0, Errors: 0, Skipped: 0, Time elapsed: 0.016 sec
Running org.mockitousage.verification.ExactNumberOfTimesVerificationTest
Tests run: 8, Failures: 0, Errors: 0, Skipped: 0, Time elapsed: 0.005 sec
Running org.mockitousage.verification.OrdinaryVerificationPrintsAllInteractionsTest
Tests run: 3, Failures: 0, Errors: 0, Skipped: 0, Time elapsed: 0.003 sec
Running org.mockitousage.verification.VerificationInOrderMixedWithOrdiraryVerificationTest
Tests run: 10, Failures: 0, Errors: 0, Skipped: 0, Time elapsed: 0.01 sec
Running org.mockitousage.verification.OnlyVerificationTest
Tests run: 7, Failures: 0, Errors: 0, Skipped: 0, Time elapsed: 0.008 sec
Running org.mockitousage.verification.NoMoreInteractionsExcludingStubsTest
Tests run: 1, Failures: 0, Errors: 0, Skipped: 0, Time elapsed: 0.001 sec
Running org.mockitousage.verification.AtMostXVerificationTest
Tests run: 7, Failures: 0, Errors: 0, Skipped: 0, Time elapsed: 0.006 sec
Running org.mockitousage.verification.VerificationUsingMatchersTest
Tests run: 3, Failures: 0, Errors: 0, Skipped: 0, Time elapsed: 0.004 sec
Running org.mockitousage.verification.DescriptiveMessagesOnVerificationInOrderErrorsTest
Tests run: 7, Failures: 0, Errors: 0, Skipped: 0, Time elapsed: 0.01 sec
Running org.mockitousage.verification.VerificationInOrderTest
Tests run: 4, Failures: 0, Errors: 0, Skipped: 0, Time elapsed: 0.005 sec
Running org.mockitousage.verification.PrintingVerboseTypesWithArgumentsTest
Tests run: 5, Failures: 0, Errors: 0, Skipped: 0, Time elapsed: 0.008 sec
Running org.mockitousage.verification.RelaxedVerificationInOrderTest
Tests run: 27, Failures: 0, Errors: 0, Skipped: 0, Time elapsed: 0.033 sec
Running org.mockitousage.verification.AtLeastXVerificationTest
Tests run: 3, Failures: 0, Errors: 0, Skipped: 0, Time elapsed: 0 sec
Running org.mockitousage.verification.VerificationOnMultipleMocksUsingMatchersTest
Tests run: 2, Failures: 0, Errors: 0, Skipped: 0, Time elapsed: 0.005 sec
Running org.mockitousage.verification.BasicVerificationTest
Tests run: 8, Failures: 0, Errors: 0, Skipped: 0, Time elapsed: 0.011 sec
Running org.mockitousage.matchers.MatchersMixedWithRawArgumentsTest
Tests run: 1, Failures: 0, Errors: 0, Skipped: 1, Time elapsed: 0.001 sec
Running org.mockitousage.matchers.GenericMatchersTest
Tests run: 1, Failures: 0, Errors: 0, Skipped: 0, Time elapsed: 0.002 sec
Running org.mockitousage.matchers.MatchersTest
Tests run: 32, Failures: 0, Errors: 0, Skipped: 0, Time elapsed: 0.034 sec
Running org.mockitousage.matchers.NewMatchersTest
Tests run: 4, Failures: 0, Errors: 0, Skipped: 0, Time elapsed: 0 sec
Running org.mockitousage.matchers.AnyXMatchersAcceptNullsTest
Tests run: 2, Failures: 0, Errors: 0, Skipped: 0, Time elapsed: 0 sec
Running org.mockitousage.matchers.CustomMatcherDoesYieldCCETest
Tests run: 1, Failures: 0, Errors: 0, Skipped: 0, Time elapsed: 0 sec
Running org.mockitousage.matchers.InvalidUseOfMatchersTest
Tests run: 3, Failures: 0, Errors: 0, Skipped: 0, Time elapsed: 0.002 sec
Running org.mockitousage.matchers.MoreMatchersTest
Tests run: 5, Failures: 0, Errors: 0, Skipped: 0, Time elapsed: 0.003 sec
Running org.mockitousage.matchers.ReflectionMatchersTest
Tests run: 8, Failures: 0, Errors: 0, Skipped: 0, Time elapsed: 0.011 sec
Running org.mockitousage.matchers.VerificationAndStubbingUsingMatchersTest
Tests run: 2, Failures: 0, Errors: 0, Skipped: 0, Time elapsed: 0.002 sec
Running org.mockitousage.matchers.HamcrestMatchersTest
Tests run: 2, Failures: 0, Errors: 0, Skipped: 0, Time elapsed: 0.002 sec
Running org.mockitousage.matchers.CapturingArgumentsTest
Tests run: 11, Failures: 0, Errors: 0, Skipped: 0, Time elapsed: 0.019 sec
Running org.mockitousage.matchers.CustomMatchersTest
Tests run: 6, Failures: 0, Errors: 0, Skipped: 0, Time elapsed: 0.005 sec
Running org.mockitousage.puzzlers.BridgeMethodPuzzleTest
Tests run: 2, Failures: 0, Errors: 0, Skipped: 0, Time elapsed: 0.004 sec
Running org.mockitousage.puzzlers.OverloadingPuzzleTest
Tests run: 1, Failures: 0, Errors: 0, Skipped: 0, Time elapsed: 0.003 sec
Running org.mockitousage.basicapi.MocksSerializationTest
Tests run: 20, Failures: 0, Errors: 0, Skipped: 0, Time elapsed: 0.289 sec
Running org.mockitousage.basicapi.ReplacingObjectMethodsTest
Tests run: 3, Failures: 0, Errors: 0, Skipped: 0, Time elapsed: 0.013 sec
Running org.mockitousage.basicapi.MockingMultipleInterfacesTest
Tests run: 6, Failures: 0, Errors: 0, Skipped: 0, Time elapsed: 0.01 sec
Running org.mockitousage.basicapi.ResetTest
Tests run: 9, Failures: 0, Errors: 0, Skipped: 0, Time elapsed: 0.009 sec
Running org.mockitousage.basicapi.ObjectsSerializationTest
Tests run: 1, Failures: 0, Errors: 0, Skipped: 0, Time elapsed: 0.001 sec
Running org.mockitousage.basicapi.MocksCreationTest
Tests run: 6, Failures: 0, Errors: 0, Skipped: 0, Time elapsed: 0.023 sec
Running org.mockitousage.basicapi.UsingVarargsTest
Tests run: 10, Failures: 0, Errors: 0, Skipped: 0, Time elapsed: 0.017 sec
Running org.mockitousage.spies.StubbingSpiesDoesNotYieldNPETest
Tests run: 1, Failures: 0, Errors: 0, Skipped: 0, Time elapsed: 0.006 sec
Running org.mockitousage.spies.SpyingOnRealObjectsTest
Tests run: 14, Failures: 0, Errors: 0, Skipped: 0, Time elapsed: 0.038 sec
Running org.mockitousage.spies.PartialMockingWithSpiesTest
Tests run: 7, Failures: 0, Errors: 0, Skipped: 0, Time elapsed: 0.011 sec
Running org.mockitousage.spies.SpyingOnInterfacesTest
Tests run: 2, Failures: 0, Errors: 0, Skipped: 0, Time elapsed: 0 sec
Running org.mockitousage.misuse.ExplicitFrameworkValidationTest
Tests run: 3, Failures: 0, Errors: 0, Skipped: 0, Time elapsed: 0.002 sec
Running org.mockitousage.misuse.DescriptiveMessagesOnMisuseTest
Tests run: 8, Failures: 0, Errors: 0, Skipped: 0, Time elapsed: 0.008 sec
Running org.mockitousage.misuse.DetectingMisusedMatchersTest
Tests run: 2, Failures: 0, Errors: 0, Skipped: 0, Time elapsed: 0.003 sec
Running org.mockitousage.misuse.DetectingFinalMethodsTest
Tests run: 2, Failures: 0, Errors: 0, Skipped: 0, Time elapsed: 0.003 sec
Running org.mockitousage.misuse.CleaningUpPotentialStubbingTest
Tests run: 3, Failures: 0, Errors: 0, Skipped: 0, Time elapsed: 0.002 sec
Running org.mockitousage.misuse.RestrictedObjectMethodsTest
Tests run: 4, Failures: 0, Errors: 0, Skipped: 0, Time elapsed: 0.002 sec
Running org.mockitousage.misuse.InvalidUsageTest
Tests run: 12, Failures: 0, Errors: 0, Skipped: 0, Time elapsed: 0.013 sec
Running org.mockitousage.PlaygroundWithDemoOfUnclonedParametersProblemTest
Tests run: 2, Failures: 0, Errors: 0, Skipped: 0, Time elapsed: 0.012 sec
Running org.mockitousage.examples.use.ExampleTest
Tests run: 5, Failures: 0, Errors: 0, Skipped: 0, Time elapsed: 0.023 sec
Running org.mockitousage.junitrunner.JUnit44RunnerTest
Tests run: 3, Failures: 0, Errors: 0, Skipped: 0, Time elapsed: 0.029 sec
Running org.mockitousage.junitrunner.JUnit45RunnerTest
Tests run: 3, Failures: 0, Errors: 0, Skipped: 0, Time elapsed: 0.008 sec
Running org.mockitousage.junitrunner.VerboseMockitoRunnerTest
Tests run: 1, Failures: 0, Errors: 0, Skipped: 1, Time elapsed: 0 sec
Running org.mockitousage.junitrunner.ModellingVerboseMockitoTest
Tests run: 1, Failures: 0, Errors: 0, Skipped: 1, Time elapsed: 0 sec
Running org.mockitousage.internal.invocation.realmethod.FilteredCGLIBProxyRealMethodTest
Tests run: 1, Failures: 0, Errors: 0, Skipped: 0, Time elapsed: 0 sec
Running org.mockitousage.internal.debugging.LocationTest
Tests run: 2, Failures: 0, Errors: 0, Skipped: 0, Time elapsed: 0.001 sec
Running org.mockitousage.packageprotected.MockingPackageProtectedTest
Tests run: 1, Failures: 0, Errors: 0, Skipped: 0, Time elapsed: 0.02 sec
Running org.mockitousage.configuration.CustomizedAnnotationForSmartMockTest
Tests run: 1, Failures: 0, Errors: 0, Skipped: 0, Time elapsed: 0.002 sec
Running org.mockitousage.performance.LoadsOfMocksTest
Tests run: 1, Failures: 0, Errors: 0, Skipped: 1, Time elapsed: 0 sec
Running org.mockitousage.stacktrace.PointingStackTraceToActualInvocationTest
Tests run: 2, Failures: 0, Errors: 0, Skipped: 0, Time elapsed: 0.005 sec
Running org.mockitousage.stacktrace.ClickableStackTracesWhenFrameworkMisusedTest
Tests run: 3, Failures: 0, Errors: 0, Skipped: 0, Time elapsed: 0.003 sec
Running org.mockitousage.stacktrace.StackTraceFilteringTest
Tests run: 9, Failures: 0, Errors: 0, Skipped: 0, Time elapsed: 0.009 sec
Running org.mockitousage.stacktrace.ModellingDescriptiveMessagesTest
Tests run: 1, Failures: 0, Errors: 0, Skipped: 1, Time elapsed: 0 sec
Running org.mockitousage.stacktrace.PointingStackTraceToActualInvocationInOrderTest
Tests run: 6, Failures: 0, Errors: 0, Skipped: 0, Time elapsed: 0.014 sec
Running org.mockitousage.stacktrace.PointingStackTraceToActualInvocationChunkInOrderTest
Tests run: 4, Failures: 0, Errors: 0, Skipped: 0, Time elapsed: 0.011 sec
Running org.mockitousage.stacktrace.ClickableStackTracesTest
Tests run: 1, Failures: 0, Errors: 0, Skipped: 0, Time elapsed: 0.001 sec
Running org.mockitousage.customization.BDDMockitoTest
Tests run: 10, Failures: 0, Errors: 0, Skipped: 0, Time elapsed: 0.015 sec
Running org.mockitousage.bugs.NPEWhenMockingThrowablesTest
Tests run: 1, Failures: 0, Errors: 0, Skipped: 0, Time elapsed: 0.003 sec
Running org.mockitousage.bugs.ShouldMocksCompareToBeConsistentWithEqualsTest
Tests run: 3, Failures: 0, Errors: 0, Skipped: 0, Time elapsed: 0.005 sec
Running org.mockitousage.bugs.MultipleInOrdersTest
Tests run: 1, Failures: 0, Errors: 0, Skipped: 0, Time elapsed: 0 sec
Running org.mockitousage.bugs.varargs.VarargsNotPlayingWithAnyObjectTest
Tests run: 3, Failures: 0, Errors: 0, Skipped: 0, Time elapsed: 0.004 sec
Running org.mockitousage.bugs.varargs.VarargsAndAnyObjectPicksUpExtraInvocationsTest
Tests run: 3, Failures: 0, Errors: 0, Skipped: 0, Time elapsed: 0.003 sec
Running org.mockitousage.bugs.InjectMocksShouldTryPropertySettersFirstBeforeFieldAccessTest
Tests run: 2, Failures: 0, Errors: 0, Skipped: 0, Time elapsed: 0.003 sec
Running org.mockitousage.bugs.ShouldNotDeadlockAnswerExecutionTest
Tests run: 2, Failures: 0, Errors: 0, Skipped: 0, Time elapsed: 0.033 sec
Running org.mockitousage.bugs.VarargsErrorWhenCallingRealMethodTest
Tests run: 1, Failures: 0, Errors: 0, Skipped: 0, Time elapsed: 0.007 sec
Running org.mockitousage.bugs.NPEWithCertainMatchersTest
Tests run: 6, Failures: 0, Errors: 1, Skipped: 0, Time elapsed: 0.011 sec <<< FAILURE!
shouldNotThrowNPEWhenNullPassedToSame(org.mockitousage.bugs.NPEWithCertainMatchersTest)  Time elapsed: 0.008 sec  <<< ERROR!
java.lang.Exception: Unexpected exception, expected<java.lang.AssertionError> but was<java.lang.NullPointerException>
	at org.junit.internal.runners.statements.ExpectException.evaluate(ExpectException.java:31)
	at org.junit.internal.runners.statements.RunBefores.evaluate(RunBefores.java:28)
	at org.junit.internal.runners.statements.RunAfters.evaluate(RunAfters.java:30)
	at org.junit.runners.ParentRunner.runLeaf(ParentRunner.java:263)
	at org.junit.runners.BlockJUnit4ClassRunner.runChild(BlockJUnit4ClassRunner.java:68)
	at org.junit.runners.BlockJUnit4ClassRunner.runChild(BlockJUnit4ClassRunner.java:47)
	at org.junit.runners.ParentRunner$3.run(ParentRunner.java:231)
	at org.junit.runners.ParentRunner$1.schedule(ParentRunner.java:60)
	at org.junit.runners.ParentRunner.runChildren(ParentRunner.java:229)
	at org.junit.runners.ParentRunner.access$000(ParentRunner.java:50)
	at org.junit.runners.ParentRunner$2.evaluate(ParentRunner.java:222)
	at org.junit.runners.ParentRunner.run(ParentRunner.java:300)
	at org.apache.maven.surefire.junit4.JUnit4Provider.execute(JUnit4Provider.java:252)
	at org.apache.maven.surefire.junit4.JUnit4Provider.executeTestSet(JUnit4Provider.java:141)
	at org.apache.maven.surefire.junit4.JUnit4Provider.invoke(JUnit4Provider.java:112)
	at sun.reflect.NativeMethodAccessorImpl.invoke0(Native Method)
	at sun.reflect.NativeMethodAccessorImpl.invoke(NativeMethodAccessorImpl.java:57)
	at sun.reflect.DelegatingMethodAccessorImpl.invoke(DelegatingMethodAccessorImpl.java:43)
	at java.lang.reflect.Method.invoke(Method.java:606)
	at org.apache.maven.surefire.util.ReflectionUtils.invokeMethodWithArray(ReflectionUtils.java:189)
	at org.apache.maven.surefire.booter.ProviderFactory$ProviderProxy.invoke(ProviderFactory.java:165)
	at org.apache.maven.surefire.booter.ProviderFactory.invokeProvider(ProviderFactory.java:85)
	at org.apache.maven.surefire.booter.ForkedBooter.runSuitesInProcess(ForkedBooter.java:115)
	at org.apache.maven.surefire.booter.ForkedBooter.main(ForkedBooter.java:75)
Caused by: java.lang.NullPointerException
	at org.mockito.internal.matchers.Same.describeTo(Same.java:29)
	at org.mockito.internal.matchers.LocalizedMatcher.describeTo(LocalizedMatcher.java:33)
	at org.hamcrest.BaseDescription.appendDescriptionOf(BaseDescription.java:21)
	at org.hamcrest.StringDescription.toString(StringDescription.java:28)
	at org.mockito.internal.verification.argumentmatching.ArgumentMatchingTool.toStringEquals(ArgumentMatchingTool.java:48)
	at org.mockito.internal.verification.argumentmatching.ArgumentMatchingTool.getSuspiciouslyNotMatchingArgsIndexes(ArgumentMatchingTool.java:28)
	at org.mockito.internal.verification.checkers.MissingInvocationChecker.check(MissingInvocationChecker.java:37)
	at org.mockito.internal.verification.Times.verify(Times.java:35)
	at org.mockito.internal.verification.MockAwareVerificationMode.verify(MockAwareVerificationMode.java:21)
	at org.mockito.internal.MockHandler.handle(MockHandler.java:80)
	at org.mockito.internal.creation.MethodInterceptorFilter.intercept(MethodInterceptorFilter.java:47)
	at org.mockitousage.IMethods$$EnhancerByMockitoWithCGLIB$$e7865a22.objectArgMethod(<generated>)
	at org.mockitousage.bugs.NPEWithCertainMatchersTest.shouldNotThrowNPEWhenNullPassedToSame(NPEWithCertainMatchersTest.java:65)
	at sun.reflect.NativeMethodAccessorImpl.invoke0(Native Method)
	at sun.reflect.NativeMethodAccessorImpl.invoke(NativeMethodAccessorImpl.java:57)
	at sun.reflect.DelegatingMethodAccessorImpl.invoke(DelegatingMethodAccessorImpl.java:43)
	at java.lang.reflect.Method.invoke(Method.java:606)
	at org.junit.runners.model.FrameworkMethod$1.runReflectiveCall(FrameworkMethod.java:45)
	at org.junit.internal.runners.model.ReflectiveCallable.run(ReflectiveCallable.java:15)
	at org.junit.runners.model.FrameworkMethod.invokeExplosively(FrameworkMethod.java:42)
	at org.junit.internal.runners.statements.InvokeMethod.evaluate(InvokeMethod.java:20)
	at org.junit.internal.runners.statements.ExpectException.evaluate(ExpectException.java:22)
	... 23 more

Running org.mockitousage.bugs.AIOOBExceptionWithAtLeastTest
Tests run: 1, Failures: 0, Errors: 0, Skipped: 0, Time elapsed: 0 sec
Running org.mockitousage.bugs.MultithreadedStubbingHalfManualTest
Tests run: 1, Failures: 0, Errors: 0, Skipped: 1, Time elapsed: 0 sec
Running org.mockitousage.bugs.InheritedGenericsPolimorphicCallTest
Tests run: 3, Failures: 0, Errors: 0, Skipped: 0, Time elapsed: 0 sec
Running org.mockitousage.bugs.ActualInvocationHasNullArgumentNPEBugTest
Tests run: 1, Failures: 0, Errors: 0, Skipped: 0, Time elapsed: 0 sec
Running org.mockitousage.bugs.ShouldOnlyModeAllowCapturingArgumentsTest
Tests run: 1, Failures: 0, Errors: 0, Skipped: 0, Time elapsed: 0 sec
Running org.mockitousage.bugs.VerifyingWithAnExtraCallToADifferentMockTest
Tests run: 1, Failures: 0, Errors: 0, Skipped: 0, Time elapsed: 0.001 sec
Running org.mockitousage.bugs.NPEOnAnyClassMatcherAutounboxTest
Tests run: 1, Failures: 0, Errors: 0, Skipped: 0, Time elapsed: 0 sec
Running org.mockitousage.bugs.MockitoRunnerBreaksWhenNoTestMethodsTest
Tests run: 1, Failures: 0, Errors: 0, Skipped: 1, Time elapsed: 0 sec
Running org.mockitousage.bugs.ParentClassNotPublicVeryWeirdBugTest
Tests run: 1, Failures: 0, Errors: 0, Skipped: 1, Time elapsed: 0 sec
Running org.mockitousage.bugs.ShouldAllowInlineMockCreationTest
Tests run: 1, Failures: 0, Errors: 0, Skipped: 0, Time elapsed: 0 sec
Running org.mockitousage.bugs.CaptorAnnotationAutoboxingTest
Tests run: 2, Failures: 0, Errors: 0, Skipped: 0, Time elapsed: 0.001 sec
Running org.mockitousage.bugs.CovariantOverrideTest
Tests run: 4, Failures: 0, Errors: 0, Skipped: 1, Time elapsed: 0.01 sec
Running org.mockitousage.bugs.SpyShouldHaveNiceNameTest
Tests run: 1, Failures: 0, Errors: 0, Skipped: 0, Time elapsed: 0.002 sec
Running org.mockitousage.bugs.StubbingMocksThatAreConfiguredToReturnMocksTest
Tests run: 2, Failures: 0, Errors: 0, Skipped: 0, Time elapsed: 0 sec
Running org.mockitousage.annotation.AnnotationsTest
Tests run: 4, Failures: 0, Errors: 0, Skipped: 0, Time elapsed: 0.047 sec
Running org.mockitousage.annotation.CaptorAnnotationTest
Tests run: 5, Failures: 0, Errors: 0, Skipped: 0, Time elapsed: 0.025 sec
Running org.mockitousage.annotation.SpyInjectionTest
Tests run: 1, Failures: 0, Errors: 0, Skipped: 0, Time elapsed: 0.003 sec
Running org.mockitousage.annotation.CaptorAnnotationUnhappyPathTest
Tests run: 1, Failures: 0, Errors: 0, Skipped: 0, Time elapsed: 0.001 sec
Running org.mockitousage.annotation.CaptorAnnotationBasicTest
Tests run: 4, Failures: 0, Errors: 0, Skipped: 0, Time elapsed: 0.011 sec
Running org.mockitousage.annotation.WrongSetOfAnnotationsTest
Tests run: 6, Failures: 0, Errors: 0, Skipped: 0, Time elapsed: 0.008 sec
Running org.mockitousage.annotation.DeprecatedAnnotationEngineApiTest
Tests run: 2, Failures: 0, Errors: 0, Skipped: 0, Time elapsed: 0.005 sec
Running org.mockitousage.annotation.SpyAnnotationTest
Tests run: 8, Failures: 0, Errors: 0, Skipped: 0, Time elapsed: 0.032 sec
Running org.mockitousage.annotation.SpyAnnotationInitializedInBaseClassTest
Tests run: 1, Failures: 0, Errors: 0, Skipped: 0, Time elapsed: 0.001 sec
Running org.mockitousage.annotation.MockInjectionTest
Tests run: 12, Failures: 0, Errors: 0, Skipped: 0, Time elapsed: 0.264 sec
Running org.mockitousage.debugging.PrintingInvocationsWhenEverythingOkTest
********************************
*** Mockito interactions log ***
********************************
mock.giveMeSomeString("arg");
 invoked: -> at org.mockitousage.debugging.PrintingInvocationsWhenEverythingOkTest.businessLogicWithAsking(PrintingInvocationsWhenEverythingOkTest.java:34)
 stubbed: -> at org.mockitousage.debugging.PrintingInvocationsWhenEverythingOkTest.performStubbing(PrintingInvocationsWhenEverythingOkTest.java:30)
mockTwo.doSomething("foo");
 invoked: -> at org.mockitousage.debugging.PrintingInvocationsWhenEverythingOkTest.businessLogicWithTelling(PrintingInvocationsWhenEverythingOkTest.java:39)

Tests run: 1, Failures: 0, Errors: 0, Skipped: 0, Time elapsed: 0.006 sec
Running org.mockitousage.debugging.PrintingInvocationsWhenStubNotUsedTest
********************************
*** Mockito interactions log ***
********************************
foo.giveMeSomeString("arg");
 invoked: -> at org.mockitousage.debugging.PrintingInvocationsWhenStubNotUsedTest.businessLogicWithAsking(PrintingInvocationsWhenStubNotUsedTest.java:34)
foo.doSomething(null);
 invoked: -> at org.mockitousage.debugging.PrintingInvocationsWhenStubNotUsedTest.businessLogicWithTelling(PrintingInvocationsWhenStubNotUsedTest.java:39)
********************************
***       Unused stubs       ***
********************************
foo.giveMeSomeString("different arg");
 stubbed: -> at org.mockitousage.debugging.PrintingInvocationsWhenStubNotUsedTest.performStubbing(PrintingInvocationsWhenStubNotUsedTest.java:30)

Tests run: 1, Failures: 0, Errors: 0, Skipped: 0, Time elapsed: 0.001 sec
Running org.mockitousage.debugging.PrintingInvocationsDetectsUnusedStubTest
********************************
*** Mockito interactions log ***
********************************
mock.giveMeSomeString("arg");
 invoked: -> at org.mockitousage.debugging.PrintingInvocationsDetectsUnusedStubTest.shouldDetectUnusedStubbingWhenPrinting(PrintingInvocationsDetectsUnusedStubTest.java:22)
********************************
***       Unused stubs       ***
********************************
mock.giveMeSomeString("different arg");
 stubbed: -> at org.mockitousage.debugging.PrintingInvocationsDetectsUnusedStubTest.shouldDetectUnusedStubbingWhenPrinting(PrintingInvocationsDetectsUnusedStubTest.java:21)

Tests run: 1, Failures: 0, Errors: 0, Skipped: 0, Time elapsed: 0.001 sec
Running org.mockito.MockitoTest
Tests run: 8, Failures: 0, Errors: 0, Skipped: 0, Time elapsed: 0 sec
Running org.mockito.verification.TimeoutTest
Tests run: 5, Failures: 0, Errors: 0, Skipped: 0, Time elapsed: 0.014 sec
Running org.mockito.exceptions.PluralizerTest
Tests run: 1, Failures: 0, Errors: 0, Skipped: 0, Time elapsed: 0 sec
Running org.mockito.exceptions.base.MockitoExceptionTest
Tests run: 1, Failures: 0, Errors: 0, Skipped: 0, Time elapsed: 0 sec
Running org.mockito.exceptions.base.MockitoAssertionErrorTest
Tests run: 1, Failures: 0, Errors: 0, Skipped: 0, Time elapsed: 0 sec
Running org.mockito.exceptions.ReporterTest
Tests run: 1, Failures: 0, Errors: 0, Skipped: 0, Time elapsed: 0 sec
Running org.mockito.ArgumentCaptorTest
Tests run: 1, Failures: 0, Errors: 0, Skipped: 0, Time elapsed: 0 sec
Running org.mockito.internal.stubbing.MockitoStubberTest
Tests run: 6, Failures: 0, Errors: 0, Skipped: 0, Time elapsed: 0.001 sec
Running org.mockito.internal.stubbing.defaultanswers.ReturnsMoreEmptyValuesTest
Tests run: 2, Failures: 0, Errors: 0, Skipped: 0, Time elapsed: 0.001 sec
Running org.mockito.internal.stubbing.defaultanswers.ReturnsSmartNullsTest
Tests run: 5, Failures: 0, Errors: 0, Skipped: 0, Time elapsed: 0.001 sec
Running org.mockito.internal.stubbing.defaultanswers.ReturnsEmptyValuesTest
Tests run: 3, Failures: 0, Errors: 0, Skipped: 0, Time elapsed: 0 sec
Running org.mockito.internal.stubbing.defaultanswers.ReturnsMocksTest
Tests run: 5, Failures: 0, Errors: 0, Skipped: 0, Time elapsed: 0.005 sec
Running org.mockito.internal.stubbing.answers.AnswersValidatorTest
Tests run: 13, Failures: 0, Errors: 0, Skipped: 0, Time elapsed: 0.004 sec
Running org.mockito.internal.stubbing.InvocationContainerImplTest
Tests run: 1, Failures: 0, Errors: 0, Skipped: 0, Time elapsed: 0.146 sec
Running org.mockito.internal.MockHandlerTest
Tests run: 1, Failures: 0, Errors: 0, Skipped: 0, Time elapsed: 0 sec
Running org.mockito.internal.progress.ThreadSafeMockingProgressTest
Tests run: 2, Failures: 0, Errors: 0, Skipped: 0, Time elapsed: 0.001 sec
Running org.mockito.internal.progress.MockingProgressImplTest
Tests run: 4, Failures: 0, Errors: 0, Skipped: 0, Time elapsed: 0.004 sec
Running org.mockito.internal.progress.TimesTest
Tests run: 1, Failures: 0, Errors: 0, Skipped: 0, Time elapsed: 0 sec
Running org.mockito.internal.progress.HandyReturnValuesTest
Tests run: 4, Failures: 0, Errors: 0, Skipped: 0, Time elapsed: 0.001 sec
Running org.mockito.internal.progress.AtLeastTest
Tests run: 2, Failures: 0, Errors: 0, Skipped: 0, Time elapsed: 0 sec
Running org.mockito.internal.verification.OnlyTest
Tests run: 2, Failures: 0, Errors: 0, Skipped: 0, Time elapsed: 0.001 sec
Running org.mockito.internal.verification.RegisteredInvocationsTest
Tests run: 1, Failures: 0, Errors: 0, Skipped: 0, Time elapsed: 0 sec
Running org.mockito.internal.verification.checkers.MissingInvocationCheckerTest
Tests run: 5, Failures: 0, Errors: 0, Skipped: 0, Time elapsed: 0.003 sec
Running org.mockito.internal.verification.checkers.MissingInvocationInOrderCheckerTest
Tests run: 4, Failures: 0, Errors: 0, Skipped: 0, Time elapsed: 0.003 sec
Running org.mockito.internal.verification.checkers.NumberOfInvocationsInOrderCheckerTest
Tests run: 5, Failures: 0, Errors: 0, Skipped: 0, Time elapsed: 0.003 sec
Running org.mockito.internal.verification.checkers.AtLeastXNumberOfInvocationsCheckerTest
Tests run: 1, Failures: 0, Errors: 0, Skipped: 0, Time elapsed: 0 sec
Running org.mockito.internal.verification.checkers.NumberOfInvocationsCheckerTest
Tests run: 7, Failures: 0, Errors: 0, Skipped: 0, Time elapsed: 0.001 sec
Running org.mockito.internal.verification.SmartPrinterTest
Tests run: 4, Failures: 0, Errors: 0, Skipped: 0, Time elapsed: 0 sec
Running org.mockito.internal.verification.NoMoreInteractionsTest
Tests run: 4, Failures: 0, Errors: 0, Skipped: 0, Time elapsed: 0 sec
Running org.mockito.internal.verification.argumentmatching.ArgumentMatchingToolTest
Tests run: 6, Failures: 0, Errors: 0, Skipped: 0, Time elapsed: 0.001 sec
Running org.mockito.internal.verification.VerificationDataImplTest
Tests run: 1, Failures: 0, Errors: 0, Skipped: 0, Time elapsed: 0 sec
Running org.mockito.internal.invocation.InvocationTest
Tests run: 15, Failures: 0, Errors: 0, Skipped: 0, Time elapsed: 0.006 sec
Running org.mockito.internal.invocation.InvocationsFinderTest
Tests run: 13, Failures: 0, Errors: 0, Skipped: 0, Time elapsed: 0.011 sec
Running org.mockito.internal.invocation.SerializableMethodTest
Tests run: 8, Failures: 0, Errors: 0, Skipped: 0, Time elapsed: 0.003 sec
Running org.mockito.internal.invocation.InvocationMatcherTest
Tests run: 12, Failures: 0, Errors: 0, Skipped: 0, Time elapsed: 0.008 sec
Running org.mockito.internal.invocation.ArgumentsComparatorTest
Tests run: 14, Failures: 0, Errors: 0, Skipped: 0, Time elapsed: 0.007 sec
Running org.mockito.internal.invocation.InvocationMarkerTest
Tests run: 3, Failures: 0, Errors: 0, Skipped: 0, Time elapsed: 0 sec
Running org.mockito.internal.AllInvocationsFinderTest
Tests run: 2, Failures: 0, Errors: 0, Skipped: 0, Time elapsed: 0.001 sec
Running org.mockito.internal.matchers.EqualsTest
Tests run: 11, Failures: 0, Errors: 0, Skipped: 0, Time elapsed: 0.002 sec
Running org.mockito.internal.matchers.LocalizedMatcherTest
Tests run: 5, Failures: 0, Errors: 0, Skipped: 0, Time elapsed: 0.001 sec
Running org.mockito.internal.matchers.MatchersToStringTest
Tests run: 17, Failures: 0, Errors: 0, Skipped: 0, Time elapsed: 0.003 sec
Running org.mockito.internal.matchers.MatchersPrinterTest
Tests run: 5, Failures: 0, Errors: 0, Skipped: 0, Time elapsed: 0 sec
Running org.mockito.internal.matchers.CapturingMatcherTest
Tests run: 3, Failures: 0, Errors: 0, Skipped: 0, Time elapsed: 0 sec
Running org.mockito.internal.matchers.EqualityTest
Tests run: 1, Failures: 0, Errors: 0, Skipped: 0, Time elapsed: 0 sec
Running org.mockito.internal.matchers.ComparableMatchersTest
Tests run: 5, Failures: 0, Errors: 0, Skipped: 0, Time elapsed: 0.001 sec
Running org.mockito.internal.matchers.apachecommons.EqualsBuilderTest
Tests run: 46, Failures: 0, Errors: 0, Skipped: 0, Time elapsed: 0.012 sec
Running org.mockito.internal.exceptions.util.ScenarioPrinterTest
Tests run: 2, Failures: 0, Errors: 0, Skipped: 0, Time elapsed: 0 sec
Running org.mockito.internal.exceptions.base.ConditionalStackTraceFilterTest
Tests run: 2, Failures: 0, Errors: 0, Skipped: 0, Time elapsed: 0 sec
Running org.mockito.internal.exceptions.base.StackTraceFilterTest
Tests run: 8, Failures: 0, Errors: 0, Skipped: 0, Time elapsed: 0.001 sec
Running org.mockito.internal.creation.jmock.ClassImposterizerTest
Tests run: 6, Failures: 0, Errors: 0, Skipped: 0, Time elapsed: 0.01 sec
Running org.mockito.internal.creation.MockSettingsImplTest
Tests run: 8, Failures: 0, Errors: 0, Skipped: 0, Time elapsed: 0.001 sec
Running org.mockito.internal.creation.MethodInterceptorFilterTest
Tests run: 7, Failures: 0, Errors: 0, Skipped: 0, Time elapsed: 0.005 sec
Running org.mockito.internal.creation.SerializableMockitoMethodProxyTest
Tests run: 2, Failures: 0, Errors: 0, Skipped: 0, Time elapsed: 0.008 sec
Running org.mockito.internal.creation.cglib.CGLIBHackerTest
Tests run: 2, Failures: 0, Errors: 0, Skipped: 0, Time elapsed: 0.006 sec
Running org.mockito.internal.util.IdentitySetTest
Tests run: 2, Failures: 0, Errors: 0, Skipped: 0, Time elapsed: 0 sec
Running org.mockito.internal.util.junit.JUnitFailureHackerTest
org.mockito.internal.exceptions.ExceptionIncludingMockitoWarnings: contains both: actual test failure *and* Mockito warnings.
unused stubbing blah
 *** The actual failure is because of: ***

Tests run: 5, Failures: 0, Errors: 0, Skipped: 0, Time elapsed: 0.002 sec
Running org.mockito.internal.util.MockNameTest
Tests run: 3, Failures: 0, Errors: 0, Skipped: 0, Time elapsed: 0.001 sec
Running org.mockito.internal.util.reflection.LenientCopyToolTest
Tests run: 8, Failures: 0, Errors: 0, Skipped: 0, Time elapsed: 0.007 sec
Running org.mockito.internal.util.reflection.BeanPropertySetterTest
Tests run: 5, Failures: 0, Errors: 0, Skipped: 0, Time elapsed: 0.004 sec
Running org.mockito.internal.util.reflection.WhiteboxTest
Tests run: 2, Failures: 0, Errors: 0, Skipped: 0, Time elapsed: 0.001 sec
Running org.mockito.internal.util.reflection.FieldReaderTest
Tests run: 2, Failures: 0, Errors: 0, Skipped: 0, Time elapsed: 0 sec
Running org.mockito.internal.util.reflection.FieldInitializerTest
Tests run: 10, Failures: 0, Errors: 0, Skipped: 0, Time elapsed: 0.004 sec
Running org.mockito.internal.util.reflection.GenericMasterTest
Tests run: 3, Failures: 0, Errors: 0, Skipped: 0, Time elapsed: 0 sec
Running org.mockito.internal.util.MockCreationValidatorTest
Tests run: 4, Failures: 0, Errors: 0, Skipped: 0, Time elapsed: 0 sec
Running org.mockito.internal.util.MockUtilTest
Tests run: 6, Failures: 0, Errors: 0, Skipped: 0, Time elapsed: 0.003 sec
Running org.mockito.internal.util.ListUtilTest
Tests run: 2, Failures: 0, Errors: 0, Skipped: 0, Time elapsed: 0 sec
Running org.mockito.internal.util.DecamelizerTest
Tests run: 1, Failures: 0, Errors: 0, Skipped: 0, Time elapsed: 0 sec
Running org.mockito.internal.util.ArrayUtilsTest
Tests run: 2, Failures: 0, Errors: 0, Skipped: 0, Time elapsed: 0 sec
Running org.mockito.internal.util.ObjectMethodsGuruTest
Tests run: 4, Failures: 0, Errors: 0, Skipped: 0, Time elapsed: 0 sec
Running org.mockito.internal.util.SimpleMockitoLoggerTest
Tests run: 1, Failures: 0, Errors: 0, Skipped: 0, Time elapsed: 0 sec
Running org.mockito.internal.configuration.ReadingConfigurationFromClasspathTest
Tests run: 1, Failures: 0, Errors: 0, Skipped: 0, Time elapsed: 0 sec
Running org.mockito.internal.runners.util.RunnerProviderTest
Tests run: 2, Failures: 0, Errors: 0, Skipped: 0, Time elapsed: 0.001 sec
Running org.mockito.internal.runners.util.TestMethodsFinderTest
Tests run: 1, Failures: 0, Errors: 0, Skipped: 0, Time elapsed: 0.001 sec
Running org.mockito.internal.runners.RunnerFactoryTest
Tests run: 5, Failures: 0, Errors: 0, Skipped: 0, Time elapsed: 0.006 sec
Running org.mockito.internal.InvalidStateDetectionTest
Tests run: 7, Failures: 0, Errors: 0, Skipped: 0, Time elapsed: 0.009 sec
Running org.mockito.internal.InOrderImplTest
Tests run: 1, Failures: 0, Errors: 0, Skipped: 0, Time elapsed: 0 sec
Running org.mockito.internal.debugging.WarningsPrinterImplTest
Tests run: 3, Failures: 0, Errors: 0, Skipped: 0, Time elapsed: 0.01 sec
Running org.mockito.internal.debugging.LoggingListenerTest
Tests run: 4, Failures: 0, Errors: 0, Skipped: 0, Time elapsed: 0.002 sec
Running org.mockito.internal.debugging.WarningsFinderTest
Tests run: 3, Failures: 0, Errors: 0, Skipped: 0, Time elapsed: 0.003 sec
Running org.mockito.runners.ConsoleSpammingMockitoJUnitRunnerTest
Tests run: 1, Failures: 0, Errors: 0, Skipped: 0, Time elapsed: 0.001 sec
Running org.mockito.runners.RunnersValidateFrameworkUsageTest
Tests run: 3, Failures: 0, Errors: 0, Skipped: 0, Time elapsed: 0.002 sec
Running org.concurrentmockito.ThreadsShareGenerouslyStubbedMockTest
Tests run: 1, Failures: 0, Errors: 0, Skipped: 0, Time elapsed: 1.157 sec
Running org.concurrentmockito.VerificationInOrderFromMultipleThreadsTest
Tests run: 1, Failures: 0, Errors: 0, Skipped: 0, Time elapsed: 0.01 sec
Running org.concurrentmockito.ThreadVerifiesContinuoslyInteractingMockTest
Tests run: 1, Failures: 0, Errors: 0, Skipped: 0, Time elapsed: 1.102 sec
Running org.concurrentmockito.ThreadsStubSharedMockTest
Tests run: 1, Failures: 0, Errors: 0, Skipped: 1, Time elapsed: 0.001 sec
Running org.concurrentmockito.ThreadsRunAllTestsHalfManualTest
Tests run: 1, Failures: 0, Errors: 0, Skipped: 0, Time elapsed: 0 sec
Running org.concurrentmockito.ThreadsShareAMockTest
Tests run: 1, Failures: 0, Errors: 0, Skipped: 0, Time elapsed: 0.129 sec

Results :

Tests in error: 
  shouldNotThrowNPEWhenNullPassedToSame(org.mockitousage.bugs.NPEWithCertainMatchersTest): Unexpected exception, expected<java.lang.AssertionError> but was<java.lang.NullPointerException>

Tests run: 1015, Failures: 0, Errors: 1, Skipped: 11

[INFO] ------------------------------------------------------------------------
[INFO] BUILD FAILURE
[INFO] ------------------------------------------------------------------------
[INFO] Total time:  10.233 s
[INFO] Finished at: 2021-07-26T19:42:06-07:00
[INFO] ------------------------------------------------------------------------
[ERROR] Failed to execute goal org.apache.maven.plugins:maven-surefire-plugin:2.12.4:test (default-test) on project test: There are test failures.
[ERROR] 
[ERROR] Please refer to /home/junyang/PR/SubjectPrograms/Mockito/29/target/surefire-reports for the individual test results.
[ERROR] -> [Help 1]
[ERROR] 
[ERROR] To see the full stack trace of the errors, re-run Maven with the -e switch.
[ERROR] Re-run Maven using the -X switch to enable full debug logging.
[ERROR] 
[ERROR] For more information about the errors and possible solutions, please read the following articles:
[ERROR] [Help 1] http://cwiki.apache.org/confluence/display/MAVEN/MojoFailureException
