[WARNING] 
[WARNING] Some problems were encountered while building the effective settings
[WARNING] expected START_TAG or END_TAG not TEXT (position: TEXT seen ...<repository> \ua0\r\n      \ua0\ua0 \ua0<i... @29:13)  @ /home/junyang/.m2/settings.xml, line 29, column 13
[WARNING] 
[INFO] Scanning for projects...
[WARNING] 
[WARNING] Some problems were encountered while building the effective model for org.jfree:jfreechart2:jar:2.0-pre1
[WARNING] 'build.plugins.plugin.(groupId:artifactId)' must be unique but found duplicate declaration of plugin org.apache.maven.plugins:maven-surefire-plugin @ line 125, column 9
[WARNING] 
[WARNING] It is highly recommended to fix these problems because they threaten the stability of your build.
[WARNING] 
[WARNING] For this reason, future Maven versions might no longer support building such malformed projects.
[WARNING] 
[INFO] 
[INFO] -----------------------< org.jfree:jfreechart2 >------------------------
[INFO] Building JFreeChart2 2.0-pre1
[INFO] --------------------------------[ jar ]---------------------------------
[INFO] 
[INFO] --- maven-resources-plugin:2.6:resources (default-resources) @ jfreechart2 ---
[WARNING] Using platform encoding (UTF-8 actually) to copy filtered resources, i.e. build is platform dependent!
[INFO] Copying 41 resources
[INFO] 
[INFO] --- maven-compiler-plugin:3.2:compile (default-compile) @ jfreechart2 ---
[INFO] Changes detected - recompiling the module!
[WARNING] File encoding has not been set, using platform encoding UTF-8, i.e. build is platform dependent!
[INFO] Compiling 553 source files to /home/junyang/PR/SubjectPrograms/Chart/26/target/classes
[INFO] /home/junyang/PR/SubjectPrograms/Chart/26/src/main/java/org/jfree/chart/JFreeChart.java: Some input files use unchecked or unsafe operations.
[INFO] /home/junyang/PR/SubjectPrograms/Chart/26/src/main/java/org/jfree/chart/JFreeChart.java: Recompile with -Xlint:unchecked for details.
[INFO] 
[INFO] --- maven-resources-plugin:2.6:testResources (default-testResources) @ jfreechart2 ---
[WARNING] Using platform encoding (UTF-8 actually) to copy filtered resources, i.e. build is platform dependent!
[INFO] skip non existing resourceDirectory /home/junyang/PR/SubjectPrograms/Chart/26/src/test/resources
[INFO] 
[INFO] --- maven-compiler-plugin:3.2:testCompile (default-testCompile) @ jfreechart2 ---
[INFO] Nothing to compile - all classes are up to date
[INFO] 
[INFO] --- maven-surefire-plugin:2.18.1:test (default-test) @ jfreechart2 ---
[INFO] Surefire report directory: /home/junyang/PR/SubjectPrograms/Chart/26/target/surefire-reports

-------------------------------------------------------
 T E S T S
-------------------------------------------------------
Running org.jfree.chart.block.junit.BlockPackageTests
Tests run: 38, Failures: 0, Errors: 0, Skipped: 0, Time elapsed: 0.069 sec - in org.jfree.chart.block.junit.BlockPackageTests
Running org.jfree.chart.junit.ChartPackageTests
Tests run: 104, Failures: 11, Errors: 0, Skipped: 0, Time elapsed: 0.51 sec <<< FAILURE! - in org.jfree.chart.junit.ChartPackageTests
testDrawWithNullInfo(org.jfree.chart.junit.AreaChartTests)  Time elapsed: 0.097 sec  <<< FAILURE!
junit.framework.AssertionFailedError: null
	at junit.framework.Assert.fail(Assert.java:55)
	at junit.framework.Assert.assertTrue(Assert.java:22)
	at junit.framework.Assert.assertTrue(Assert.java:31)
	at junit.framework.TestCase.assertTrue(TestCase.java:201)
	at org.jfree.chart.junit.AreaChartTests.testDrawWithNullInfo(AreaChartTests.java:149)

testDrawWithNullInfo(org.jfree.chart.junit.BarChartTests)  Time elapsed: 0.006 sec  <<< FAILURE!
junit.framework.AssertionFailedError: null
	at junit.framework.Assert.fail(Assert.java:55)
	at junit.framework.Assert.assertTrue(Assert.java:22)
	at junit.framework.Assert.assertTrue(Assert.java:31)
	at junit.framework.TestCase.assertTrue(TestCase.java:201)
	at org.jfree.chart.junit.BarChartTests.testDrawWithNullInfo(BarChartTests.java:128)

testDrawWithNullInfo(org.jfree.chart.junit.BarChart3DTests)  Time elapsed: 0.005 sec  <<< FAILURE!
junit.framework.AssertionFailedError: null
	at junit.framework.Assert.fail(Assert.java:55)
	at junit.framework.Assert.assertTrue(Assert.java:22)
	at junit.framework.Assert.assertTrue(Assert.java:31)
	at junit.framework.TestCase.assertTrue(TestCase.java:201)
	at org.jfree.chart.junit.BarChart3DTests.testDrawWithNullInfo(BarChart3DTests.java:125)

testDrawWithNullInfo(org.jfree.chart.junit.GanttChartTests)  Time elapsed: 0.009 sec  <<< FAILURE!
junit.framework.AssertionFailedError: null
	at junit.framework.Assert.fail(Assert.java:55)
	at junit.framework.Assert.assertTrue(Assert.java:22)
	at junit.framework.Assert.assertTrue(Assert.java:31)
	at junit.framework.TestCase.assertTrue(TestCase.java:201)
	at org.jfree.chart.junit.GanttChartTests.testDrawWithNullInfo(GanttChartTests.java:124)

testDrawWithNullInfo2(org.jfree.chart.junit.GanttChartTests)  Time elapsed: 0.015 sec  <<< FAILURE!
junit.framework.AssertionFailedError: null
	at junit.framework.Assert.fail(Assert.java:55)
	at junit.framework.Assert.assertTrue(Assert.java:22)
	at junit.framework.Assert.assertTrue(Assert.java:31)
	at junit.framework.TestCase.assertTrue(TestCase.java:201)
	at org.jfree.chart.junit.GanttChartTests.testDrawWithNullInfo2(GanttChartTests.java:143)

testDrawWithNullInfo(org.jfree.chart.junit.LineChartTests)  Time elapsed: 0.004 sec  <<< FAILURE!
junit.framework.AssertionFailedError: null
	at junit.framework.Assert.fail(Assert.java:55)
	at junit.framework.Assert.assertTrue(Assert.java:22)
	at junit.framework.Assert.assertTrue(Assert.java:31)
	at junit.framework.TestCase.assertTrue(TestCase.java:201)
	at org.jfree.chart.junit.LineChartTests.testDrawWithNullInfo(LineChartTests.java:123)

testDrawWithNullInfo(org.jfree.chart.junit.LineChart3DTests)  Time elapsed: 0.003 sec  <<< FAILURE!
junit.framework.AssertionFailedError: null
	at junit.framework.Assert.fail(Assert.java:55)
	at junit.framework.Assert.assertTrue(Assert.java:22)
	at junit.framework.Assert.assertTrue(Assert.java:31)
	at junit.framework.TestCase.assertTrue(TestCase.java:201)
	at org.jfree.chart.junit.LineChart3DTests.testDrawWithNullInfo(LineChart3DTests.java:123)

testDrawWithNullInfo(org.jfree.chart.junit.StackedAreaChartTests)  Time elapsed: 0.004 sec  <<< FAILURE!
junit.framework.AssertionFailedError: null
	at junit.framework.Assert.fail(Assert.java:55)
	at junit.framework.Assert.assertTrue(Assert.java:22)
	at junit.framework.Assert.assertTrue(Assert.java:31)
	at junit.framework.TestCase.assertTrue(TestCase.java:201)
	at org.jfree.chart.junit.StackedAreaChartTests.testDrawWithNullInfo(StackedAreaChartTests.java:123)

testDrawWithNullInfo(org.jfree.chart.junit.StackedBarChartTests)  Time elapsed: 0.004 sec  <<< FAILURE!
junit.framework.AssertionFailedError: null
	at junit.framework.Assert.fail(Assert.java:55)
	at junit.framework.Assert.assertTrue(Assert.java:22)
	at junit.framework.Assert.assertTrue(Assert.java:31)
	at junit.framework.TestCase.assertTrue(TestCase.java:201)
	at org.jfree.chart.junit.StackedBarChartTests.testDrawWithNullInfo(StackedBarChartTests.java:129)

testDrawWithNullInfo(org.jfree.chart.junit.StackedBarChart3DTests)  Time elapsed: 0.005 sec  <<< FAILURE!
junit.framework.AssertionFailedError: null
	at junit.framework.Assert.fail(Assert.java:55)
	at junit.framework.Assert.assertTrue(Assert.java:22)
	at junit.framework.Assert.assertTrue(Assert.java:31)
	at junit.framework.TestCase.assertTrue(TestCase.java:201)
	at org.jfree.chart.junit.StackedBarChart3DTests.testDrawWithNullInfo(StackedBarChart3DTests.java:123)

testDrawWithNullInfo(org.jfree.chart.junit.WaterfallChartTests)  Time elapsed: 0.004 sec  <<< FAILURE!
junit.framework.AssertionFailedError: null
	at junit.framework.Assert.fail(Assert.java:55)
	at junit.framework.Assert.assertTrue(Assert.java:22)
	at junit.framework.Assert.assertTrue(Assert.java:31)
	at junit.framework.TestCase.assertTrue(TestCase.java:201)
	at org.jfree.chart.junit.WaterfallChartTests.testDrawWithNullInfo(WaterfallChartTests.java:121)

Running org.jfree.chart.entity.junit.EntityPackageTests
Tests run: 18, Failures: 0, Errors: 0, Skipped: 0, Time elapsed: 0.001 sec - in org.jfree.chart.entity.junit.EntityPackageTests
Running org.jfree.chart.urls.junit.UrlsPackageTests
Tests run: 9, Failures: 0, Errors: 0, Skipped: 0, Time elapsed: 0.007 sec - in org.jfree.chart.urls.junit.UrlsPackageTests
Running org.jfree.chart.title.junit.TitlePackageTests
Tests run: 32, Failures: 0, Errors: 0, Skipped: 0, Time elapsed: 0.028 sec - in org.jfree.chart.title.junit.TitlePackageTests
Running org.jfree.chart.util.junit.UtilPackageTests
Tests run: 3, Failures: 0, Errors: 0, Skipped: 0, Time elapsed: 0.001 sec - in org.jfree.chart.util.junit.UtilPackageTests
Running org.jfree.chart.needle.junit.NeedlePackageTests
Tests run: 28, Failures: 0, Errors: 0, Skipped: 0, Time elapsed: 0.01 sec - in org.jfree.chart.needle.junit.NeedlePackageTests
Running org.jfree.chart.renderer.junit.RendererPackageTests
Tests run: 24, Failures: 0, Errors: 0, Skipped: 0, Time elapsed: 0.014 sec - in org.jfree.chart.renderer.junit.RendererPackageTests
Running org.jfree.chart.renderer.xy.junit.RendererXYPackageTests
Tests run: 130, Failures: 0, Errors: 0, Skipped: 0, Time elapsed: 0.166 sec - in org.jfree.chart.renderer.xy.junit.RendererXYPackageTests
Running org.jfree.chart.renderer.category.junit.RendererCategoryPackageTests
Tests run: 123, Failures: 8, Errors: 0, Skipped: 0, Time elapsed: 0.104 sec <<< FAILURE! - in org.jfree.chart.renderer.category.junit.RendererCategoryPackageTests
testDrawWithNullInfo(org.jfree.chart.renderer.category.junit.BoxAndWhiskerRendererTests)  Time elapsed: 0.005 sec  <<< FAILURE!
junit.framework.AssertionFailedError: null
	at junit.framework.Assert.fail(Assert.java:55)
	at junit.framework.Assert.assertTrue(Assert.java:22)
	at junit.framework.Assert.assertTrue(Assert.java:31)
	at junit.framework.TestCase.assertTrue(TestCase.java:201)
	at org.jfree.chart.renderer.category.junit.BoxAndWhiskerRendererTests.testDrawWithNullInfo(BoxAndWhiskerRendererTests.java:208)

testDrawWithNullInfo(org.jfree.chart.renderer.category.junit.GroupedStackedBarRendererTests)  Time elapsed: 0.008 sec  <<< FAILURE!
junit.framework.AssertionFailedError: null
	at junit.framework.Assert.fail(Assert.java:55)
	at junit.framework.Assert.assertTrue(Assert.java:22)
	at junit.framework.Assert.assertTrue(Assert.java:31)
	at junit.framework.TestCase.assertTrue(TestCase.java:201)
	at org.jfree.chart.renderer.category.junit.GroupedStackedBarRendererTests.testDrawWithNullInfo(GroupedStackedBarRendererTests.java:176)

testDrawWithNullInfo(org.jfree.chart.renderer.category.junit.IntervalBarRendererTests)  Time elapsed: 0.009 sec  <<< FAILURE!
junit.framework.AssertionFailedError: null
	at junit.framework.Assert.fail(Assert.java:55)
	at junit.framework.Assert.assertTrue(Assert.java:22)
	at junit.framework.Assert.assertTrue(Assert.java:31)
	at junit.framework.TestCase.assertTrue(TestCase.java:201)
	at org.jfree.chart.renderer.category.junit.IntervalBarRendererTests.testDrawWithNullInfo(IntervalBarRendererTests.java:176)

testDrawWithNullInfo(org.jfree.chart.renderer.category.junit.LayeredBarRendererTests)  Time elapsed: 0.006 sec  <<< FAILURE!
junit.framework.AssertionFailedError: null
	at junit.framework.Assert.fail(Assert.java:55)
	at junit.framework.Assert.assertTrue(Assert.java:22)
	at junit.framework.Assert.assertTrue(Assert.java:31)
	at junit.framework.TestCase.assertTrue(TestCase.java:201)
	at org.jfree.chart.renderer.category.junit.LayeredBarRendererTests.testDrawWithNullInfo(LayeredBarRendererTests.java:172)

testDrawWithNullInfo(org.jfree.chart.renderer.category.junit.LevelRendererTests)  Time elapsed: 0.004 sec  <<< FAILURE!
junit.framework.AssertionFailedError: null
	at junit.framework.Assert.fail(Assert.java:55)
	at junit.framework.Assert.assertTrue(Assert.java:22)
	at junit.framework.Assert.assertTrue(Assert.java:31)
	at junit.framework.TestCase.assertTrue(TestCase.java:201)
	at org.jfree.chart.renderer.category.junit.LevelRendererTests.testDrawWithNullInfo(LevelRendererTests.java:213)

testDrawWithNullInfo(org.jfree.chart.renderer.category.junit.MinMaxCategoryRendererTests)  Time elapsed: 0.006 sec  <<< FAILURE!
junit.framework.AssertionFailedError: null
	at junit.framework.Assert.fail(Assert.java:55)
	at junit.framework.Assert.assertTrue(Assert.java:22)
	at junit.framework.Assert.assertTrue(Assert.java:31)
	at junit.framework.TestCase.assertTrue(TestCase.java:201)
	at org.jfree.chart.renderer.category.junit.MinMaxCategoryRendererTests.testDrawWithNullInfo(MinMaxCategoryRendererTests.java:171)

testDrawWithNullInfo(org.jfree.chart.renderer.category.junit.StatisticalBarRendererTests)  Time elapsed: 0.005 sec  <<< FAILURE!
junit.framework.AssertionFailedError: null
	at junit.framework.Assert.fail(Assert.java:55)
	at junit.framework.Assert.assertTrue(Assert.java:22)
	at junit.framework.Assert.assertTrue(Assert.java:31)
	at junit.framework.TestCase.assertTrue(TestCase.java:201)
	at org.jfree.chart.renderer.category.junit.StatisticalBarRendererTests.testDrawWithNullInfo(StatisticalBarRendererTests.java:180)

testDrawWithNullInfo(org.jfree.chart.renderer.category.junit.StatisticalLineAndShapeRendererTests)  Time elapsed: 0.004 sec  <<< FAILURE!
junit.framework.AssertionFailedError: null
	at junit.framework.Assert.fail(Assert.java:55)
	at junit.framework.Assert.assertTrue(Assert.java:22)
	at junit.framework.Assert.assertTrue(Assert.java:31)
	at junit.framework.TestCase.assertTrue(TestCase.java:201)
	at org.jfree.chart.renderer.category.junit.StatisticalLineAndShapeRendererTests.testDrawWithNullInfo(StatisticalLineAndShapeRendererTests.java:187)

Running org.jfree.chart.plot.junit.PlotPackageTests
Tests run: 131, Failures: 3, Errors: 0, Skipped: 0, Time elapsed: 0.2 sec <<< FAILURE! - in org.jfree.chart.plot.junit.PlotPackageTests
test1654215(org.jfree.chart.plot.junit.CategoryPlotTests)  Time elapsed: 0.001 sec  <<< FAILURE!
junit.framework.AssertionFailedError: null
	at junit.framework.Assert.fail(Assert.java:55)
	at junit.framework.Assert.assertTrue(Assert.java:22)
	at junit.framework.Assert.assertTrue(Assert.java:31)
	at junit.framework.TestCase.assertTrue(TestCase.java:201)
	at org.jfree.chart.plot.junit.CategoryPlotTests.test1654215(CategoryPlotTests.java:705)

testSerialization3(org.jfree.chart.plot.junit.CategoryPlotTests)  Time elapsed: 0 sec  <<< FAILURE!
junit.framework.AssertionFailedError: null
	at junit.framework.Assert.fail(Assert.java:55)
	at junit.framework.Assert.assertTrue(Assert.java:22)
	at junit.framework.Assert.assertTrue(Assert.java:31)
	at junit.framework.TestCase.assertTrue(TestCase.java:201)
	at org.jfree.chart.plot.junit.CategoryPlotTests.testSerialization3(CategoryPlotTests.java:514)

testSerialization4(org.jfree.chart.plot.junit.CategoryPlotTests)  Time elapsed: 0.001 sec  <<< FAILURE!
junit.framework.AssertionFailedError: null
	at junit.framework.Assert.fail(Assert.java:55)
	at junit.framework.Assert.assertTrue(Assert.java:22)
	at junit.framework.Assert.assertTrue(Assert.java:31)
	at junit.framework.TestCase.assertTrue(TestCase.java:201)
	at org.jfree.chart.plot.junit.CategoryPlotTests.testSerialization4(CategoryPlotTests.java:563)

Running org.jfree.chart.annotations.junit.AnnotationsPackageTests
Tests run: 45, Failures: 0, Errors: 0, Skipped: 0, Time elapsed: 0.003 sec - in org.jfree.chart.annotations.junit.AnnotationsPackageTests
Running org.jfree.chart.axis.junit.AxisPackageTests
Tests run: 163, Failures: 0, Errors: 0, Skipped: 0, Time elapsed: 3.141 sec - in org.jfree.chart.axis.junit.AxisPackageTests
Running org.jfree.chart.labels.junit.LabelsPackageTests
Tests run: 60, Failures: 0, Errors: 0, Skipped: 0, Time elapsed: 0.045 sec - in org.jfree.chart.labels.junit.LabelsPackageTests
Running org.jfree.data.junit.DataPackageTests
Tests run: 73, Failures: 0, Errors: 0, Skipped: 0, Time elapsed: 0.022 sec - in org.jfree.data.junit.DataPackageTests
Running org.jfree.data.general.junit.DataGeneralPackageTests
Tests run: 40, Failures: 0, Errors: 0, Skipped: 0, Time elapsed: 0.009 sec - in org.jfree.data.general.junit.DataGeneralPackageTests
Running org.jfree.data.statistics.junit.DataStatisticsPackageTests
Tests run: 59, Failures: 0, Errors: 0, Skipped: 0, Time elapsed: 0.02 sec - in org.jfree.data.statistics.junit.DataStatisticsPackageTests
Running org.jfree.data.time.junit.DataTimePackageTests
Tests run: 248, Failures: 0, Errors: 0, Skipped: 0, Time elapsed: 0.117 sec - in org.jfree.data.time.junit.DataTimePackageTests
Running org.jfree.data.time.ohlc.junit.OHLCPackageTests
Tests run: 19, Failures: 0, Errors: 0, Skipped: 0, Time elapsed: 0.001 sec - in org.jfree.data.time.ohlc.junit.OHLCPackageTests
Running org.jfree.data.xy.junit.DataXYPackageTests
Tests run: 190, Failures: 0, Errors: 0, Skipped: 0, Time elapsed: 0.05 sec - in org.jfree.data.xy.junit.DataXYPackageTests
Running org.jfree.data.gantt.junit.DataGanttPackageTests
Tests run: 32, Failures: 0, Errors: 0, Skipped: 0, Time elapsed: 0.002 sec - in org.jfree.data.gantt.junit.DataGanttPackageTests
Running org.jfree.data.category.junit.DataCategoryPackageTests
Tests run: 23, Failures: 0, Errors: 0, Skipped: 0, Time elapsed: 0.001 sec - in org.jfree.data.category.junit.DataCategoryPackageTests

Results :

Failed tests: 
  AreaChartTests.testDrawWithNullInfo:149 null
  BarChart3DTests.testDrawWithNullInfo:125 null
  BarChartTests.testDrawWithNullInfo:128 null
  GanttChartTests.testDrawWithNullInfo:124 null
  GanttChartTests.testDrawWithNullInfo2:143 null
  LineChart3DTests.testDrawWithNullInfo:123 null
  LineChartTests.testDrawWithNullInfo:123 null
  StackedAreaChartTests.testDrawWithNullInfo:123 null
  StackedBarChart3DTests.testDrawWithNullInfo:123 null
  StackedBarChartTests.testDrawWithNullInfo:129 null
  WaterfallChartTests.testDrawWithNullInfo:121 null
  CategoryPlotTests.test1654215:705 null
  CategoryPlotTests.testSerialization3:514 null
  CategoryPlotTests.testSerialization4:563 null
  BoxAndWhiskerRendererTests.testDrawWithNullInfo:208 null
  GroupedStackedBarRendererTests.testDrawWithNullInfo:176 null
  IntervalBarRendererTests.testDrawWithNullInfo:176 null
  LayeredBarRendererTests.testDrawWithNullInfo:172 null
  LevelRendererTests.testDrawWithNullInfo:213 null
  MinMaxCategoryRendererTests.testDrawWithNullInfo:171 null
  StatisticalBarRendererTests.testDrawWithNullInfo:180 null
  StatisticalLineAndShapeRendererTests.testDrawWithNullInfo:187 null

Tests run: 1592, Failures: 22, Errors: 0, Skipped: 0

[INFO] ------------------------------------------------------------------------
[INFO] BUILD FAILURE
[INFO] ------------------------------------------------------------------------
[INFO] Total time:  15.933 s
[INFO] Finished at: 2021-07-26T18:13:59-07:00
[INFO] ------------------------------------------------------------------------
[ERROR] Failed to execute goal org.apache.maven.plugins:maven-surefire-plugin:2.18.1:test (default-test) on project jfreechart2: There are test failures.
[ERROR] 
[ERROR] Please refer to /home/junyang/PR/SubjectPrograms/Chart/26/target/surefire-reports for the individual test results.
[ERROR] -> [Help 1]
[ERROR] 
[ERROR] To see the full stack trace of the errors, re-run Maven with the -e switch.
[ERROR] Re-run Maven using the -X switch to enable full debug logging.
[ERROR] 
[ERROR] For more information about the errors and possible solutions, please read the following articles:
[ERROR] [Help 1] http://cwiki.apache.org/confluence/display/MAVEN/MojoFailureException
